[0.048s] Invoking command in '/home/skemp32/ros2_ws/build/ardupilot_gz_description': CMAKE_PREFIX_PATH=/opt/ros/humble /usr/bin/cmake --build /home/skemp32/ros2_ws/build/ardupilot_gz_description -- -j12 -l12
[0.082s] Invoked command in '/home/skemp32/ros2_ws/build/ardupilot_gz_description' returned '0': CMAKE_PREFIX_PATH=/opt/ros/humble /usr/bin/cmake --build /home/skemp32/ros2_ws/build/ardupilot_gz_description -- -j12 -l12
[0.148s] Invoking command in '/home/skemp32/ros2_ws/build/ardupilot_gz_description': CMAKE_PREFIX_PATH=/opt/ros/humble /usr/bin/cmake --install /home/skemp32/ros2_ws/build/ardupilot_gz_description
[0.162s] -- Install configuration: ""
[0.162s] -- Up-to-date: /home/skemp32/ros2_ws/install/ardupilot_gz_description/share/ardupilot_gz_description/models
[0.163s] -- Up-to-date: /home/skemp32/ros2_ws/install/ardupilot_gz_description/share/ardupilot_gz_description/models/iris_with_lidar
[0.163s] -- Up-to-date: /home/skemp32/ros2_ws/install/ardupilot_gz_description/share/ardupilot_gz_description/models/iris_with_lidar/model.sdf
[0.163s] -- Up-to-date: /home/skemp32/ros2_ws/install/ardupilot_gz_description/share/ardupilot_gz_description/models/iris_with_lidar/model.config
[0.163s] -- Up-to-date: /home/skemp32/ros2_ws/install/ardupilot_gz_description/share/ardupilot_gz_description/environment/ardupilot_gz_description.dsv
[0.164s] -- Up-to-date: /home/skemp32/ros2_ws/install/ardupilot_gz_description/share/ardupilot_gz_description/environment/ardupilot_gz_description.sh
[0.164s] -- Up-to-date: /home/skemp32/ros2_ws/install/ardupilot_gz_description/share/ament_index/resource_index/package_run_dependencies/ardupilot_gz_description
[0.164s] -- Up-to-date: /home/skemp32/ros2_ws/install/ardupilot_gz_description/share/ament_index/resource_index/parent_prefix_path/ardupilot_gz_description
[0.164s] -- Up-to-date: /home/skemp32/ros2_ws/install/ardupilot_gz_description/share/ardupilot_gz_description/environment/ament_prefix_path.sh
[0.165s] -- Up-to-date: /home/skemp32/ros2_ws/install/ardupilot_gz_description/share/ardupilot_gz_description/environment/ament_prefix_path.dsv
[0.165s] -- Up-to-date: /home/skemp32/ros2_ws/install/ardupilot_gz_description/share/ardupilot_gz_description/environment/path.sh
[0.165s] -- Up-to-date: /home/skemp32/ros2_ws/install/ardupilot_gz_description/share/ardupilot_gz_description/environment/path.dsv
[0.165s] -- Up-to-date: /home/skemp32/ros2_ws/install/ardupilot_gz_description/share/ardupilot_gz_description/local_setup.bash
[0.165s] -- Up-to-date: /home/skemp32/ros2_ws/install/ardupilot_gz_description/share/ardupilot_gz_description/local_setup.sh
[0.165s] -- Up-to-date: /home/skemp32/ros2_ws/install/ardupilot_gz_description/share/ardupilot_gz_description/local_setup.zsh
[0.165s] -- Up-to-date: /home/skemp32/ros2_ws/install/ardupilot_gz_description/share/ardupilot_gz_description/local_setup.dsv
[0.165s] -- Installing: /home/skemp32/ros2_ws/install/ardupilot_gz_description/share/ardupilot_gz_description/package.dsv
[0.165s] -- Up-to-date: /home/skemp32/ros2_ws/install/ardupilot_gz_description/share/ament_index/resource_index/packages/ardupilot_gz_description
[0.165s] -- Up-to-date: /home/skemp32/ros2_ws/install/ardupilot_gz_description/share/ardupilot_gz_description/cmake/ardupilot_gz_descriptionConfig.cmake
[0.165s] -- Up-to-date: /home/skemp32/ros2_ws/install/ardupilot_gz_description/share/ardupilot_gz_description/cmake/ardupilot_gz_descriptionConfig-version.cmake
[0.165s] -- Up-to-date: /home/skemp32/ros2_ws/install/ardupilot_gz_description/share/ardupilot_gz_description/package.xml
[0.222s] Invoked command in '/home/skemp32/ros2_ws/build/ardupilot_gz_description' returned '0': CMAKE_PREFIX_PATH=/opt/ros/humble /usr/bin/cmake --install /home/skemp32/ros2_ws/build/ardupilot_gz_description
