[0.391s] Invoking command in '/home/skemp32/ros2_ws/build/ardupilot_sitl': CMAKE_PREFIX_PATH=/home/skemp32/ros2_ws/install/micro_ros_agent:/home/skemp32/ros2_ws/install/ardupilot_msgs:/home/skemp32/ros2_ws/install/ardupilot_gz_bringup:/home/skemp32/ros2_ws/install/sdformat_urdf:/home/skemp32/ros2_ws/install/sdformat_test_files:/home/skemp32/ros2_ws/install/ros_gz_sim:/home/skemp32/ros2_ws/install/ros_gz_bridge:/home/skemp32/ros2_ws/install/ros_gz_interfaces:/home/skemp32/ros2_ws/install/ardupilot_sitl:/home/skemp32/ros2_ws/install/ardupilot_sitl_models:/home/skemp32/ros2_ws/install/ardupilot_gz_gazebo:/home/skemp32/ros2_ws/install/ardupilot_gz_description:/home/skemp32/ros2_ws/install/ardupilot_gazebo:/home/skemp32/ros2_ws/install/ardupilot_dds_tests:/opt/ros/humble LD_LIBRARY_PATH=/home/skemp32/ros2_ws/install/micro_ros_agent/lib:/home/skemp32/ros2_ws/install/ardupilot_msgs/lib:/home/skemp32/ros2_ws/install/sdformat_urdf/lib:/home/skemp32/ros2_ws/install/ros_gz_sim/lib:/home/skemp32/ros2_ws/install/ros_gz_bridge/lib:/home/skemp32/ros2_ws/install/ros_gz_interfaces/lib:/opt/ros/humble/opt/rviz_ogre_vendor/lib:/opt/ros/humble/lib/x86_64-linux-gnu:/opt/ros/humble/lib /usr/bin/cmake --build /home/skemp32/ros2_ws/build/ardupilot_sitl -- -j12 -l12
[0.441s] Built target ament_cmake_python_copy_ardupilot_sitl
[0.624s] [32m[0mSetting top to                           :[0m [0m[32m[32m/home/skemp32/ros2_ws/src/ardupilot[0m [0m
[0.625s] [32m[0mSetting out to                           :[0m [0m[32m[32m/home/skemp32/ros2_ws/src/ardupilot/build[0m [0m
[0.628s] [32m[0mAutoconfiguration                        :[0m [0m[32m[32menabled[0m [0m
[0.628s] [32m[0mChecking for program 'python'            :[0m [0m[32m[32m/usr/bin/python3[0m [0m
[0.650s] running egg_info
[0.663s] writing ardupilot_sitl.egg-info/PKG-INFO
[0.664s] writing dependency_links to ardupilot_sitl.egg-info/dependency_links.txt
[0.665s] writing top-level names to ardupilot_sitl.egg-info/top_level.txt
[0.706s] reading manifest file 'ardupilot_sitl.egg-info/SOURCES.txt'
[0.707s] writing manifest file 'ardupilot_sitl.egg-info/SOURCES.txt'
[0.743s] Built target ament_cmake_python_build_ardupilot_sitl_egg
[0.896s] [32m[0mChecking for python version >= 3.6.9     :[0m [0m[32m[32m3.10.12[0m [0m
[0.898s] [32m[0mSetting board to                         :[0m [0m[32m[32msitl[0m [0m
[0.898s] [32m[0mUsing toolchain                          :[0m [0m[32m[32mnative[0m [0m
[0.932s] [32m[0mChecking for 'g++' (C++ compiler)        :[0m [0m[32m[32m/usr/lib/ccache/g++[0m [0m
[0.952s] [32m[0mChecking for 'gcc' (C compiler)          :[0m [0m[32m[32m/usr/lib/ccache/gcc[0m [0m
[0.964s] [32m[0mChecking for c flags '-MMD'              :[0m [0m[32m[32myes[0m [0m
[0.971s] [32m[0mChecking for cxx flags '-MMD'            :[0m [0m[32m[32myes[0m [0m
[0.971s] [32m[0mCXX Compiler                             :[0m [0m[32m[32mg++ 11.4.0[0m [0m
[1.217s] [32m[0mChecking for need to link with librt     :[0m [0m[32m[32mnot necessary[0m [0m
[1.441s] [32m[0mChecking for feenableexcept              :[0m [0m[32m[32myes[0m [0m
[1.441s] [32m[0mEnabling -Werror                         :[0m [0m[32m[32myes[0m [0m
[1.547s] [32m[0mChecking for program 'microxrceddsgen'   :[0m [0m[32m[32m/home/skemp32/ros2_ws/Micro-XRCE-DDS-Gen/scripts/microxrceddsgen[0m [0m
[1.547s] [32m[0mEnabled OpenDroneID                      :[0m [0m[32m[33mno[0m [0m
[1.547s] [32m[0mEnabled firmware ID checking             :[0m [0m[32m[33mno[0m [0m
[1.548s] [32m[0mGPS Debug Logging                        :[0m [0m[32m[33mno[0m [0m
[1.548s] [32m[0mEnabled custom controller                :[0m [0m[32m[32myes[0m [0m
[1.771s] [32m[0mChecking for HAVE_CMATH_ISFINITE         :[0m [0m[32m[32myes[0m [0m
[1.981s] [32m[0mChecking for HAVE_CMATH_ISINF            :[0m [0m[32m[32myes[0m [0m
[2.189s] [32m[0mChecking for HAVE_CMATH_ISNAN            :[0m [0m[32m[32myes[0m [0m
[2.409s] [32m[0mChecking for NEED_CMATH_ISFINITE_STD_NAMESPACE :[0m [0m[32m[32myes[0m [0m
[2.628s] [32m[0mChecking for NEED_CMATH_ISINF_STD_NAMESPACE    :[0m [0m[32m[32myes[0m [0m
[2.859s] [32m[0mChecking for NEED_CMATH_ISNAN_STD_NAMESPACE    :[0m [0m[32m[32myes[0m [0m
[3.103s] [32m[0mChecking for header endian.h                   :[0m [0m[32m[32myes[0m [0m
[3.335s] [32m[0mChecking for header byteswap.h                 :[0m [0m[32m[32myes[0m [0m
[3.581s] [32m[0mChecking for HAVE_MEMRCHR                      :[0m [0m[32m[32myes[0m [0m
[3.581s] [32m[0mConfigured VSCode Intellisense:                :[0m [0m[32m[33mno[0m [0m
[3.585s] [32m[0mDC_DSDL compiler                               :[0m [0m[32m[32m/home/skemp32/ros2_ws/src/ardupilot/modules/DroneCAN/dronecan_dsdlc/dronecan_dsdlc.py[0m [0m
[3.585s] [32m[0mSource is git repository                       :[0m [0m[32m[32myes[0m [0m
[3.585s] [32m[0mUpdate submodules                              :[0m [0m[32m[32myes[0m [0m
[3.587s] [32m[0mChecking for program 'git'                     :[0m [0m[32m[32m/usr/bin/git[0m [0m
[3.588s] [32m[0mChecking for program 'size'                    :[0m [0m[32m[32m/usr/bin/size[0m [0m
[3.588s] [32m[0mBenchmarks                                     :[0m [0m[32m[33mdisabled[0m [0m
[3.588s] [32m[0mUnit tests                                     :[0m [0m[32m[32menabled[0m [0m
[3.588s] [32m[0mScripting                                      :[0m [0m[32m[32mmaybe[0m [0m
[3.600s] [32m[0mScripting runtime checks                       :[0m [0m[32m[32menabled[0m [0m
[3.600s] [32m[0mDebug build                                    :[0m [0m[32m[33mdisabled[0m [0m
[3.601s] [32m[0mCoverage build                                 :[0m [0m[32m[33mdisabled[0m [0m
[3.601s] [32m[0mForce 32-bit build                             :[0m [0m[32m[33mdisabled[0m [0m
[3.601s] [32m[0mChecking for program 'rsync'                   :[0m [0m[32m[32m/usr/bin/rsync[0m [0m
[3.601s] [32mRemoving target_list file /home/skemp32/ros2_ws/src/ardupilot/build/sitl/target_list[0m
[3.647s] [32m'configure' finished successfully (3.023s)[0m
[3.691s] Built target ardupilot_configure
[3.996s] [32mWaf: Entering directory `/home/skemp32/ros2_ws/src/ardupilot/build/sitl'[0m
[4.017s] Embedding file locations.txt:Tools/autotest/locations.txt
[4.017s] Embedding file models/Callisto.json:Tools/autotest/models/Callisto.json
[4.017s] Embedding file models/freestyle.json:Tools/autotest/models/freestyle.json
[4.017s] Embedding file models/plane-3d.parm:Tools/autotest/models/plane-3d.parm
[4.017s] Embedding file models/plane.parm:Tools/autotest/models/plane.parm
[4.017s] Embedding file models/xplane_heli.json:Tools/autotest/models/xplane_heli.json
[4.017s] Embedding file models/xplane_plane.json:Tools/autotest/models/xplane_plane.json
[4.030s] building /home/skemp32/ros2_ws/src/ardupilot/build/sitl/modules/Micro-XRCE-DDS-Client/include/uxr/client/config.h
[4.030s] building /home/skemp32/ros2_ws/src/ardupilot/build/sitl/modules/Micro-CDR/include/ucdr/config.h
[5.428s] [32mNo target_list file found, creating[0m
[5.428s] [32mGenerating compile_commands.json[0m
[5.517s] [32mGenerating compile_commands.json[0m
[5.564s] [32mGenerating compile_commands.json[0m
[5.655s] [32mGenerating compile_commands.json[0m
[5.748s] [32mGenerating compile_commands.json[0m
[5.848s] [32mGenerating compile_commands.json[0m
[5.958s] [32mGenerating compile_commands.json[0m
[5.991s] [32mBuild commands will be stored in build/sitl/compile_commands.json[0m
[6.148s] [32mGenerating compile_commands.json[0m
[6.159s] [32mBuild commands will be stored in build/sitl/compile_commands.json[0m
[6.248s] [32mBuild commands will be stored in build/sitl/compile_commands.json[0m
[6.355s] [32mGenerating compile_commands.json[0m
[6.366s] [32mBuild commands will be stored in build/sitl/compile_commands.json[0m
[6.451s] [32mBuild commands will be stored in build/sitl/compile_commands.json[0m
[6.553s] [32mGenerating compile_commands.json[0m
[6.564s] [32mBuild commands will be stored in build/sitl/compile_commands.json[0m
[6.652s] [32mBuild commands will be stored in build/sitl/compile_commands.json[0m
[6.754s] [32mGenerating compile_commands.json[0m
[6.766s] [32mBuild commands will be stored in build/sitl/compile_commands.json[0m
[6.857s] [32mBuild commands will be stored in build/sitl/compile_commands.json[0m
[6.953s] [32mBuild commands will be stored in build/sitl/compile_commands.json[0m
[7.058s] [32mGenerating compile_commands.json[0m
[7.071s] [32mBuild commands will be stored in build/sitl/compile_commands.json[0m
[7.178s] [32mBuild commands will be stored in build/sitl/compile_commands.json[0m
[7.279s] [32mGenerating compile_commands.json[0m
[7.293s] [32mBuild commands will be stored in build/sitl/compile_commands.json[0m
[8.719s] [2756/3075] Linking [33mbuild/sitl/bin/antennatracker[0m
[8.891s] [2829/3075] Linking [33mbuild/sitl/bin/arducopter[0m
[8.928s] [2902/3075] Linking [33mbuild/sitl/bin/arducopter-heli[0m
[9.117s] [2965/3075] Linking [33mbuild/sitl/bin/arduplane[0m
[9.279s] [3003/3075] Linking [33mbuild/sitl/bin/ardusub[0m
[9.447s] [3029/3075] Linking [33mbuild/sitl/bin/blimp[0m
[9.628s] [3068/3075] Linking [33mbuild/sitl/bin/ardurover[0m
[10.136s] [3069/3075] checking symbols [36mbuild/sitl/bin/antennatracker[0m
[10.643s] [3070/3075] checking symbols [36mbuild/sitl/bin/arducopter-heli[0m
[10.671s] [3071/3075] checking symbols [36mbuild/sitl/bin/arducopter[0m
[10.769s] [3072/3075] checking symbols [36mbuild/sitl/bin/arduplane[0m
[10.849s] [3073/3075] checking symbols [36mbuild/sitl/bin/ardusub[0m
[10.872s] [3074/3075] checking symbols [36mbuild/sitl/bin/blimp[0m
[11.060s] [3075/3075] checking symbols [36mbuild/sitl/bin/ardurover[0m
[11.099s] [32mWaf: Leaving directory `/home/skemp32/ros2_ws/src/ardupilot/build/sitl'[0m
[11.099s] [32m[0m
[11.099s] [32m[0m[01;1mBUILD SUMMARY[0m
[11.099s] [32m[0m[01;1mBuild directory: [0m/home/skemp32/ros2_ws/src/ardupilot/build/sitl[0m
[11.117s] [32m[0m[01;1mTarget               Text (B)  Data (B)  BSS (B)  Total Flash Used (B)  Free Flash (B)  External Flash Used (B)[0m
[11.117s] ---------------------------------------------------------------------------------------------------------------
[11.117s] bin/antennatracker    3143842    130165   209984               3274007  Not Applicable  Not Applicable         
[11.117s] bin/arducopter        4239434    191541   228384               4430975  Not Applicable  Not Applicable         
[11.117s] bin/arducopter-heli   4218674    193093   229344               4411767  Not Applicable  Not Applicable         
[11.117s] bin/arduplane         4178338    195117   226528               4373455  Not Applicable  Not Applicable         
[11.117s] bin/ardusub           3778614    161269   222464               3939883  Not Applicable  Not Applicable         
[11.117s] bin/blimp             3201818    134189   210880               3336007  Not Applicable  Not Applicable         
[11.117s] bin/ardurover         3899268    173261   227072               4072529  Not Applicable  Not Applicable         
[11.118s] [32m[0m
[11.118s] [32m'build' finished successfully (7.214s)[0m
[11.227s] Built target ardupilot_build
[11.240s] Invoked command in '/home/skemp32/ros2_ws/build/ardupilot_sitl' returned '0': CMAKE_PREFIX_PATH=/home/skemp32/ros2_ws/install/micro_ros_agent:/home/skemp32/ros2_ws/install/ardupilot_msgs:/home/skemp32/ros2_ws/install/ardupilot_gz_bringup:/home/skemp32/ros2_ws/install/sdformat_urdf:/home/skemp32/ros2_ws/install/sdformat_test_files:/home/skemp32/ros2_ws/install/ros_gz_sim:/home/skemp32/ros2_ws/install/ros_gz_bridge:/home/skemp32/ros2_ws/install/ros_gz_interfaces:/home/skemp32/ros2_ws/install/ardupilot_sitl:/home/skemp32/ros2_ws/install/ardupilot_sitl_models:/home/skemp32/ros2_ws/install/ardupilot_gz_gazebo:/home/skemp32/ros2_ws/install/ardupilot_gz_description:/home/skemp32/ros2_ws/install/ardupilot_gazebo:/home/skemp32/ros2_ws/install/ardupilot_dds_tests:/opt/ros/humble LD_LIBRARY_PATH=/home/skemp32/ros2_ws/install/micro_ros_agent/lib:/home/skemp32/ros2_ws/install/ardupilot_msgs/lib:/home/skemp32/ros2_ws/install/sdformat_urdf/lib:/home/skemp32/ros2_ws/install/ros_gz_sim/lib:/home/skemp32/ros2_ws/install/ros_gz_bridge/lib:/home/skemp32/ros2_ws/install/ros_gz_interfaces/lib:/opt/ros/humble/opt/rviz_ogre_vendor/lib:/opt/ros/humble/lib/x86_64-linux-gnu:/opt/ros/humble/lib /usr/bin/cmake --build /home/skemp32/ros2_ws/build/ardupilot_sitl -- -j12 -l12
[11.270s] Invoking command in '/home/skemp32/ros2_ws/build/ardupilot_sitl': CMAKE_PREFIX_PATH=/home/skemp32/ros2_ws/install/micro_ros_agent:/home/skemp32/ros2_ws/install/ardupilot_msgs:/home/skemp32/ros2_ws/install/ardupilot_gz_bringup:/home/skemp32/ros2_ws/install/sdformat_urdf:/home/skemp32/ros2_ws/install/sdformat_test_files:/home/skemp32/ros2_ws/install/ros_gz_sim:/home/skemp32/ros2_ws/install/ros_gz_bridge:/home/skemp32/ros2_ws/install/ros_gz_interfaces:/home/skemp32/ros2_ws/install/ardupilot_sitl:/home/skemp32/ros2_ws/install/ardupilot_sitl_models:/home/skemp32/ros2_ws/install/ardupilot_gz_gazebo:/home/skemp32/ros2_ws/install/ardupilot_gz_description:/home/skemp32/ros2_ws/install/ardupilot_gazebo:/home/skemp32/ros2_ws/install/ardupilot_dds_tests:/opt/ros/humble LD_LIBRARY_PATH=/home/skemp32/ros2_ws/install/micro_ros_agent/lib:/home/skemp32/ros2_ws/install/ardupilot_msgs/lib:/home/skemp32/ros2_ws/install/sdformat_urdf/lib:/home/skemp32/ros2_ws/install/ros_gz_sim/lib:/home/skemp32/ros2_ws/install/ros_gz_bridge/lib:/home/skemp32/ros2_ws/install/ros_gz_interfaces/lib:/opt/ros/humble/opt/rviz_ogre_vendor/lib:/opt/ros/humble/lib/x86_64-linux-gnu:/opt/ros/humble/lib /usr/bin/cmake --install /home/skemp32/ros2_ws/build/ardupilot_sitl
[11.278s] -- Install configuration: ""
[11.278s] -- Installing: /home/skemp32/ros2_ws/install/ardupilot_sitl/bin/antennatracker
[11.313s] -- Installing: /home/skemp32/ros2_ws/install/ardupilot_sitl/bin/arducopter
[11.345s] -- Installing: /home/skemp32/ros2_ws/install/ardupilot_sitl/bin/arducopter-heli
[11.393s] -- Installing: /home/skemp32/ros2_ws/install/ardupilot_sitl/bin/arduplane
[11.441s] -- Installing: /home/skemp32/ros2_ws/install/ardupilot_sitl/bin/ardurover
[11.485s] -- Installing: /home/skemp32/ros2_ws/install/ardupilot_sitl/bin/ardusub
[11.528s] -- Installing: /home/skemp32/ros2_ws/install/ardupilot_sitl/bin/blimp
[11.564s] -- Up-to-date: /home/skemp32/ros2_ws/install/ardupilot_sitl/.//lib
[11.564s] -- Up-to-date: /home/skemp32/ros2_ws/install/ardupilot_sitl/.//lib/libAntennaTracker_libs.a
[11.564s] -- Up-to-date: /home/skemp32/ros2_ws/install/ardupilot_sitl/.//lib/libBlimp_libs.a
[11.565s] -- Up-to-date: /home/skemp32/ros2_ws/install/ardupilot_sitl/.//lib/libArduPlane_libs.a
[11.565s] -- Up-to-date: /home/skemp32/ros2_ws/install/ardupilot_sitl/.//lib/libRover_libs.a
[11.566s] -- Up-to-date: /home/skemp32/ros2_ws/install/ardupilot_sitl/.//lib/libArduCopter_libs.a
[11.566s] -- Up-to-date: /home/skemp32/ros2_ws/install/ardupilot_sitl/.//lib/libArduSub_libs.a
[11.566s] -- Up-to-date: /home/skemp32/ros2_ws/install/ardupilot_sitl/share/ardupilot_sitl//launch
[11.566s] -- Up-to-date: /home/skemp32/ros2_ws/install/ardupilot_sitl/share/ardupilot_sitl//launch/sitl_dds_serial.launch.py
[11.566s] -- Up-to-date: /home/skemp32/ros2_ws/install/ardupilot_sitl/share/ardupilot_sitl//launch/mavproxy.launch.py
[11.567s] -- Up-to-date: /home/skemp32/ros2_ws/install/ardupilot_sitl/share/ardupilot_sitl//launch/sitl_dds_udp.launch.py
[11.567s] -- Up-to-date: /home/skemp32/ros2_ws/install/ardupilot_sitl/share/ardupilot_sitl//launch/sitl.launch.py
[11.568s] -- Up-to-date: /home/skemp32/ros2_ws/install/ardupilot_sitl/share/ardupilot_sitl//launch/micro_ros_agent.launch.py
[11.568s] -- Up-to-date: /home/skemp32/ros2_ws/install/ardupilot_sitl/share/ardupilot_sitl//launch/virtual_ports.launch.py
[11.568s] -- Up-to-date: /home/skemp32/ros2_ws/install/ardupilot_sitl/share/ardupilot_sitl//launch/sitl_mavproxy.launch.py
[11.568s] -- Up-to-date: /home/skemp32/ros2_ws/install/ardupilot_sitl/share/ardupilot_sitl/config/default_params
[11.569s] -- Up-to-date: /home/skemp32/ros2_ws/install/ardupilot_sitl/share/ardupilot_sitl/config/default_params/dds_serial.parm
[11.569s] -- Up-to-date: /home/skemp32/ros2_ws/install/ardupilot_sitl/share/ardupilot_sitl/config/default_params/dds_udp.parm
[11.569s] -- Up-to-date: /home/skemp32/ros2_ws/install/ardupilot_sitl/share/ardupilot_sitl/config//default_params
[11.570s] -- Up-to-date: /home/skemp32/ros2_ws/install/ardupilot_sitl/share/ardupilot_sitl/config//default_params/copter-single.parm
[11.570s] -- Up-to-date: /home/skemp32/ros2_ws/install/ardupilot_sitl/share/ardupilot_sitl/config//default_params/copter-AVC2013.parm
[11.570s] -- Up-to-date: /home/skemp32/ros2_ws/install/ardupilot_sitl/share/ardupilot_sitl/config//default_params/copter-octaquad-cwx.parm
[11.570s] -- Up-to-date: /home/skemp32/ros2_ws/install/ardupilot_sitl/share/ardupilot_sitl/config//default_params/copter-winch.parm
[11.570s] -- Up-to-date: /home/skemp32/ros2_ws/install/ardupilot_sitl/share/ardupilot_sitl/config//default_params/gazebo-zephyr.parm
[11.570s] -- Up-to-date: /home/skemp32/ros2_ws/install/ardupilot_sitl/share/ardupilot_sitl/config//default_params/rover-omni3mecanum.parm
[11.571s] -- Up-to-date: /home/skemp32/ros2_ws/install/ardupilot_sitl/share/ardupilot_sitl/config//default_params/vee-gull_005.param
[11.571s] -- Up-to-date: /home/skemp32/ros2_ws/install/ardupilot_sitl/share/ardupilot_sitl/config//default_params/quadplane-ice.parm
[11.571s] -- Up-to-date: /home/skemp32/ros2_ws/install/ardupilot_sitl/share/ardupilot_sitl/config//default_params/quadplane-periph.parm
[11.571s] -- Up-to-date: /home/skemp32/ros2_ws/install/ardupilot_sitl/share/ardupilot_sitl/config//default_params/copter-dodecahexa.parm
[11.571s] -- Up-to-date: /home/skemp32/ros2_ws/install/ardupilot_sitl/share/ardupilot_sitl/config//default_params/glider.parm
[11.571s] -- Up-to-date: /home/skemp32/ros2_ws/install/ardupilot_sitl/share/ardupilot_sitl/config//default_params/copter.parm
[11.571s] -- Up-to-date: /home/skemp32/ros2_ws/install/ardupilot_sitl/share/ardupilot_sitl/config//default_params/balancebot.parm
[11.571s] -- Up-to-date: /home/skemp32/ros2_ws/install/ardupilot_sitl/share/ardupilot_sitl/config//default_params/periph.parm
[11.571s] -- Up-to-date: /home/skemp32/ros2_ws/install/ardupilot_sitl/share/ardupilot_sitl/config//default_params/plane-ice.parm
[11.571s] -- Up-to-date: /home/skemp32/ros2_ws/install/ardupilot_sitl/share/ardupilot_sitl/config//default_params/plane-vtail.parm
[11.571s] -- Up-to-date: /home/skemp32/ros2_ws/install/ardupilot_sitl/share/ardupilot_sitl/config//default_params/rover-skid.parm
[11.572s] -- Up-to-date: /home/skemp32/ros2_ws/install/ardupilot_sitl/share/ardupilot_sitl/config//default_params/quadplane-tri.parm
[11.572s] -- Up-to-date: /home/skemp32/ros2_ws/install/ardupilot_sitl/share/ardupilot_sitl/config//default_params/plane-soaring.parm
[11.572s] -- Up-to-date: /home/skemp32/ros2_ws/install/ardupilot_sitl/share/ardupilot_sitl/config//default_params/quadplane-tilthvec.parm
[11.572s] -- Up-to-date: /home/skemp32/ros2_ws/install/ardupilot_sitl/share/ardupilot_sitl/config//default_params/copter-djix.parm
[11.572s] -- Up-to-date: /home/skemp32/ros2_ws/install/ardupilot_sitl/share/ardupilot_sitl/config//default_params/quadplane-tilttrivec.parm
[11.572s] -- Up-to-date: /home/skemp32/ros2_ws/install/ardupilot_sitl/share/ardupilot_sitl/config//default_params/copter-heli-gas.parm
[11.572s] -- Up-to-date: /home/skemp32/ros2_ws/install/ardupilot_sitl/share/ardupilot_sitl/config//default_params/copter-wind-estimates.parm
[11.572s] -- Up-to-date: /home/skemp32/ros2_ws/install/ardupilot_sitl/share/ardupilot_sitl/config//default_params/tracker-gps-for-yaw.parm
[11.572s] -- Up-to-date: /home/skemp32/ros2_ws/install/ardupilot_sitl/share/ardupilot_sitl/config//default_params/plane-elevons.parm
[11.572s] -- Up-to-date: /home/skemp32/ros2_ws/install/ardupilot_sitl/share/ardupilot_sitl/config//default_params/copter-gps-for-yaw-nmea.parm
[11.572s] -- Up-to-date: /home/skemp32/ros2_ws/install/ardupilot_sitl/share/ardupilot_sitl/config//default_params/copter-deca.parm
[11.572s] -- Up-to-date: /home/skemp32/ros2_ws/install/ardupilot_sitl/share/ardupilot_sitl/config//default_params/quadplane-tilt.parm
[11.573s] -- Up-to-date: /home/skemp32/ros2_ws/install/ardupilot_sitl/share/ardupilot_sitl/config//default_params/copter-hexa.parm
[11.573s] -- Up-to-date: /home/skemp32/ros2_ws/install/ardupilot_sitl/share/ardupilot_sitl/config//default_params/copter-bfx.parm
[11.573s] -- Up-to-date: /home/skemp32/ros2_ws/install/ardupilot_sitl/share/ardupilot_sitl/config//default_params/quadplane-cl84.parm
[11.573s] -- Up-to-date: /home/skemp32/ros2_ws/install/ardupilot_sitl/share/ardupilot_sitl/config//default_params/rover.parm
[11.573s] -- Up-to-date: /home/skemp32/ros2_ws/install/ardupilot_sitl/share/ardupilot_sitl/config//default_params/plane-tailsitter.parm
[11.573s] -- Up-to-date: /home/skemp32/ros2_ws/install/ardupilot_sitl/share/ardupilot_sitl/config//default_params/copter-cwx.parm
[11.573s] -- Up-to-date: /home/skemp32/ros2_ws/install/ardupilot_sitl/share/ardupilot_sitl/config//default_params/plane-jet.parm
[11.573s] -- Up-to-date: /home/skemp32/ros2_ws/install/ardupilot_sitl/share/ardupilot_sitl/config//default_params/quad-can.parm
[11.573s] -- Up-to-date: /home/skemp32/ros2_ws/install/ardupilot_sitl/share/ardupilot_sitl/config//default_params/copter-heli.parm
[11.573s] -- Up-to-date: /home/skemp32/ros2_ws/install/ardupilot_sitl/share/ardupilot_sitl/config//default_params/plane-jsbsim.parm
[11.573s] -- Up-to-date: /home/skemp32/ros2_ws/install/ardupilot_sitl/share/ardupilot_sitl/config//default_params/copter-hexa-dji.parm
[11.573s] -- Up-to-date: /home/skemp32/ros2_ws/install/ardupilot_sitl/share/ardupilot_sitl/config//default_params/copter-X.parm
[11.573s] -- Up-to-date: /home/skemp32/ros2_ws/install/ardupilot_sitl/share/ardupilot_sitl/config//default_params/copter-hexa-cwx.parm
[11.573s] -- Up-to-date: /home/skemp32/ros2_ws/install/ardupilot_sitl/share/ardupilot_sitl/config//default_params/stratoblimp.parm
[11.574s] -- Up-to-date: /home/skemp32/ros2_ws/install/ardupilot_sitl/share/ardupilot_sitl/config//default_params/copter-optflow.parm
[11.574s] -- Up-to-date: /home/skemp32/ros2_ws/install/ardupilot_sitl/share/ardupilot_sitl/config//default_params/quadplane-copter_tailsitter.parm
[11.574s] -- Up-to-date: /home/skemp32/ros2_ws/install/ardupilot_sitl/share/ardupilot_sitl/config//default_params/copter-deca-cwx.parm
[11.574s] -- Up-to-date: /home/skemp32/ros2_ws/install/ardupilot_sitl/share/ardupilot_sitl/config//default_params/copter-octaquad.parm
[11.574s] -- Up-to-date: /home/skemp32/ros2_ws/install/ardupilot_sitl/share/ardupilot_sitl/config//default_params/copter-octa-cwx.parm
[11.574s] -- Up-to-date: /home/skemp32/ros2_ws/install/ardupilot_sitl/share/ardupilot_sitl/config//default_params/quad-periph.parm
[11.574s] -- Up-to-date: /home/skemp32/ros2_ws/install/ardupilot_sitl/share/ardupilot_sitl/config//default_params/sailboat.parm
[11.574s] -- Up-to-date: /home/skemp32/ros2_ws/install/ardupilot_sitl/share/ardupilot_sitl/config//default_params/motorboat.parm
[11.574s] -- Up-to-date: /home/skemp32/ros2_ws/install/ardupilot_sitl/share/ardupilot_sitl/config//default_params/quadplane.parm
[11.574s] -- Up-to-date: /home/skemp32/ros2_ws/install/ardupilot_sitl/share/ardupilot_sitl/config//default_params/copter-coax.parm
[11.574s] -- Up-to-date: /home/skemp32/ros2_ws/install/ardupilot_sitl/share/ardupilot_sitl/config//default_params/copter-vicon.parm
[11.575s] -- Up-to-date: /home/skemp32/ros2_ws/install/ardupilot_sitl/share/ardupilot_sitl/config//default_params/blimp.parm
[11.575s] -- Up-to-date: /home/skemp32/ros2_ws/install/ardupilot_sitl/share/ardupilot_sitl/config//default_params/msposd.parm
[11.575s] -- Up-to-date: /home/skemp32/ros2_ws/install/ardupilot_sitl/share/ardupilot_sitl/config//default_params/gazebo-iris.parm
[11.575s] -- Up-to-date: /home/skemp32/ros2_ws/install/ardupilot_sitl/share/ardupilot_sitl/config//default_params/quadplane-tilttri.parm
[11.575s] -- Up-to-date: /home/skemp32/ros2_ws/install/ardupilot_sitl/share/ardupilot_sitl/config//default_params/copter-beacon.parm
[11.575s] -- Up-to-date: /home/skemp32/ros2_ws/install/ardupilot_sitl/share/ardupilot_sitl/config//default_params/airsim-quadX.parm
[11.575s] -- Up-to-date: /home/skemp32/ros2_ws/install/ardupilot_sitl/share/ardupilot_sitl/config//default_params/copter-octa-dji.parm
[11.575s] -- Up-to-date: /home/skemp32/ros2_ws/install/ardupilot_sitl/share/ardupilot_sitl/config//default_params/copter-tri.parm
[11.575s] -- Up-to-date: /home/skemp32/ros2_ws/install/ardupilot_sitl/share/ardupilot_sitl/config//default_params/firefly.parm
[11.575s] -- Up-to-date: /home/skemp32/ros2_ws/install/ardupilot_sitl/share/ardupilot_sitl/config//default_params/airsim-rover.parm
[11.575s] -- Up-to-date: /home/skemp32/ros2_ws/install/ardupilot_sitl/share/ardupilot_sitl/config//default_params/rover-vectored.parm
[11.575s] -- Up-to-date: /home/skemp32/ros2_ws/install/ardupilot_sitl/share/ardupilot_sitl/config//default_params/sub-6dof.parm
[11.575s] -- Up-to-date: /home/skemp32/ros2_ws/install/ardupilot_sitl/share/ardupilot_sitl/config//default_params/sailboat-motor.parm
[11.576s] -- Up-to-date: /home/skemp32/ros2_ws/install/ardupilot_sitl/share/ardupilot_sitl/config//default_params/sub.parm
[11.576s] -- Up-to-date: /home/skemp32/ros2_ws/install/ardupilot_sitl/share/ardupilot_sitl/config//default_params/copter-y6.parm
[11.576s] -- Up-to-date: /home/skemp32/ros2_ws/install/ardupilot_sitl/share/ardupilot_sitl/config//default_params/copter-octa.parm
[11.576s] -- Up-to-date: /home/skemp32/ros2_ws/install/ardupilot_sitl/share/ardupilot_sitl/config//default_params/copter-rangefinder.parm
[11.576s] -- Up-to-date: /home/skemp32/ros2_ws/install/ardupilot_sitl/share/ardupilot_sitl/config//default_params/copter-heli-dual.parm
[11.576s] -- Up-to-date: /home/skemp32/ros2_ws/install/ardupilot_sitl/share/ardupilot_sitl/config//default_params/quadplane-can.parm
[11.576s] -- Up-to-date: /home/skemp32/ros2_ws/install/ardupilot_sitl/share/ardupilot_sitl/config//default_params/copter-gps-for-yaw.parm
[11.576s] -- Up-to-date: /home/skemp32/ros2_ws/install/ardupilot_sitl/share/ardupilot_sitl/config//default_params/plane-dspoilers.parm
[11.576s] -- Up-to-date: /home/skemp32/ros2_ws/install/ardupilot_sitl/share/ardupilot_sitl/config//default_params/copter-gimbal.parm
[11.576s] -- Up-to-date: /home/skemp32/ros2_ws/install/ardupilot_sitl/share/ardupilot_sitl/config//models
[11.576s] -- Up-to-date: /home/skemp32/ros2_ws/install/ardupilot_sitl/share/ardupilot_sitl/config//models/freestyle.json
[11.576s] -- Up-to-date: /home/skemp32/ros2_ws/install/ardupilot_sitl/share/ardupilot_sitl/config//models/plane.parm
[11.576s] -- Up-to-date: /home/skemp32/ros2_ws/install/ardupilot_sitl/share/ardupilot_sitl/config//models/Callisto.param
[11.576s] -- Up-to-date: /home/skemp32/ros2_ws/install/ardupilot_sitl/share/ardupilot_sitl/config//models/freestyle.param
[11.576s] -- Up-to-date: /home/skemp32/ros2_ws/install/ardupilot_sitl/share/ardupilot_sitl/config//models/plane-3d.parm
[11.576s] -- Up-to-date: /home/skemp32/ros2_ws/install/ardupilot_sitl/share/ardupilot_sitl/config//models/xplane_heli.json
[11.576s] -- Up-to-date: /home/skemp32/ros2_ws/install/ardupilot_sitl/share/ardupilot_sitl/config//models/Callisto.json
[11.577s] -- Up-to-date: /home/skemp32/ros2_ws/install/ardupilot_sitl/share/ardupilot_sitl/config//models/xplane_plane.json
[11.577s] -- Up-to-date: /home/skemp32/ros2_ws/install/ardupilot_sitl/share/ardupilot_sitl/environment/pythonpath.sh
[11.577s] -- Up-to-date: /home/skemp32/ros2_ws/install/ardupilot_sitl/share/ardupilot_sitl/environment/pythonpath.dsv
[11.577s] -- Up-to-date: /home/skemp32/ros2_ws/install/ardupilot_sitl/local/lib/python3.10/dist-packages/ardupilot_sitl-0.0.0-py3.10.egg-info
[11.577s] -- Installing: /home/skemp32/ros2_ws/install/ardupilot_sitl/local/lib/python3.10/dist-packages/ardupilot_sitl-0.0.0-py3.10.egg-info/dependency_links.txt
[11.577s] -- Installing: /home/skemp32/ros2_ws/install/ardupilot_sitl/local/lib/python3.10/dist-packages/ardupilot_sitl-0.0.0-py3.10.egg-info/SOURCES.txt
[11.577s] -- Installing: /home/skemp32/ros2_ws/install/ardupilot_sitl/local/lib/python3.10/dist-packages/ardupilot_sitl-0.0.0-py3.10.egg-info/PKG-INFO
[11.577s] -- Installing: /home/skemp32/ros2_ws/install/ardupilot_sitl/local/lib/python3.10/dist-packages/ardupilot_sitl-0.0.0-py3.10.egg-info/top_level.txt
[11.577s] -- Up-to-date: /home/skemp32/ros2_ws/install/ardupilot_sitl/local/lib/python3.10/dist-packages/ardupilot_sitl
[11.577s] -- Up-to-date: /home/skemp32/ros2_ws/install/ardupilot_sitl/local/lib/python3.10/dist-packages/ardupilot_sitl/actions.py
[11.577s] -- Up-to-date: /home/skemp32/ros2_ws/install/ardupilot_sitl/local/lib/python3.10/dist-packages/ardupilot_sitl/__init__.py
[11.577s] -- Up-to-date: /home/skemp32/ros2_ws/install/ardupilot_sitl/local/lib/python3.10/dist-packages/ardupilot_sitl/utilities.py
[11.577s] -- Up-to-date: /home/skemp32/ros2_ws/install/ardupilot_sitl/local/lib/python3.10/dist-packages/ardupilot_sitl/launch.py
[11.599s] Listing '/home/skemp32/ros2_ws/install/ardupilot_sitl/local/lib/python3.10/dist-packages/ardupilot_sitl'...
[11.604s] -- Up-to-date: /home/skemp32/ros2_ws/install/ardupilot_sitl/share/ament_index/resource_index/package_run_dependencies/ardupilot_sitl
[11.604s] -- Up-to-date: /home/skemp32/ros2_ws/install/ardupilot_sitl/share/ament_index/resource_index/parent_prefix_path/ardupilot_sitl
[11.604s] -- Up-to-date: /home/skemp32/ros2_ws/install/ardupilot_sitl/share/ardupilot_sitl/environment/ament_prefix_path.sh
[11.604s] -- Up-to-date: /home/skemp32/ros2_ws/install/ardupilot_sitl/share/ardupilot_sitl/environment/ament_prefix_path.dsv
[11.605s] -- Up-to-date: /home/skemp32/ros2_ws/install/ardupilot_sitl/share/ardupilot_sitl/environment/path.sh
[11.605s] -- Up-to-date: /home/skemp32/ros2_ws/install/ardupilot_sitl/share/ardupilot_sitl/environment/path.dsv
[11.605s] -- Up-to-date: /home/skemp32/ros2_ws/install/ardupilot_sitl/share/ardupilot_sitl/local_setup.bash
[11.605s] -- Up-to-date: /home/skemp32/ros2_ws/install/ardupilot_sitl/share/ardupilot_sitl/local_setup.sh
[11.606s] -- Up-to-date: /home/skemp32/ros2_ws/install/ardupilot_sitl/share/ardupilot_sitl/local_setup.zsh
[11.606s] -- Up-to-date: /home/skemp32/ros2_ws/install/ardupilot_sitl/share/ardupilot_sitl/local_setup.dsv
[11.606s] -- Installing: /home/skemp32/ros2_ws/install/ardupilot_sitl/share/ardupilot_sitl/package.dsv
[11.606s] -- Up-to-date: /home/skemp32/ros2_ws/install/ardupilot_sitl/share/ament_index/resource_index/packages/ardupilot_sitl
[11.606s] -- Up-to-date: /home/skemp32/ros2_ws/install/ardupilot_sitl/share/ardupilot_sitl/cmake/ardupilot_sitlConfig.cmake
[11.606s] -- Up-to-date: /home/skemp32/ros2_ws/install/ardupilot_sitl/share/ardupilot_sitl/cmake/ardupilot_sitlConfig-version.cmake
[11.606s] -- Up-to-date: /home/skemp32/ros2_ws/install/ardupilot_sitl/share/ardupilot_sitl/package.xml
[11.609s] Invoked command in '/home/skemp32/ros2_ws/build/ardupilot_sitl' returned '0': CMAKE_PREFIX_PATH=/home/skemp32/ros2_ws/install/micro_ros_agent:/home/skemp32/ros2_ws/install/ardupilot_msgs:/home/skemp32/ros2_ws/install/ardupilot_gz_bringup:/home/skemp32/ros2_ws/install/sdformat_urdf:/home/skemp32/ros2_ws/install/sdformat_test_files:/home/skemp32/ros2_ws/install/ros_gz_sim:/home/skemp32/ros2_ws/install/ros_gz_bridge:/home/skemp32/ros2_ws/install/ros_gz_interfaces:/home/skemp32/ros2_ws/install/ardupilot_sitl:/home/skemp32/ros2_ws/install/ardupilot_sitl_models:/home/skemp32/ros2_ws/install/ardupilot_gz_gazebo:/home/skemp32/ros2_ws/install/ardupilot_gz_description:/home/skemp32/ros2_ws/install/ardupilot_gazebo:/home/skemp32/ros2_ws/install/ardupilot_dds_tests:/opt/ros/humble LD_LIBRARY_PATH=/home/skemp32/ros2_ws/install/micro_ros_agent/lib:/home/skemp32/ros2_ws/install/ardupilot_msgs/lib:/home/skemp32/ros2_ws/install/sdformat_urdf/lib:/home/skemp32/ros2_ws/install/ros_gz_sim/lib:/home/skemp32/ros2_ws/install/ros_gz_bridge/lib:/home/skemp32/ros2_ws/install/ros_gz_interfaces/lib:/opt/ros/humble/opt/rviz_ogre_vendor/lib:/opt/ros/humble/lib/x86_64-linux-gnu:/opt/ros/humble/lib /usr/bin/cmake --install /home/skemp32/ros2_ws/build/ardupilot_sitl
