[35m[1mConsolidate compiler generated dependencies of target bridge_node[0m
[35m[1mConsolidate compiler generated dependencies of target gtest_main[0m
[35m[1mConsolidate compiler generated dependencies of target gtest[0m
[  2%] Built target gtest_main
[  4%] Built target gtest
[  6%] Built target bridge_node
[35m[1mConsolidate compiler generated dependencies of target test_rcl_interfaces[0m
[35m[1mConsolidate compiler generated dependencies of target test_utils[0m
[35m[1mConsolidate compiler generated dependencies of target ros_gz_bridge[0m
[  9%] Built target test_rcl_interfaces
[ 13%] Built target test_utils
[35m[1mConsolidate compiler generated dependencies of target test_gz_server[0m
[35m[1mConsolidate compiler generated dependencies of target test_gz_subscriber[0m
[35m[1mConsolidate compiler generated dependencies of target test_gz_publisher[0m
[35m[1mConsolidate compiler generated dependencies of target test_ros_publisher[0m
[35m[1mConsolidate compiler generated dependencies of target test_ros_client[0m
[35m[1mConsolidate compiler generated dependencies of target test_ros_subscriber[0m
[ 16%] Built target test_gz_subscriber
[ 18%] Built target test_gz_server
[ 21%] Built target test_ros_publisher
[ 24%] Built target test_ros_client
[ 27%] Built target test_gz_publisher
[ 70%] Built target ros_gz_bridge
[ 87%] Built target test_ros_subscriber
[35m[1mConsolidate compiler generated dependencies of target ros_gz_bridge_bridge_config[0m
[35m[1mConsolidate compiler generated dependencies of target parameter_bridge[0m
[35m[1mConsolidate compiler generated dependencies of target bridge_types[0m
[35m[1mConsolidate compiler generated dependencies of target static_bridge[0m
[35m[1mConsolidate compiler generated dependencies of target test_ros_gz_interfaces[0m
[ 90%] Built target bridge_types
[ 92%] Built target ros_gz_bridge_bridge_config
[ 94%] Built target parameter_bridge
[ 96%] Built target static_bridge
[100%] Built target test_ros_gz_interfaces
-- Install configuration: ""
-- Installing: /home/skemp32/ros2_ws/install/ros_gz_bridge/lib/ros_gz_bridge/bridge_node
-- Set runtime path of "/home/skemp32/ros2_ws/install/ros_gz_bridge/lib/ros_gz_bridge/bridge_node" to ""
-- Installing: /home/skemp32/ros2_ws/install/ros_gz_bridge/lib/libros_gz_bridge.so
-- Set runtime path of "/home/skemp32/ros2_ws/install/ros_gz_bridge/lib/libros_gz_bridge.so" to ""
-- Installing: /home/skemp32/ros2_ws/install/ros_gz_bridge/include/ros_gz_bridge
-- Installing: /home/skemp32/ros2_ws/install/ros_gz_bridge/include/ros_gz_bridge/ros_gz_bridge
-- Installing: /home/skemp32/ros2_ws/install/ros_gz_bridge/include/ros_gz_bridge/ros_gz_bridge/bridge_config.hpp
-- Installing: /home/skemp32/ros2_ws/install/ros_gz_bridge/include/ros_gz_bridge/ros_gz_bridge/convert.hpp
-- Installing: /home/skemp32/ros2_ws/install/ros_gz_bridge/include/ros_gz_bridge/ros_gz_bridge/convert_decl.hpp
-- Installing: /home/skemp32/ros2_ws/install/ros_gz_bridge/include/ros_gz_bridge/ros_gz_bridge/convert
-- Installing: /home/skemp32/ros2_ws/install/ros_gz_bridge/include/ros_gz_bridge/ros_gz_bridge/convert/gps_msgs.hpp
-- Installing: /home/skemp32/ros2_ws/install/ros_gz_bridge/include/ros_gz_bridge/ros_gz_bridge/convert/sensor_msgs.hpp
-- Installing: /home/skemp32/ros2_ws/install/ros_gz_bridge/include/ros_gz_bridge/ros_gz_bridge/convert/tf2_msgs.hpp
-- Installing: /home/skemp32/ros2_ws/install/ros_gz_bridge/include/ros_gz_bridge/ros_gz_bridge/convert/builtin_interfaces.hpp
-- Installing: /home/skemp32/ros2_ws/install/ros_gz_bridge/include/ros_gz_bridge/ros_gz_bridge/convert/geometry_msgs.hpp
-- Installing: /home/skemp32/ros2_ws/install/ros_gz_bridge/include/ros_gz_bridge/ros_gz_bridge/convert/rosgraph_msgs.hpp
-- Installing: /home/skemp32/ros2_ws/install/ros_gz_bridge/include/ros_gz_bridge/ros_gz_bridge/convert/trajectory_msgs.hpp
-- Installing: /home/skemp32/ros2_ws/install/ros_gz_bridge/include/ros_gz_bridge/ros_gz_bridge/convert/std_msgs.hpp
-- Installing: /home/skemp32/ros2_ws/install/ros_gz_bridge/include/ros_gz_bridge/ros_gz_bridge/convert/rcl_interfaces.hpp
-- Installing: /home/skemp32/ros2_ws/install/ros_gz_bridge/include/ros_gz_bridge/ros_gz_bridge/convert/actuator_msgs.hpp
-- Installing: /home/skemp32/ros2_ws/install/ros_gz_bridge/include/ros_gz_bridge/ros_gz_bridge/convert/vision_msgs.hpp
-- Installing: /home/skemp32/ros2_ws/install/ros_gz_bridge/include/ros_gz_bridge/ros_gz_bridge/convert/nav_msgs.hpp
-- Installing: /home/skemp32/ros2_ws/install/ros_gz_bridge/include/ros_gz_bridge/ros_gz_bridge/convert/ros_gz_interfaces.hpp
-- Installing: /home/skemp32/ros2_ws/install/ros_gz_bridge/include/ros_gz_bridge/ros_gz_bridge/ros_gz_bridge.hpp
-- Installing: /home/skemp32/ros2_ws/install/ros_gz_bridge/lib/ros_gz_bridge/parameter_bridge
-- Set runtime path of "/home/skemp32/ros2_ws/install/ros_gz_bridge/lib/ros_gz_bridge/parameter_bridge" to ""
-- Installing: /home/skemp32/ros2_ws/install/ros_gz_bridge/lib/ros_gz_bridge/static_bridge
-- Set runtime path of "/home/skemp32/ros2_ws/install/ros_gz_bridge/lib/ros_gz_bridge/static_bridge" to ""
-- Installing: /home/skemp32/ros2_ws/install/ros_gz_bridge/lib/ros_gz_bridge/bridge_types
-- Set runtime path of "/home/skemp32/ros2_ws/install/ros_gz_bridge/lib/ros_gz_bridge/bridge_types" to ""
-- Installing: /home/skemp32/ros2_ws/install/ros_gz_bridge/lib/ros_gz_bridge/test_ros_publisher
-- Set runtime path of "/home/skemp32/ros2_ws/install/ros_gz_bridge/lib/ros_gz_bridge/test_ros_publisher" to ""
-- Installing: /home/skemp32/ros2_ws/install/ros_gz_bridge/lib/ros_gz_bridge/test_ros_subscriber
-- Set runtime path of "/home/skemp32/ros2_ws/install/ros_gz_bridge/lib/ros_gz_bridge/test_ros_subscriber" to ""
-- Installing: /home/skemp32/ros2_ws/install/ros_gz_bridge/lib/ros_gz_bridge/test_gz_publisher
-- Set runtime path of "/home/skemp32/ros2_ws/install/ros_gz_bridge/lib/ros_gz_bridge/test_gz_publisher" to ""
-- Installing: /home/skemp32/ros2_ws/install/ros_gz_bridge/lib/ros_gz_bridge/test_gz_subscriber
-- Set runtime path of "/home/skemp32/ros2_ws/install/ros_gz_bridge/lib/ros_gz_bridge/test_gz_subscriber" to ""
-- Installing: /home/skemp32/ros2_ws/install/ros_gz_bridge/lib/ros_gz_bridge/test_gz_server
-- Set runtime path of "/home/skemp32/ros2_ws/install/ros_gz_bridge/lib/ros_gz_bridge/test_gz_server" to ""
-- Installing: /home/skemp32/ros2_ws/install/ros_gz_bridge/lib/ros_gz_bridge/test_ros_client
-- Set runtime path of "/home/skemp32/ros2_ws/install/ros_gz_bridge/lib/ros_gz_bridge/test_ros_client" to ""
-- Installing: /home/skemp32/ros2_ws/install/ros_gz_bridge/share/ros_gz_bridge/environment/library_path.sh
-- Installing: /home/skemp32/ros2_ws/install/ros_gz_bridge/share/ros_gz_bridge/environment/library_path.dsv
-- Installing: /home/skemp32/ros2_ws/install/ros_gz_bridge/share/ament_index/resource_index/package_run_dependencies/ros_gz_bridge
-- Installing: /home/skemp32/ros2_ws/install/ros_gz_bridge/share/ament_index/resource_index/parent_prefix_path/ros_gz_bridge
-- Installing: /home/skemp32/ros2_ws/install/ros_gz_bridge/share/ros_gz_bridge/environment/ament_prefix_path.sh
-- Installing: /home/skemp32/ros2_ws/install/ros_gz_bridge/share/ros_gz_bridge/environment/ament_prefix_path.dsv
-- Installing: /home/skemp32/ros2_ws/install/ros_gz_bridge/share/ros_gz_bridge/environment/path.sh
-- Installing: /home/skemp32/ros2_ws/install/ros_gz_bridge/share/ros_gz_bridge/environment/path.dsv
-- Installing: /home/skemp32/ros2_ws/install/ros_gz_bridge/share/ros_gz_bridge/local_setup.bash
-- Installing: /home/skemp32/ros2_ws/install/ros_gz_bridge/share/ros_gz_bridge/local_setup.sh
-- Installing: /home/skemp32/ros2_ws/install/ros_gz_bridge/share/ros_gz_bridge/local_setup.zsh
-- Installing: /home/skemp32/ros2_ws/install/ros_gz_bridge/share/ros_gz_bridge/local_setup.dsv
-- Installing: /home/skemp32/ros2_ws/install/ros_gz_bridge/share/ros_gz_bridge/package.dsv
-- Installing: /home/skemp32/ros2_ws/install/ros_gz_bridge/share/ament_index/resource_index/packages/ros_gz_bridge
-- Installing: /home/skemp32/ros2_ws/install/ros_gz_bridge/share/ament_index/resource_index/rclcpp_components/ros_gz_bridge
-- Installing: /home/skemp32/ros2_ws/install/ros_gz_bridge/share/ros_gz_bridge/cmake/export_ros_gz_bridgeExport.cmake
-- Installing: /home/skemp32/ros2_ws/install/ros_gz_bridge/share/ros_gz_bridge/cmake/export_ros_gz_bridgeExport-noconfig.cmake
-- Installing: /home/skemp32/ros2_ws/install/ros_gz_bridge/share/ros_gz_bridge/cmake/ament_cmake_export_include_directories-extras.cmake
-- Installing: /home/skemp32/ros2_ws/install/ros_gz_bridge/share/ros_gz_bridge/cmake/ament_cmake_export_libraries-extras.cmake
-- Installing: /home/skemp32/ros2_ws/install/ros_gz_bridge/share/ros_gz_bridge/cmake/ament_cmake_export_targets-extras.cmake
-- Installing: /home/skemp32/ros2_ws/install/ros_gz_bridge/share/ros_gz_bridge/cmake/ament_cmake_export_dependencies-extras.cmake
-- Installing: /home/skemp32/ros2_ws/install/ros_gz_bridge/share/ros_gz_bridge/cmake/ros_gz_bridgeConfig.cmake
-- Installing: /home/skemp32/ros2_ws/install/ros_gz_bridge/share/ros_gz_bridge/cmake/ros_gz_bridgeConfig-version.cmake
-- Installing: /home/skemp32/ros2_ws/install/ros_gz_bridge/share/ros_gz_bridge/package.xml
