[0.228s] Invoking command in '/home/skemp32/ros2_ws/build/ros_gz_bridge': AMENT_PREFIX_PATH=/home/skemp32/ros2_ws/install/ros_gz_interfaces:${AMENT_PREFIX_PATH} CMAKE_PREFIX_PATH=/home/skemp32/ros2_ws/install/ros_gz_interfaces:/opt/ros/humble LD_LIBRARY_PATH=/home/skemp32/ros2_ws/install/ros_gz_interfaces/lib:${LD_LIBRARY_PATH} PYTHONPATH=/home/skemp32/ros2_ws/install/ros_gz_interfaces/local/lib/python3.10/dist-packages:${PYTHONPATH} /usr/bin/cmake --build /home/skemp32/ros2_ws/build/ros_gz_bridge -- -j12 -l12
[0.288s] [35m[1mConsolidate compiler generated dependencies of target bridge_node[0m
[0.288s] [35m[1mConsolidate compiler generated dependencies of target gtest_main[0m
[0.288s] [35m[1mConsolidate compiler generated dependencies of target gtest[0m
[0.307s] [  2%] Built target gtest_main
[0.308s] [  4%] Built target gtest
[0.314s] [  6%] Built target bridge_node
[0.323s] [35m[1mConsolidate compiler generated dependencies of target test_rcl_interfaces[0m
[0.324s] [35m[1mConsolidate compiler generated dependencies of target test_utils[0m
[0.336s] [35m[1mConsolidate compiler generated dependencies of target ros_gz_bridge[0m
[0.343s] [  9%] Built target test_rcl_interfaces
[0.360s] [ 13%] Built target test_utils
[0.379s] [35m[1mConsolidate compiler generated dependencies of target test_gz_server[0m
[0.379s] [35m[1mConsolidate compiler generated dependencies of target test_gz_subscriber[0m
[0.379s] [35m[1mConsolidate compiler generated dependencies of target test_gz_publisher[0m
[0.383s] [35m[1mConsolidate compiler generated dependencies of target test_ros_publisher[0m
[0.383s] [35m[1mConsolidate compiler generated dependencies of target test_ros_client[0m
[0.399s] [35m[1mConsolidate compiler generated dependencies of target test_ros_subscriber[0m
[0.420s] [ 16%] Built target test_gz_subscriber
[0.420s] [ 18%] Built target test_gz_server
[0.422s] [ 21%] Built target test_ros_publisher
[0.422s] [ 24%] Built target test_ros_client
[0.428s] [ 27%] Built target test_gz_publisher
[0.508s] [ 70%] Built target ros_gz_bridge
[0.518s] [ 87%] Built target test_ros_subscriber
[0.523s] [35m[1mConsolidate compiler generated dependencies of target ros_gz_bridge_bridge_config[0m
[0.523s] [35m[1mConsolidate compiler generated dependencies of target parameter_bridge[0m
[0.523s] [35m[1mConsolidate compiler generated dependencies of target bridge_types[0m
[0.524s] [35m[1mConsolidate compiler generated dependencies of target static_bridge[0m
[0.525s] [35m[1mConsolidate compiler generated dependencies of target test_ros_gz_interfaces[0m
[0.544s] [ 90%] Built target bridge_types
[0.547s] [ 92%] Built target ros_gz_bridge_bridge_config
[0.558s] [ 94%] Built target parameter_bridge
[0.558s] [ 96%] Built target static_bridge
[0.569s] [100%] Built target test_ros_gz_interfaces
[0.591s] Invoked command in '/home/skemp32/ros2_ws/build/ros_gz_bridge' returned '0': AMENT_PREFIX_PATH=/home/skemp32/ros2_ws/install/ros_gz_interfaces:${AMENT_PREFIX_PATH} CMAKE_PREFIX_PATH=/home/skemp32/ros2_ws/install/ros_gz_interfaces:/opt/ros/humble LD_LIBRARY_PATH=/home/skemp32/ros2_ws/install/ros_gz_interfaces/lib:${LD_LIBRARY_PATH} PYTHONPATH=/home/skemp32/ros2_ws/install/ros_gz_interfaces/local/lib/python3.10/dist-packages:${PYTHONPATH} /usr/bin/cmake --build /home/skemp32/ros2_ws/build/ros_gz_bridge -- -j12 -l12
[0.835s] Invoking command in '/home/skemp32/ros2_ws/build/ros_gz_bridge': AMENT_PREFIX_PATH=/home/skemp32/ros2_ws/install/ros_gz_interfaces:${AMENT_PREFIX_PATH} CMAKE_PREFIX_PATH=/home/skemp32/ros2_ws/install/ros_gz_interfaces:/opt/ros/humble LD_LIBRARY_PATH=/home/skemp32/ros2_ws/install/ros_gz_interfaces/lib:${LD_LIBRARY_PATH} PYTHONPATH=/home/skemp32/ros2_ws/install/ros_gz_interfaces/local/lib/python3.10/dist-packages:${PYTHONPATH} /usr/bin/cmake --install /home/skemp32/ros2_ws/build/ros_gz_bridge
[0.844s] -- Install configuration: ""
[0.845s] -- Installing: /home/skemp32/ros2_ws/install/ros_gz_bridge/lib/ros_gz_bridge/bridge_node
[0.848s] -- Set runtime path of "/home/skemp32/ros2_ws/install/ros_gz_bridge/lib/ros_gz_bridge/bridge_node" to ""
[0.848s] -- Installing: /home/skemp32/ros2_ws/install/ros_gz_bridge/lib/libros_gz_bridge.so
[1.273s] -- Set runtime path of "/home/skemp32/ros2_ws/install/ros_gz_bridge/lib/libros_gz_bridge.so" to ""
[1.273s] -- Installing: /home/skemp32/ros2_ws/install/ros_gz_bridge/include/ros_gz_bridge
[1.273s] -- Installing: /home/skemp32/ros2_ws/install/ros_gz_bridge/include/ros_gz_bridge/ros_gz_bridge
[1.274s] -- Installing: /home/skemp32/ros2_ws/install/ros_gz_bridge/include/ros_gz_bridge/ros_gz_bridge/bridge_config.hpp
[1.274s] -- Installing: /home/skemp32/ros2_ws/install/ros_gz_bridge/include/ros_gz_bridge/ros_gz_bridge/convert.hpp
[1.275s] -- Installing: /home/skemp32/ros2_ws/install/ros_gz_bridge/include/ros_gz_bridge/ros_gz_bridge/convert_decl.hpp
[1.275s] -- Installing: /home/skemp32/ros2_ws/install/ros_gz_bridge/include/ros_gz_bridge/ros_gz_bridge/convert
[1.275s] -- Installing: /home/skemp32/ros2_ws/install/ros_gz_bridge/include/ros_gz_bridge/ros_gz_bridge/convert/gps_msgs.hpp
[1.275s] -- Installing: /home/skemp32/ros2_ws/install/ros_gz_bridge/include/ros_gz_bridge/ros_gz_bridge/convert/sensor_msgs.hpp
[1.276s] -- Installing: /home/skemp32/ros2_ws/install/ros_gz_bridge/include/ros_gz_bridge/ros_gz_bridge/convert/tf2_msgs.hpp
[1.276s] -- Installing: /home/skemp32/ros2_ws/install/ros_gz_bridge/include/ros_gz_bridge/ros_gz_bridge/convert/builtin_interfaces.hpp
[1.276s] -- Installing: /home/skemp32/ros2_ws/install/ros_gz_bridge/include/ros_gz_bridge/ros_gz_bridge/convert/geometry_msgs.hpp
[1.276s] -- Installing: /home/skemp32/ros2_ws/install/ros_gz_bridge/include/ros_gz_bridge/ros_gz_bridge/convert/rosgraph_msgs.hpp
[1.276s] -- Installing: /home/skemp32/ros2_ws/install/ros_gz_bridge/include/ros_gz_bridge/ros_gz_bridge/convert/trajectory_msgs.hpp
[1.277s] -- Installing: /home/skemp32/ros2_ws/install/ros_gz_bridge/include/ros_gz_bridge/ros_gz_bridge/convert/std_msgs.hpp
[1.277s] -- Installing: /home/skemp32/ros2_ws/install/ros_gz_bridge/include/ros_gz_bridge/ros_gz_bridge/convert/rcl_interfaces.hpp
[1.277s] -- Installing: /home/skemp32/ros2_ws/install/ros_gz_bridge/include/ros_gz_bridge/ros_gz_bridge/convert/actuator_msgs.hpp
[1.277s] -- Installing: /home/skemp32/ros2_ws/install/ros_gz_bridge/include/ros_gz_bridge/ros_gz_bridge/convert/vision_msgs.hpp
[1.277s] -- Installing: /home/skemp32/ros2_ws/install/ros_gz_bridge/include/ros_gz_bridge/ros_gz_bridge/convert/nav_msgs.hpp
[1.278s] -- Installing: /home/skemp32/ros2_ws/install/ros_gz_bridge/include/ros_gz_bridge/ros_gz_bridge/convert/ros_gz_interfaces.hpp
[1.278s] -- Installing: /home/skemp32/ros2_ws/install/ros_gz_bridge/include/ros_gz_bridge/ros_gz_bridge/ros_gz_bridge.hpp
[1.278s] -- Installing: /home/skemp32/ros2_ws/install/ros_gz_bridge/lib/ros_gz_bridge/parameter_bridge
[1.278s] -- Set runtime path of "/home/skemp32/ros2_ws/install/ros_gz_bridge/lib/ros_gz_bridge/parameter_bridge" to ""
[1.279s] -- Installing: /home/skemp32/ros2_ws/install/ros_gz_bridge/lib/ros_gz_bridge/static_bridge
[1.279s] -- Set runtime path of "/home/skemp32/ros2_ws/install/ros_gz_bridge/lib/ros_gz_bridge/static_bridge" to ""
[1.279s] -- Installing: /home/skemp32/ros2_ws/install/ros_gz_bridge/lib/ros_gz_bridge/bridge_types
[1.280s] -- Set runtime path of "/home/skemp32/ros2_ws/install/ros_gz_bridge/lib/ros_gz_bridge/bridge_types" to ""
[1.280s] -- Installing: /home/skemp32/ros2_ws/install/ros_gz_bridge/lib/ros_gz_bridge/test_ros_publisher
[1.302s] -- Set runtime path of "/home/skemp32/ros2_ws/install/ros_gz_bridge/lib/ros_gz_bridge/test_ros_publisher" to ""
[1.302s] -- Installing: /home/skemp32/ros2_ws/install/ros_gz_bridge/lib/ros_gz_bridge/test_ros_subscriber
[1.494s] -- Set runtime path of "/home/skemp32/ros2_ws/install/ros_gz_bridge/lib/ros_gz_bridge/test_ros_subscriber" to ""
[1.494s] -- Installing: /home/skemp32/ros2_ws/install/ros_gz_bridge/lib/ros_gz_bridge/test_gz_publisher
[1.501s] -- Set runtime path of "/home/skemp32/ros2_ws/install/ros_gz_bridge/lib/ros_gz_bridge/test_gz_publisher" to ""
[1.501s] -- Installing: /home/skemp32/ros2_ws/install/ros_gz_bridge/lib/ros_gz_bridge/test_gz_subscriber
[1.517s] -- Set runtime path of "/home/skemp32/ros2_ws/install/ros_gz_bridge/lib/ros_gz_bridge/test_gz_subscriber" to ""
[1.517s] -- Installing: /home/skemp32/ros2_ws/install/ros_gz_bridge/lib/ros_gz_bridge/test_gz_server
[1.519s] -- Set runtime path of "/home/skemp32/ros2_ws/install/ros_gz_bridge/lib/ros_gz_bridge/test_gz_server" to ""
[1.519s] -- Installing: /home/skemp32/ros2_ws/install/ros_gz_bridge/lib/ros_gz_bridge/test_ros_client
[1.524s] -- Set runtime path of "/home/skemp32/ros2_ws/install/ros_gz_bridge/lib/ros_gz_bridge/test_ros_client" to ""
[1.525s] -- Installing: /home/skemp32/ros2_ws/install/ros_gz_bridge/share/ros_gz_bridge/environment/library_path.sh
[1.526s] -- Installing: /home/skemp32/ros2_ws/install/ros_gz_bridge/share/ros_gz_bridge/environment/library_path.dsv
[1.528s] -- Installing: /home/skemp32/ros2_ws/install/ros_gz_bridge/share/ament_index/resource_index/package_run_dependencies/ros_gz_bridge
[1.529s] -- Installing: /home/skemp32/ros2_ws/install/ros_gz_bridge/share/ament_index/resource_index/parent_prefix_path/ros_gz_bridge
[1.530s] -- Installing: /home/skemp32/ros2_ws/install/ros_gz_bridge/share/ros_gz_bridge/environment/ament_prefix_path.sh
[1.531s] -- Installing: /home/skemp32/ros2_ws/install/ros_gz_bridge/share/ros_gz_bridge/environment/ament_prefix_path.dsv
[1.531s] -- Installing: /home/skemp32/ros2_ws/install/ros_gz_bridge/share/ros_gz_bridge/environment/path.sh
[1.532s] -- Installing: /home/skemp32/ros2_ws/install/ros_gz_bridge/share/ros_gz_bridge/environment/path.dsv
[1.532s] -- Installing: /home/skemp32/ros2_ws/install/ros_gz_bridge/share/ros_gz_bridge/local_setup.bash
[1.533s] -- Installing: /home/skemp32/ros2_ws/install/ros_gz_bridge/share/ros_gz_bridge/local_setup.sh
[1.533s] -- Installing: /home/skemp32/ros2_ws/install/ros_gz_bridge/share/ros_gz_bridge/local_setup.zsh
[1.534s] -- Installing: /home/skemp32/ros2_ws/install/ros_gz_bridge/share/ros_gz_bridge/local_setup.dsv
[1.534s] -- Installing: /home/skemp32/ros2_ws/install/ros_gz_bridge/share/ros_gz_bridge/package.dsv
[1.536s] -- Installing: /home/skemp32/ros2_ws/install/ros_gz_bridge/share/ament_index/resource_index/packages/ros_gz_bridge
[1.536s] -- Installing: /home/skemp32/ros2_ws/install/ros_gz_bridge/share/ament_index/resource_index/rclcpp_components/ros_gz_bridge
[1.539s] -- Installing: /home/skemp32/ros2_ws/install/ros_gz_bridge/share/ros_gz_bridge/cmake/export_ros_gz_bridgeExport.cmake
[1.539s] -- Installing: /home/skemp32/ros2_ws/install/ros_gz_bridge/share/ros_gz_bridge/cmake/export_ros_gz_bridgeExport-noconfig.cmake
[1.540s] -- Installing: /home/skemp32/ros2_ws/install/ros_gz_bridge/share/ros_gz_bridge/cmake/ament_cmake_export_include_directories-extras.cmake
[1.540s] -- Installing: /home/skemp32/ros2_ws/install/ros_gz_bridge/share/ros_gz_bridge/cmake/ament_cmake_export_libraries-extras.cmake
[1.541s] -- Installing: /home/skemp32/ros2_ws/install/ros_gz_bridge/share/ros_gz_bridge/cmake/ament_cmake_export_targets-extras.cmake
[1.541s] -- Installing: /home/skemp32/ros2_ws/install/ros_gz_bridge/share/ros_gz_bridge/cmake/ament_cmake_export_dependencies-extras.cmake
[1.542s] -- Installing: /home/skemp32/ros2_ws/install/ros_gz_bridge/share/ros_gz_bridge/cmake/ros_gz_bridgeConfig.cmake
[1.543s] -- Installing: /home/skemp32/ros2_ws/install/ros_gz_bridge/share/ros_gz_bridge/cmake/ros_gz_bridgeConfig-version.cmake
[1.543s] -- Installing: /home/skemp32/ros2_ws/install/ros_gz_bridge/share/ros_gz_bridge/package.xml
[1.547s] Invoked command in '/home/skemp32/ros2_ws/build/ros_gz_bridge' returned '0': AMENT_PREFIX_PATH=/home/skemp32/ros2_ws/install/ros_gz_interfaces:${AMENT_PREFIX_PATH} CMAKE_PREFIX_PATH=/home/skemp32/ros2_ws/install/ros_gz_interfaces:/opt/ros/humble LD_LIBRARY_PATH=/home/skemp32/ros2_ws/install/ros_gz_interfaces/lib:${LD_LIBRARY_PATH} PYTHONPATH=/home/skemp32/ros2_ws/install/ros_gz_interfaces/local/lib/python3.10/dist-packages:${PYTHONPATH} /usr/bin/cmake --install /home/skemp32/ros2_ws/build/ros_gz_bridge
