[35m[1mConsolidate compiler generated dependencies of target BasicSystem[0m
[35m[1mConsolidate compiler generated dependencies of target FullSystem[0m
[ 50%] Built target BasicSystem
[100%] Built target FullSystem
-- Install configuration: ""
-- Installing: /home/skemp32/ros2_ws/install/ardupilot_gz_gazebo/lib/ardupilot_gz_gazebo/libBasicSystem.so
-- Installing: /home/skemp32/ros2_ws/install/ardupilot_gz_gazebo/lib/ardupilot_gz_gazebo/libFullSystem.so
-- Installing: /home/skemp32/ros2_ws/install/ardupilot_gz_gazebo/share/ardupilot_gz_gazebo/worlds
-- Installing: /home/skemp32/ros2_ws/install/ardupilot_gz_gazebo/share/ardupilot_gz_gazebo/worlds/iris_runway.sdf
-- Installing: /home/skemp32/ros2_ws/install/ardupilot_gz_gazebo/share/ardupilot_gz_gazebo/worlds/iris_maze.sdf
-- Installing: /home/skemp32/ros2_ws/install/ardupilot_gz_gazebo/share/ardupilot_gz_gazebo/worlds/wildthumper_playpen.sdf
-- Installing: /home/skemp32/ros2_ws/install/ardupilot_gz_gazebo/share/ardupilot_gz_gazebo/environment/ardupilot_gz_gazebo.dsv
-- Installing: /home/skemp32/ros2_ws/install/ardupilot_gz_gazebo/share/ardupilot_gz_gazebo/environment/ardupilot_gz_gazebo.sh
-- Installing: /home/skemp32/ros2_ws/install/ardupilot_gz_gazebo/share/ament_index/resource_index/package_run_dependencies/ardupilot_gz_gazebo
-- Installing: /home/skemp32/ros2_ws/install/ardupilot_gz_gazebo/share/ament_index/resource_index/parent_prefix_path/ardupilot_gz_gazebo
-- Installing: /home/skemp32/ros2_ws/install/ardupilot_gz_gazebo/share/ardupilot_gz_gazebo/environment/ament_prefix_path.sh
-- Installing: /home/skemp32/ros2_ws/install/ardupilot_gz_gazebo/share/ardupilot_gz_gazebo/environment/ament_prefix_path.dsv
-- Installing: /home/skemp32/ros2_ws/install/ardupilot_gz_gazebo/share/ardupilot_gz_gazebo/environment/path.sh
-- Installing: /home/skemp32/ros2_ws/install/ardupilot_gz_gazebo/share/ardupilot_gz_gazebo/environment/path.dsv
-- Installing: /home/skemp32/ros2_ws/install/ardupilot_gz_gazebo/share/ardupilot_gz_gazebo/local_setup.bash
-- Installing: /home/skemp32/ros2_ws/install/ardupilot_gz_gazebo/share/ardupilot_gz_gazebo/local_setup.sh
-- Installing: /home/skemp32/ros2_ws/install/ardupilot_gz_gazebo/share/ardupilot_gz_gazebo/local_setup.zsh
-- Installing: /home/skemp32/ros2_ws/install/ardupilot_gz_gazebo/share/ardupilot_gz_gazebo/local_setup.dsv
-- Installing: /home/skemp32/ros2_ws/install/ardupilot_gz_gazebo/share/ardupilot_gz_gazebo/package.dsv
-- Installing: /home/skemp32/ros2_ws/install/ardupilot_gz_gazebo/share/ament_index/resource_index/packages/ardupilot_gz_gazebo
-- Installing: /home/skemp32/ros2_ws/install/ardupilot_gz_gazebo/share/ardupilot_gz_gazebo/cmake/ardupilot_gz_gazeboConfig.cmake
-- Installing: /home/skemp32/ros2_ws/install/ardupilot_gz_gazebo/share/ardupilot_gz_gazebo/cmake/ardupilot_gz_gazeboConfig-version.cmake
-- Installing: /home/skemp32/ros2_ws/install/ardupilot_gz_gazebo/share/ardupilot_gz_gazebo/package.xml
