[0.107s] Invoking command in '/home/skemp32/ros2_ws/build/ardupilot_sitl_models': AMENT_PREFIX_PATH=/home/skemp32/ros2_ws/install/ardupilot_gazebo:${AMENT_PREFIX_PATH} CMAKE_PREFIX_PATH=/home/skemp32/ros2_ws/install/ardupilot_gazebo:/opt/ros/humble GZ_SIM_PLUGIN_PATH=/home/skemp32/ros2_ws/install/ardupilot_gazebo/lib/ardupilot_gazebo GZ_SIM_RESOURCE_PATH=/home/skemp32/ros2_ws/install/ardupilot_gazebo/share/ardupilot_gazebo/worlds:/home/skemp32/ros2_ws/install/ardupilot_gazebo/share/ardupilot_gazebo/models /usr/bin/cmake /home/skemp32/ros2_ws/src/ardupilot_sitl_models/Gazebo -DCMAKE_INSTALL_PREFIX=/home/skemp32/ros2_ws/install/ardupilot_sitl_models
[0.360s] -- The C compiler identification is GNU 11.4.0
[1.255s] -- The CXX compiler identification is GNU 11.4.0
[1.980s] -- Detecting C compiler ABI info
[2.218s] -- Detecting C compiler ABI info - done
[2.225s] -- Check for working C compiler: /usr/lib/ccache/cc - skipped
[2.226s] -- Detecting C compile features
[2.226s] -- Detecting C compile features - done
[2.230s] -- Detecting CXX compiler ABI info
[2.472s] -- Detecting CXX compiler ABI info - done
[2.481s] -- Check for working CXX compiler: /usr/lib/ccache/c++ - skipped
[2.481s] -- Detecting CXX compile features
[2.482s] -- Detecting CXX compile features - done
[2.486s] -- Found ament_cmake: 1.3.10 (/opt/ros/humble/share/ament_cmake/cmake)
[2.787s] -- Found Python3: /usr/bin/python3 (found version "3.10.12") found components: Interpreter 
[2.863s] -- Found ament_lint_auto: 0.12.11 (/opt/ros/humble/share/ament_lint_auto/cmake)
[2.918s] -- Configuring done
[2.924s] -- Generating done
[2.925s] -- Build files have been written to: /home/skemp32/ros2_ws/build/ardupilot_sitl_models
[2.930s] Invoked command in '/home/skemp32/ros2_ws/build/ardupilot_sitl_models' returned '0': AMENT_PREFIX_PATH=/home/skemp32/ros2_ws/install/ardupilot_gazebo:${AMENT_PREFIX_PATH} CMAKE_PREFIX_PATH=/home/skemp32/ros2_ws/install/ardupilot_gazebo:/opt/ros/humble GZ_SIM_PLUGIN_PATH=/home/skemp32/ros2_ws/install/ardupilot_gazebo/lib/ardupilot_gazebo GZ_SIM_RESOURCE_PATH=/home/skemp32/ros2_ws/install/ardupilot_gazebo/share/ardupilot_gazebo/worlds:/home/skemp32/ros2_ws/install/ardupilot_gazebo/share/ardupilot_gazebo/models /usr/bin/cmake /home/skemp32/ros2_ws/src/ardupilot_sitl_models/Gazebo -DCMAKE_INSTALL_PREFIX=/home/skemp32/ros2_ws/install/ardupilot_sitl_models
[2.932s] Invoking command in '/home/skemp32/ros2_ws/build/ardupilot_sitl_models': AMENT_PREFIX_PATH=/home/skemp32/ros2_ws/install/ardupilot_gazebo:${AMENT_PREFIX_PATH} CMAKE_PREFIX_PATH=/home/skemp32/ros2_ws/install/ardupilot_gazebo:/opt/ros/humble GZ_SIM_PLUGIN_PATH=/home/skemp32/ros2_ws/install/ardupilot_gazebo/lib/ardupilot_gazebo GZ_SIM_RESOURCE_PATH=/home/skemp32/ros2_ws/install/ardupilot_gazebo/share/ardupilot_gazebo/worlds:/home/skemp32/ros2_ws/install/ardupilot_gazebo/share/ardupilot_gazebo/models /usr/bin/cmake --build /home/skemp32/ros2_ws/build/ardupilot_sitl_models -- -j12 -l12
[2.964s] Invoked command in '/home/skemp32/ros2_ws/build/ardupilot_sitl_models' returned '0': AMENT_PREFIX_PATH=/home/skemp32/ros2_ws/install/ardupilot_gazebo:${AMENT_PREFIX_PATH} CMAKE_PREFIX_PATH=/home/skemp32/ros2_ws/install/ardupilot_gazebo:/opt/ros/humble GZ_SIM_PLUGIN_PATH=/home/skemp32/ros2_ws/install/ardupilot_gazebo/lib/ardupilot_gazebo GZ_SIM_RESOURCE_PATH=/home/skemp32/ros2_ws/install/ardupilot_gazebo/share/ardupilot_gazebo/worlds:/home/skemp32/ros2_ws/install/ardupilot_gazebo/share/ardupilot_gazebo/models /usr/bin/cmake --build /home/skemp32/ros2_ws/build/ardupilot_sitl_models -- -j12 -l12
[2.986s] Invoking command in '/home/skemp32/ros2_ws/build/ardupilot_sitl_models': AMENT_PREFIX_PATH=/home/skemp32/ros2_ws/install/ardupilot_gazebo:${AMENT_PREFIX_PATH} CMAKE_PREFIX_PATH=/home/skemp32/ros2_ws/install/ardupilot_gazebo:/opt/ros/humble GZ_SIM_PLUGIN_PATH=/home/skemp32/ros2_ws/install/ardupilot_gazebo/lib/ardupilot_gazebo GZ_SIM_RESOURCE_PATH=/home/skemp32/ros2_ws/install/ardupilot_gazebo/share/ardupilot_gazebo/worlds:/home/skemp32/ros2_ws/install/ardupilot_gazebo/share/ardupilot_gazebo/models /usr/bin/cmake --install /home/skemp32/ros2_ws/build/ardupilot_sitl_models
[2.992s] -- Install configuration: ""
[2.992s] -- Installing: /home/skemp32/ros2_ws/install/ardupilot_sitl_models/share/ardupilot_sitl_models/config
[2.994s] -- Installing: /home/skemp32/ros2_ws/install/ardupilot_sitl_models/share/ardupilot_sitl_models/config/skycat_tvbs.param
[2.994s] -- Installing: /home/skemp32/ros2_ws/install/ardupilot_sitl_models/share/ardupilot_sitl_models/config/catamaran.param
[2.995s] -- Installing: /home/skemp32/ros2_ws/install/ardupilot_sitl_models/share/ardupilot_sitl_models/config/bicopter.param
[2.996s] -- Installing: /home/skemp32/ros2_ws/install/ardupilot_sitl_models/share/ardupilot_sitl_models/config/sawppy.param
[2.996s] -- Installing: /home/skemp32/ros2_ws/install/ardupilot_sitl_models/share/ardupilot_sitl_models/config/skywalker_x8.param
[2.996s] -- Installing: /home/skemp32/ros2_ws/install/ardupilot_sitl_models/share/ardupilot_sitl_models/config/wsc_aircraft.param
[2.997s] -- Installing: /home/skemp32/ros2_ws/install/ardupilot_sitl_models/share/ardupilot_sitl_models/config/swan_k1_hwing.param
[2.998s] -- Installing: /home/skemp32/ros2_ws/install/ardupilot_sitl_models/share/ardupilot_sitl_models/config/r1_rover.param
[2.998s] -- Installing: /home/skemp32/ros2_ws/install/ardupilot_sitl_models/share/ardupilot_sitl_models/config/alti_transition_quad.param
[2.999s] -- Installing: /home/skemp32/ros2_ws/install/ardupilot_sitl_models/share/ardupilot_sitl_models/config/skywalker_x8_quad.param
[2.999s] -- Installing: /home/skemp32/ros2_ws/install/ardupilot_sitl_models/share/ardupilot_sitl_models/config/hexapod_copter.param
[3.000s] -- Installing: /home/skemp32/ros2_ws/install/ardupilot_sitl_models/share/ardupilot_sitl_models/config/quadruped.param
[3.000s] -- Installing: /home/skemp32/ros2_ws/install/ardupilot_sitl_models/share/ardupilot_sitl_models/config/daf_xf_450_tractor.param
[3.001s] -- Installing: /home/skemp32/ros2_ws/install/ardupilot_sitl_models/share/ardupilot_sitl_models/models
[3.002s] -- Installing: /home/skemp32/ros2_ws/install/ardupilot_sitl_models/share/ardupilot_sitl_models/models/skywalker_x8
[3.002s] -- Installing: /home/skemp32/ros2_ws/install/ardupilot_sitl_models/share/ardupilot_sitl_models/models/skywalker_x8/materials
[3.002s] -- Installing: /home/skemp32/ros2_ws/install/ardupilot_sitl_models/share/ardupilot_sitl_models/models/skywalker_x8/materials/textures
[3.003s] -- Installing: /home/skemp32/ros2_ws/install/ardupilot_sitl_models/share/ardupilot_sitl_models/models/skywalker_x8/materials/textures/metal_graphite
[3.003s] -- Installing: /home/skemp32/ros2_ws/install/ardupilot_sitl_models/share/ardupilot_sitl_models/models/skywalker_x8/materials/textures/metal_graphite/metal_graphite_basecolor.jpg
[3.004s] -- Installing: /home/skemp32/ros2_ws/install/ardupilot_sitl_models/share/ardupilot_sitl_models/models/skywalker_x8/materials/textures/metal_graphite/metal_graphite_normal.jpg
[3.006s] -- Installing: /home/skemp32/ros2_ws/install/ardupilot_sitl_models/share/ardupilot_sitl_models/models/skywalker_x8/materials/textures/metal_graphite/metal_graphite_roughness.jpg
[3.007s] -- Installing: /home/skemp32/ros2_ws/install/ardupilot_sitl_models/share/ardupilot_sitl_models/models/skywalker_x8/materials/textures/metal_graphite/metal_graphite_metallic.jpg
[3.008s] -- Installing: /home/skemp32/ros2_ws/install/ardupilot_sitl_models/share/ardupilot_sitl_models/models/skywalker_x8/materials/textures/blue_metal
[3.008s] -- Installing: /home/skemp32/ros2_ws/install/ardupilot_sitl_models/share/ardupilot_sitl_models/models/skywalker_x8/materials/textures/blue_metal/blue_metal_roughness.jpg
[3.010s] -- Installing: /home/skemp32/ros2_ws/install/ardupilot_sitl_models/share/ardupilot_sitl_models/models/skywalker_x8/materials/textures/blue_metal/blue_metal_basecolor.jpg
[3.011s] -- Installing: /home/skemp32/ros2_ws/install/ardupilot_sitl_models/share/ardupilot_sitl_models/models/skywalker_x8/materials/textures/blue_metal/blue_metal_metallic.jpg
[3.011s] -- Installing: /home/skemp32/ros2_ws/install/ardupilot_sitl_models/share/ardupilot_sitl_models/models/skywalker_x8/materials/textures/blue_metal/blue_metal_normal.jpg
[3.013s] -- Installing: /home/skemp32/ros2_ws/install/ardupilot_sitl_models/share/ardupilot_sitl_models/models/skywalker_x8/materials/textures/x8.tga
[3.030s] -- Installing: /home/skemp32/ros2_ws/install/ardupilot_sitl_models/share/ardupilot_sitl_models/models/skywalker_x8/meshes
[3.031s] -- Installing: /home/skemp32/ros2_ws/install/ardupilot_sitl_models/share/ardupilot_sitl_models/models/skywalker_x8/meshes/x8_wing.dae
[3.037s] -- Installing: /home/skemp32/ros2_ws/install/ardupilot_sitl_models/share/ardupilot_sitl_models/models/skywalker_x8/meshes/x8_elevon_left.dae
[3.038s] -- Installing: /home/skemp32/ros2_ws/install/ardupilot_sitl_models/share/ardupilot_sitl_models/models/skywalker_x8/meshes/iris_prop_ccw.dae
[3.040s] -- Installing: /home/skemp32/ros2_ws/install/ardupilot_sitl_models/share/ardupilot_sitl_models/models/skywalker_x8/meshes/x8_elevon_right.dae
[3.041s] -- Installing: /home/skemp32/ros2_ws/install/ardupilot_sitl_models/share/ardupilot_sitl_models/models/skywalker_x8/meshes/iris_prop_cw.dae
[3.043s] -- Installing: /home/skemp32/ros2_ws/install/ardupilot_sitl_models/share/ardupilot_sitl_models/models/skywalker_x8/model.sdf
[3.044s] -- Installing: /home/skemp32/ros2_ws/install/ardupilot_sitl_models/share/ardupilot_sitl_models/models/skywalker_x8/model.config
[3.044s] -- Installing: /home/skemp32/ros2_ws/install/ardupilot_sitl_models/share/ardupilot_sitl_models/models/bicopter_with_ardupilot
[3.045s] -- Installing: /home/skemp32/ros2_ws/install/ardupilot_sitl_models/share/ardupilot_sitl_models/models/bicopter_with_ardupilot/model.sdf
[3.045s] -- Installing: /home/skemp32/ros2_ws/install/ardupilot_sitl_models/share/ardupilot_sitl_models/models/bicopter_with_ardupilot/model.config
[3.045s] -- Installing: /home/skemp32/ros2_ws/install/ardupilot_sitl_models/share/ardupilot_sitl_models/models/rover_playpen
[3.046s] -- Installing: /home/skemp32/ros2_ws/install/ardupilot_sitl_models/share/ardupilot_sitl_models/models/rover_playpen/model.sdf
[3.046s] -- Installing: /home/skemp32/ros2_ws/install/ardupilot_sitl_models/share/ardupilot_sitl_models/models/rover_playpen/model.config
[3.047s] -- Installing: /home/skemp32/ros2_ws/install/ardupilot_sitl_models/share/ardupilot_sitl_models/models/steel_plate_3x3
[3.047s] -- Installing: /home/skemp32/ros2_ws/install/ardupilot_sitl_models/share/ardupilot_sitl_models/models/steel_plate_3x3/model.sdf
[3.048s] -- Installing: /home/skemp32/ros2_ws/install/ardupilot_sitl_models/share/ardupilot_sitl_models/models/steel_plate_3x3/model.config
[3.048s] -- Installing: /home/skemp32/ros2_ws/install/ardupilot_sitl_models/share/ardupilot_sitl_models/models/rocky_asphalt_20x20
[3.049s] -- Installing: /home/skemp32/ros2_ws/install/ardupilot_sitl_models/share/ardupilot_sitl_models/models/rocky_asphalt_20x20/model.sdf
[3.049s] -- Installing: /home/skemp32/ros2_ws/install/ardupilot_sitl_models/share/ardupilot_sitl_models/models/rocky_asphalt_20x20/model.config
[3.049s] -- Installing: /home/skemp32/ros2_ws/install/ardupilot_sitl_models/share/ardupilot_sitl_models/models/swan_k1_hwing
[3.050s] -- Installing: /home/skemp32/ros2_ws/install/ardupilot_sitl_models/share/ardupilot_sitl_models/models/swan_k1_hwing/materials
[3.050s] -- Installing: /home/skemp32/ros2_ws/install/ardupilot_sitl_models/share/ardupilot_sitl_models/models/swan_k1_hwing/materials/foxmap.tga
[3.076s] -- Installing: /home/skemp32/ros2_ws/install/ardupilot_sitl_models/share/ardupilot_sitl_models/models/swan_k1_hwing/materials/textures
[3.077s] -- Installing: /home/skemp32/ros2_ws/install/ardupilot_sitl_models/share/ardupilot_sitl_models/models/swan_k1_hwing/materials/textures/metal_graphite
[3.077s] -- Installing: /home/skemp32/ros2_ws/install/ardupilot_sitl_models/share/ardupilot_sitl_models/models/swan_k1_hwing/materials/textures/metal_graphite/metal_graphite_basecolor.jpg
[3.078s] -- Installing: /home/skemp32/ros2_ws/install/ardupilot_sitl_models/share/ardupilot_sitl_models/models/swan_k1_hwing/materials/textures/metal_graphite/metal_graphite_normal.jpg
[3.080s] -- Installing: /home/skemp32/ros2_ws/install/ardupilot_sitl_models/share/ardupilot_sitl_models/models/swan_k1_hwing/materials/textures/metal_graphite/metal_graphite_roughness.jpg
[3.081s] -- Installing: /home/skemp32/ros2_ws/install/ardupilot_sitl_models/share/ardupilot_sitl_models/models/swan_k1_hwing/materials/textures/metal_graphite/metal_graphite_metallic.jpg
[3.081s] -- Installing: /home/skemp32/ros2_ws/install/ardupilot_sitl_models/share/ardupilot_sitl_models/models/swan_k1_hwing/materials/textures/blue_metal
[3.082s] -- Installing: /home/skemp32/ros2_ws/install/ardupilot_sitl_models/share/ardupilot_sitl_models/models/swan_k1_hwing/materials/textures/blue_metal/blue_metal_roughness.jpg
[3.083s] -- Installing: /home/skemp32/ros2_ws/install/ardupilot_sitl_models/share/ardupilot_sitl_models/models/swan_k1_hwing/materials/textures/blue_metal/blue_metal_basecolor.jpg
[3.084s] -- Installing: /home/skemp32/ros2_ws/install/ardupilot_sitl_models/share/ardupilot_sitl_models/models/swan_k1_hwing/materials/textures/blue_metal/blue_metal_metallic.jpg
[3.085s] -- Installing: /home/skemp32/ros2_ws/install/ardupilot_sitl_models/share/ardupilot_sitl_models/models/swan_k1_hwing/materials/textures/blue_metal/blue_metal_normal.jpg
[3.086s] -- Installing: /home/skemp32/ros2_ws/install/ardupilot_sitl_models/share/ardupilot_sitl_models/models/swan_k1_hwing/materials/textures/foxmap.tga
[3.115s] -- Installing: /home/skemp32/ros2_ws/install/ardupilot_sitl_models/share/ardupilot_sitl_models/models/swan_k1_hwing/meshes
[3.115s] -- Installing: /home/skemp32/ros2_ws/install/ardupilot_sitl_models/share/ardupilot_sitl_models/models/swan_k1_hwing/meshes/swan_k1_hwing_motor.dae
[3.117s] -- Installing: /home/skemp32/ros2_ws/install/ardupilot_sitl_models/share/ardupilot_sitl_models/models/swan_k1_hwing/meshes/swan_k1_hwing_engine.dae
[3.118s] -- Installing: /home/skemp32/ros2_ws/install/ardupilot_sitl_models/share/ardupilot_sitl_models/models/swan_k1_hwing/meshes/iris_prop_ccw.dae
[3.120s] -- Installing: /home/skemp32/ros2_ws/install/ardupilot_sitl_models/share/ardupilot_sitl_models/models/swan_k1_hwing/meshes/swan_k1_hwing_fuselage.dae
[3.129s] -- Installing: /home/skemp32/ros2_ws/install/ardupilot_sitl_models/share/ardupilot_sitl_models/models/swan_k1_hwing/meshes/foxmap.tga
[3.162s] -- Installing: /home/skemp32/ros2_ws/install/ardupilot_sitl_models/share/ardupilot_sitl_models/models/swan_k1_hwing/meshes/iris_prop_cw.dae
[3.165s] -- Installing: /home/skemp32/ros2_ws/install/ardupilot_sitl_models/share/ardupilot_sitl_models/models/swan_k1_hwing/model.sdf
[3.165s] -- Installing: /home/skemp32/ros2_ws/install/ardupilot_sitl_models/share/ardupilot_sitl_models/models/swan_k1_hwing/model.config
[3.166s] -- Installing: /home/skemp32/ros2_ws/install/ardupilot_sitl_models/share/ardupilot_sitl_models/models/rocky_asphalt_4x4
[3.166s] -- Installing: /home/skemp32/ros2_ws/install/ardupilot_sitl_models/share/ardupilot_sitl_models/models/rocky_asphalt_4x4/materials
[3.167s] -- Installing: /home/skemp32/ros2_ws/install/ardupilot_sitl_models/share/ardupilot_sitl_models/models/rocky_asphalt_4x4/materials/textures
[3.167s] -- Installing: /home/skemp32/ros2_ws/install/ardupilot_sitl_models/share/ardupilot_sitl_models/models/rocky_asphalt_4x4/materials/textures/rocky_asphalt1_Normal-ogl.png
[3.190s] -- Installing: /home/skemp32/ros2_ws/install/ardupilot_sitl_models/share/ardupilot_sitl_models/models/rocky_asphalt_4x4/materials/textures/rocky_asphalt1_Roughness.png
[3.201s] -- Installing: /home/skemp32/ros2_ws/install/ardupilot_sitl_models/share/ardupilot_sitl_models/models/rocky_asphalt_4x4/materials/textures/rocky_asphalt1_ao.png
[3.208s] -- Installing: /home/skemp32/ros2_ws/install/ardupilot_sitl_models/share/ardupilot_sitl_models/models/rocky_asphalt_4x4/materials/textures/rocky_asphalt1_Height.png
[3.211s] -- Installing: /home/skemp32/ros2_ws/install/ardupilot_sitl_models/share/ardupilot_sitl_models/models/rocky_asphalt_4x4/materials/textures/rocky_asphalt1_Metallic.png
[3.211s] -- Installing: /home/skemp32/ros2_ws/install/ardupilot_sitl_models/share/ardupilot_sitl_models/models/rocky_asphalt_4x4/materials/textures/rocky_asphalt1_albedo.png
[3.234s] -- Installing: /home/skemp32/ros2_ws/install/ardupilot_sitl_models/share/ardupilot_sitl_models/models/rocky_asphalt_4x4/model.sdf
[3.234s] -- Installing: /home/skemp32/ros2_ws/install/ardupilot_sitl_models/share/ardupilot_sitl_models/models/rocky_asphalt_4x4/model.config
[3.235s] -- Installing: /home/skemp32/ros2_ws/install/ardupilot_sitl_models/share/ardupilot_sitl_models/models/catamaran
[3.236s] -- Installing: /home/skemp32/ros2_ws/install/ardupilot_sitl_models/share/ardupilot_sitl_models/models/catamaran/meshes
[3.236s] -- Installing: /home/skemp32/ros2_ws/install/ardupilot_sitl_models/share/ardupilot_sitl_models/models/catamaran/meshes/rudder.dae
[3.238s] -- Installing: /home/skemp32/ros2_ws/install/ardupilot_sitl_models/share/ardupilot_sitl_models/models/catamaran/meshes/wind_sensor.dae
[3.240s] -- Installing: /home/skemp32/ros2_ws/install/ardupilot_sitl_models/share/ardupilot_sitl_models/models/catamaran/meshes/hull_left_collision.stl
[3.240s] -- Installing: /home/skemp32/ros2_ws/install/ardupilot_sitl_models/share/ardupilot_sitl_models/models/catamaran/meshes/hull_platform.dae
[3.241s] -- Installing: /home/skemp32/ros2_ws/install/ardupilot_sitl_models/share/ardupilot_sitl_models/models/catamaran/meshes/wind_sensor_collision.stl
[3.242s] -- Installing: /home/skemp32/ros2_ws/install/ardupilot_sitl_models/share/ardupilot_sitl_models/models/catamaran/meshes/rig.dae
[3.243s] -- Installing: /home/skemp32/ros2_ws/install/ardupilot_sitl_models/share/ardupilot_sitl_models/models/catamaran/meshes/rudder_collision.stl
[3.243s] -- Installing: /home/skemp32/ros2_ws/install/ardupilot_sitl_models/share/ardupilot_sitl_models/models/catamaran/meshes/fin_collision.stl
[3.244s] -- Installing: /home/skemp32/ros2_ws/install/ardupilot_sitl_models/share/ardupilot_sitl_models/models/catamaran/meshes/hull_right_collision.stl
[3.244s] -- Installing: /home/skemp32/ros2_ws/install/ardupilot_sitl_models/share/ardupilot_sitl_models/models/catamaran/meshes/fin.dae
[3.246s] -- Installing: /home/skemp32/ros2_ws/install/ardupilot_sitl_models/share/ardupilot_sitl_models/models/catamaran/model.sdf
[3.247s] -- Installing: /home/skemp32/ros2_ws/install/ardupilot_sitl_models/share/ardupilot_sitl_models/models/catamaran/model.config
[3.248s] -- Installing: /home/skemp32/ros2_ws/install/ardupilot_sitl_models/share/ardupilot_sitl_models/models/bicopter
[3.248s] -- Installing: /home/skemp32/ros2_ws/install/ardupilot_sitl_models/share/ardupilot_sitl_models/models/bicopter/meshes
[3.248s] -- Installing: /home/skemp32/ros2_ws/install/ardupilot_sitl_models/share/ardupilot_sitl_models/models/bicopter/meshes/cw_mot.stl
[3.250s] -- Installing: /home/skemp32/ros2_ws/install/ardupilot_sitl_models/share/ardupilot_sitl_models/models/bicopter/meshes/base.stl
[3.257s] -- Installing: /home/skemp32/ros2_ws/install/ardupilot_sitl_models/share/ardupilot_sitl_models/models/bicopter/meshes/ccw_mot.stl
[3.258s] -- Installing: /home/skemp32/ros2_ws/install/ardupilot_sitl_models/share/ardupilot_sitl_models/models/bicopter/meshes/cw_servo.stl
[3.260s] -- Installing: /home/skemp32/ros2_ws/install/ardupilot_sitl_models/share/ardupilot_sitl_models/models/bicopter/meshes/ccw_servo.stl
[3.263s] -- Installing: /home/skemp32/ros2_ws/install/ardupilot_sitl_models/share/ardupilot_sitl_models/models/bicopter/model.sdf
[3.263s] -- Installing: /home/skemp32/ros2_ws/install/ardupilot_sitl_models/share/ardupilot_sitl_models/models/bicopter/model.config
[3.264s] -- Installing: /home/skemp32/ros2_ws/install/ardupilot_sitl_models/share/ardupilot_sitl_models/models/wildthumper_with_lidar
[3.264s] -- Installing: /home/skemp32/ros2_ws/install/ardupilot_sitl_models/share/ardupilot_sitl_models/models/wildthumper_with_lidar/meshes
[3.264s] -- Installing: /home/skemp32/ros2_ws/install/ardupilot_sitl_models/share/ardupilot_sitl_models/models/wildthumper_with_lidar/meshes/sensors
[3.265s] -- Installing: /home/skemp32/ros2_ws/install/ardupilot_sitl_models/share/ardupilot_sitl_models/models/wildthumper_with_lidar/meshes/sensors/rplidar_a1.dae
[3.286s] -- Installing: /home/skemp32/ros2_ws/install/ardupilot_sitl_models/share/ardupilot_sitl_models/models/wildthumper_with_lidar/model.sdf
[3.287s] -- Installing: /home/skemp32/ros2_ws/install/ardupilot_sitl_models/share/ardupilot_sitl_models/models/wildthumper_with_lidar/model.config
[3.288s] -- Installing: /home/skemp32/ros2_ws/install/ardupilot_sitl_models/share/ardupilot_sitl_models/models/sawppy
[3.288s] -- Installing: /home/skemp32/ros2_ws/install/ardupilot_sitl_models/share/ardupilot_sitl_models/models/sawppy/meshes
[3.289s] -- Installing: /home/skemp32/ros2_ws/install/ardupilot_sitl_models/share/ardupilot_sitl_models/models/sawppy/meshes/wheels
[3.289s] -- Installing: /home/skemp32/ros2_ws/install/ardupilot_sitl_models/share/ardupilot_sitl_models/models/sawppy/meshes/wheels/wheel.stl
[3.294s] -- Installing: /home/skemp32/ros2_ws/install/ardupilot_sitl_models/share/ardupilot_sitl_models/models/sawppy/meshes/wheels/wheel_asm.stl
[3.300s] -- Installing: /home/skemp32/ros2_ws/install/ardupilot_sitl_models/share/ardupilot_sitl_models/models/sawppy/meshes/bases
[3.301s] -- Installing: /home/skemp32/ros2_ws/install/ardupilot_sitl_models/share/ardupilot_sitl_models/models/sawppy/meshes/bases/front_right_steering_asm.stl
[3.302s] -- Installing: /home/skemp32/ros2_ws/install/ardupilot_sitl_models/share/ardupilot_sitl_models/models/sawppy/meshes/bases/differential.stl
[3.304s] -- Installing: /home/skemp32/ros2_ws/install/ardupilot_sitl_models/share/ardupilot_sitl_models/models/sawppy/meshes/bases/right_rocker_asm.stl
[3.307s] -- Installing: /home/skemp32/ros2_ws/install/ardupilot_sitl_models/share/ardupilot_sitl_models/models/sawppy/meshes/bases/back_left_steering_asm.stl
[3.309s] -- Installing: /home/skemp32/ros2_ws/install/ardupilot_sitl_models/share/ardupilot_sitl_models/models/sawppy/meshes/bases/left_bogie_asm.stl
[3.311s] -- Installing: /home/skemp32/ros2_ws/install/ardupilot_sitl_models/share/ardupilot_sitl_models/models/sawppy/meshes/bases/left_rocker_asm.stl
[3.314s] -- Installing: /home/skemp32/ros2_ws/install/ardupilot_sitl_models/share/ardupilot_sitl_models/models/sawppy/meshes/bases/front_left_steering_asm.stl
[3.316s] -- Installing: /home/skemp32/ros2_ws/install/ardupilot_sitl_models/share/ardupilot_sitl_models/models/sawppy/meshes/bases/right_bogie_asm.stl
[3.319s] -- Installing: /home/skemp32/ros2_ws/install/ardupilot_sitl_models/share/ardupilot_sitl_models/models/sawppy/meshes/bases/body_box.stl
[3.330s] -- Installing: /home/skemp32/ros2_ws/install/ardupilot_sitl_models/share/ardupilot_sitl_models/models/sawppy/meshes/bases/back_right_steering_asm.stl
[3.331s] -- Installing: /home/skemp32/ros2_ws/install/ardupilot_sitl_models/share/ardupilot_sitl_models/models/sawppy/meshes/bases/turnbuckle.stl
[3.338s] -- Installing: /home/skemp32/ros2_ws/install/ardupilot_sitl_models/share/ardupilot_sitl_models/models/sawppy/meshes/sensors
[3.338s] -- Installing: /home/skemp32/ros2_ws/install/ardupilot_sitl_models/share/ardupilot_sitl_models/models/sawppy/meshes/sensors/rplidar_a1_assembly_low.stl
[3.348s] -- Installing: /home/skemp32/ros2_ws/install/ardupilot_sitl_models/share/ardupilot_sitl_models/models/sawppy/meshes/sensors/rplidar_a1_low.stl
[3.355s] -- Installing: /home/skemp32/ros2_ws/install/ardupilot_sitl_models/share/ardupilot_sitl_models/models/sawppy/model.sdf
[3.356s] -- Installing: /home/skemp32/ros2_ws/install/ardupilot_sitl_models/share/ardupilot_sitl_models/models/sawppy/model.config
[3.356s] -- Installing: /home/skemp32/ros2_ws/install/ardupilot_sitl_models/share/ardupilot_sitl_models/models/wsc_aircraft
[3.356s] -- Installing: /home/skemp32/ros2_ws/install/ardupilot_sitl_models/share/ardupilot_sitl_models/models/wsc_aircraft/meshes
[3.357s] -- Installing: /home/skemp32/ros2_ws/install/ardupilot_sitl_models/share/ardupilot_sitl_models/models/wsc_aircraft/meshes/motor2.dae
[3.357s] -- Installing: /home/skemp32/ros2_ws/install/ardupilot_sitl_models/share/ardupilot_sitl_models/models/wsc_aircraft/meshes/wing_root_right_2.dae
[3.358s] -- Installing: /home/skemp32/ros2_ws/install/ardupilot_sitl_models/share/ardupilot_sitl_models/models/wsc_aircraft/meshes/wing_tip_right.dae
[3.360s] -- Installing: /home/skemp32/ros2_ws/install/ardupilot_sitl_models/share/ardupilot_sitl_models/models/wsc_aircraft/meshes/wing_root_left.dae
[3.361s] -- Installing: /home/skemp32/ros2_ws/install/ardupilot_sitl_models/share/ardupilot_sitl_models/models/wsc_aircraft/meshes/hang_block_pitch.dae
[3.361s] -- Installing: /home/skemp32/ros2_ws/install/ardupilot_sitl_models/share/ardupilot_sitl_models/models/wsc_aircraft/meshes/wing_tip_right_2.dae
[3.362s] -- Installing: /home/skemp32/ros2_ws/install/ardupilot_sitl_models/share/ardupilot_sitl_models/models/wsc_aircraft/meshes/motor1.dae
[3.363s] -- Installing: /home/skemp32/ros2_ws/install/ardupilot_sitl_models/share/ardupilot_sitl_models/models/wsc_aircraft/meshes/wing_tip_left_2.dae
[3.364s] -- Installing: /home/skemp32/ros2_ws/install/ardupilot_sitl_models/share/ardupilot_sitl_models/models/wsc_aircraft/meshes/fuselage.dae
[3.364s] -- Installing: /home/skemp32/ros2_ws/install/ardupilot_sitl_models/share/ardupilot_sitl_models/models/wsc_aircraft/meshes/hang_block_roll.dae
[3.365s] -- Installing: /home/skemp32/ros2_ws/install/ardupilot_sitl_models/share/ardupilot_sitl_models/models/wsc_aircraft/meshes/steering_link.dae
[3.365s] -- Installing: /home/skemp32/ros2_ws/install/ardupilot_sitl_models/share/ardupilot_sitl_models/models/wsc_aircraft/meshes/battery.dae
[3.365s] -- Installing: /home/skemp32/ros2_ws/install/ardupilot_sitl_models/share/ardupilot_sitl_models/models/wsc_aircraft/meshes/front_wheel1.dae
[3.366s] -- Installing: /home/skemp32/ros2_ws/install/ardupilot_sitl_models/share/ardupilot_sitl_models/models/wsc_aircraft/meshes/propeller_S.dae
[3.367s] -- Installing: /home/skemp32/ros2_ws/install/ardupilot_sitl_models/share/ardupilot_sitl_models/models/wsc_aircraft/meshes/rear_wheel.dae
[3.367s] -- Installing: /home/skemp32/ros2_ws/install/ardupilot_sitl_models/share/ardupilot_sitl_models/models/wsc_aircraft/meshes/wing_tip_left.dae
[3.368s] -- Installing: /home/skemp32/ros2_ws/install/ardupilot_sitl_models/share/ardupilot_sitl_models/models/wsc_aircraft/meshes/wing_root_left_2.dae
[3.369s] -- Installing: /home/skemp32/ros2_ws/install/ardupilot_sitl_models/share/ardupilot_sitl_models/models/wsc_aircraft/meshes/landing_gear.dae
[3.370s] -- Installing: /home/skemp32/ros2_ws/install/ardupilot_sitl_models/share/ardupilot_sitl_models/models/wsc_aircraft/meshes/wing_root_right.dae
[3.371s] -- Installing: /home/skemp32/ros2_ws/install/ardupilot_sitl_models/share/ardupilot_sitl_models/models/wsc_aircraft/meshes/front_wheel2.dae
[3.371s] -- Installing: /home/skemp32/ros2_ws/install/ardupilot_sitl_models/share/ardupilot_sitl_models/models/wsc_aircraft/model.sdf
[3.372s] -- Installing: /home/skemp32/ros2_ws/install/ardupilot_sitl_models/share/ardupilot_sitl_models/models/wsc_aircraft/gazebo-test.parm
[3.373s] -- Installing: /home/skemp32/ros2_ws/install/ardupilot_sitl_models/share/ardupilot_sitl_models/models/wsc_aircraft/model.config
[3.373s] -- Installing: /home/skemp32/ros2_ws/install/ardupilot_sitl_models/share/ardupilot_sitl_models/models/blueboat
[3.373s] -- Installing: /home/skemp32/ros2_ws/install/ardupilot_sitl_models/share/ardupilot_sitl_models/models/blueboat/meshes
[3.374s] -- Installing: /home/skemp32/ros2_ws/install/ardupilot_sitl_models/share/ardupilot_sitl_models/models/blueboat/meshes/blueboat_frame_asm_aft.dae
[3.383s] -- Installing: /home/skemp32/ros2_ws/install/ardupilot_sitl_models/share/ardupilot_sitl_models/models/blueboat/meshes/blueboat_frame_asm_fore.dae
[3.389s] -- Installing: /home/skemp32/ros2_ws/install/ardupilot_sitl_models/share/ardupilot_sitl_models/models/blueboat/meshes/blueboat_aerial.dae
[3.391s] -- Installing: /home/skemp32/ros2_ws/install/ardupilot_sitl_models/share/ardupilot_sitl_models/models/blueboat/meshes/blueboat_hull_collision.stl
[3.391s] -- Installing: /home/skemp32/ros2_ws/install/ardupilot_sitl_models/share/ardupilot_sitl_models/models/blueboat/meshes/blueboat_prop_port.dae
[3.393s] -- Installing: /home/skemp32/ros2_ws/install/ardupilot_sitl_models/share/ardupilot_sitl_models/models/blueboat/meshes/blueboat_hull.dae
[3.398s] -- Installing: /home/skemp32/ros2_ws/install/ardupilot_sitl_models/share/ardupilot_sitl_models/models/blueboat/meshes/blueboat_prop_stbd.dae
[3.399s] -- Installing: /home/skemp32/ros2_ws/install/ardupilot_sitl_models/share/ardupilot_sitl_models/models/blueboat/meshes/blueboat_motor_stbd.dae
[3.401s] -- Installing: /home/skemp32/ros2_ws/install/ardupilot_sitl_models/share/ardupilot_sitl_models/models/blueboat/meshes/blueboat_crosstube.dae
[3.404s] -- Installing: /home/skemp32/ros2_ws/install/ardupilot_sitl_models/share/ardupilot_sitl_models/models/blueboat/meshes/blueboat_hull_collision.dae
[3.405s] -- Installing: /home/skemp32/ros2_ws/install/ardupilot_sitl_models/share/ardupilot_sitl_models/models/blueboat/meshes/blueboat_hatch_asm_stbd.dae
[3.412s] -- Installing: /home/skemp32/ros2_ws/install/ardupilot_sitl_models/share/ardupilot_sitl_models/models/blueboat/meshes/blueboat_motor_port.dae
[3.414s] -- Installing: /home/skemp32/ros2_ws/install/ardupilot_sitl_models/share/ardupilot_sitl_models/models/blueboat/meshes/blueboat_flag.dae
[3.415s] -- Installing: /home/skemp32/ros2_ws/install/ardupilot_sitl_models/share/ardupilot_sitl_models/models/blueboat/meshes/blueboat_hatch_asm_port.dae
[3.425s] -- Installing: /home/skemp32/ros2_ws/install/ardupilot_sitl_models/share/ardupilot_sitl_models/models/blueboat/model.sdf
[3.426s] -- Installing: /home/skemp32/ros2_ws/install/ardupilot_sitl_models/share/ardupilot_sitl_models/models/blueboat/model.config
[3.426s] -- Installing: /home/skemp32/ros2_ws/install/ardupilot_sitl_models/share/ardupilot_sitl_models/models/construction_barrel
[3.427s] -- Installing: /home/skemp32/ros2_ws/install/ardupilot_sitl_models/share/ardupilot_sitl_models/models/construction_barrel/materials
[3.427s] -- Installing: /home/skemp32/ros2_ws/install/ardupilot_sitl_models/share/ardupilot_sitl_models/models/construction_barrel/materials/textures
[3.427s] -- Installing: /home/skemp32/ros2_ws/install/ardupilot_sitl_models/share/ardupilot_sitl_models/models/construction_barrel/materials/textures/Construction_Barrel_Diffuse.png
[3.430s] -- Installing: /home/skemp32/ros2_ws/install/ardupilot_sitl_models/share/ardupilot_sitl_models/models/construction_barrel/materials/textures/Construction_Barrel_Spec.png
[3.431s] -- Installing: /home/skemp32/ros2_ws/install/ardupilot_sitl_models/share/ardupilot_sitl_models/models/construction_barrel/thumbnails
[3.432s] -- Installing: /home/skemp32/ros2_ws/install/ardupilot_sitl_models/share/ardupilot_sitl_models/models/construction_barrel/thumbnails/1.png
[3.433s] -- Installing: /home/skemp32/ros2_ws/install/ardupilot_sitl_models/share/ardupilot_sitl_models/models/construction_barrel/thumbnails/3.png
[3.433s] -- Installing: /home/skemp32/ros2_ws/install/ardupilot_sitl_models/share/ardupilot_sitl_models/models/construction_barrel/thumbnails/5.png
[3.434s] -- Installing: /home/skemp32/ros2_ws/install/ardupilot_sitl_models/share/ardupilot_sitl_models/models/construction_barrel/thumbnails/4.png
[3.435s] -- Installing: /home/skemp32/ros2_ws/install/ardupilot_sitl_models/share/ardupilot_sitl_models/models/construction_barrel/thumbnails/2.png
[3.435s] -- Installing: /home/skemp32/ros2_ws/install/ardupilot_sitl_models/share/ardupilot_sitl_models/models/construction_barrel/meshes
[3.436s] -- Installing: /home/skemp32/ros2_ws/install/ardupilot_sitl_models/share/ardupilot_sitl_models/models/construction_barrel/meshes/construction_barrel.dae
[3.437s] -- Installing: /home/skemp32/ros2_ws/install/ardupilot_sitl_models/share/ardupilot_sitl_models/models/construction_barrel/model.sdf
[3.437s] -- Installing: /home/skemp32/ros2_ws/install/ardupilot_sitl_models/share/ardupilot_sitl_models/models/construction_barrel/model.config
[3.438s] -- Installing: /home/skemp32/ros2_ws/install/ardupilot_sitl_models/share/ardupilot_sitl_models/models/construction_cone
[3.438s] -- Installing: /home/skemp32/ros2_ws/install/ardupilot_sitl_models/share/ardupilot_sitl_models/models/construction_cone/materials
[3.439s] -- Installing: /home/skemp32/ros2_ws/install/ardupilot_sitl_models/share/ardupilot_sitl_models/models/construction_cone/materials/textures
[3.439s] -- Installing: /home/skemp32/ros2_ws/install/ardupilot_sitl_models/share/ardupilot_sitl_models/models/construction_cone/materials/textures/Construction_Cone_Diffuse.png
[3.441s] -- Installing: /home/skemp32/ros2_ws/install/ardupilot_sitl_models/share/ardupilot_sitl_models/models/construction_cone/thumbnails
[3.441s] -- Installing: /home/skemp32/ros2_ws/install/ardupilot_sitl_models/share/ardupilot_sitl_models/models/construction_cone/thumbnails/1.png
[3.442s] -- Installing: /home/skemp32/ros2_ws/install/ardupilot_sitl_models/share/ardupilot_sitl_models/models/construction_cone/thumbnails/3.png
[3.443s] -- Installing: /home/skemp32/ros2_ws/install/ardupilot_sitl_models/share/ardupilot_sitl_models/models/construction_cone/thumbnails/5.png
[3.443s] -- Installing: /home/skemp32/ros2_ws/install/ardupilot_sitl_models/share/ardupilot_sitl_models/models/construction_cone/thumbnails/4.png
[3.444s] -- Installing: /home/skemp32/ros2_ws/install/ardupilot_sitl_models/share/ardupilot_sitl_models/models/construction_cone/thumbnails/2.png
[3.444s] -- Installing: /home/skemp32/ros2_ws/install/ardupilot_sitl_models/share/ardupilot_sitl_models/models/construction_cone/meshes
[3.445s] -- Installing: /home/skemp32/ros2_ws/install/ardupilot_sitl_models/share/ardupilot_sitl_models/models/construction_cone/meshes/construction_cone.dae
[3.446s] -- Installing: /home/skemp32/ros2_ws/install/ardupilot_sitl_models/share/ardupilot_sitl_models/models/construction_cone/model.sdf
[3.446s] -- Installing: /home/skemp32/ros2_ws/install/ardupilot_sitl_models/share/ardupilot_sitl_models/models/construction_cone/model.config
[3.446s] -- Installing: /home/skemp32/ros2_ws/install/ardupilot_sitl_models/share/ardupilot_sitl_models/models/dumpster
[3.447s] -- Installing: /home/skemp32/ros2_ws/install/ardupilot_sitl_models/share/ardupilot_sitl_models/models/dumpster/materials
[3.447s] -- Installing: /home/skemp32/ros2_ws/install/ardupilot_sitl_models/share/ardupilot_sitl_models/models/dumpster/materials/scripts
[3.448s] -- Installing: /home/skemp32/ros2_ws/install/ardupilot_sitl_models/share/ardupilot_sitl_models/models/dumpster/materials/scripts/dumpster.material
[3.448s] -- Installing: /home/skemp32/ros2_ws/install/ardupilot_sitl_models/share/ardupilot_sitl_models/models/dumpster/materials/textures
[3.448s] -- Installing: /home/skemp32/ros2_ws/install/ardupilot_sitl_models/share/ardupilot_sitl_models/models/dumpster/materials/textures/Dumpster_Diffuse.png
[3.451s] -- Installing: /home/skemp32/ros2_ws/install/ardupilot_sitl_models/share/ardupilot_sitl_models/models/dumpster/materials/textures/Dumpster_Spec.png
[3.453s] -- Installing: /home/skemp32/ros2_ws/install/ardupilot_sitl_models/share/ardupilot_sitl_models/models/dumpster/thumbnails
[3.453s] -- Installing: /home/skemp32/ros2_ws/install/ardupilot_sitl_models/share/ardupilot_sitl_models/models/dumpster/thumbnails/1.png
[3.454s] -- Installing: /home/skemp32/ros2_ws/install/ardupilot_sitl_models/share/ardupilot_sitl_models/models/dumpster/thumbnails/3.png
[3.455s] -- Installing: /home/skemp32/ros2_ws/install/ardupilot_sitl_models/share/ardupilot_sitl_models/models/dumpster/thumbnails/5.png
[3.456s] -- Installing: /home/skemp32/ros2_ws/install/ardupilot_sitl_models/share/ardupilot_sitl_models/models/dumpster/thumbnails/4.png
[3.458s] -- Installing: /home/skemp32/ros2_ws/install/ardupilot_sitl_models/share/ardupilot_sitl_models/models/dumpster/thumbnails/2.png
[3.458s] -- Installing: /home/skemp32/ros2_ws/install/ardupilot_sitl_models/share/ardupilot_sitl_models/models/dumpster/meshes
[3.459s] -- Installing: /home/skemp32/ros2_ws/install/ardupilot_sitl_models/share/ardupilot_sitl_models/models/dumpster/meshes/dumpster.dae
[3.460s] -- Installing: /home/skemp32/ros2_ws/install/ardupilot_sitl_models/share/ardupilot_sitl_models/models/dumpster/model.sdf
[3.460s] -- Installing: /home/skemp32/ros2_ws/install/ardupilot_sitl_models/share/ardupilot_sitl_models/models/dumpster/model.config
[3.460s] -- Installing: /home/skemp32/ros2_ws/install/ardupilot_sitl_models/share/ardupilot_sitl_models/models/skywalker_x8_quad
[3.461s] -- Installing: /home/skemp32/ros2_ws/install/ardupilot_sitl_models/share/ardupilot_sitl_models/models/skywalker_x8_quad/model.sdf
[3.462s] -- Installing: /home/skemp32/ros2_ws/install/ardupilot_sitl_models/share/ardupilot_sitl_models/models/skywalker_x8_quad/model.config
[3.463s] -- Installing: /home/skemp32/ros2_ws/install/ardupilot_sitl_models/share/ardupilot_sitl_models/models/r1_rover
[3.463s] -- Installing: /home/skemp32/ros2_ws/install/ardupilot_sitl_models/share/ardupilot_sitl_models/models/r1_rover/meshes
[3.463s] -- Installing: /home/skemp32/ros2_ws/install/ardupilot_sitl_models/share/ardupilot_sitl_models/models/r1_rover/meshes/wheel_link_simple.STL
[3.464s] -- Installing: /home/skemp32/ros2_ws/install/ardupilot_sitl_models/share/ardupilot_sitl_models/models/r1_rover/meshes/top_link.STL
[3.465s] -- Installing: /home/skemp32/ros2_ws/install/ardupilot_sitl_models/share/ardupilot_sitl_models/models/r1_rover/meshes/battery_link.STL
[3.466s] -- Installing: /home/skemp32/ros2_ws/install/ardupilot_sitl_models/share/ardupilot_sitl_models/models/r1_rover/meshes/chassis_link.STL
[3.467s] -- Installing: /home/skemp32/ros2_ws/install/ardupilot_sitl_models/share/ardupilot_sitl_models/models/r1_rover/meshes/wheel_link.STL
[3.468s] -- Installing: /home/skemp32/ros2_ws/install/ardupilot_sitl_models/share/ardupilot_sitl_models/models/r1_rover/meshes/antenna_link.STL
[3.469s] -- Installing: /home/skemp32/ros2_ws/install/ardupilot_sitl_models/share/ardupilot_sitl_models/models/r1_rover/meshes/housing_link.STL
[3.470s] -- Installing: /home/skemp32/ros2_ws/install/ardupilot_sitl_models/share/ardupilot_sitl_models/models/r1_rover/model.sdf
[3.471s] -- Installing: /home/skemp32/ros2_ws/install/ardupilot_sitl_models/share/ardupilot_sitl_models/models/r1_rover/model.config
[3.471s] -- Installing: /home/skemp32/ros2_ws/install/ardupilot_sitl_models/share/ardupilot_sitl_models/models/daf_xf_450_tractor
[3.472s] -- Installing: /home/skemp32/ros2_ws/install/ardupilot_sitl_models/share/ardupilot_sitl_models/models/daf_xf_450_tractor/materials
[3.472s] -- Installing: /home/skemp32/ros2_ws/install/ardupilot_sitl_models/share/ardupilot_sitl_models/models/daf_xf_450_tractor/materials/textures
[3.472s] -- Installing: /home/skemp32/ros2_ws/install/ardupilot_sitl_models/share/ardupilot_sitl_models/models/daf_xf_450_tractor/materials/textures/rubber_01
[3.473s] -- Installing: /home/skemp32/ros2_ws/install/ardupilot_sitl_models/share/ardupilot_sitl_models/models/daf_xf_450_tractor/materials/textures/rubber_01/rubber_01_roughness.jpg
[3.474s] -- Installing: /home/skemp32/ros2_ws/install/ardupilot_sitl_models/share/ardupilot_sitl_models/models/daf_xf_450_tractor/materials/textures/rubber_01/rubber_01_diffuse.jpg
[3.475s] -- Installing: /home/skemp32/ros2_ws/install/ardupilot_sitl_models/share/ardupilot_sitl_models/models/daf_xf_450_tractor/materials/textures/rubber_01/rubber_01_normal.jpg
[3.476s] -- Installing: /home/skemp32/ros2_ws/install/ardupilot_sitl_models/share/ardupilot_sitl_models/models/daf_xf_450_tractor/materials/textures/silver_metal
[3.477s] -- Installing: /home/skemp32/ros2_ws/install/ardupilot_sitl_models/share/ardupilot_sitl_models/models/daf_xf_450_tractor/materials/textures/silver_metal/silver_metal_metallic.jpg
[3.477s] -- Installing: /home/skemp32/ros2_ws/install/ardupilot_sitl_models/share/ardupilot_sitl_models/models/daf_xf_450_tractor/materials/textures/silver_metal/silver_metal_normal.jpg
[3.479s] -- Installing: /home/skemp32/ros2_ws/install/ardupilot_sitl_models/share/ardupilot_sitl_models/models/daf_xf_450_tractor/materials/textures/silver_metal/silver_metal_diffuse.jpg
[3.480s] -- Installing: /home/skemp32/ros2_ws/install/ardupilot_sitl_models/share/ardupilot_sitl_models/models/daf_xf_450_tractor/materials/textures/silver_metal/silver_metal_roughness.jpg
[3.481s] -- Installing: /home/skemp32/ros2_ws/install/ardupilot_sitl_models/share/ardupilot_sitl_models/models/daf_xf_450_tractor/materials/textures/tractor_chassis.png
[3.482s] -- Installing: /home/skemp32/ros2_ws/install/ardupilot_sitl_models/share/ardupilot_sitl_models/models/daf_xf_450_tractor/meshes
[3.483s] -- Installing: /home/skemp32/ros2_ws/install/ardupilot_sitl_models/share/ardupilot_sitl_models/models/daf_xf_450_tractor/meshes/tractor_wheel_tyre_front.dae
[3.487s] -- Installing: /home/skemp32/ros2_ws/install/ardupilot_sitl_models/share/ardupilot_sitl_models/models/daf_xf_450_tractor/meshes/tractor_wheel_tyre_rear.dae
[3.490s] -- Installing: /home/skemp32/ros2_ws/install/ardupilot_sitl_models/share/ardupilot_sitl_models/models/daf_xf_450_tractor/meshes/tractor_wheel_hub_rear.dae
[3.493s] -- Installing: /home/skemp32/ros2_ws/install/ardupilot_sitl_models/share/ardupilot_sitl_models/models/daf_xf_450_tractor/meshes/trailer_wheel_tyre.dae
[3.496s] -- Installing: /home/skemp32/ros2_ws/install/ardupilot_sitl_models/share/ardupilot_sitl_models/models/daf_xf_450_tractor/meshes/trailer_wheel_hub.dae
[3.499s] -- Installing: /home/skemp32/ros2_ws/install/ardupilot_sitl_models/share/ardupilot_sitl_models/models/daf_xf_450_tractor/meshes/tractor_chassis.dae
[3.525s] -- Installing: /home/skemp32/ros2_ws/install/ardupilot_sitl_models/share/ardupilot_sitl_models/models/daf_xf_450_tractor/meshes/trailer_chassis.dae
[3.531s] -- Installing: /home/skemp32/ros2_ws/install/ardupilot_sitl_models/share/ardupilot_sitl_models/models/daf_xf_450_tractor/meshes/tractor_wheel_hub_front.dae
[3.533s] -- Installing: /home/skemp32/ros2_ws/install/ardupilot_sitl_models/share/ardupilot_sitl_models/models/daf_xf_450_tractor/model.sdf
[3.533s] -- Installing: /home/skemp32/ros2_ws/install/ardupilot_sitl_models/share/ardupilot_sitl_models/models/daf_xf_450_tractor/model.config
[3.534s] -- Installing: /home/skemp32/ros2_ws/install/ardupilot_sitl_models/share/ardupilot_sitl_models/models/daf_xf_450_tractor/model.sdf.erb
[3.534s] -- Installing: /home/skemp32/ros2_ws/install/ardupilot_sitl_models/share/ardupilot_sitl_models/models/quadruped
[3.535s] -- Installing: /home/skemp32/ros2_ws/install/ardupilot_sitl_models/share/ardupilot_sitl_models/models/quadruped/materials
[3.535s] -- Installing: /home/skemp32/ros2_ws/install/ardupilot_sitl_models/share/ardupilot_sitl_models/models/quadruped/materials/textures
[3.536s] -- Installing: /home/skemp32/ros2_ws/install/ardupilot_sitl_models/share/ardupilot_sitl_models/models/quadruped/materials/textures/silver_blue_metal
[3.536s] -- Installing: /home/skemp32/ros2_ws/install/ardupilot_sitl_models/share/ardupilot_sitl_models/models/quadruped/materials/textures/silver_blue_metal/silver_blue_metal_roughness.jpg
[3.538s] -- Installing: /home/skemp32/ros2_ws/install/ardupilot_sitl_models/share/ardupilot_sitl_models/models/quadruped/materials/textures/silver_blue_metal/silver_blue_metal_metallic.jpg
[3.538s] -- Installing: /home/skemp32/ros2_ws/install/ardupilot_sitl_models/share/ardupilot_sitl_models/models/quadruped/materials/textures/silver_blue_metal/silver_blue_metal_diffuse.jpg
[3.544s] -- Installing: /home/skemp32/ros2_ws/install/ardupilot_sitl_models/share/ardupilot_sitl_models/models/quadruped/materials/textures/silver_blue_metal/silver_blue_metal_normal.jpg
[3.546s] -- Installing: /home/skemp32/ros2_ws/install/ardupilot_sitl_models/share/ardupilot_sitl_models/models/quadruped/meshes
[3.546s] -- Installing: /home/skemp32/ros2_ws/install/ardupilot_sitl_models/share/ardupilot_sitl_models/models/quadruped/meshes/hexapod_femur_r.dae
[3.551s] -- Installing: /home/skemp32/ros2_ws/install/ardupilot_sitl_models/share/ardupilot_sitl_models/models/quadruped/meshes/hexapod_tibia_r.dae
[3.557s] -- Installing: /home/skemp32/ros2_ws/install/ardupilot_sitl_models/share/ardupilot_sitl_models/models/quadruped/meshes/hexapod_femur_l.dae
[3.563s] -- Installing: /home/skemp32/ros2_ws/install/ardupilot_sitl_models/share/ardupilot_sitl_models/models/quadruped/meshes/hexapod_body.dae
[3.629s] -- Installing: /home/skemp32/ros2_ws/install/ardupilot_sitl_models/share/ardupilot_sitl_models/models/quadruped/meshes/hexapod_coxa_r.dae
[3.643s] -- Installing: /home/skemp32/ros2_ws/install/ardupilot_sitl_models/share/ardupilot_sitl_models/models/quadruped/meshes/hexapod_coxa_l.dae
[3.656s] -- Installing: /home/skemp32/ros2_ws/install/ardupilot_sitl_models/share/ardupilot_sitl_models/models/quadruped/meshes/hexapod_tibia_l.dae
[3.663s] -- Installing: /home/skemp32/ros2_ws/install/ardupilot_sitl_models/share/ardupilot_sitl_models/models/quadruped/model.sdf
[3.664s] -- Installing: /home/skemp32/ros2_ws/install/ardupilot_sitl_models/share/ardupilot_sitl_models/models/quadruped/model.config
[3.664s] -- Installing: /home/skemp32/ros2_ws/install/ardupilot_sitl_models/share/ardupilot_sitl_models/models/daf_xf_450_flatbed_trailer
[3.665s] -- Installing: /home/skemp32/ros2_ws/install/ardupilot_sitl_models/share/ardupilot_sitl_models/models/daf_xf_450_flatbed_trailer/materials
[3.665s] -- Installing: /home/skemp32/ros2_ws/install/ardupilot_sitl_models/share/ardupilot_sitl_models/models/daf_xf_450_flatbed_trailer/materials/textures
[3.666s] -- Installing: /home/skemp32/ros2_ws/install/ardupilot_sitl_models/share/ardupilot_sitl_models/models/daf_xf_450_flatbed_trailer/materials/textures/rubber_01
[3.666s] -- Installing: /home/skemp32/ros2_ws/install/ardupilot_sitl_models/share/ardupilot_sitl_models/models/daf_xf_450_flatbed_trailer/materials/textures/rubber_01/rubber_01_roughness.jpg
[3.667s] -- Installing: /home/skemp32/ros2_ws/install/ardupilot_sitl_models/share/ardupilot_sitl_models/models/daf_xf_450_flatbed_trailer/materials/textures/rubber_01/rubber_01_diffuse.jpg
[3.669s] -- Installing: /home/skemp32/ros2_ws/install/ardupilot_sitl_models/share/ardupilot_sitl_models/models/daf_xf_450_flatbed_trailer/materials/textures/rubber_01/rubber_01_normal.jpg
[3.669s] -- Installing: /home/skemp32/ros2_ws/install/ardupilot_sitl_models/share/ardupilot_sitl_models/models/daf_xf_450_flatbed_trailer/materials/textures/silver_metal
[3.670s] -- Installing: /home/skemp32/ros2_ws/install/ardupilot_sitl_models/share/ardupilot_sitl_models/models/daf_xf_450_flatbed_trailer/materials/textures/silver_metal/silver_metal_metallic.jpg
[3.670s] -- Installing: /home/skemp32/ros2_ws/install/ardupilot_sitl_models/share/ardupilot_sitl_models/models/daf_xf_450_flatbed_trailer/materials/textures/silver_metal/silver_metal_normal.jpg
[3.672s] -- Installing: /home/skemp32/ros2_ws/install/ardupilot_sitl_models/share/ardupilot_sitl_models/models/daf_xf_450_flatbed_trailer/materials/textures/silver_metal/silver_metal_diffuse.jpg
[3.673s] -- Installing: /home/skemp32/ros2_ws/install/ardupilot_sitl_models/share/ardupilot_sitl_models/models/daf_xf_450_flatbed_trailer/materials/textures/silver_metal/silver_metal_roughness.jpg
[3.674s] -- Installing: /home/skemp32/ros2_ws/install/ardupilot_sitl_models/share/ardupilot_sitl_models/models/daf_xf_450_flatbed_trailer/materials/textures/tractor_chassis.png
[3.675s] -- Installing: /home/skemp32/ros2_ws/install/ardupilot_sitl_models/share/ardupilot_sitl_models/models/daf_xf_450_flatbed_trailer/meshes
[3.676s] -- Installing: /home/skemp32/ros2_ws/install/ardupilot_sitl_models/share/ardupilot_sitl_models/models/daf_xf_450_flatbed_trailer/meshes/trailer_wheel_tyre.dae
[3.679s] -- Installing: /home/skemp32/ros2_ws/install/ardupilot_sitl_models/share/ardupilot_sitl_models/models/daf_xf_450_flatbed_trailer/meshes/trailer_wheel_hub.dae
[3.681s] -- Installing: /home/skemp32/ros2_ws/install/ardupilot_sitl_models/share/ardupilot_sitl_models/models/daf_xf_450_flatbed_trailer/meshes/trailer_chassis.dae
[3.687s] -- Installing: /home/skemp32/ros2_ws/install/ardupilot_sitl_models/share/ardupilot_sitl_models/models/daf_xf_450_flatbed_trailer/model.sdf
[3.688s] -- Installing: /home/skemp32/ros2_ws/install/ardupilot_sitl_models/share/ardupilot_sitl_models/models/daf_xf_450_flatbed_trailer/model.config
[3.688s] -- Installing: /home/skemp32/ros2_ws/install/ardupilot_sitl_models/share/ardupilot_sitl_models/models/daf_xf_450_flatbed_trailer/model.sdf.erb
[3.689s] -- Installing: /home/skemp32/ros2_ws/install/ardupilot_sitl_models/share/ardupilot_sitl_models/models/hexapod_copter
[3.689s] -- Installing: /home/skemp32/ros2_ws/install/ardupilot_sitl_models/share/ardupilot_sitl_models/models/hexapod_copter/meshes
[3.690s] -- Installing: /home/skemp32/ros2_ws/install/ardupilot_sitl_models/share/ardupilot_sitl_models/models/hexapod_copter/meshes/iris_prop_ccw.dae
[3.691s] -- Installing: /home/skemp32/ros2_ws/install/ardupilot_sitl_models/share/ardupilot_sitl_models/models/hexapod_copter/meshes/iris_prop_cw.dae
[3.693s] -- Installing: /home/skemp32/ros2_ws/install/ardupilot_sitl_models/share/ardupilot_sitl_models/models/hexapod_copter/model.sdf
[3.693s] -- Installing: /home/skemp32/ros2_ws/install/ardupilot_sitl_models/share/ardupilot_sitl_models/models/hexapod_copter/model.config
[3.693s] -- Installing: /home/skemp32/ros2_ws/install/ardupilot_sitl_models/share/ardupilot_sitl_models/models/fire_hydrant
[3.694s] -- Installing: /home/skemp32/ros2_ws/install/ardupilot_sitl_models/share/ardupilot_sitl_models/models/fire_hydrant/materials
[3.694s] -- Installing: /home/skemp32/ros2_ws/install/ardupilot_sitl_models/share/ardupilot_sitl_models/models/fire_hydrant/materials/textures
[3.695s] -- Installing: /home/skemp32/ros2_ws/install/ardupilot_sitl_models/share/ardupilot_sitl_models/models/fire_hydrant/materials/textures/fire_hydrant_diffuse.png
[3.696s] -- Installing: /home/skemp32/ros2_ws/install/ardupilot_sitl_models/share/ardupilot_sitl_models/models/fire_hydrant/materials/textures/fire_hydrant_spec.png
[3.697s] -- Installing: /home/skemp32/ros2_ws/install/ardupilot_sitl_models/share/ardupilot_sitl_models/models/fire_hydrant/thumbnails
[3.698s] -- Installing: /home/skemp32/ros2_ws/install/ardupilot_sitl_models/share/ardupilot_sitl_models/models/fire_hydrant/thumbnails/1.png
[3.698s] -- Installing: /home/skemp32/ros2_ws/install/ardupilot_sitl_models/share/ardupilot_sitl_models/models/fire_hydrant/thumbnails/3.png
[3.699s] -- Installing: /home/skemp32/ros2_ws/install/ardupilot_sitl_models/share/ardupilot_sitl_models/models/fire_hydrant/thumbnails/5.png
[3.700s] -- Installing: /home/skemp32/ros2_ws/install/ardupilot_sitl_models/share/ardupilot_sitl_models/models/fire_hydrant/thumbnails/4.png
[3.701s] -- Installing: /home/skemp32/ros2_ws/install/ardupilot_sitl_models/share/ardupilot_sitl_models/models/fire_hydrant/thumbnails/2.png
[3.701s] -- Installing: /home/skemp32/ros2_ws/install/ardupilot_sitl_models/share/ardupilot_sitl_models/models/fire_hydrant/meshes
[3.702s] -- Installing: /home/skemp32/ros2_ws/install/ardupilot_sitl_models/share/ardupilot_sitl_models/models/fire_hydrant/meshes/fire_hydrant.dae
[3.703s] -- Installing: /home/skemp32/ros2_ws/install/ardupilot_sitl_models/share/ardupilot_sitl_models/models/fire_hydrant/model.sdf
[3.703s] -- Installing: /home/skemp32/ros2_ws/install/ardupilot_sitl_models/share/ardupilot_sitl_models/models/fire_hydrant/model.config
[3.703s] -- Installing: /home/skemp32/ros2_ws/install/ardupilot_sitl_models/share/ardupilot_sitl_models/models/alti_transition_quad
[3.704s] -- Installing: /home/skemp32/ros2_ws/install/ardupilot_sitl_models/share/ardupilot_sitl_models/models/alti_transition_quad/materials
[3.704s] -- Installing: /home/skemp32/ros2_ws/install/ardupilot_sitl_models/share/ardupilot_sitl_models/models/alti_transition_quad/materials/textures
[3.704s] -- Installing: /home/skemp32/ros2_ws/install/ardupilot_sitl_models/share/ardupilot_sitl_models/models/alti_transition_quad/materials/textures/AltiTransitionMap.png
[3.706s] -- Installing: /home/skemp32/ros2_ws/install/ardupilot_sitl_models/share/ardupilot_sitl_models/models/alti_transition_quad/materials/textures/x8.tga
[3.730s] -- Installing: /home/skemp32/ros2_ws/install/ardupilot_sitl_models/share/ardupilot_sitl_models/models/alti_transition_quad/meshes
[3.731s] -- Installing: /home/skemp32/ros2_ws/install/ardupilot_sitl_models/share/ardupilot_sitl_models/models/alti_transition_quad/meshes/prop_ccw.dae
[3.740s] -- Installing: /home/skemp32/ros2_ws/install/ardupilot_sitl_models/share/ardupilot_sitl_models/models/alti_transition_quad/meshes/prop_cw.dae
[3.742s] -- Installing: /home/skemp32/ros2_ws/install/ardupilot_sitl_models/share/ardupilot_sitl_models/models/alti_transition_quad/meshes/alti_transition_elevator.dae
[3.743s] -- Installing: /home/skemp32/ros2_ws/install/ardupilot_sitl_models/share/ardupilot_sitl_models/models/alti_transition_quad/meshes/alti_transition_engine.dae
[3.744s] -- Installing: /home/skemp32/ros2_ws/install/ardupilot_sitl_models/share/ardupilot_sitl_models/models/alti_transition_quad/meshes/alti_transition_base.dae
[3.778s] -- Installing: /home/skemp32/ros2_ws/install/ardupilot_sitl_models/share/ardupilot_sitl_models/models/alti_transition_quad/meshes/alti_transition_aileron_right.dae
[3.779s] -- Installing: /home/skemp32/ros2_ws/install/ardupilot_sitl_models/share/ardupilot_sitl_models/models/alti_transition_quad/meshes/alti_transition_aileron_left.dae
[3.781s] -- Installing: /home/skemp32/ros2_ws/install/ardupilot_sitl_models/share/ardupilot_sitl_models/models/alti_transition_quad/model.sdf
[3.781s] -- Installing: /home/skemp32/ros2_ws/install/ardupilot_sitl_models/share/ardupilot_sitl_models/models/alti_transition_quad/model.config
[3.782s] -- Installing: /home/skemp32/ros2_ws/install/ardupilot_sitl_models/share/ardupilot_sitl_models/models/alti_transition_quad/model.sdf.erb
[3.782s] -- Installing: /home/skemp32/ros2_ws/install/ardupilot_sitl_models/share/ardupilot_sitl_models/models/skycat_tvbs
[3.783s] -- Installing: /home/skemp32/ros2_ws/install/ardupilot_sitl_models/share/ardupilot_sitl_models/models/skycat_tvbs/materials
[3.784s] -- Installing: /home/skemp32/ros2_ws/install/ardupilot_sitl_models/share/ardupilot_sitl_models/models/skycat_tvbs/materials/textures
[3.784s] -- Installing: /home/skemp32/ros2_ws/install/ardupilot_sitl_models/share/ardupilot_sitl_models/models/skycat_tvbs/materials/textures/skycat.png
[3.786s] -- Installing: /home/skemp32/ros2_ws/install/ardupilot_sitl_models/share/ardupilot_sitl_models/models/skycat_tvbs/materials/textures/metal_graphite
[3.787s] -- Installing: /home/skemp32/ros2_ws/install/ardupilot_sitl_models/share/ardupilot_sitl_models/models/skycat_tvbs/materials/textures/metal_graphite/metal_graphite_basecolor.jpg
[3.788s] -- Installing: /home/skemp32/ros2_ws/install/ardupilot_sitl_models/share/ardupilot_sitl_models/models/skycat_tvbs/materials/textures/metal_graphite/metal_graphite_normal.jpg
[3.790s] -- Installing: /home/skemp32/ros2_ws/install/ardupilot_sitl_models/share/ardupilot_sitl_models/models/skycat_tvbs/materials/textures/metal_graphite/metal_graphite_roughness.jpg
[3.791s] -- Installing: /home/skemp32/ros2_ws/install/ardupilot_sitl_models/share/ardupilot_sitl_models/models/skycat_tvbs/materials/textures/metal_graphite/metal_graphite_metallic.jpg
[3.791s] -- Installing: /home/skemp32/ros2_ws/install/ardupilot_sitl_models/share/ardupilot_sitl_models/models/skycat_tvbs/meshes
[3.792s] -- Installing: /home/skemp32/ros2_ws/install/ardupilot_sitl_models/share/ardupilot_sitl_models/models/skycat_tvbs/meshes/skycat_tilt_left.dae
[3.794s] -- Installing: /home/skemp32/ros2_ws/install/ardupilot_sitl_models/share/ardupilot_sitl_models/models/skycat_tvbs/meshes/iris_prop_ccw.dae
[3.796s] -- Installing: /home/skemp32/ros2_ws/install/ardupilot_sitl_models/share/ardupilot_sitl_models/models/skycat_tvbs/meshes/skycat_elevon_left.dae
[3.797s] -- Installing: /home/skemp32/ros2_ws/install/ardupilot_sitl_models/share/ardupilot_sitl_models/models/skycat_tvbs/meshes/skycat_tilt_right.dae
[3.798s] -- Installing: /home/skemp32/ros2_ws/install/ardupilot_sitl_models/share/ardupilot_sitl_models/models/skycat_tvbs/meshes/skycat_base.dae
[3.817s] -- Installing: /home/skemp32/ros2_ws/install/ardupilot_sitl_models/share/ardupilot_sitl_models/models/skycat_tvbs/meshes/iris_prop_cw.dae
[3.819s] -- Installing: /home/skemp32/ros2_ws/install/ardupilot_sitl_models/share/ardupilot_sitl_models/models/skycat_tvbs/meshes/skycat_elevon_right.dae
[3.820s] -- Installing: /home/skemp32/ros2_ws/install/ardupilot_sitl_models/share/ardupilot_sitl_models/models/skycat_tvbs/model.sdf
[3.820s] -- Installing: /home/skemp32/ros2_ws/install/ardupilot_sitl_models/share/ardupilot_sitl_models/models/skycat_tvbs/model.config
[3.821s] -- Installing: /home/skemp32/ros2_ws/install/ardupilot_sitl_models/share/ardupilot_sitl_models/models/sonoma_raceway
[3.821s] -- Installing: /home/skemp32/ros2_ws/install/ardupilot_sitl_models/share/ardupilot_sitl_models/models/sonoma_raceway/materials
[3.822s] -- Installing: /home/skemp32/ros2_ws/install/ardupilot_sitl_models/share/ardupilot_sitl_models/models/sonoma_raceway/materials/textures
[3.822s] -- Installing: /home/skemp32/ros2_ws/install/ardupilot_sitl_models/share/ardupilot_sitl_models/models/sonoma_raceway/materials/textures/Grass.png
[3.830s] -- Installing: /home/skemp32/ros2_ws/install/ardupilot_sitl_models/share/ardupilot_sitl_models/models/sonoma_raceway/materials/textures/Trim.png
[3.830s] -- Installing: /home/skemp32/ros2_ws/install/ardupilot_sitl_models/share/ardupilot_sitl_models/models/sonoma_raceway/materials/textures/TireStack.png
[3.832s] -- Installing: /home/skemp32/ros2_ws/install/ardupilot_sitl_models/share/ardupilot_sitl_models/models/sonoma_raceway/materials/textures/Asphalt.png
[3.833s] -- Installing: /home/skemp32/ros2_ws/install/ardupilot_sitl_models/share/ardupilot_sitl_models/models/sonoma_raceway/materials/textures/Railing.png
[3.834s] -- Installing: /home/skemp32/ros2_ws/install/ardupilot_sitl_models/share/ardupilot_sitl_models/models/sonoma_raceway/materials/textures/Checker.png
[3.835s] -- Installing: /home/skemp32/ros2_ws/install/ardupilot_sitl_models/share/ardupilot_sitl_models/models/sonoma_raceway/materials/textures/Fence.png
[3.835s] -- Installing: /home/skemp32/ros2_ws/install/ardupilot_sitl_models/share/ardupilot_sitl_models/models/sonoma_raceway/materials/textures/Track.png
[3.838s] -- Installing: /home/skemp32/ros2_ws/install/ardupilot_sitl_models/share/ardupilot_sitl_models/models/sonoma_raceway/materials/textures/RumbleStrip&Barrier.png
[3.839s] -- Installing: /home/skemp32/ros2_ws/install/ardupilot_sitl_models/share/ardupilot_sitl_models/models/sonoma_raceway/materials/textures/Fence_Opacity.png
[3.840s] -- Installing: /home/skemp32/ros2_ws/install/ardupilot_sitl_models/share/ardupilot_sitl_models/models/sonoma_raceway/materials/textures/Stands.png
[3.844s] -- Installing: /home/skemp32/ros2_ws/install/ardupilot_sitl_models/share/ardupilot_sitl_models/models/sonoma_raceway/materials/textures/Concrete.png
[3.845s] -- Installing: /home/skemp32/ros2_ws/install/ardupilot_sitl_models/share/ardupilot_sitl_models/models/sonoma_raceway/materials/textures/Roof.png
[3.847s] -- Installing: /home/skemp32/ros2_ws/install/ardupilot_sitl_models/share/ardupilot_sitl_models/models/sonoma_raceway/materials/textures/Window.png
[3.847s] -- Installing: /home/skemp32/ros2_ws/install/ardupilot_sitl_models/share/ardupilot_sitl_models/models/sonoma_raceway/materials/textures/Bridge.png
[3.848s] -- Installing: /home/skemp32/ros2_ws/install/ardupilot_sitl_models/share/ardupilot_sitl_models/models/sonoma_raceway/materials/textures/Wall.png
[3.850s] -- Installing: /home/skemp32/ros2_ws/install/ardupilot_sitl_models/share/ardupilot_sitl_models/models/sonoma_raceway/materials/textures/RumbleStrip.png
[3.852s] -- Installing: /home/skemp32/ros2_ws/install/ardupilot_sitl_models/share/ardupilot_sitl_models/models/sonoma_raceway/meshes
[3.853s] -- Installing: /home/skemp32/ros2_ws/install/ardupilot_sitl_models/share/ardupilot_sitl_models/models/sonoma_raceway/meshes/Raceway.mtl
[3.853s] -- Installing: /home/skemp32/ros2_ws/install/ardupilot_sitl_models/share/ardupilot_sitl_models/models/sonoma_raceway/meshes/Raceway.obj
[3.866s] -- Installing: /home/skemp32/ros2_ws/install/ardupilot_sitl_models/share/ardupilot_sitl_models/models/sonoma_raceway/model.sdf
[3.867s] -- Installing: /home/skemp32/ros2_ws/install/ardupilot_sitl_models/share/ardupilot_sitl_models/models/sonoma_raceway/model.config
[3.867s] -- Installing: /home/skemp32/ros2_ws/install/ardupilot_sitl_models/share/ardupilot_sitl_models/models/wildthumper
[3.868s] -- Installing: /home/skemp32/ros2_ws/install/ardupilot_sitl_models/share/ardupilot_sitl_models/models/wildthumper/materials
[3.868s] -- Installing: /home/skemp32/ros2_ws/install/ardupilot_sitl_models/share/ardupilot_sitl_models/models/wildthumper/materials/textures
[3.868s] -- Installing: /home/skemp32/ros2_ws/install/ardupilot_sitl_models/share/ardupilot_sitl_models/models/wildthumper/materials/textures/red_metal
[3.869s] -- Installing: /home/skemp32/ros2_ws/install/ardupilot_sitl_models/share/ardupilot_sitl_models/models/wildthumper/materials/textures/red_metal/red_metal_diffuse.jpg
[3.869s] -- Installing: /home/skemp32/ros2_ws/install/ardupilot_sitl_models/share/ardupilot_sitl_models/models/wildthumper/materials/textures/red_metal/red_metal_metallic.jpg
[3.870s] -- Installing: /home/skemp32/ros2_ws/install/ardupilot_sitl_models/share/ardupilot_sitl_models/models/wildthumper/materials/textures/red_metal/red_metal_roughness.jpg
[3.872s] -- Installing: /home/skemp32/ros2_ws/install/ardupilot_sitl_models/share/ardupilot_sitl_models/models/wildthumper/materials/textures/red_metal/red_metal_normal.jpg
[3.873s] -- Installing: /home/skemp32/ros2_ws/install/ardupilot_sitl_models/share/ardupilot_sitl_models/models/wildthumper/materials/textures/rubber_01
[3.874s] -- Installing: /home/skemp32/ros2_ws/install/ardupilot_sitl_models/share/ardupilot_sitl_models/models/wildthumper/materials/textures/rubber_01/rubber_01_roughness.jpg
[3.875s] -- Installing: /home/skemp32/ros2_ws/install/ardupilot_sitl_models/share/ardupilot_sitl_models/models/wildthumper/materials/textures/rubber_01/rubber_01_diffuse.jpg
[3.876s] -- Installing: /home/skemp32/ros2_ws/install/ardupilot_sitl_models/share/ardupilot_sitl_models/models/wildthumper/materials/textures/rubber_01/rubber_01_normal.jpg
[3.877s] -- Installing: /home/skemp32/ros2_ws/install/ardupilot_sitl_models/share/ardupilot_sitl_models/models/wildthumper/materials/textures/silver_metal
[3.877s] -- Installing: /home/skemp32/ros2_ws/install/ardupilot_sitl_models/share/ardupilot_sitl_models/models/wildthumper/materials/textures/silver_metal/silver_metal_metallic.jpg
[3.878s] -- Installing: /home/skemp32/ros2_ws/install/ardupilot_sitl_models/share/ardupilot_sitl_models/models/wildthumper/materials/textures/silver_metal/silver_metal_normal.jpg
[3.880s] -- Installing: /home/skemp32/ros2_ws/install/ardupilot_sitl_models/share/ardupilot_sitl_models/models/wildthumper/materials/textures/silver_metal/silver_metal_diffuse.jpg
[3.880s] -- Installing: /home/skemp32/ros2_ws/install/ardupilot_sitl_models/share/ardupilot_sitl_models/models/wildthumper/materials/textures/silver_metal/silver_metal_roughness.jpg
[3.882s] -- Installing: /home/skemp32/ros2_ws/install/ardupilot_sitl_models/share/ardupilot_sitl_models/models/wildthumper/materials/textures/black_metal
[3.883s] -- Installing: /home/skemp32/ros2_ws/install/ardupilot_sitl_models/share/ardupilot_sitl_models/models/wildthumper/materials/textures/black_metal/black_metal_metallic.jpg
[3.883s] -- Installing: /home/skemp32/ros2_ws/install/ardupilot_sitl_models/share/ardupilot_sitl_models/models/wildthumper/materials/textures/black_metal/black_metal_normal.jpg
[3.887s] -- Installing: /home/skemp32/ros2_ws/install/ardupilot_sitl_models/share/ardupilot_sitl_models/models/wildthumper/materials/textures/black_metal/black_metal_diffuse.jpg
[3.889s] -- Installing: /home/skemp32/ros2_ws/install/ardupilot_sitl_models/share/ardupilot_sitl_models/models/wildthumper/materials/textures/black_metal/black_metal_roughness.jpg
[3.891s] -- Installing: /home/skemp32/ros2_ws/install/ardupilot_sitl_models/share/ardupilot_sitl_models/models/wildthumper/meshes
[3.892s] -- Installing: /home/skemp32/ros2_ws/install/ardupilot_sitl_models/share/ardupilot_sitl_models/models/wildthumper/meshes/wheels
[3.892s] -- Installing: /home/skemp32/ros2_ws/install/ardupilot_sitl_models/share/ardupilot_sitl_models/models/wildthumper/meshes/wheels/left_wheel_adapter.dae
[3.894s] -- Installing: /home/skemp32/ros2_ws/install/ardupilot_sitl_models/share/ardupilot_sitl_models/models/wildthumper/meshes/wheels/right_wheel_adapter.dae
[3.895s] -- Installing: /home/skemp32/ros2_ws/install/ardupilot_sitl_models/share/ardupilot_sitl_models/models/wildthumper/meshes/wheels/left_wheel_rim.dae
[3.902s] -- Installing: /home/skemp32/ros2_ws/install/ardupilot_sitl_models/share/ardupilot_sitl_models/models/wildthumper/meshes/wheels/right_wheel_rim.dae
[3.909s] -- Installing: /home/skemp32/ros2_ws/install/ardupilot_sitl_models/share/ardupilot_sitl_models/models/wildthumper/meshes/wheels/left_wheel_tyre.dae
[3.916s] -- Installing: /home/skemp32/ros2_ws/install/ardupilot_sitl_models/share/ardupilot_sitl_models/models/wildthumper/meshes/wheels/right_wheel_tyre.dae
[3.923s] -- Installing: /home/skemp32/ros2_ws/install/ardupilot_sitl_models/share/ardupilot_sitl_models/models/wildthumper/meshes/bases
[3.923s] -- Installing: /home/skemp32/ros2_ws/install/ardupilot_sitl_models/share/ardupilot_sitl_models/models/wildthumper/meshes/bases/wheel_chassis_short.dae
[3.928s] -- Installing: /home/skemp32/ros2_ws/install/ardupilot_sitl_models/share/ardupilot_sitl_models/models/wildthumper/meshes/bases/left_motor_asm.dae
[3.935s] -- Installing: /home/skemp32/ros2_ws/install/ardupilot_sitl_models/share/ardupilot_sitl_models/models/wildthumper/meshes/bases/top_chassis_with_standoffs.dae
[3.954s] -- Installing: /home/skemp32/ros2_ws/install/ardupilot_sitl_models/share/ardupilot_sitl_models/models/wildthumper/meshes/bases/wheel_chassis_long.dae
[3.958s] -- Installing: /home/skemp32/ros2_ws/install/ardupilot_sitl_models/share/ardupilot_sitl_models/models/wildthumper/meshes/bases/right_motor_asm.dae
[3.964s] -- Installing: /home/skemp32/ros2_ws/install/ardupilot_sitl_models/share/ardupilot_sitl_models/models/wildthumper/meshes/bases/top_chassis.dae
[3.976s] -- Installing: /home/skemp32/ros2_ws/install/ardupilot_sitl_models/share/ardupilot_sitl_models/models/wildthumper/meshes/bases/small_chassis_with_frame_connector.dae
[3.983s] -- Installing: /home/skemp32/ros2_ws/install/ardupilot_sitl_models/share/ardupilot_sitl_models/models/wildthumper/model.sdf
[3.984s] -- Installing: /home/skemp32/ros2_ws/install/ardupilot_sitl_models/share/ardupilot_sitl_models/models/wildthumper/model.config
[3.984s] -- Installing: /home/skemp32/ros2_ws/install/ardupilot_sitl_models/share/ardupilot_sitl_models/models/steel_plate_1x1
[3.985s] -- Installing: /home/skemp32/ros2_ws/install/ardupilot_sitl_models/share/ardupilot_sitl_models/models/steel_plate_1x1/materials
[3.985s] -- Installing: /home/skemp32/ros2_ws/install/ardupilot_sitl_models/share/ardupilot_sitl_models/models/steel_plate_1x1/materials/textures
[3.986s] -- Installing: /home/skemp32/ros2_ws/install/ardupilot_sitl_models/share/ardupilot_sitl_models/models/steel_plate_1x1/materials/textures/steelplate1_albedo.png
[4.002s] -- Installing: /home/skemp32/ros2_ws/install/ardupilot_sitl_models/share/ardupilot_sitl_models/models/steel_plate_1x1/materials/textures/steelplate1_roughness.png
[4.010s] -- Installing: /home/skemp32/ros2_ws/install/ardupilot_sitl_models/share/ardupilot_sitl_models/models/steel_plate_1x1/materials/textures/steelplate1_normal-ogl.png
[4.023s] -- Installing: /home/skemp32/ros2_ws/install/ardupilot_sitl_models/share/ardupilot_sitl_models/models/steel_plate_1x1/materials/textures/steelplate1_height.png
[4.028s] -- Installing: /home/skemp32/ros2_ws/install/ardupilot_sitl_models/share/ardupilot_sitl_models/models/steel_plate_1x1/materials/textures/steelplate1_ao.png
[4.034s] -- Installing: /home/skemp32/ros2_ws/install/ardupilot_sitl_models/share/ardupilot_sitl_models/models/steel_plate_1x1/materials/textures/steelplate1_metallic.png
[4.034s] -- Installing: /home/skemp32/ros2_ws/install/ardupilot_sitl_models/share/ardupilot_sitl_models/models/steel_plate_1x1/model.sdf
[4.035s] -- Installing: /home/skemp32/ros2_ws/install/ardupilot_sitl_models/share/ardupilot_sitl_models/models/steel_plate_1x1/model.config
[4.035s] -- Installing: /home/skemp32/ros2_ws/install/ardupilot_sitl_models/share/ardupilot_sitl_models/worlds
[4.036s] -- Installing: /home/skemp32/ros2_ws/install/ardupilot_sitl_models/share/ardupilot_sitl_models/worlds/wildthumper_runway.sdf
[4.036s] -- Installing: /home/skemp32/ros2_ws/install/ardupilot_sitl_models/share/ardupilot_sitl_models/worlds/skywalker_x8_runway.sdf
[4.036s] -- Installing: /home/skemp32/ros2_ws/install/ardupilot_sitl_models/share/ardupilot_sitl_models/worlds/wsc_aircraft_runway.sdf
[4.037s] -- Installing: /home/skemp32/ros2_ws/install/ardupilot_sitl_models/share/ardupilot_sitl_models/worlds/bicopter_runway.sdf
[4.037s] -- Installing: /home/skemp32/ros2_ws/install/ardupilot_sitl_models/share/ardupilot_sitl_models/worlds/sawppy_playpen.sdf
[4.037s] -- Installing: /home/skemp32/ros2_ws/install/ardupilot_sitl_models/share/ardupilot_sitl_models/worlds/swan_k1_hwing_runway.sdf
[4.038s] -- Installing: /home/skemp32/ros2_ws/install/ardupilot_sitl_models/share/ardupilot_sitl_models/worlds/alti_transition_runway.sdf
[4.038s] -- Installing: /home/skemp32/ros2_ws/install/ardupilot_sitl_models/share/ardupilot_sitl_models/worlds/catamaran_waves.sdf
[4.038s] -- Installing: /home/skemp32/ros2_ws/install/ardupilot_sitl_models/share/ardupilot_sitl_models/worlds/quadruped_runway.sdf
[4.039s] -- Installing: /home/skemp32/ros2_ws/install/ardupilot_sitl_models/share/ardupilot_sitl_models/worlds/skycat_runway.sdf
[4.039s] -- Installing: /home/skemp32/ros2_ws/install/ardupilot_sitl_models/share/ardupilot_sitl_models/worlds/truck_quadplane_landing.sdf.erb
[4.039s] -- Installing: /home/skemp32/ros2_ws/install/ardupilot_sitl_models/share/ardupilot_sitl_models/worlds/daf_truck_runway.sdf
[4.040s] -- Installing: /home/skemp32/ros2_ws/install/ardupilot_sitl_models/share/ardupilot_sitl_models/worlds/skywalker_x8_quad_runway.sdf
[4.040s] -- Installing: /home/skemp32/ros2_ws/install/ardupilot_sitl_models/share/ardupilot_sitl_models/worlds/sonoma_raceway.sdf
[4.040s] -- Installing: /home/skemp32/ros2_ws/install/ardupilot_sitl_models/share/ardupilot_sitl_models/worlds/hexapod_copter_runway.sdf
[4.041s] -- Installing: /home/skemp32/ros2_ws/install/ardupilot_sitl_models/share/ardupilot_sitl_models/worlds/r1_rover_runway.sdf
[4.041s] -- Installing: /home/skemp32/ros2_ws/install/ardupilot_sitl_models/share/ardupilot_sitl_models/worlds/rover_playpen.sdf
[4.041s] -- Installing: /home/skemp32/ros2_ws/install/ardupilot_sitl_models/share/ardupilot_sitl_models/worlds/wildthumper_playpen.sdf
[4.042s] -- Installing: /home/skemp32/ros2_ws/install/ardupilot_sitl_models/share/ardupilot_sitl_models/environment/ardupilot_sitl_models.dsv
[4.042s] -- Installing: /home/skemp32/ros2_ws/install/ardupilot_sitl_models/share/ardupilot_sitl_models/environment/ardupilot_sitl_models.sh
[4.044s] -- Installing: /home/skemp32/ros2_ws/install/ardupilot_sitl_models/share/ament_index/resource_index/package_run_dependencies/ardupilot_sitl_models
[4.044s] -- Installing: /home/skemp32/ros2_ws/install/ardupilot_sitl_models/share/ament_index/resource_index/parent_prefix_path/ardupilot_sitl_models
[4.044s] -- Installing: /home/skemp32/ros2_ws/install/ardupilot_sitl_models/share/ardupilot_sitl_models/environment/ament_prefix_path.sh
[4.044s] -- Installing: /home/skemp32/ros2_ws/install/ardupilot_sitl_models/share/ardupilot_sitl_models/environment/ament_prefix_path.dsv
[4.045s] -- Installing: /home/skemp32/ros2_ws/install/ardupilot_sitl_models/share/ardupilot_sitl_models/environment/path.sh
[4.045s] -- Installing: /home/skemp32/ros2_ws/install/ardupilot_sitl_models/share/ardupilot_sitl_models/environment/path.dsv
[4.045s] -- Installing: /home/skemp32/ros2_ws/install/ardupilot_sitl_models/share/ardupilot_sitl_models/local_setup.bash
[4.045s] -- Installing: /home/skemp32/ros2_ws/install/ardupilot_sitl_models/share/ardupilot_sitl_models/local_setup.sh
[4.045s] -- Installing: /home/skemp32/ros2_ws/install/ardupilot_sitl_models/share/ardupilot_sitl_models/local_setup.zsh
[4.046s] -- Installing: /home/skemp32/ros2_ws/install/ardupilot_sitl_models/share/ardupilot_sitl_models/local_setup.dsv
[4.046s] -- Installing: /home/skemp32/ros2_ws/install/ardupilot_sitl_models/share/ardupilot_sitl_models/package.dsv
[4.046s] -- Installing: /home/skemp32/ros2_ws/install/ardupilot_sitl_models/share/ament_index/resource_index/packages/ardupilot_sitl_models
[4.047s] -- Installing: /home/skemp32/ros2_ws/install/ardupilot_sitl_models/share/ardupilot_sitl_models/cmake/ardupilot_sitl_modelsConfig.cmake
[4.047s] -- Installing: /home/skemp32/ros2_ws/install/ardupilot_sitl_models/share/ardupilot_sitl_models/cmake/ardupilot_sitl_modelsConfig-version.cmake
[4.047s] -- Installing: /home/skemp32/ros2_ws/install/ardupilot_sitl_models/share/ardupilot_sitl_models/package.xml
[4.050s] Invoked command in '/home/skemp32/ros2_ws/build/ardupilot_sitl_models' returned '0': AMENT_PREFIX_PATH=/home/skemp32/ros2_ws/install/ardupilot_gazebo:${AMENT_PREFIX_PATH} CMAKE_PREFIX_PATH=/home/skemp32/ros2_ws/install/ardupilot_gazebo:/opt/ros/humble GZ_SIM_PLUGIN_PATH=/home/skemp32/ros2_ws/install/ardupilot_gazebo/lib/ardupilot_gazebo GZ_SIM_RESOURCE_PATH=/home/skemp32/ros2_ws/install/ardupilot_gazebo/share/ardupilot_gazebo/worlds:/home/skemp32/ros2_ws/install/ardupilot_gazebo/share/ardupilot_gazebo/models /usr/bin/cmake --install /home/skemp32/ros2_ws/build/ardupilot_sitl_models
