[0.039s] Invoking command in '/home/skemp32/ros2_ws/build/ardupilot_gazebo': CMAKE_PREFIX_PATH=/opt/ros/humble /usr/bin/cmake /home/skemp32/ros2_ws/src/ardupilot_gazebo -DCMAKE_INSTALL_PREFIX=/home/skemp32/ros2_ws/install/ardupilot_gazebo
[0.242s] [0mBuilding ardupilot_gazebo as an `ament_cmake` project.[0m
[0.242s] -- Looking for gz-common5 -- found version 5.6.0
[0.242s] -- Searching for dependencies of gz-common5
[0.242s] -- Looking for gz-utils2 -- found version 2.2.0
[0.242s] -- Searching for dependencies of gz-utils2
[0.242s] -- Looking for dlfcn.h - found
[0.242s] -- Looking for libdl - found
[0.242s] -- Checking for module 'uuid'
[0.242s] --   Found uuid, version 2.37.2
[0.277s] -- Looking for gz-common5 - found
[0.277s] 
[0.278s] -- Looking for gz-rendering8 -- found version 8.2.0
[0.278s] -- Searching for dependencies of gz-rendering8
[0.278s] -- Looking for gz-math7 -- found version 7.5.0
[0.278s] -- Searching for dependencies of gz-math7
[0.289s] -- Looking for gz-utils2 -- found version 2.2.0
[0.289s] -- Searching for <gz-math7> component [eigen3]
[0.290s] -- Looking for gz-math7-eigen3 -- found version 7.5.0
[0.294s] -- Searching for dependencies of gz-math7-eigen3
[0.294s] -- Looking for gz-common5 -- found version 5.6.0
[0.295s] -- Searching for dependencies of gz-common5
[0.295s] -- Looking for gz-utils2 -- found version 2.2.0
[0.295s] -- Looking for dlfcn.h - found
[0.295s] -- Looking for libdl - found
[0.295s] -- Searching for <gz-common5> component [graphics]
[0.295s] -- Looking for gz-common5-graphics -- found version 5.6.0
[0.297s] -- Searching for dependencies of gz-common5-graphics
[0.297s] -- Looking for gz-math7 -- found version 7.5.0
[0.297s] -- Searching for <gz-common5> component [events]
[0.298s] -- Looking for gz-common5-events -- found version 5.6.0
[0.299s] -- Searching for dependencies of gz-common5-events
[0.299s] -- Looking for gz-math7 -- found version 7.5.0
[0.299s] -- Searching for <gz-common5> component [geospatial]
[0.300s] -- Looking for gz-common5-geospatial -- found version 5.6.0
[0.300s] -- Searching for dependencies of gz-common5-geospatial
[0.300s] -- Looking for gz-math7 -- found version 7.5.0
[0.302s] -- Looking for gz-common5 -- found version 5.6.0
[0.302s] -- Looking for gz-plugin2 -- found version 2.0.3
[0.303s] -- Searching for dependencies of gz-plugin2
[0.303s] -- Looking for gz-utils2 -- found version 2.2.0
[0.304s] -- Searching for dependencies of gz-utils2
[0.305s] -- Searching for <gz-utils2> component [cli]
[0.306s] -- Looking for gz-utils2-cli -- found version 2.2.0
[0.306s] -- Searching for dependencies of gz-utils2-cli
[0.308s] -- Searching for <gz-plugin2> component [all]
[0.308s] -- Looking for all libraries of gz-plugin2 -- found version 2.0.3
[0.309s] -- Looking for gz-plugin2 -- found version 2.0.3
[0.309s] -- Looking for gz-plugin2-loader -- found version 2.0.3
[0.309s] -- Searching for dependencies of gz-plugin2-loader
[0.309s] -- Looking for gz-plugin2-register -- found version 2.0.3
[0.310s] -- Searching for dependencies of gz-plugin2-register
[0.310s] -- Looking for gz-utils2 -- found version 2.2.0
[0.402s] -- Looking for gz-rendering8 - found
[0.402s] 
[0.402s] -- Looking for gz-sim8 -- found version 8.6.0
[0.403s] -- Searching for dependencies of gz-sim8
[0.403s] -- Looking for sdformat14 -- found version 14.5.0
[0.404s] -- Searching for dependencies of sdformat14
[0.409s] -- Checking for module 'tinyxml2'
[0.425s] --   Found tinyxml2, version 9.0.0
[0.455s] -- Looking for gz-math7 -- found version 7.5.0
[0.455s] -- Looking for gz-utils2 -- found version 2.2.0
[0.456s] -- Looking for gz-plugin2 -- found version 2.0.3
[0.457s] -- Looking for gz-transport13 -- found version 13.4.0
[0.457s] -- Searching for dependencies of gz-transport13
[5.591s] -- Config-file not installed for ZeroMQ -- checking for pkg-config
[5.596s] -- Checking for module 'libzmq >= 4'
[5.607s] --   Found libzmq , version 4.3.4
[5.645s] -- Looking for gz-utils2 -- found version 2.2.0
[5.646s] -- Looking for gz-msgs10 -- found version 10.3.0
[5.646s] -- Searching for dependencies of gz-msgs10
[8.039s] -- Looking for gz-utils2 -- found version 2.2.0
[8.039s] -- Looking for gz-math7 -- found version 7.5.0
[8.094s] -- Searching for <gz-transport13> component [log]
[8.094s] -- Looking for gz-transport13-log -- found version 13.4.0
[8.095s] -- Searching for dependencies of gz-transport13-log
[8.095s] -- Searching for <gz-transport13> component [parameters]
[8.096s] -- Looking for gz-transport13-parameters -- found version 13.4.0
[8.096s] -- Searching for dependencies of gz-transport13-parameters
[8.097s] -- Looking for gz-msgs10 -- found version 10.3.0
[8.097s] -- Looking for gz-common5 -- found version 5.6.0
[8.098s] -- Searching for dependencies of gz-common5
[8.098s] -- Looking for gz-utils2 -- found version 2.2.0
[8.098s] -- Looking for dlfcn.h - found
[8.099s] -- Looking for libdl - found
[8.106s] -- Searching for <gz-common5> component [av]
[8.106s] -- Looking for gz-common5-av -- found version 5.6.0
[8.107s] -- Searching for dependencies of gz-common5-av
[8.112s] -- Checking for module 'libswscale'
[8.125s] --   Found libswscale, version 5.9.100
[8.161s] -- Checking for module 'libavdevice >= 56.4.100'
[8.175s] --   Found libavdevice , version 58.13.100
[8.213s] -- Checking for module 'libavformat'
[8.225s] --   Found libavformat, version 58.76.100
[8.265s] -- Checking for module 'libavcodec'
[8.277s] --   Found libavcodec, version 58.134.100
[8.315s] -- Checking for module 'libavutil'
[8.327s] --   Found libavutil, version 56.70.100
[8.364s] -- Searching for <gz-common5> component [events]
[8.364s] -- Searching for <gz-common5> component [graphics]
[8.365s] -- Searching for <gz-common5> component [io]
[8.365s] -- Looking for gz-common5-io -- found version 5.6.0
[8.366s] -- Searching for dependencies of gz-common5-io
[8.366s] -- Searching for <gz-common5> component [profiler]
[8.366s] -- Looking for gz-common5-profiler -- found version 5.6.0
[8.367s] -- Searching for dependencies of gz-common5-profiler
[8.368s] -- Looking for gz-fuel_tools9 -- found version 9.1.0
[8.368s] -- Searching for dependencies of gz-fuel_tools9
[11.539s] -- Checking for module 'jsoncpp'
[11.552s] --   Found jsoncpp, version 1.9.5
[11.588s] -- Checking for module 'libzip'
[11.600s] --   Found libzip, version 1.7.3
[11.630s] -- Looking for gz-utils2 -- found version 2.2.0
[11.630s] -- Looking for gz-common5 -- found version 5.6.0
[11.630s] -- Searching for dependencies of gz-common5
[11.630s] -- Looking for gz-utils2 -- found version 2.2.0
[11.631s] -- Looking for dlfcn.h - found
[11.631s] -- Looking for libdl - found
[11.638s] -- Searching for <gz-common5> component [testing]
[11.638s] -- Looking for gz-common5-testing -- found version 5.6.0
[11.639s] -- Searching for dependencies of gz-common5-testing
[11.639s] -- Looking for gz-math7 -- found version 7.5.0
[11.640s] -- Looking for gz-msgs10 -- found version 10.3.0
[11.641s] -- Looking for gz-gui8 -- found version 8.3.0
[11.641s] -- Searching for dependencies of gz-gui8
[13.841s] -- Looking for gz-utils2 -- found version 2.2.0
[13.842s] -- Looking for gz-math7 -- found version 7.5.0
[13.842s] -- Looking for gz-common5 -- found version 5.6.0
[13.842s] -- Looking for gz-plugin2 -- found version 2.0.3
[13.843s] -- Looking for gz-transport13 -- found version 13.4.0
[13.843s] -- Looking for gz-rendering8 -- found version 8.2.0
[13.844s] -- Looking for gz-msgs10 -- found version 10.3.0
[14.010s] -- Looking for gz-physics7 -- found version 7.3.0
[14.010s] -- Searching for dependencies of gz-physics7
[14.010s] -- Looking for gz-common5 -- found version 5.6.0
[14.011s] -- Looking for gz-math7 -- found version 7.5.0
[14.011s] -- Looking for gz-plugin2 -- found version 2.0.3
[14.011s] -- Looking for gz-utils2 -- found version 2.2.0
[14.012s] -- Searching for <gz-physics7> component [heightmap]
[14.013s] -- Looking for gz-physics7-heightmap -- found version 7.3.0
[14.013s] -- Searching for dependencies of gz-physics7-heightmap
[14.014s] -- Looking for gz-common5 -- found version 5.6.0
[14.014s] -- Searching for <gz-physics7> component [mesh]
[14.015s] -- Looking for gz-physics7-mesh -- found version 7.3.0
[14.015s] -- Searching for dependencies of gz-physics7-mesh
[14.016s] -- Looking for gz-common5 -- found version 5.6.0
[14.016s] -- Searching for <gz-physics7> component [sdf]
[14.016s] -- Looking for gz-physics7-sdf -- found version 7.3.0
[14.017s] -- Searching for dependencies of gz-physics7-sdf
[14.017s] -- Looking for sdformat14 -- found version 14.5.0
[14.018s] -- Looking for gz-sensors8 -- found version 8.2.0
[14.018s] -- Searching for dependencies of gz-sensors8
[16.051s] -- Looking for gz-math7 -- found version 7.5.0
[16.051s] -- Looking for gz-common5 -- found version 5.6.0
[16.051s] -- Looking for gz-transport13 -- found version 13.4.0
[16.052s] -- Looking for gz-rendering8 -- found version 8.2.0
[16.052s] -- Looking for gz-msgs10 -- found version 10.3.0
[16.053s] -- Looking for sdformat14 -- found version 14.5.0
[16.053s] -- Searching for <gz-sensors8> component [air_pressure]
[16.054s] -- Looking for gz-sensors8-air_pressure -- found version 8.2.0
[16.054s] -- Searching for dependencies of gz-sensors8-air_pressure
[16.055s] -- Searching for <gz-sensors8> component [air_speed]
[16.055s] -- Looking for gz-sensors8-air_speed -- found version 8.2.0
[16.055s] -- Searching for dependencies of gz-sensors8-air_speed
[16.056s] -- Searching for <gz-sensors8> component [altimeter]
[16.056s] -- Looking for gz-sensors8-altimeter -- found version 8.2.0
[16.057s] -- Searching for dependencies of gz-sensors8-altimeter
[16.057s] -- Searching for <gz-sensors8> component [imu]
[16.057s] -- Looking for gz-sensors8-imu -- found version 8.2.0
[16.058s] -- Searching for dependencies of gz-sensors8-imu
[16.058s] -- Searching for <gz-sensors8> component [force_torque]
[16.058s] -- Looking for gz-sensors8-force_torque -- found version 8.2.0
[16.059s] -- Searching for dependencies of gz-sensors8-force_torque
[16.059s] -- Searching for <gz-sensors8> component [logical_camera]
[16.060s] -- Looking for gz-sensors8-logical_camera -- found version 8.2.0
[16.060s] -- Searching for dependencies of gz-sensors8-logical_camera
[16.061s] -- Searching for <gz-sensors8> component [magnetometer]
[16.061s] -- Looking for gz-sensors8-magnetometer -- found version 8.2.0
[16.061s] -- Searching for dependencies of gz-sensors8-magnetometer
[16.062s] -- Searching for <gz-sensors8> component [navsat]
[16.062s] -- Looking for gz-sensors8-navsat -- found version 8.2.0
[16.063s] -- Searching for dependencies of gz-sensors8-navsat
[16.063s] -- Searching for <gz-sensors8> component [dvl]
[16.063s] -- Looking for gz-sensors8-dvl -- found version 8.2.0
[16.064s] -- Searching for dependencies of gz-sensors8-dvl
[16.065s] -- Looking for gz-sensors8 -- found version 8.2.0
[16.065s] -- Searching for dependencies of gz-sensors8
[18.103s] -- Looking for gz-math7 -- found version 7.5.0
[18.103s] -- Looking for gz-common5 -- found version 5.6.0
[18.103s] -- Looking for gz-transport13 -- found version 13.4.0
[18.104s] -- Looking for gz-rendering8 -- found version 8.2.0
[18.104s] -- Looking for gz-msgs10 -- found version 10.3.0
[18.105s] -- Looking for sdformat14 -- found version 14.5.0
[18.105s] -- Searching for <gz-sensors8> component [rendering]
[18.105s] -- Looking for gz-sensors8-rendering -- found version 8.2.0
[18.105s] -- Searching for dependencies of gz-sensors8-rendering
[18.106s] -- Searching for <gz-sensors8> component [rendering]
[18.107s] -- Searching for <gz-sensors8> component [lidar]
[18.107s] -- Looking for gz-sensors8-lidar -- found version 8.2.0
[18.107s] -- Searching for dependencies of gz-sensors8-lidar
[18.108s] -- Looking for gz-sensors8 -- found version 8.2.0
[18.108s] -- Searching for <gz-sensors8> component [gpu_lidar]
[18.109s] -- Looking for gz-sensors8-gpu_lidar -- found version 8.2.0
[18.109s] -- Searching for dependencies of gz-sensors8-gpu_lidar
[18.109s] -- Looking for gz-sensors8 -- found version 8.2.0
[18.110s] -- Searching for <gz-sensors8> component [camera]
[18.110s] -- Looking for gz-sensors8-camera -- found version 8.2.0
[18.111s] -- Searching for dependencies of gz-sensors8-camera
[18.111s] -- Looking for gz-sensors8 -- found version 8.2.0
[18.111s] -- Searching for <gz-sensors8> component [boundingbox_camera]
[18.112s] -- Looking for gz-sensors8-boundingbox_camera -- found version 8.2.0
[18.112s] -- Searching for dependencies of gz-sensors8-boundingbox_camera
[18.113s] -- Searching for <gz-sensors8> component [segmentation_camera]
[18.113s] -- Looking for gz-sensors8-segmentation_camera -- found version 8.2.0
[18.113s] -- Searching for dependencies of gz-sensors8-segmentation_camera
[18.114s] -- Searching for <gz-sensors8> component [depth_camera]
[18.114s] -- Looking for gz-sensors8-depth_camera -- found version 8.2.0
[18.114s] -- Searching for dependencies of gz-sensors8-depth_camera
[18.115s] -- Looking for gz-sensors8 -- found version 8.2.0
[18.115s] -- Searching for <gz-sensors8> component [rgbd_camera]
[18.116s] -- Looking for gz-sensors8-rgbd_camera -- found version 8.2.0
[18.116s] -- Searching for dependencies of gz-sensors8-rgbd_camera
[18.116s] -- Looking for gz-sensors8 -- found version 8.2.0
[18.117s] -- Searching for <gz-sensors8> component [thermal_camera]
[18.117s] -- Looking for gz-sensors8-thermal_camera -- found version 8.2.0
[18.118s] -- Searching for dependencies of gz-sensors8-thermal_camera
[18.118s] -- Looking for gz-sensors8 -- found version 8.2.0
[18.118s] -- Searching for <gz-sensors8> component [wide_angle_camera]
[18.119s] -- Looking for gz-sensors8-wide_angle_camera -- found version 8.2.0
[18.119s] -- Searching for dependencies of gz-sensors8-wide_angle_camera
[18.120s] -- Looking for gz-rendering8 -- found version 8.2.0
[18.120s] -- Looking for gz-math7 -- found version 7.5.0
[18.121s] -- Looking for gz-utils2 -- found version 2.2.0
[20.183s] -- Looking for gz-sim8 - found
[20.183s] 
[20.183s] -- Compiling against Gazebo Harmonic
[20.183s] -- RapidJSON found. Headers: /usr/include
[20.189s] -- Checking for modules 'gstreamer-1.0;gstreamer-app-1.0'
[20.192s] --   No package 'gstreamer-1.0' found
[20.194s] --   No package 'gstreamer-app-1.0' found
[20.195s] [31mCMake Error at /usr/share/cmake-3.22/Modules/FindPkgConfig.cmake:603 (message):
[20.195s]   A required package was not found
[20.195s] Call Stack (most recent call first):
[20.195s]   /usr/share/cmake-3.22/Modules/FindPkgConfig.cmake:825 (_pkg_check_modules_internal)
[20.195s]   CMakeLists.txt:58 (pkg_check_modules)
[20.195s] 
[20.195s] [0m
[20.195s] -- Configuring incomplete, errors occurred!
[20.195s] See also "/home/skemp32/ros2_ws/build/ardupilot_gazebo/CMakeFiles/CMakeOutput.log".
[20.207s] Invoked command in '/home/skemp32/ros2_ws/build/ardupilot_gazebo' returned '1': CMAKE_PREFIX_PATH=/opt/ros/humble /usr/bin/cmake /home/skemp32/ros2_ws/src/ardupilot_gazebo -DCMAKE_INSTALL_PREFIX=/home/skemp32/ros2_ws/install/ardupilot_gazebo
