[0.020s] Invoking command in '/home/skemp32/ros2_ws/build/ardupilot_msgs': CMAKE_PREFIX_PATH=${CMAKE_PREFIX_PATH}:/home/skemp32/ros2_ws/install/ardupilot_dds_tests:/opt/ros/humble /usr/bin/cmake --build /home/skemp32/ros2_ws/build/ardupilot_msgs -- -j12 -l12
[0.060s] [35m[1mConsolidate compiler generated dependencies of target ardupilot_msgs__rosidl_generator_c[0m
[0.071s] [  2%] Built target ardupilot_msgs__cpp
[0.074s] [ 12%] Built target ardupilot_msgs__rosidl_generator_c
[0.084s] [35m[1mConsolidate compiler generated dependencies of target ardupilot_msgs__rosidl_typesupport_cpp[0m
[0.085s] [35m[1mConsolidate compiler generated dependencies of target ardupilot_msgs__rosidl_typesupport_introspection_cpp[0m
[0.085s] [ 12%] Built target ament_cmake_python_copy_ardupilot_msgs
[0.086s] [35m[1mConsolidate compiler generated dependencies of target ardupilot_msgs__rosidl_typesupport_fastrtps_cpp[0m
[0.088s] [35m[1mConsolidate compiler generated dependencies of target ardupilot_msgs__rosidl_typesupport_c[0m
[0.088s] [35m[1mConsolidate compiler generated dependencies of target ardupilot_msgs__rosidl_typesupport_fastrtps_c[0m
[0.088s] [35m[1mConsolidate compiler generated dependencies of target ardupilot_msgs__rosidl_typesupport_introspection_c[0m
[0.103s] [ 23%] Built target ardupilot_msgs__rosidl_typesupport_c
[0.103s] [ 34%] Built target ardupilot_msgs__rosidl_typesupport_introspection_c
[0.104s] [ 44%] Built target ardupilot_msgs__rosidl_typesupport_introspection_cpp
[0.105s] [ 55%] Built target ardupilot_msgs__rosidl_typesupport_cpp
[0.105s] [ 65%] Built target ardupilot_msgs__rosidl_typesupport_fastrtps_cpp
[0.108s] [ 76%] Built target ardupilot_msgs__rosidl_typesupport_fastrtps_c
[0.130s] [ 76%] Built target ardupilot_msgs
[0.150s] [ 78%] Built target ardupilot_msgs__py
[0.162s] [35m[1mConsolidate compiler generated dependencies of target ardupilot_msgs__rosidl_generator_py[0m
[0.178s] [ 87%] Built target ardupilot_msgs__rosidl_generator_py
[0.187s] [35m[1mConsolidate compiler generated dependencies of target ardupilot_msgs__rosidl_typesupport_fastrtps_c__pyext[0m
[0.189s] [35m[1mConsolidate compiler generated dependencies of target ardupilot_msgs__rosidl_typesupport_c__pyext[0m
[0.189s] [35m[1mConsolidate compiler generated dependencies of target ardupilot_msgs__rosidl_typesupport_introspection_c__pyext[0m
[0.203s] [ 91%] Built target ardupilot_msgs__rosidl_typesupport_fastrtps_c__pyext
[0.204s] [ 95%] Built target ardupilot_msgs__rosidl_typesupport_introspection_c__pyext
[0.206s] [100%] Built target ardupilot_msgs__rosidl_typesupport_c__pyext
[0.320s] running egg_info
[0.335s] writing ardupilot_msgs.egg-info/PKG-INFO
[0.336s] writing dependency_links to ardupilot_msgs.egg-info/dependency_links.txt
[0.336s] writing top-level names to ardupilot_msgs.egg-info/top_level.txt
[0.381s] reading manifest file 'ardupilot_msgs.egg-info/SOURCES.txt'
[0.382s] writing manifest file 'ardupilot_msgs.egg-info/SOURCES.txt'
[0.409s] [100%] Built target ament_cmake_python_build_ardupilot_msgs_egg
[0.421s] Invoked command in '/home/skemp32/ros2_ws/build/ardupilot_msgs' returned '0': CMAKE_PREFIX_PATH=${CMAKE_PREFIX_PATH}:/home/skemp32/ros2_ws/install/ardupilot_dds_tests:/opt/ros/humble /usr/bin/cmake --build /home/skemp32/ros2_ws/build/ardupilot_msgs -- -j12 -l12
[0.521s] Invoking command in '/home/skemp32/ros2_ws/build/ardupilot_msgs': CMAKE_PREFIX_PATH=${CMAKE_PREFIX_PATH}:/home/skemp32/ros2_ws/install/ardupilot_dds_tests:/opt/ros/humble /usr/bin/cmake --install /home/skemp32/ros2_ws/build/ardupilot_msgs
[0.527s] -- Install configuration: ""
[0.528s] -- Up-to-date: /home/skemp32/ros2_ws/install/ardupilot_msgs/share/ament_index/resource_index/rosidl_interfaces/ardupilot_msgs
[0.528s] -- Up-to-date: /home/skemp32/ros2_ws/install/ardupilot_msgs/include/ardupilot_msgs/ardupilot_msgs
[0.528s] -- Up-to-date: /home/skemp32/ros2_ws/install/ardupilot_msgs/include/ardupilot_msgs/ardupilot_msgs/msg
[0.528s] -- Up-to-date: /home/skemp32/ros2_ws/install/ardupilot_msgs/include/ardupilot_msgs/ardupilot_msgs/msg/rosidl_generator_c__visibility_control.h
[0.529s] -- Up-to-date: /home/skemp32/ros2_ws/install/ardupilot_msgs/include/ardupilot_msgs/ardupilot_msgs/msg/global_position.h
[0.529s] -- Up-to-date: /home/skemp32/ros2_ws/install/ardupilot_msgs/include/ardupilot_msgs/ardupilot_msgs/msg/detail
[0.529s] -- Up-to-date: /home/skemp32/ros2_ws/install/ardupilot_msgs/include/ardupilot_msgs/ardupilot_msgs/msg/detail/global_position__struct.h
[0.529s] -- Up-to-date: /home/skemp32/ros2_ws/install/ardupilot_msgs/include/ardupilot_msgs/ardupilot_msgs/msg/detail/global_position__type_support.h
[0.530s] -- Up-to-date: /home/skemp32/ros2_ws/install/ardupilot_msgs/include/ardupilot_msgs/ardupilot_msgs/msg/detail/global_position__functions.c
[0.530s] -- Up-to-date: /home/skemp32/ros2_ws/install/ardupilot_msgs/include/ardupilot_msgs/ardupilot_msgs/msg/detail/global_position__functions.h
[0.530s] -- Up-to-date: /home/skemp32/ros2_ws/install/ardupilot_msgs/include/ardupilot_msgs/ardupilot_msgs/srv
[0.530s] -- Up-to-date: /home/skemp32/ros2_ws/install/ardupilot_msgs/include/ardupilot_msgs/ardupilot_msgs/srv/mode_switch.h
[0.530s] -- Up-to-date: /home/skemp32/ros2_ws/install/ardupilot_msgs/include/ardupilot_msgs/ardupilot_msgs/srv/arm_motors.h
[0.531s] -- Up-to-date: /home/skemp32/ros2_ws/install/ardupilot_msgs/include/ardupilot_msgs/ardupilot_msgs/srv/detail
[0.531s] -- Up-to-date: /home/skemp32/ros2_ws/install/ardupilot_msgs/include/ardupilot_msgs/ardupilot_msgs/srv/detail/mode_switch__functions.h
[0.531s] -- Up-to-date: /home/skemp32/ros2_ws/install/ardupilot_msgs/include/ardupilot_msgs/ardupilot_msgs/srv/detail/mode_switch__struct.h
[0.531s] -- Up-to-date: /home/skemp32/ros2_ws/install/ardupilot_msgs/include/ardupilot_msgs/ardupilot_msgs/srv/detail/arm_motors__functions.c
[0.531s] -- Up-to-date: /home/skemp32/ros2_ws/install/ardupilot_msgs/include/ardupilot_msgs/ardupilot_msgs/srv/detail/arm_motors__functions.h
[0.532s] -- Up-to-date: /home/skemp32/ros2_ws/install/ardupilot_msgs/include/ardupilot_msgs/ardupilot_msgs/srv/detail/arm_motors__type_support.h
[0.532s] -- Up-to-date: /home/skemp32/ros2_ws/install/ardupilot_msgs/include/ardupilot_msgs/ardupilot_msgs/srv/detail/mode_switch__functions.c
[0.532s] -- Up-to-date: /home/skemp32/ros2_ws/install/ardupilot_msgs/include/ardupilot_msgs/ardupilot_msgs/srv/detail/arm_motors__struct.h
[0.532s] -- Up-to-date: /home/skemp32/ros2_ws/install/ardupilot_msgs/include/ardupilot_msgs/ardupilot_msgs/srv/detail/mode_switch__type_support.h
[0.532s] -- Up-to-date: /home/skemp32/ros2_ws/install/ardupilot_msgs/share/ardupilot_msgs/environment/library_path.sh
[0.533s] -- Up-to-date: /home/skemp32/ros2_ws/install/ardupilot_msgs/share/ardupilot_msgs/environment/library_path.dsv
[0.533s] -- Up-to-date: /home/skemp32/ros2_ws/install/ardupilot_msgs/lib/libardupilot_msgs__rosidl_generator_c.so
[0.533s] -- Up-to-date: /home/skemp32/ros2_ws/install/ardupilot_msgs/include/ardupilot_msgs/ardupilot_msgs
[0.533s] -- Up-to-date: /home/skemp32/ros2_ws/install/ardupilot_msgs/include/ardupilot_msgs/ardupilot_msgs/msg
[0.533s] -- Up-to-date: /home/skemp32/ros2_ws/install/ardupilot_msgs/include/ardupilot_msgs/ardupilot_msgs/msg/detail
[0.534s] -- Up-to-date: /home/skemp32/ros2_ws/install/ardupilot_msgs/include/ardupilot_msgs/ardupilot_msgs/msg/detail/global_position__rosidl_typesupport_fastrtps_c.h
[0.534s] -- Up-to-date: /home/skemp32/ros2_ws/install/ardupilot_msgs/include/ardupilot_msgs/ardupilot_msgs/msg/rosidl_typesupport_fastrtps_c__visibility_control.h
[0.534s] -- Up-to-date: /home/skemp32/ros2_ws/install/ardupilot_msgs/include/ardupilot_msgs/ardupilot_msgs/srv
[0.534s] -- Up-to-date: /home/skemp32/ros2_ws/install/ardupilot_msgs/include/ardupilot_msgs/ardupilot_msgs/srv/detail
[0.534s] -- Up-to-date: /home/skemp32/ros2_ws/install/ardupilot_msgs/include/ardupilot_msgs/ardupilot_msgs/srv/detail/arm_motors__rosidl_typesupport_fastrtps_c.h
[0.535s] -- Up-to-date: /home/skemp32/ros2_ws/install/ardupilot_msgs/include/ardupilot_msgs/ardupilot_msgs/srv/detail/mode_switch__rosidl_typesupport_fastrtps_c.h
[0.535s] -- Up-to-date: /home/skemp32/ros2_ws/install/ardupilot_msgs/lib/libardupilot_msgs__rosidl_typesupport_fastrtps_c.so
[0.535s] -- Up-to-date: /home/skemp32/ros2_ws/install/ardupilot_msgs/include/ardupilot_msgs/ardupilot_msgs
[0.535s] -- Up-to-date: /home/skemp32/ros2_ws/install/ardupilot_msgs/include/ardupilot_msgs/ardupilot_msgs/msg
[0.535s] -- Up-to-date: /home/skemp32/ros2_ws/install/ardupilot_msgs/include/ardupilot_msgs/ardupilot_msgs/msg/global_position.hpp
[0.536s] -- Up-to-date: /home/skemp32/ros2_ws/install/ardupilot_msgs/include/ardupilot_msgs/ardupilot_msgs/msg/detail
[0.536s] -- Up-to-date: /home/skemp32/ros2_ws/install/ardupilot_msgs/include/ardupilot_msgs/ardupilot_msgs/msg/detail/global_position__traits.hpp
[0.536s] -- Up-to-date: /home/skemp32/ros2_ws/install/ardupilot_msgs/include/ardupilot_msgs/ardupilot_msgs/msg/detail/global_position__struct.hpp
[0.536s] -- Up-to-date: /home/skemp32/ros2_ws/install/ardupilot_msgs/include/ardupilot_msgs/ardupilot_msgs/msg/detail/global_position__builder.hpp
[0.536s] -- Up-to-date: /home/skemp32/ros2_ws/install/ardupilot_msgs/include/ardupilot_msgs/ardupilot_msgs/srv
[0.537s] -- Up-to-date: /home/skemp32/ros2_ws/install/ardupilot_msgs/include/ardupilot_msgs/ardupilot_msgs/srv/mode_switch.hpp
[0.537s] -- Up-to-date: /home/skemp32/ros2_ws/install/ardupilot_msgs/include/ardupilot_msgs/ardupilot_msgs/srv/arm_motors.hpp
[0.537s] -- Up-to-date: /home/skemp32/ros2_ws/install/ardupilot_msgs/include/ardupilot_msgs/ardupilot_msgs/srv/detail
[0.537s] -- Up-to-date: /home/skemp32/ros2_ws/install/ardupilot_msgs/include/ardupilot_msgs/ardupilot_msgs/srv/detail/mode_switch__builder.hpp
[0.537s] -- Up-to-date: /home/skemp32/ros2_ws/install/ardupilot_msgs/include/ardupilot_msgs/ardupilot_msgs/srv/detail/mode_switch__traits.hpp
[0.537s] -- Up-to-date: /home/skemp32/ros2_ws/install/ardupilot_msgs/include/ardupilot_msgs/ardupilot_msgs/srv/detail/arm_motors__struct.hpp
[0.537s] -- Up-to-date: /home/skemp32/ros2_ws/install/ardupilot_msgs/include/ardupilot_msgs/ardupilot_msgs/srv/detail/arm_motors__builder.hpp
[0.537s] -- Up-to-date: /home/skemp32/ros2_ws/install/ardupilot_msgs/include/ardupilot_msgs/ardupilot_msgs/srv/detail/arm_motors__traits.hpp
[0.537s] -- Up-to-date: /home/skemp32/ros2_ws/install/ardupilot_msgs/include/ardupilot_msgs/ardupilot_msgs/srv/detail/mode_switch__struct.hpp
[0.537s] -- Up-to-date: /home/skemp32/ros2_ws/install/ardupilot_msgs/include/ardupilot_msgs/ardupilot_msgs
[0.538s] -- Up-to-date: /home/skemp32/ros2_ws/install/ardupilot_msgs/include/ardupilot_msgs/ardupilot_msgs/msg
[0.538s] -- Up-to-date: /home/skemp32/ros2_ws/install/ardupilot_msgs/include/ardupilot_msgs/ardupilot_msgs/msg/detail
[0.538s] -- Up-to-date: /home/skemp32/ros2_ws/install/ardupilot_msgs/include/ardupilot_msgs/ardupilot_msgs/msg/detail/dds_fastrtps
[0.538s] -- Up-to-date: /home/skemp32/ros2_ws/install/ardupilot_msgs/include/ardupilot_msgs/ardupilot_msgs/msg/detail/global_position__rosidl_typesupport_fastrtps_cpp.hpp
[0.538s] -- Up-to-date: /home/skemp32/ros2_ws/install/ardupilot_msgs/include/ardupilot_msgs/ardupilot_msgs/msg/rosidl_typesupport_fastrtps_cpp__visibility_control.h
[0.538s] -- Up-to-date: /home/skemp32/ros2_ws/install/ardupilot_msgs/include/ardupilot_msgs/ardupilot_msgs/srv
[0.538s] -- Up-to-date: /home/skemp32/ros2_ws/install/ardupilot_msgs/include/ardupilot_msgs/ardupilot_msgs/srv/detail
[0.538s] -- Up-to-date: /home/skemp32/ros2_ws/install/ardupilot_msgs/include/ardupilot_msgs/ardupilot_msgs/srv/detail/arm_motors__rosidl_typesupport_fastrtps_cpp.hpp
[0.538s] -- Up-to-date: /home/skemp32/ros2_ws/install/ardupilot_msgs/include/ardupilot_msgs/ardupilot_msgs/srv/detail/dds_fastrtps
[0.538s] -- Up-to-date: /home/skemp32/ros2_ws/install/ardupilot_msgs/include/ardupilot_msgs/ardupilot_msgs/srv/detail/mode_switch__rosidl_typesupport_fastrtps_cpp.hpp
[0.538s] -- Up-to-date: /home/skemp32/ros2_ws/install/ardupilot_msgs/lib/libardupilot_msgs__rosidl_typesupport_fastrtps_cpp.so
[0.538s] -- Up-to-date: /home/skemp32/ros2_ws/install/ardupilot_msgs/include/ardupilot_msgs/ardupilot_msgs
[0.538s] -- Up-to-date: /home/skemp32/ros2_ws/install/ardupilot_msgs/include/ardupilot_msgs/ardupilot_msgs/msg
[0.538s] -- Up-to-date: /home/skemp32/ros2_ws/install/ardupilot_msgs/include/ardupilot_msgs/ardupilot_msgs/msg/detail
[0.538s] -- Up-to-date: /home/skemp32/ros2_ws/install/ardupilot_msgs/include/ardupilot_msgs/ardupilot_msgs/msg/detail/global_position__type_support.c
[0.538s] -- Up-to-date: /home/skemp32/ros2_ws/install/ardupilot_msgs/include/ardupilot_msgs/ardupilot_msgs/msg/detail/global_position__rosidl_typesupport_introspection_c.h
[0.538s] -- Up-to-date: /home/skemp32/ros2_ws/install/ardupilot_msgs/include/ardupilot_msgs/ardupilot_msgs/msg/rosidl_typesupport_introspection_c__visibility_control.h
[0.539s] -- Up-to-date: /home/skemp32/ros2_ws/install/ardupilot_msgs/include/ardupilot_msgs/ardupilot_msgs/srv
[0.539s] -- Up-to-date: /home/skemp32/ros2_ws/install/ardupilot_msgs/include/ardupilot_msgs/ardupilot_msgs/srv/detail
[0.539s] -- Up-to-date: /home/skemp32/ros2_ws/install/ardupilot_msgs/include/ardupilot_msgs/ardupilot_msgs/srv/detail/arm_motors__type_support.c
[0.539s] -- Up-to-date: /home/skemp32/ros2_ws/install/ardupilot_msgs/include/ardupilot_msgs/ardupilot_msgs/srv/detail/mode_switch__rosidl_typesupport_introspection_c.h
[0.539s] -- Up-to-date: /home/skemp32/ros2_ws/install/ardupilot_msgs/include/ardupilot_msgs/ardupilot_msgs/srv/detail/arm_motors__rosidl_typesupport_introspection_c.h
[0.539s] -- Up-to-date: /home/skemp32/ros2_ws/install/ardupilot_msgs/include/ardupilot_msgs/ardupilot_msgs/srv/detail/mode_switch__type_support.c
[0.539s] -- Up-to-date: /home/skemp32/ros2_ws/install/ardupilot_msgs/lib/libardupilot_msgs__rosidl_typesupport_introspection_c.so
[0.539s] -- Up-to-date: /home/skemp32/ros2_ws/install/ardupilot_msgs/lib/libardupilot_msgs__rosidl_typesupport_c.so
[0.539s] -- Up-to-date: /home/skemp32/ros2_ws/install/ardupilot_msgs/include/ardupilot_msgs/ardupilot_msgs
[0.539s] -- Up-to-date: /home/skemp32/ros2_ws/install/ardupilot_msgs/include/ardupilot_msgs/ardupilot_msgs/msg
[0.539s] -- Up-to-date: /home/skemp32/ros2_ws/install/ardupilot_msgs/include/ardupilot_msgs/ardupilot_msgs/msg/detail
[0.539s] -- Up-to-date: /home/skemp32/ros2_ws/install/ardupilot_msgs/include/ardupilot_msgs/ardupilot_msgs/msg/detail/global_position__type_support.cpp
[0.539s] -- Up-to-date: /home/skemp32/ros2_ws/install/ardupilot_msgs/include/ardupilot_msgs/ardupilot_msgs/msg/detail/global_position__rosidl_typesupport_introspection_cpp.hpp
[0.539s] -- Up-to-date: /home/skemp32/ros2_ws/install/ardupilot_msgs/include/ardupilot_msgs/ardupilot_msgs/srv
[0.539s] -- Up-to-date: /home/skemp32/ros2_ws/install/ardupilot_msgs/include/ardupilot_msgs/ardupilot_msgs/srv/detail
[0.539s] -- Up-to-date: /home/skemp32/ros2_ws/install/ardupilot_msgs/include/ardupilot_msgs/ardupilot_msgs/srv/detail/mode_switch__rosidl_typesupport_introspection_cpp.hpp
[0.539s] -- Up-to-date: /home/skemp32/ros2_ws/install/ardupilot_msgs/include/ardupilot_msgs/ardupilot_msgs/srv/detail/arm_motors__type_support.cpp
[0.539s] -- Up-to-date: /home/skemp32/ros2_ws/install/ardupilot_msgs/include/ardupilot_msgs/ardupilot_msgs/srv/detail/mode_switch__type_support.cpp
[0.539s] -- Up-to-date: /home/skemp32/ros2_ws/install/ardupilot_msgs/include/ardupilot_msgs/ardupilot_msgs/srv/detail/arm_motors__rosidl_typesupport_introspection_cpp.hpp
[0.540s] -- Up-to-date: /home/skemp32/ros2_ws/install/ardupilot_msgs/lib/libardupilot_msgs__rosidl_typesupport_introspection_cpp.so
[0.540s] -- Up-to-date: /home/skemp32/ros2_ws/install/ardupilot_msgs/lib/libardupilot_msgs__rosidl_typesupport_cpp.so
[0.540s] -- Up-to-date: /home/skemp32/ros2_ws/install/ardupilot_msgs/share/ardupilot_msgs/environment/pythonpath.sh
[0.540s] -- Up-to-date: /home/skemp32/ros2_ws/install/ardupilot_msgs/share/ardupilot_msgs/environment/pythonpath.dsv
[0.540s] -- Up-to-date: /home/skemp32/ros2_ws/install/ardupilot_msgs/local/lib/python3.10/dist-packages/ardupilot_msgs-0.0.0-py3.10.egg-info
[0.540s] -- Installing: /home/skemp32/ros2_ws/install/ardupilot_msgs/local/lib/python3.10/dist-packages/ardupilot_msgs-0.0.0-py3.10.egg-info/dependency_links.txt
[0.540s] -- Installing: /home/skemp32/ros2_ws/install/ardupilot_msgs/local/lib/python3.10/dist-packages/ardupilot_msgs-0.0.0-py3.10.egg-info/SOURCES.txt
[0.540s] -- Installing: /home/skemp32/ros2_ws/install/ardupilot_msgs/local/lib/python3.10/dist-packages/ardupilot_msgs-0.0.0-py3.10.egg-info/PKG-INFO
[0.540s] -- Installing: /home/skemp32/ros2_ws/install/ardupilot_msgs/local/lib/python3.10/dist-packages/ardupilot_msgs-0.0.0-py3.10.egg-info/top_level.txt
[0.540s] -- Up-to-date: /home/skemp32/ros2_ws/install/ardupilot_msgs/local/lib/python3.10/dist-packages/ardupilot_msgs
[0.540s] -- Up-to-date: /home/skemp32/ros2_ws/install/ardupilot_msgs/local/lib/python3.10/dist-packages/ardupilot_msgs/_ardupilot_msgs_s.ep.rosidl_typesupport_c.c
[0.540s] -- Up-to-date: /home/skemp32/ros2_ws/install/ardupilot_msgs/local/lib/python3.10/dist-packages/ardupilot_msgs/ardupilot_msgs_s__rosidl_typesupport_fastrtps_c.cpython-310-x86_64-linux-gnu.so
[0.540s] -- Up-to-date: /home/skemp32/ros2_ws/install/ardupilot_msgs/local/lib/python3.10/dist-packages/ardupilot_msgs/_ardupilot_msgs_s.ep.rosidl_typesupport_fastrtps_c.c
[0.540s] -- Up-to-date: /home/skemp32/ros2_ws/install/ardupilot_msgs/local/lib/python3.10/dist-packages/ardupilot_msgs/__init__.py
[0.540s] -- Up-to-date: /home/skemp32/ros2_ws/install/ardupilot_msgs/local/lib/python3.10/dist-packages/ardupilot_msgs/_ardupilot_msgs_s.ep.rosidl_typesupport_introspection_c.c
[0.540s] -- Up-to-date: /home/skemp32/ros2_ws/install/ardupilot_msgs/local/lib/python3.10/dist-packages/ardupilot_msgs/libardupilot_msgs__rosidl_generator_py.so
[0.540s] -- Up-to-date: /home/skemp32/ros2_ws/install/ardupilot_msgs/local/lib/python3.10/dist-packages/ardupilot_msgs/ardupilot_msgs_s__rosidl_typesupport_introspection_c.cpython-310-x86_64-linux-gnu.so
[0.540s] -- Up-to-date: /home/skemp32/ros2_ws/install/ardupilot_msgs/local/lib/python3.10/dist-packages/ardupilot_msgs/msg
[0.540s] -- Up-to-date: /home/skemp32/ros2_ws/install/ardupilot_msgs/local/lib/python3.10/dist-packages/ardupilot_msgs/msg/_global_position.py
[0.541s] -- Up-to-date: /home/skemp32/ros2_ws/install/ardupilot_msgs/local/lib/python3.10/dist-packages/ardupilot_msgs/msg/__init__.py
[0.541s] -- Up-to-date: /home/skemp32/ros2_ws/install/ardupilot_msgs/local/lib/python3.10/dist-packages/ardupilot_msgs/msg/_global_position_s.c
[0.541s] -- Up-to-date: /home/skemp32/ros2_ws/install/ardupilot_msgs/local/lib/python3.10/dist-packages/ardupilot_msgs/ardupilot_msgs_s__rosidl_typesupport_c.cpython-310-x86_64-linux-gnu.so
[0.541s] -- Up-to-date: /home/skemp32/ros2_ws/install/ardupilot_msgs/local/lib/python3.10/dist-packages/ardupilot_msgs/srv
[0.541s] -- Up-to-date: /home/skemp32/ros2_ws/install/ardupilot_msgs/local/lib/python3.10/dist-packages/ardupilot_msgs/srv/_mode_switch_s.c
[0.541s] -- Up-to-date: /home/skemp32/ros2_ws/install/ardupilot_msgs/local/lib/python3.10/dist-packages/ardupilot_msgs/srv/_mode_switch.py
[0.541s] -- Up-to-date: /home/skemp32/ros2_ws/install/ardupilot_msgs/local/lib/python3.10/dist-packages/ardupilot_msgs/srv/_arm_motors_s.c
[0.541s] -- Up-to-date: /home/skemp32/ros2_ws/install/ardupilot_msgs/local/lib/python3.10/dist-packages/ardupilot_msgs/srv/_arm_motors.py
[0.541s] -- Up-to-date: /home/skemp32/ros2_ws/install/ardupilot_msgs/local/lib/python3.10/dist-packages/ardupilot_msgs/srv/__init__.py
[0.564s] Listing '/home/skemp32/ros2_ws/install/ardupilot_msgs/local/lib/python3.10/dist-packages/ardupilot_msgs'...
[0.564s] Listing '/home/skemp32/ros2_ws/install/ardupilot_msgs/local/lib/python3.10/dist-packages/ardupilot_msgs/msg'...
[0.564s] Listing '/home/skemp32/ros2_ws/install/ardupilot_msgs/local/lib/python3.10/dist-packages/ardupilot_msgs/srv'...
[0.567s] -- Up-to-date: /home/skemp32/ros2_ws/install/ardupilot_msgs/local/lib/python3.10/dist-packages/ardupilot_msgs/ardupilot_msgs_s__rosidl_typesupport_fastrtps_c.cpython-310-x86_64-linux-gnu.so
[0.567s] -- Up-to-date: /home/skemp32/ros2_ws/install/ardupilot_msgs/local/lib/python3.10/dist-packages/ardupilot_msgs/ardupilot_msgs_s__rosidl_typesupport_introspection_c.cpython-310-x86_64-linux-gnu.so
[0.568s] -- Up-to-date: /home/skemp32/ros2_ws/install/ardupilot_msgs/local/lib/python3.10/dist-packages/ardupilot_msgs/ardupilot_msgs_s__rosidl_typesupport_c.cpython-310-x86_64-linux-gnu.so
[0.568s] -- Up-to-date: /home/skemp32/ros2_ws/install/ardupilot_msgs/lib/libardupilot_msgs__rosidl_generator_py.so
[0.568s] -- Up-to-date: /home/skemp32/ros2_ws/install/ardupilot_msgs/share/ardupilot_msgs/msg/GlobalPosition.idl
[0.569s] -- Up-to-date: /home/skemp32/ros2_ws/install/ardupilot_msgs/share/ardupilot_msgs/srv/ArmMotors.idl
[0.569s] -- Up-to-date: /home/skemp32/ros2_ws/install/ardupilot_msgs/share/ardupilot_msgs/srv/ModeSwitch.idl
[0.569s] -- Up-to-date: /home/skemp32/ros2_ws/install/ardupilot_msgs/share/ardupilot_msgs/msg/GlobalPosition.msg
[0.569s] -- Up-to-date: /home/skemp32/ros2_ws/install/ardupilot_msgs/share/ardupilot_msgs/srv/ArmMotors.srv
[0.570s] -- Up-to-date: /home/skemp32/ros2_ws/install/ardupilot_msgs/share/ardupilot_msgs/srv/ArmMotors_Request.msg
[0.570s] -- Up-to-date: /home/skemp32/ros2_ws/install/ardupilot_msgs/share/ardupilot_msgs/srv/ArmMotors_Response.msg
[0.570s] -- Up-to-date: /home/skemp32/ros2_ws/install/ardupilot_msgs/share/ardupilot_msgs/srv/ModeSwitch.srv
[0.570s] -- Up-to-date: /home/skemp32/ros2_ws/install/ardupilot_msgs/share/ardupilot_msgs/srv/ModeSwitch_Request.msg
[0.570s] -- Up-to-date: /home/skemp32/ros2_ws/install/ardupilot_msgs/share/ardupilot_msgs/srv/ModeSwitch_Response.msg
[0.570s] -- Up-to-date: /home/skemp32/ros2_ws/install/ardupilot_msgs/share/ament_index/resource_index/package_run_dependencies/ardupilot_msgs
[0.571s] -- Up-to-date: /home/skemp32/ros2_ws/install/ardupilot_msgs/share/ament_index/resource_index/parent_prefix_path/ardupilot_msgs
[0.571s] -- Up-to-date: /home/skemp32/ros2_ws/install/ardupilot_msgs/share/ardupilot_msgs/environment/ament_prefix_path.sh
[0.571s] -- Up-to-date: /home/skemp32/ros2_ws/install/ardupilot_msgs/share/ardupilot_msgs/environment/ament_prefix_path.dsv
[0.571s] -- Up-to-date: /home/skemp32/ros2_ws/install/ardupilot_msgs/share/ardupilot_msgs/environment/path.sh
[0.572s] -- Up-to-date: /home/skemp32/ros2_ws/install/ardupilot_msgs/share/ardupilot_msgs/environment/path.dsv
[0.572s] -- Up-to-date: /home/skemp32/ros2_ws/install/ardupilot_msgs/share/ardupilot_msgs/local_setup.bash
[0.572s] -- Up-to-date: /home/skemp32/ros2_ws/install/ardupilot_msgs/share/ardupilot_msgs/local_setup.sh
[0.572s] -- Up-to-date: /home/skemp32/ros2_ws/install/ardupilot_msgs/share/ardupilot_msgs/local_setup.zsh
[0.572s] -- Up-to-date: /home/skemp32/ros2_ws/install/ardupilot_msgs/share/ardupilot_msgs/local_setup.dsv
[0.573s] -- Installing: /home/skemp32/ros2_ws/install/ardupilot_msgs/share/ardupilot_msgs/package.dsv
[0.573s] -- Up-to-date: /home/skemp32/ros2_ws/install/ardupilot_msgs/share/ament_index/resource_index/packages/ardupilot_msgs
[0.573s] -- Up-to-date: /home/skemp32/ros2_ws/install/ardupilot_msgs/share/ardupilot_msgs/cmake/export_ardupilot_msgs__rosidl_generator_cExport.cmake
[0.573s] -- Up-to-date: /home/skemp32/ros2_ws/install/ardupilot_msgs/share/ardupilot_msgs/cmake/export_ardupilot_msgs__rosidl_generator_cExport-noconfig.cmake
[0.573s] -- Up-to-date: /home/skemp32/ros2_ws/install/ardupilot_msgs/share/ardupilot_msgs/cmake/export_ardupilot_msgs__rosidl_typesupport_fastrtps_cExport.cmake
[0.574s] -- Up-to-date: /home/skemp32/ros2_ws/install/ardupilot_msgs/share/ardupilot_msgs/cmake/export_ardupilot_msgs__rosidl_typesupport_fastrtps_cExport-noconfig.cmake
[0.574s] -- Up-to-date: /home/skemp32/ros2_ws/install/ardupilot_msgs/share/ardupilot_msgs/cmake/export_ardupilot_msgs__rosidl_generator_cppExport.cmake
[0.574s] -- Up-to-date: /home/skemp32/ros2_ws/install/ardupilot_msgs/share/ardupilot_msgs/cmake/export_ardupilot_msgs__rosidl_typesupport_fastrtps_cppExport.cmake
[0.574s] -- Up-to-date: /home/skemp32/ros2_ws/install/ardupilot_msgs/share/ardupilot_msgs/cmake/export_ardupilot_msgs__rosidl_typesupport_fastrtps_cppExport-noconfig.cmake
[0.574s] -- Up-to-date: /home/skemp32/ros2_ws/install/ardupilot_msgs/share/ardupilot_msgs/cmake/ardupilot_msgs__rosidl_typesupport_introspection_cExport.cmake
[0.574s] -- Up-to-date: /home/skemp32/ros2_ws/install/ardupilot_msgs/share/ardupilot_msgs/cmake/ardupilot_msgs__rosidl_typesupport_introspection_cExport-noconfig.cmake
[0.575s] -- Up-to-date: /home/skemp32/ros2_ws/install/ardupilot_msgs/share/ardupilot_msgs/cmake/ardupilot_msgs__rosidl_typesupport_cExport.cmake
[0.575s] -- Up-to-date: /home/skemp32/ros2_ws/install/ardupilot_msgs/share/ardupilot_msgs/cmake/ardupilot_msgs__rosidl_typesupport_cExport-noconfig.cmake
[0.575s] -- Up-to-date: /home/skemp32/ros2_ws/install/ardupilot_msgs/share/ardupilot_msgs/cmake/ardupilot_msgs__rosidl_typesupport_introspection_cppExport.cmake
[0.575s] -- Up-to-date: /home/skemp32/ros2_ws/install/ardupilot_msgs/share/ardupilot_msgs/cmake/ardupilot_msgs__rosidl_typesupport_introspection_cppExport-noconfig.cmake
[0.575s] -- Up-to-date: /home/skemp32/ros2_ws/install/ardupilot_msgs/share/ardupilot_msgs/cmake/ardupilot_msgs__rosidl_typesupport_cppExport.cmake
[0.575s] -- Up-to-date: /home/skemp32/ros2_ws/install/ardupilot_msgs/share/ardupilot_msgs/cmake/ardupilot_msgs__rosidl_typesupport_cppExport-noconfig.cmake
[0.575s] -- Up-to-date: /home/skemp32/ros2_ws/install/ardupilot_msgs/share/ardupilot_msgs/cmake/export_ardupilot_msgs__rosidl_generator_pyExport.cmake
[0.575s] -- Up-to-date: /home/skemp32/ros2_ws/install/ardupilot_msgs/share/ardupilot_msgs/cmake/export_ardupilot_msgs__rosidl_generator_pyExport-noconfig.cmake
[0.575s] -- Up-to-date: /home/skemp32/ros2_ws/install/ardupilot_msgs/share/ardupilot_msgs/cmake/rosidl_cmake-extras.cmake
[0.575s] -- Up-to-date: /home/skemp32/ros2_ws/install/ardupilot_msgs/share/ardupilot_msgs/cmake/ament_cmake_export_dependencies-extras.cmake
[0.575s] -- Up-to-date: /home/skemp32/ros2_ws/install/ardupilot_msgs/share/ardupilot_msgs/cmake/ament_cmake_export_include_directories-extras.cmake
[0.575s] -- Up-to-date: /home/skemp32/ros2_ws/install/ardupilot_msgs/share/ardupilot_msgs/cmake/ament_cmake_export_libraries-extras.cmake
[0.575s] -- Up-to-date: /home/skemp32/ros2_ws/install/ardupilot_msgs/share/ardupilot_msgs/cmake/ament_cmake_export_targets-extras.cmake
[0.575s] -- Up-to-date: /home/skemp32/ros2_ws/install/ardupilot_msgs/share/ardupilot_msgs/cmake/rosidl_cmake_export_typesupport_targets-extras.cmake
[0.575s] -- Up-to-date: /home/skemp32/ros2_ws/install/ardupilot_msgs/share/ardupilot_msgs/cmake/rosidl_cmake_export_typesupport_libraries-extras.cmake
[0.575s] -- Up-to-date: /home/skemp32/ros2_ws/install/ardupilot_msgs/share/ardupilot_msgs/cmake/ardupilot_msgsConfig.cmake
[0.575s] -- Up-to-date: /home/skemp32/ros2_ws/install/ardupilot_msgs/share/ardupilot_msgs/cmake/ardupilot_msgsConfig-version.cmake
[0.575s] -- Up-to-date: /home/skemp32/ros2_ws/install/ardupilot_msgs/share/ardupilot_msgs/package.xml
[0.577s] Invoked command in '/home/skemp32/ros2_ws/build/ardupilot_msgs' returned '0': CMAKE_PREFIX_PATH=${CMAKE_PREFIX_PATH}:/home/skemp32/ros2_ws/install/ardupilot_dds_tests:/opt/ros/humble /usr/bin/cmake --install /home/skemp32/ros2_ws/build/ardupilot_msgs
