[0.064s] Invoking command in '/home/skemp32/ros2_ws/build/ros_gz_sim': CMAKE_PREFIX_PATH=/opt/ros/humble /usr/bin/cmake --build /home/skemp32/ros2_ws/build/ros_gz_sim -- -j12 -l12
[0.155s] [35m[1mConsolidate compiler generated dependencies of target gtest_main[0m
[0.172s] [35m[1mConsolidate compiler generated dependencies of target ros_gz_sim[0m
[0.172s] [35m[1mConsolidate compiler generated dependencies of target gtest[0m
[0.189s] [35m[1mConsolidate compiler generated dependencies of target create[0m
[0.216s] [ 20%] Built target gtest_main
[0.222s] [ 40%] Built target ros_gz_sim
[0.232s] [ 60%] Built target create
[0.232s] [ 80%] Built target gtest
[0.264s] [35m[1mConsolidate compiler generated dependencies of target test_stopwatch[0m
[0.290s] [100%] Built target test_stopwatch
[0.349s] Invoked command in '/home/skemp32/ros2_ws/build/ros_gz_sim' returned '0': CMAKE_PREFIX_PATH=/opt/ros/humble /usr/bin/cmake --build /home/skemp32/ros2_ws/build/ros_gz_sim -- -j12 -l12
[0.430s] Invoking command in '/home/skemp32/ros2_ws/build/ros_gz_sim': CMAKE_PREFIX_PATH=/opt/ros/humble /usr/bin/cmake --install /home/skemp32/ros2_ws/build/ros_gz_sim
[0.441s] -- Install configuration: ""
[0.441s] -- Up-to-date: /home/skemp32/ros2_ws/install/ros_gz_sim/include/ros_gz_sim
[0.441s] -- Up-to-date: /home/skemp32/ros2_ws/install/ros_gz_sim/include/ros_gz_sim/Stopwatch.hpp
[0.442s] -- Up-to-date: /home/skemp32/ros2_ws/install/ros_gz_sim/share/ros_gz_sim/launch/gz_sim.launch.py
[0.443s] -- Up-to-date: /home/skemp32/ros2_ws/install/ros_gz_sim/lib/ros_gz_sim/create
[0.445s] -- Up-to-date: /home/skemp32/ros2_ws/install/ros_gz_sim/lib/libros_gz_sim.so
[0.446s] -- Up-to-date: /home/skemp32/ros2_ws/install/ros_gz_sim/lib/ros_gz_sim/test_stopwatch
[0.447s] -- Up-to-date: /home/skemp32/ros2_ws/install/ros_gz_sim/share/ament_index/resource_index/package_run_dependencies/ros_gz_sim
[0.448s] -- Up-to-date: /home/skemp32/ros2_ws/install/ros_gz_sim/share/ament_index/resource_index/parent_prefix_path/ros_gz_sim
[0.448s] -- Up-to-date: /home/skemp32/ros2_ws/install/ros_gz_sim/share/ros_gz_sim/environment/ament_prefix_path.sh
[0.449s] -- Up-to-date: /home/skemp32/ros2_ws/install/ros_gz_sim/share/ros_gz_sim/environment/ament_prefix_path.dsv
[0.449s] -- Up-to-date: /home/skemp32/ros2_ws/install/ros_gz_sim/share/ros_gz_sim/environment/path.sh
[0.449s] -- Up-to-date: /home/skemp32/ros2_ws/install/ros_gz_sim/share/ros_gz_sim/environment/path.dsv
[0.449s] -- Up-to-date: /home/skemp32/ros2_ws/install/ros_gz_sim/share/ros_gz_sim/local_setup.bash
[0.449s] -- Up-to-date: /home/skemp32/ros2_ws/install/ros_gz_sim/share/ros_gz_sim/local_setup.sh
[0.449s] -- Up-to-date: /home/skemp32/ros2_ws/install/ros_gz_sim/share/ros_gz_sim/local_setup.zsh
[0.450s] -- Up-to-date: /home/skemp32/ros2_ws/install/ros_gz_sim/share/ros_gz_sim/local_setup.dsv
[0.450s] -- Installing: /home/skemp32/ros2_ws/install/ros_gz_sim/share/ros_gz_sim/package.dsv
[0.450s] -- Up-to-date: /home/skemp32/ros2_ws/install/ros_gz_sim/share/ament_index/resource_index/packages/ros_gz_sim
[0.452s] -- Up-to-date: /home/skemp32/ros2_ws/install/ros_gz_sim/share/ros_gz_sim/cmake/ros_gz_simExport.cmake
[0.452s] -- Up-to-date: /home/skemp32/ros2_ws/install/ros_gz_sim/share/ros_gz_sim/cmake/ros_gz_simExport-noconfig.cmake
[0.452s] -- Up-to-date: /home/skemp32/ros2_ws/install/ros_gz_sim/share/ros_gz_sim/cmake/ament_cmake_export_targets-extras.cmake
[0.453s] -- Up-to-date: /home/skemp32/ros2_ws/install/ros_gz_sim/share/ros_gz_sim/cmake/ament_cmake_export_dependencies-extras.cmake
[0.453s] -- Up-to-date: /home/skemp32/ros2_ws/install/ros_gz_sim/share/ros_gz_sim/cmake/ros_gz_simConfig.cmake
[0.453s] -- Up-to-date: /home/skemp32/ros2_ws/install/ros_gz_sim/share/ros_gz_sim/cmake/ros_gz_simConfig-version.cmake
[0.453s] -- Up-to-date: /home/skemp32/ros2_ws/install/ros_gz_sim/share/ros_gz_sim/package.xml
[0.457s] Invoked command in '/home/skemp32/ros2_ws/build/ros_gz_sim' returned '0': CMAKE_PREFIX_PATH=/opt/ros/humble /usr/bin/cmake --install /home/skemp32/ros2_ws/build/ros_gz_sim
