[2.117s] Invoking command in '/home/skemp32/ros2_ws/build/ardupilot_gz_bringup': CMAKE_PREFIX_PATH=/home/skemp32/ros2_ws/install/sdformat_urdf:/home/skemp32/ros2_ws/install/ros_gz_bridge:/home/skemp32/ros2_ws/install/ardupilot_sitl_models:/home/skemp32/ros2_ws/install/ardupilot_sitl:/home/skemp32/ros2_ws/install/sdformat_test_files:/home/skemp32/ros2_ws/install/ros_gz_sim:/home/skemp32/ros2_ws/install/ros_gz_interfaces:/home/skemp32/ros2_ws/install/micro_ros_agent:/home/skemp32/ros2_ws/install/ardupilot_msgs:/home/skemp32/ros2_ws/install/ardupilot_gz_gazebo:/home/skemp32/ros2_ws/install/ardupilot_gz_description:/home/skemp32/ros2_ws/install/ardupilot_gazebo:/home/skemp32/ros2_ws/install/ardupilot_gz_bringup:/home/skemp32/ros2_ws/install/ardupilot_dds_tests:/opt/ros/humble GZ_SIM_PLUGIN_PATH=/home/skemp32/ros2_ws/install/ardupilot_sitl_models/lib/ardupilot_sitl_models:/home/skemp32/ros2_ws/install/ardupilot_gazebo/lib/ardupilot_gazebo GZ_SIM_PLUGIn_PATH=/home/skemp32/ros2_ws/install/ardupilot_gz_gazebo/lib/ardupilot_gz_gazebo LD_LIBRARY_PATH=/home/skemp32/ros2_ws/install/sdformat_urdf/lib:/home/skemp32/ros2_ws/install/ros_gz_bridge/lib:/home/skemp32/ros2_ws/install/ros_gz_sim/lib:/home/skemp32/ros2_ws/install/ros_gz_interfaces/lib:/home/skemp32/ros2_ws/install/micro_ros_agent/lib:/home/skemp32/ros2_ws/install/ardupilot_msgs/lib:/opt/ros/humble/opt/rviz_ogre_vendor/lib:/opt/ros/humble/lib/x86_64-linux-gnu:/opt/ros/humble/lib /usr/bin/cmake --build /home/skemp32/ros2_ws/build/ardupilot_gz_bringup -- -j12 -l12
[2.155s] Invoked command in '/home/skemp32/ros2_ws/build/ardupilot_gz_bringup' returned '0': CMAKE_PREFIX_PATH=/home/skemp32/ros2_ws/install/sdformat_urdf:/home/skemp32/ros2_ws/install/ros_gz_bridge:/home/skemp32/ros2_ws/install/ardupilot_sitl_models:/home/skemp32/ros2_ws/install/ardupilot_sitl:/home/skemp32/ros2_ws/install/sdformat_test_files:/home/skemp32/ros2_ws/install/ros_gz_sim:/home/skemp32/ros2_ws/install/ros_gz_interfaces:/home/skemp32/ros2_ws/install/micro_ros_agent:/home/skemp32/ros2_ws/install/ardupilot_msgs:/home/skemp32/ros2_ws/install/ardupilot_gz_gazebo:/home/skemp32/ros2_ws/install/ardupilot_gz_description:/home/skemp32/ros2_ws/install/ardupilot_gazebo:/home/skemp32/ros2_ws/install/ardupilot_gz_bringup:/home/skemp32/ros2_ws/install/ardupilot_dds_tests:/opt/ros/humble GZ_SIM_PLUGIN_PATH=/home/skemp32/ros2_ws/install/ardupilot_sitl_models/lib/ardupilot_sitl_models:/home/skemp32/ros2_ws/install/ardupilot_gazebo/lib/ardupilot_gazebo GZ_SIM_PLUGIn_PATH=/home/skemp32/ros2_ws/install/ardupilot_gz_gazebo/lib/ardupilot_gz_gazebo LD_LIBRARY_PATH=/home/skemp32/ros2_ws/install/sdformat_urdf/lib:/home/skemp32/ros2_ws/install/ros_gz_bridge/lib:/home/skemp32/ros2_ws/install/ros_gz_sim/lib:/home/skemp32/ros2_ws/install/ros_gz_interfaces/lib:/home/skemp32/ros2_ws/install/micro_ros_agent/lib:/home/skemp32/ros2_ws/install/ardupilot_msgs/lib:/opt/ros/humble/opt/rviz_ogre_vendor/lib:/opt/ros/humble/lib/x86_64-linux-gnu:/opt/ros/humble/lib /usr/bin/cmake --build /home/skemp32/ros2_ws/build/ardupilot_gz_bringup -- -j12 -l12
[2.181s] Invoking command in '/home/skemp32/ros2_ws/build/ardupilot_gz_bringup': CMAKE_PREFIX_PATH=/home/skemp32/ros2_ws/install/sdformat_urdf:/home/skemp32/ros2_ws/install/ros_gz_bridge:/home/skemp32/ros2_ws/install/ardupilot_sitl_models:/home/skemp32/ros2_ws/install/ardupilot_sitl:/home/skemp32/ros2_ws/install/sdformat_test_files:/home/skemp32/ros2_ws/install/ros_gz_sim:/home/skemp32/ros2_ws/install/ros_gz_interfaces:/home/skemp32/ros2_ws/install/micro_ros_agent:/home/skemp32/ros2_ws/install/ardupilot_msgs:/home/skemp32/ros2_ws/install/ardupilot_gz_gazebo:/home/skemp32/ros2_ws/install/ardupilot_gz_description:/home/skemp32/ros2_ws/install/ardupilot_gazebo:/home/skemp32/ros2_ws/install/ardupilot_gz_bringup:/home/skemp32/ros2_ws/install/ardupilot_dds_tests:/opt/ros/humble GZ_SIM_PLUGIN_PATH=/home/skemp32/ros2_ws/install/ardupilot_sitl_models/lib/ardupilot_sitl_models:/home/skemp32/ros2_ws/install/ardupilot_gazebo/lib/ardupilot_gazebo GZ_SIM_PLUGIn_PATH=/home/skemp32/ros2_ws/install/ardupilot_gz_gazebo/lib/ardupilot_gz_gazebo LD_LIBRARY_PATH=/home/skemp32/ros2_ws/install/sdformat_urdf/lib:/home/skemp32/ros2_ws/install/ros_gz_bridge/lib:/home/skemp32/ros2_ws/install/ros_gz_sim/lib:/home/skemp32/ros2_ws/install/ros_gz_interfaces/lib:/home/skemp32/ros2_ws/install/micro_ros_agent/lib:/home/skemp32/ros2_ws/install/ardupilot_msgs/lib:/opt/ros/humble/opt/rviz_ogre_vendor/lib:/opt/ros/humble/lib/x86_64-linux-gnu:/opt/ros/humble/lib /usr/bin/cmake --install /home/skemp32/ros2_ws/build/ardupilot_gz_bringup
[2.187s] -- Install configuration: ""
[2.187s] -- Up-to-date: /home/skemp32/ros2_ws/install/ardupilot_gz_bringup/share/ardupilot_gz_bringup/launch
[2.187s] -- Up-to-date: /home/skemp32/ros2_ws/install/ardupilot_gz_bringup/share/ardupilot_gz_bringup/launch/robots
[2.187s] -- Installing: /home/skemp32/ros2_ws/install/ardupilot_gz_bringup/share/ardupilot_gz_bringup/launch/robots/iris_lidar.launch.py
[2.188s] -- Up-to-date: /home/skemp32/ros2_ws/install/ardupilot_gz_bringup/share/ardupilot_gz_bringup/launch/robots/wildthumper.launch.py
[2.188s] -- Up-to-date: /home/skemp32/ros2_ws/install/ardupilot_gz_bringup/share/ardupilot_gz_bringup/launch/robots/iris.launch.py
[2.188s] -- Up-to-date: /home/skemp32/ros2_ws/install/ardupilot_gz_bringup/share/ardupilot_gz_bringup/launch/wildthumper_playpen.launch.py
[2.189s] -- Installing: /home/skemp32/ros2_ws/install/ardupilot_gz_bringup/share/ardupilot_gz_bringup/launch/iris_maze.launch.py
[2.189s] -- Up-to-date: /home/skemp32/ros2_ws/install/ardupilot_gz_bringup/share/ardupilot_gz_bringup/launch/iris_runway.launch.py
[2.189s] -- Up-to-date: /home/skemp32/ros2_ws/install/ardupilot_gz_bringup/share/ardupilot_gz_bringup/config
[2.189s] -- Up-to-date: /home/skemp32/ros2_ws/install/ardupilot_gz_bringup/share/ardupilot_gz_bringup/config/wildthumper_bridge.yaml
[2.189s] -- Up-to-date: /home/skemp32/ros2_ws/install/ardupilot_gz_bringup/share/ardupilot_gz_bringup/config/iris_bridge.yaml
[2.189s] -- Up-to-date: /home/skemp32/ros2_ws/install/ardupilot_gz_bringup/share/ardupilot_gz_bringup/config/iris_lidar_bridge.yaml
[2.189s] -- Up-to-date: /home/skemp32/ros2_ws/install/ardupilot_gz_bringup/share/ardupilot_gz_bringup/config/iris_waypoints.txt
[2.189s] -- Up-to-date: /home/skemp32/ros2_ws/install/ardupilot_gz_bringup/share/ardupilot_gz_bringup/rviz
[2.190s] -- Up-to-date: /home/skemp32/ros2_ws/install/ardupilot_gz_bringup/share/ardupilot_gz_bringup/rviz/iris_with_lidar.rviz
[2.190s] -- Up-to-date: /home/skemp32/ros2_ws/install/ardupilot_gz_bringup/share/ardupilot_gz_bringup/rviz/wildthumper.rviz
[2.190s] -- Up-to-date: /home/skemp32/ros2_ws/install/ardupilot_gz_bringup/share/ardupilot_gz_bringup/rviz/iris.rviz
[2.190s] -- Up-to-date: /home/skemp32/ros2_ws/install/ardupilot_gz_bringup/share/ament_index/resource_index/package_run_dependencies/ardupilot_gz_bringup
[2.190s] -- Up-to-date: /home/skemp32/ros2_ws/install/ardupilot_gz_bringup/share/ament_index/resource_index/parent_prefix_path/ardupilot_gz_bringup
[2.190s] -- Up-to-date: /home/skemp32/ros2_ws/install/ardupilot_gz_bringup/share/ardupilot_gz_bringup/environment/ament_prefix_path.sh
[2.190s] -- Up-to-date: /home/skemp32/ros2_ws/install/ardupilot_gz_bringup/share/ardupilot_gz_bringup/environment/ament_prefix_path.dsv
[2.190s] -- Up-to-date: /home/skemp32/ros2_ws/install/ardupilot_gz_bringup/share/ardupilot_gz_bringup/environment/path.sh
[2.190s] -- Up-to-date: /home/skemp32/ros2_ws/install/ardupilot_gz_bringup/share/ardupilot_gz_bringup/environment/path.dsv
[2.190s] -- Up-to-date: /home/skemp32/ros2_ws/install/ardupilot_gz_bringup/share/ardupilot_gz_bringup/local_setup.bash
[2.190s] -- Up-to-date: /home/skemp32/ros2_ws/install/ardupilot_gz_bringup/share/ardupilot_gz_bringup/local_setup.sh
[2.190s] -- Up-to-date: /home/skemp32/ros2_ws/install/ardupilot_gz_bringup/share/ardupilot_gz_bringup/local_setup.zsh
[2.190s] -- Up-to-date: /home/skemp32/ros2_ws/install/ardupilot_gz_bringup/share/ardupilot_gz_bringup/local_setup.dsv
[2.190s] -- Up-to-date: /home/skemp32/ros2_ws/install/ardupilot_gz_bringup/share/ardupilot_gz_bringup/package.dsv
[2.190s] -- Up-to-date: /home/skemp32/ros2_ws/install/ardupilot_gz_bringup/share/ament_index/resource_index/packages/ardupilot_gz_bringup
[2.191s] -- Up-to-date: /home/skemp32/ros2_ws/install/ardupilot_gz_bringup/share/ardupilot_gz_bringup/cmake/ardupilot_gz_bringupConfig.cmake
[2.191s] -- Up-to-date: /home/skemp32/ros2_ws/install/ardupilot_gz_bringup/share/ardupilot_gz_bringup/cmake/ardupilot_gz_bringupConfig-version.cmake
[2.192s] -- Up-to-date: /home/skemp32/ros2_ws/install/ardupilot_gz_bringup/share/ardupilot_gz_bringup/package.xml
[2.193s] Invoked command in '/home/skemp32/ros2_ws/build/ardupilot_gz_bringup' returned '0': CMAKE_PREFIX_PATH=/home/skemp32/ros2_ws/install/sdformat_urdf:/home/skemp32/ros2_ws/install/ros_gz_bridge:/home/skemp32/ros2_ws/install/ardupilot_sitl_models:/home/skemp32/ros2_ws/install/ardupilot_sitl:/home/skemp32/ros2_ws/install/sdformat_test_files:/home/skemp32/ros2_ws/install/ros_gz_sim:/home/skemp32/ros2_ws/install/ros_gz_interfaces:/home/skemp32/ros2_ws/install/micro_ros_agent:/home/skemp32/ros2_ws/install/ardupilot_msgs:/home/skemp32/ros2_ws/install/ardupilot_gz_gazebo:/home/skemp32/ros2_ws/install/ardupilot_gz_description:/home/skemp32/ros2_ws/install/ardupilot_gazebo:/home/skemp32/ros2_ws/install/ardupilot_gz_bringup:/home/skemp32/ros2_ws/install/ardupilot_dds_tests:/opt/ros/humble GZ_SIM_PLUGIN_PATH=/home/skemp32/ros2_ws/install/ardupilot_sitl_models/lib/ardupilot_sitl_models:/home/skemp32/ros2_ws/install/ardupilot_gazebo/lib/ardupilot_gazebo GZ_SIM_PLUGIn_PATH=/home/skemp32/ros2_ws/install/ardupilot_gz_gazebo/lib/ardupilot_gz_gazebo LD_LIBRARY_PATH=/home/skemp32/ros2_ws/install/sdformat_urdf/lib:/home/skemp32/ros2_ws/install/ros_gz_bridge/lib:/home/skemp32/ros2_ws/install/ros_gz_sim/lib:/home/skemp32/ros2_ws/install/ros_gz_interfaces/lib:/home/skemp32/ros2_ws/install/micro_ros_agent/lib:/home/skemp32/ros2_ws/install/ardupilot_msgs/lib:/opt/ros/humble/opt/rviz_ogre_vendor/lib:/opt/ros/humble/lib/x86_64-linux-gnu:/opt/ros/humble/lib /usr/bin/cmake --install /home/skemp32/ros2_ws/build/ardupilot_gz_bringup
