[0.041s] Invoking command in '/home/skemp32/ros2_ws/build/ardupilot_gazebo': CMAKE_PREFIX_PATH=/opt/ros/humble /usr/bin/cmake /home/skemp32/ros2_ws/src/ardupilot_gazebo -DCMAKE_INSTALL_PREFIX=/home/skemp32/ros2_ws/install/ardupilot_gazebo
[0.282s] [0mBuilding ardupilot_gazebo as an `ament_cmake` project.[0m
[0.283s] -- Looking for gz-common5 -- found version 5.6.0
[0.283s] -- Searching for dependencies of gz-common5
[0.283s] -- Looking for gz-utils2 -- found version 2.2.0
[0.283s] -- Searching for dependencies of gz-utils2
[0.283s] -- Looking for dlfcn.h - found
[0.283s] -- Looking for libdl - found
[0.284s] -- Checking for module 'uuid'
[0.284s] --   Found uuid, version 2.37.2
[0.303s] -- Looking for gz-common5 - found
[0.304s] 
[0.305s] -- Looking for gz-rendering8 -- found version 8.2.0
[0.308s] -- Searching for dependencies of gz-rendering8
[0.308s] -- Looking for gz-math7 -- found version 7.5.0
[0.309s] -- Searching for dependencies of gz-math7
[0.309s] -- Looking for gz-utils2 -- found version 2.2.0
[0.310s] -- Searching for <gz-math7> component [eigen3]
[0.310s] -- Looking for gz-math7-eigen3 -- found version 7.5.0
[0.311s] -- Searching for dependencies of gz-math7-eigen3
[0.312s] -- Looking for gz-common5 -- found version 5.6.0
[0.314s] -- Searching for dependencies of gz-common5
[0.314s] -- Looking for gz-utils2 -- found version 2.2.0
[0.315s] -- Looking for dlfcn.h - found
[0.316s] -- Looking for libdl - found
[0.335s] -- Searching for <gz-common5> component [graphics]
[0.336s] -- Looking for gz-common5-graphics -- found version 5.6.0
[0.337s] -- Searching for dependencies of gz-common5-graphics
[0.337s] -- Looking for gz-math7 -- found version 7.5.0
[0.338s] -- Searching for <gz-common5> component [events]
[0.338s] -- Looking for gz-common5-events -- found version 5.6.0
[0.339s] -- Searching for dependencies of gz-common5-events
[0.339s] -- Looking for gz-math7 -- found version 7.5.0
[0.340s] -- Searching for <gz-common5> component [geospatial]
[0.340s] -- Looking for gz-common5-geospatial -- found version 5.6.0
[0.340s] -- Searching for dependencies of gz-common5-geospatial
[0.340s] -- Looking for gz-math7 -- found version 7.5.0
[0.340s] -- Looking for gz-common5 -- found version 5.6.0
[0.341s] -- Looking for gz-plugin2 -- found version 2.0.3
[0.341s] -- Searching for dependencies of gz-plugin2
[0.341s] -- Looking for gz-utils2 -- found version 2.2.0
[0.341s] -- Searching for dependencies of gz-utils2
[0.342s] -- Searching for <gz-utils2> component [cli]
[0.342s] -- Looking for gz-utils2-cli -- found version 2.2.0
[0.342s] -- Searching for dependencies of gz-utils2-cli
[0.342s] -- Searching for <gz-plugin2> component [all]
[0.342s] -- Looking for all libraries of gz-plugin2 -- found version 2.0.3
[0.343s] -- Looking for gz-plugin2 -- found version 2.0.3
[0.343s] -- Looking for gz-plugin2-loader -- found version 2.0.3
[0.344s] -- Searching for dependencies of gz-plugin2-loader
[0.345s] -- Looking for gz-plugin2-register -- found version 2.0.3
[0.346s] -- Searching for dependencies of gz-plugin2-register
[0.348s] -- Looking for gz-utils2 -- found version 2.2.0
[0.424s] -- Looking for gz-rendering8 - found
[0.424s] 
[0.425s] -- Looking for gz-sim8 -- found version 8.6.0
[0.426s] -- Searching for dependencies of gz-sim8
[0.426s] -- Looking for sdformat14 -- found version 14.5.0
[0.426s] -- Searching for dependencies of sdformat14
[0.433s] -- Checking for module 'tinyxml2'
[0.446s] --   Found tinyxml2, version 9.0.0
[0.478s] -- Looking for gz-math7 -- found version 7.5.0
[0.478s] -- Looking for gz-utils2 -- found version 2.2.0
[0.479s] -- Looking for gz-plugin2 -- found version 2.0.3
[0.480s] -- Looking for gz-transport13 -- found version 13.4.0
[0.481s] -- Searching for dependencies of gz-transport13
[5.373s] -- Config-file not installed for ZeroMQ -- checking for pkg-config
[5.377s] -- Checking for module 'libzmq >= 4'
[5.390s] --   Found libzmq , version 4.3.4
[5.429s] -- Looking for gz-utils2 -- found version 2.2.0
[5.429s] -- Looking for gz-msgs10 -- found version 10.3.0
[5.430s] -- Searching for dependencies of gz-msgs10
[7.642s] -- Looking for gz-utils2 -- found version 2.2.0
[7.643s] -- Looking for gz-math7 -- found version 7.5.0
[7.700s] -- Searching for <gz-transport13> component [log]
[7.700s] -- Looking for gz-transport13-log -- found version 13.4.0
[7.700s] -- Searching for dependencies of gz-transport13-log
[7.701s] -- Searching for <gz-transport13> component [parameters]
[7.701s] -- Looking for gz-transport13-parameters -- found version 13.4.0
[7.702s] -- Searching for dependencies of gz-transport13-parameters
[7.702s] -- Looking for gz-msgs10 -- found version 10.3.0
[7.703s] -- Looking for gz-common5 -- found version 5.6.0
[7.703s] -- Searching for dependencies of gz-common5
[7.703s] -- Looking for gz-utils2 -- found version 2.2.0
[7.704s] -- Looking for dlfcn.h - found
[7.704s] -- Looking for libdl - found
[7.711s] -- Searching for <gz-common5> component [av]
[7.711s] -- Looking for gz-common5-av -- found version 5.6.0
[7.711s] -- Searching for dependencies of gz-common5-av
[7.716s] -- Checking for module 'libswscale'
[7.728s] --   Found libswscale, version 5.9.100
[7.763s] -- Checking for module 'libavdevice >= 56.4.100'
[7.774s] --   Found libavdevice , version 58.13.100
[7.812s] -- Checking for module 'libavformat'
[7.823s] --   Found libavformat, version 58.76.100
[7.861s] -- Checking for module 'libavcodec'
[7.874s] --   Found libavcodec, version 58.134.100
[7.909s] -- Checking for module 'libavutil'
[7.920s] --   Found libavutil, version 56.70.100
[7.951s] -- Searching for <gz-common5> component [events]
[7.951s] -- Searching for <gz-common5> component [graphics]
[7.951s] -- Searching for <gz-common5> component [io]
[7.952s] -- Looking for gz-common5-io -- found version 5.6.0
[7.952s] -- Searching for dependencies of gz-common5-io
[7.953s] -- Searching for <gz-common5> component [profiler]
[7.953s] -- Looking for gz-common5-profiler -- found version 5.6.0
[7.954s] -- Searching for dependencies of gz-common5-profiler
[7.954s] -- Looking for gz-fuel_tools9 -- found version 9.1.0
[7.955s] -- Searching for dependencies of gz-fuel_tools9
[11.179s] -- Checking for module 'jsoncpp'
[11.191s] --   Found jsoncpp, version 1.9.5
[11.231s] -- Checking for module 'libzip'
[11.245s] --   Found libzip, version 1.7.3
[11.282s] -- Looking for gz-utils2 -- found version 2.2.0
[11.282s] -- Looking for gz-common5 -- found version 5.6.0
[11.283s] -- Searching for dependencies of gz-common5
[11.283s] -- Looking for gz-utils2 -- found version 2.2.0
[11.283s] -- Looking for dlfcn.h - found
[11.283s] -- Looking for libdl - found
[11.293s] -- Searching for <gz-common5> component [testing]
[11.293s] -- Looking for gz-common5-testing -- found version 5.6.0
[11.294s] -- Searching for dependencies of gz-common5-testing
[11.295s] -- Looking for gz-math7 -- found version 7.5.0
[11.295s] -- Looking for gz-msgs10 -- found version 10.3.0
[11.296s] -- Looking for gz-gui8 -- found version 8.3.0
[11.297s] -- Searching for dependencies of gz-gui8
[13.477s] -- Looking for gz-utils2 -- found version 2.2.0
[13.478s] -- Looking for gz-math7 -- found version 7.5.0
[13.478s] -- Looking for gz-common5 -- found version 5.6.0
[13.478s] -- Looking for gz-plugin2 -- found version 2.0.3
[13.479s] -- Looking for gz-transport13 -- found version 13.4.0
[13.479s] -- Looking for gz-rendering8 -- found version 8.2.0
[13.479s] -- Looking for gz-msgs10 -- found version 10.3.0
[13.649s] -- Looking for gz-physics7 -- found version 7.3.0
[13.649s] -- Searching for dependencies of gz-physics7
[13.649s] -- Looking for gz-common5 -- found version 5.6.0
[13.650s] -- Looking for gz-math7 -- found version 7.5.0
[13.650s] -- Looking for gz-plugin2 -- found version 2.0.3
[13.651s] -- Looking for gz-utils2 -- found version 2.2.0
[13.652s] -- Searching for <gz-physics7> component [heightmap]
[13.652s] -- Looking for gz-physics7-heightmap -- found version 7.3.0
[13.653s] -- Searching for dependencies of gz-physics7-heightmap
[13.653s] -- Looking for gz-common5 -- found version 5.6.0
[13.653s] -- Searching for <gz-physics7> component [mesh]
[13.654s] -- Looking for gz-physics7-mesh -- found version 7.3.0
[13.654s] -- Searching for dependencies of gz-physics7-mesh
[13.654s] -- Looking for gz-common5 -- found version 5.6.0
[13.655s] -- Searching for <gz-physics7> component [sdf]
[13.655s] -- Looking for gz-physics7-sdf -- found version 7.3.0
[13.656s] -- Searching for dependencies of gz-physics7-sdf
[13.656s] -- Looking for sdformat14 -- found version 14.5.0
[13.657s] -- Looking for gz-sensors8 -- found version 8.2.0
[13.657s] -- Searching for dependencies of gz-sensors8
[15.726s] -- Looking for gz-math7 -- found version 7.5.0
[15.726s] -- Looking for gz-common5 -- found version 5.6.0
[15.727s] -- Looking for gz-transport13 -- found version 13.4.0
[15.727s] -- Looking for gz-rendering8 -- found version 8.2.0
[15.728s] -- Looking for gz-msgs10 -- found version 10.3.0
[15.728s] -- Looking for sdformat14 -- found version 14.5.0
[15.729s] -- Searching for <gz-sensors8> component [air_pressure]
[15.729s] -- Looking for gz-sensors8-air_pressure -- found version 8.2.0
[15.729s] -- Searching for dependencies of gz-sensors8-air_pressure
[15.730s] -- Searching for <gz-sensors8> component [air_speed]
[15.730s] -- Looking for gz-sensors8-air_speed -- found version 8.2.0
[15.731s] -- Searching for dependencies of gz-sensors8-air_speed
[15.731s] -- Searching for <gz-sensors8> component [altimeter]
[15.732s] -- Looking for gz-sensors8-altimeter -- found version 8.2.0
[15.732s] -- Searching for dependencies of gz-sensors8-altimeter
[15.732s] -- Searching for <gz-sensors8> component [imu]
[15.733s] -- Looking for gz-sensors8-imu -- found version 8.2.0
[15.733s] -- Searching for dependencies of gz-sensors8-imu
[15.733s] -- Searching for <gz-sensors8> component [force_torque]
[15.734s] -- Looking for gz-sensors8-force_torque -- found version 8.2.0
[15.734s] -- Searching for dependencies of gz-sensors8-force_torque
[15.735s] -- Searching for <gz-sensors8> component [logical_camera]
[15.735s] -- Looking for gz-sensors8-logical_camera -- found version 8.2.0
[15.736s] -- Searching for dependencies of gz-sensors8-logical_camera
[15.736s] -- Searching for <gz-sensors8> component [magnetometer]
[15.736s] -- Looking for gz-sensors8-magnetometer -- found version 8.2.0
[15.737s] -- Searching for dependencies of gz-sensors8-magnetometer
[15.737s] -- Searching for <gz-sensors8> component [navsat]
[15.737s] -- Looking for gz-sensors8-navsat -- found version 8.2.0
[15.738s] -- Searching for dependencies of gz-sensors8-navsat
[15.738s] -- Searching for <gz-sensors8> component [dvl]
[15.738s] -- Looking for gz-sensors8-dvl -- found version 8.2.0
[15.739s] -- Searching for dependencies of gz-sensors8-dvl
[15.739s] -- Looking for gz-sensors8 -- found version 8.2.0
[15.740s] -- Searching for dependencies of gz-sensors8
[17.634s] -- Looking for gz-math7 -- found version 7.5.0
[17.634s] -- Looking for gz-common5 -- found version 5.6.0
[17.635s] -- Looking for gz-transport13 -- found version 13.4.0
[17.635s] -- Looking for gz-rendering8 -- found version 8.2.0
[17.635s] -- Looking for gz-msgs10 -- found version 10.3.0
[17.636s] -- Looking for sdformat14 -- found version 14.5.0
[17.636s] -- Searching for <gz-sensors8> component [rendering]
[17.636s] -- Looking for gz-sensors8-rendering -- found version 8.2.0
[17.637s] -- Searching for dependencies of gz-sensors8-rendering
[17.638s] -- Searching for <gz-sensors8> component [rendering]
[17.638s] -- Searching for <gz-sensors8> component [lidar]
[17.638s] -- Looking for gz-sensors8-lidar -- found version 8.2.0
[17.639s] -- Searching for dependencies of gz-sensors8-lidar
[17.639s] -- Looking for gz-sensors8 -- found version 8.2.0
[17.640s] -- Searching for <gz-sensors8> component [gpu_lidar]
[17.640s] -- Looking for gz-sensors8-gpu_lidar -- found version 8.2.0
[17.640s] -- Searching for dependencies of gz-sensors8-gpu_lidar
[17.641s] -- Looking for gz-sensors8 -- found version 8.2.0
[17.641s] -- Searching for <gz-sensors8> component [camera]
[17.642s] -- Looking for gz-sensors8-camera -- found version 8.2.0
[17.642s] -- Searching for dependencies of gz-sensors8-camera
[17.642s] -- Looking for gz-sensors8 -- found version 8.2.0
[17.643s] -- Searching for <gz-sensors8> component [boundingbox_camera]
[17.643s] -- Looking for gz-sensors8-boundingbox_camera -- found version 8.2.0
[17.644s] -- Searching for dependencies of gz-sensors8-boundingbox_camera
[17.644s] -- Searching for <gz-sensors8> component [segmentation_camera]
[17.645s] -- Looking for gz-sensors8-segmentation_camera -- found version 8.2.0
[17.645s] -- Searching for dependencies of gz-sensors8-segmentation_camera
[17.645s] -- Searching for <gz-sensors8> component [depth_camera]
[17.646s] -- Looking for gz-sensors8-depth_camera -- found version 8.2.0
[17.646s] -- Searching for dependencies of gz-sensors8-depth_camera
[17.646s] -- Looking for gz-sensors8 -- found version 8.2.0
[17.647s] -- Searching for <gz-sensors8> component [rgbd_camera]
[17.647s] -- Looking for gz-sensors8-rgbd_camera -- found version 8.2.0
[17.648s] -- Searching for dependencies of gz-sensors8-rgbd_camera
[17.648s] -- Looking for gz-sensors8 -- found version 8.2.0
[17.648s] -- Searching for <gz-sensors8> component [thermal_camera]
[17.649s] -- Looking for gz-sensors8-thermal_camera -- found version 8.2.0
[17.649s] -- Searching for dependencies of gz-sensors8-thermal_camera
[17.649s] -- Looking for gz-sensors8 -- found version 8.2.0
[17.650s] -- Searching for <gz-sensors8> component [wide_angle_camera]
[17.650s] -- Looking for gz-sensors8-wide_angle_camera -- found version 8.2.0
[17.651s] -- Searching for dependencies of gz-sensors8-wide_angle_camera
[17.652s] -- Looking for gz-rendering8 -- found version 8.2.0
[17.652s] -- Looking for gz-math7 -- found version 7.5.0
[17.652s] -- Looking for gz-utils2 -- found version 2.2.0
[19.671s] -- Looking for gz-sim8 - found
[19.671s] 
[19.671s] -- Compiling against Gazebo Harmonic
[19.671s] -- RapidJSON found. Headers: /usr/include
[19.678s] -- Checking for modules 'gstreamer-1.0;gstreamer-app-1.0'
[19.695s] --   Found gstreamer-1.0, version 1.20.3
[19.705s] --   Found gstreamer-app-1.0, version 1.20.1
[19.807s] -- Configuring done
[19.851s] -- Generating done
[19.852s] -- Build files have been written to: /home/skemp32/ros2_ws/build/ardupilot_gazebo
[19.864s] Invoked command in '/home/skemp32/ros2_ws/build/ardupilot_gazebo' returned '0': CMAKE_PREFIX_PATH=/opt/ros/humble /usr/bin/cmake /home/skemp32/ros2_ws/src/ardupilot_gazebo -DCMAKE_INSTALL_PREFIX=/home/skemp32/ros2_ws/install/ardupilot_gazebo
[19.866s] Invoking command in '/home/skemp32/ros2_ws/build/ardupilot_gazebo': CMAKE_PREFIX_PATH=/opt/ros/humble /usr/bin/cmake --build /home/skemp32/ros2_ws/build/ardupilot_gazebo -- -j12 -l12
[19.910s] [ 40%] [32mBuilding CXX object CMakeFiles/ArduPilotPlugin.dir/src/Socket.cpp.o[0m
[19.910s] [ 40%] [32mBuilding CXX object CMakeFiles/ArduPilotPlugin.dir/src/Util.cc.o[0m
[19.910s] [ 40%] [32mBuilding CXX object CMakeFiles/CameraZoomPlugin.dir/src/CameraZoomPlugin.cc.o[0m
[19.910s] [ 50%] [32mBuilding CXX object CMakeFiles/ParachutePlugin.dir/src/ParachutePlugin.cc.o[0m
[19.911s] [ 50%] [32mBuilding CXX object CMakeFiles/ArduPilotPlugin.dir/src/ArduPilotPlugin.cc.o[0m
[19.911s] [ 60%] [32mBuilding CXX object CMakeFiles/GstCameraPlugin.dir/src/GstCameraPlugin.cc.o[0m
[26.876s] [ 70%] [32m[1mLinking CXX shared library libParachutePlugin.so[0m
[27.102s] [ 80%] [32m[1mLinking CXX shared library libCameraZoomPlugin.so[0m
[27.519s] [ 80%] Built target ParachutePlugin
[27.665s] [ 80%] Built target CameraZoomPlugin
[27.866s] [ 90%] [32m[1mLinking CXX shared library libGstCameraPlugin.so[0m
[28.212s] [100%] [32m[1mLinking CXX shared library libArduPilotPlugin.so[0m
[28.527s] [100%] Built target GstCameraPlugin
[28.772s] [100%] Built target ArduPilotPlugin
[28.784s] Invoked command in '/home/skemp32/ros2_ws/build/ardupilot_gazebo' returned '0': CMAKE_PREFIX_PATH=/opt/ros/humble /usr/bin/cmake --build /home/skemp32/ros2_ws/build/ardupilot_gazebo -- -j12 -l12
[28.823s] Invoking command in '/home/skemp32/ros2_ws/build/ardupilot_gazebo': CMAKE_PREFIX_PATH=/opt/ros/humble /usr/bin/cmake --install /home/skemp32/ros2_ws/build/ardupilot_gazebo
[28.828s] -- Install configuration: ""
[28.829s] -- Installing: /home/skemp32/ros2_ws/install/ardupilot_gazebo/lib/ardupilot_gazebo/libArduPilotPlugin.so
[28.835s] -- Installing: /home/skemp32/ros2_ws/install/ardupilot_gazebo/lib/ardupilot_gazebo/libParachutePlugin.so
[28.839s] -- Installing: /home/skemp32/ros2_ws/install/ardupilot_gazebo/lib/ardupilot_gazebo/libCameraZoomPlugin.so
[28.843s] -- Installing: /home/skemp32/ros2_ws/install/ardupilot_gazebo/lib/ardupilot_gazebo/libGstCameraPlugin.so
[28.846s] -- Installing: /home/skemp32/ros2_ws/install/ardupilot_gazebo/share/ardupilot_gazebo/config
[28.847s] -- Installing: /home/skemp32/ros2_ws/install/ardupilot_gazebo/share/ardupilot_gazebo/config/gazebo-iris-gimbal.parm
[28.856s] -- Installing: /home/skemp32/ros2_ws/install/ardupilot_gazebo/share/ardupilot_gazebo/models
[28.856s] -- Installing: /home/skemp32/ros2_ws/install/ardupilot_gazebo/share/ardupilot_gazebo/models/zephyr
[28.857s] -- Installing: /home/skemp32/ros2_ws/install/ardupilot_gazebo/share/ardupilot_gazebo/models/zephyr/materials
[28.857s] -- Installing: /home/skemp32/ros2_ws/install/ardupilot_gazebo/share/ardupilot_gazebo/models/zephyr/materials/textures
[28.857s] -- Installing: /home/skemp32/ros2_ws/install/ardupilot_gazebo/share/ardupilot_gazebo/models/zephyr/materials/textures/wing.png
[28.858s] -- Installing: /home/skemp32/ros2_ws/install/ardupilot_gazebo/share/ardupilot_gazebo/models/zephyr/thumbnails
[28.859s] -- Installing: /home/skemp32/ros2_ws/install/ardupilot_gazebo/share/ardupilot_gazebo/models/zephyr/thumbnails/1.png
[28.859s] -- Installing: /home/skemp32/ros2_ws/install/ardupilot_gazebo/share/ardupilot_gazebo/models/zephyr/thumbnails/3.png
[28.859s] -- Installing: /home/skemp32/ros2_ws/install/ardupilot_gazebo/share/ardupilot_gazebo/models/zephyr/thumbnails/5.png
[28.860s] -- Installing: /home/skemp32/ros2_ws/install/ardupilot_gazebo/share/ardupilot_gazebo/models/zephyr/thumbnails/4.png
[28.860s] -- Installing: /home/skemp32/ros2_ws/install/ardupilot_gazebo/share/ardupilot_gazebo/models/zephyr/thumbnails/2.png
[28.860s] -- Installing: /home/skemp32/ros2_ws/install/ardupilot_gazebo/share/ardupilot_gazebo/models/zephyr/meshes
[28.860s] -- Installing: /home/skemp32/ros2_ws/install/ardupilot_gazebo/share/ardupilot_gazebo/models/zephyr/meshes/parachute_small.dae
[28.861s] -- Installing: /home/skemp32/ros2_ws/install/ardupilot_gazebo/share/ardupilot_gazebo/models/zephyr/meshes/wing.dae
[28.861s] -- Installing: /home/skemp32/ros2_ws/install/ardupilot_gazebo/share/ardupilot_gazebo/models/zephyr/model.sdf
[28.861s] -- Installing: /home/skemp32/ros2_ws/install/ardupilot_gazebo/share/ardupilot_gazebo/models/zephyr/model.config
[28.862s] -- Installing: /home/skemp32/ros2_ws/install/ardupilot_gazebo/share/ardupilot_gazebo/models/zephyr_with_parachute
[28.862s] -- Installing: /home/skemp32/ros2_ws/install/ardupilot_gazebo/share/ardupilot_gazebo/models/zephyr_with_parachute/model.sdf
[28.862s] -- Installing: /home/skemp32/ros2_ws/install/ardupilot_gazebo/share/ardupilot_gazebo/models/zephyr_with_parachute/model.config
[28.863s] -- Installing: /home/skemp32/ros2_ws/install/ardupilot_gazebo/share/ardupilot_gazebo/models/parachute_small
[28.863s] -- Installing: /home/skemp32/ros2_ws/install/ardupilot_gazebo/share/ardupilot_gazebo/models/parachute_small/meshes
[28.863s] -- Installing: /home/skemp32/ros2_ws/install/ardupilot_gazebo/share/ardupilot_gazebo/models/parachute_small/meshes/parachute_small.dae
[28.870s] -- Installing: /home/skemp32/ros2_ws/install/ardupilot_gazebo/share/ardupilot_gazebo/models/parachute_small/model.sdf
[28.870s] -- Installing: /home/skemp32/ros2_ws/install/ardupilot_gazebo/share/ardupilot_gazebo/models/parachute_small/model.config
[28.870s] -- Installing: /home/skemp32/ros2_ws/install/ardupilot_gazebo/share/ardupilot_gazebo/models/iris_with_ardupilot
[28.871s] -- Installing: /home/skemp32/ros2_ws/install/ardupilot_gazebo/share/ardupilot_gazebo/models/iris_with_ardupilot/model.sdf
[28.872s] -- Installing: /home/skemp32/ros2_ws/install/ardupilot_gazebo/share/ardupilot_gazebo/models/iris_with_ardupilot/model.config
[28.872s] -- Installing: /home/skemp32/ros2_ws/install/ardupilot_gazebo/share/ardupilot_gazebo/models/iris_with_standoffs
[28.873s] -- Installing: /home/skemp32/ros2_ws/install/ardupilot_gazebo/share/ardupilot_gazebo/models/iris_with_standoffs/meshes
[28.873s] -- Installing: /home/skemp32/ros2_ws/install/ardupilot_gazebo/share/ardupilot_gazebo/models/iris_with_standoffs/meshes/iris_prop_ccw.dae
[28.875s] -- Installing: /home/skemp32/ros2_ws/install/ardupilot_gazebo/share/ardupilot_gazebo/models/iris_with_standoffs/meshes/iris.dae
[28.939s] -- Installing: /home/skemp32/ros2_ws/install/ardupilot_gazebo/share/ardupilot_gazebo/models/iris_with_standoffs/meshes/iris_prop_cw.dae
[28.941s] -- Installing: /home/skemp32/ros2_ws/install/ardupilot_gazebo/share/ardupilot_gazebo/models/iris_with_standoffs/model.sdf
[28.941s] -- Installing: /home/skemp32/ros2_ws/install/ardupilot_gazebo/share/ardupilot_gazebo/models/iris_with_standoffs/model.config
[28.941s] -- Installing: /home/skemp32/ros2_ws/install/ardupilot_gazebo/share/ardupilot_gazebo/models/runway
[28.942s] -- Installing: /home/skemp32/ros2_ws/install/ardupilot_gazebo/share/ardupilot_gazebo/models/runway/materials
[28.943s] -- Installing: /home/skemp32/ros2_ws/install/ardupilot_gazebo/share/ardupilot_gazebo/models/runway/materials/textures
[28.943s] -- Installing: /home/skemp32/ros2_ws/install/ardupilot_gazebo/share/ardupilot_gazebo/models/runway/materials/textures/Grass004_2K_Roughness.jpg
[28.947s] -- Installing: /home/skemp32/ros2_ws/install/ardupilot_gazebo/share/ardupilot_gazebo/models/runway/materials/textures/Grass004_2K_NormalGL.jpg
[28.960s] -- Installing: /home/skemp32/ros2_ws/install/ardupilot_gazebo/share/ardupilot_gazebo/models/runway/materials/textures/Grass004_2K_Color.jpg
[28.963s] -- Installing: /home/skemp32/ros2_ws/install/ardupilot_gazebo/share/ardupilot_gazebo/models/runway/materials/textures/Grass004_2K_AmbientOcclusion.jpg
[28.973s] -- Installing: /home/skemp32/ros2_ws/install/ardupilot_gazebo/share/ardupilot_gazebo/models/runway/materials/textures/Grass004_2K_Displacement.jpg
[28.980s] -- Installing: /home/skemp32/ros2_ws/install/ardupilot_gazebo/share/ardupilot_gazebo/models/runway/materials/textures/Grass004_2K_Color copy.jpg
[28.998s] -- Installing: /home/skemp32/ros2_ws/install/ardupilot_gazebo/share/ardupilot_gazebo/models/runway/materials/textures/runway.png
[28.998s] -- Installing: /home/skemp32/ros2_ws/install/ardupilot_gazebo/share/ardupilot_gazebo/models/runway/meshes
[28.999s] -- Installing: /home/skemp32/ros2_ws/install/ardupilot_gazebo/share/ardupilot_gazebo/models/runway/meshes/airfield.dae
[28.999s] -- Installing: /home/skemp32/ros2_ws/install/ardupilot_gazebo/share/ardupilot_gazebo/models/runway/model.sdf
[28.999s] -- Installing: /home/skemp32/ros2_ws/install/ardupilot_gazebo/share/ardupilot_gazebo/models/runway/model.config
[28.999s] -- Installing: /home/skemp32/ros2_ws/install/ardupilot_gazebo/share/ardupilot_gazebo/models/gimbal_small_1d
[28.999s] -- Installing: /home/skemp32/ros2_ws/install/ardupilot_gazebo/share/ardupilot_gazebo/models/gimbal_small_1d/meshes
[29.000s] -- Installing: /home/skemp32/ros2_ws/install/ardupilot_gazebo/share/ardupilot_gazebo/models/gimbal_small_1d/meshes/base_main.dae
[29.014s] -- Installing: /home/skemp32/ros2_ws/install/ardupilot_gazebo/share/ardupilot_gazebo/models/gimbal_small_1d/meshes/tilt.dae
[29.022s] -- Installing: /home/skemp32/ros2_ws/install/ardupilot_gazebo/share/ardupilot_gazebo/models/gimbal_small_1d/meshes/base_arm.dae
[29.031s] -- Installing: /home/skemp32/ros2_ws/install/ardupilot_gazebo/share/ardupilot_gazebo/models/gimbal_small_1d/model.sdf
[29.031s] -- Installing: /home/skemp32/ros2_ws/install/ardupilot_gazebo/share/ardupilot_gazebo/models/gimbal_small_1d/model.config
[29.031s] -- Installing: /home/skemp32/ros2_ws/install/ardupilot_gazebo/share/ardupilot_gazebo/models/zephyr_with_ardupilot
[29.032s] -- Installing: /home/skemp32/ros2_ws/install/ardupilot_gazebo/share/ardupilot_gazebo/models/zephyr_with_ardupilot/model.sdf
[29.032s] -- Installing: /home/skemp32/ros2_ws/install/ardupilot_gazebo/share/ardupilot_gazebo/models/zephyr_with_ardupilot/model.config
[29.032s] -- Installing: /home/skemp32/ros2_ws/install/ardupilot_gazebo/share/ardupilot_gazebo/models/iris_with_gimbal
[29.033s] -- Installing: /home/skemp32/ros2_ws/install/ardupilot_gazebo/share/ardupilot_gazebo/models/iris_with_gimbal/model.sdf
[29.033s] -- Installing: /home/skemp32/ros2_ws/install/ardupilot_gazebo/share/ardupilot_gazebo/models/iris_with_gimbal/model.config
[29.033s] -- Installing: /home/skemp32/ros2_ws/install/ardupilot_gazebo/share/ardupilot_gazebo/models/gimbal_small_3d
[29.034s] -- Installing: /home/skemp32/ros2_ws/install/ardupilot_gazebo/share/ardupilot_gazebo/models/gimbal_small_3d/meshes
[29.034s] -- Installing: /home/skemp32/ros2_ws/install/ardupilot_gazebo/share/ardupilot_gazebo/models/gimbal_small_3d/meshes/camera_enclosure.dae
[29.038s] -- Installing: /home/skemp32/ros2_ws/install/ardupilot_gazebo/share/ardupilot_gazebo/models/gimbal_small_3d/meshes/roll_arm.dae
[29.042s] -- Installing: /home/skemp32/ros2_ws/install/ardupilot_gazebo/share/ardupilot_gazebo/models/gimbal_small_3d/meshes/yaw_arm.dae
[29.046s] -- Installing: /home/skemp32/ros2_ws/install/ardupilot_gazebo/share/ardupilot_gazebo/models/gimbal_small_3d/meshes/base_plate.dae
[29.055s] -- Installing: /home/skemp32/ros2_ws/install/ardupilot_gazebo/share/ardupilot_gazebo/models/gimbal_small_3d/model.sdf
[29.055s] -- Installing: /home/skemp32/ros2_ws/install/ardupilot_gazebo/share/ardupilot_gazebo/models/gimbal_small_3d/model.config
[29.056s] -- Installing: /home/skemp32/ros2_ws/install/ardupilot_gazebo/share/ardupilot_gazebo/models/gimbal_small_2d
[29.056s] -- Installing: /home/skemp32/ros2_ws/install/ardupilot_gazebo/share/ardupilot_gazebo/models/gimbal_small_2d/meshes
[29.057s] -- Installing: /home/skemp32/ros2_ws/install/ardupilot_gazebo/share/ardupilot_gazebo/models/gimbal_small_2d/meshes/base_main.dae
[29.071s] -- Installing: /home/skemp32/ros2_ws/install/ardupilot_gazebo/share/ardupilot_gazebo/models/gimbal_small_2d/meshes/tilt.dae
[29.080s] -- Installing: /home/skemp32/ros2_ws/install/ardupilot_gazebo/share/ardupilot_gazebo/models/gimbal_small_2d/meshes/base_arm.dae
[29.090s] -- Installing: /home/skemp32/ros2_ws/install/ardupilot_gazebo/share/ardupilot_gazebo/models/gimbal_small_2d/model.sdf
[29.090s] -- Installing: /home/skemp32/ros2_ws/install/ardupilot_gazebo/share/ardupilot_gazebo/models/gimbal_small_2d/model.config
[29.091s] -- Installing: /home/skemp32/ros2_ws/install/ardupilot_gazebo/share/ardupilot_gazebo/worlds
[29.091s] -- Installing: /home/skemp32/ros2_ws/install/ardupilot_gazebo/share/ardupilot_gazebo/worlds/gimbal.sdf
[29.091s] -- Installing: /home/skemp32/ros2_ws/install/ardupilot_gazebo/share/ardupilot_gazebo/worlds/iris_warehouse.sdf
[29.092s] -- Installing: /home/skemp32/ros2_ws/install/ardupilot_gazebo/share/ardupilot_gazebo/worlds/iris_runway.sdf
[29.092s] -- Installing: /home/skemp32/ros2_ws/install/ardupilot_gazebo/share/ardupilot_gazebo/worlds/zephyr_runway.sdf
[29.092s] -- Installing: /home/skemp32/ros2_ws/install/ardupilot_gazebo/share/ardupilot_gazebo/worlds/zephyr_parachute.sdf
[29.093s] -- Installing: /home/skemp32/ros2_ws/install/ardupilot_gazebo/share/ardupilot_gazebo/environment/ardupilot_gazebo.dsv
[29.093s] -- Installing: /home/skemp32/ros2_ws/install/ardupilot_gazebo/share/ardupilot_gazebo/environment/ardupilot_gazebo.sh
[29.094s] -- Installing: /home/skemp32/ros2_ws/install/ardupilot_gazebo/share/ament_index/resource_index/package_run_dependencies/ardupilot_gazebo
[29.094s] -- Installing: /home/skemp32/ros2_ws/install/ardupilot_gazebo/share/ament_index/resource_index/parent_prefix_path/ardupilot_gazebo
[29.095s] -- Installing: /home/skemp32/ros2_ws/install/ardupilot_gazebo/share/ardupilot_gazebo/environment/ament_prefix_path.sh
[29.095s] -- Installing: /home/skemp32/ros2_ws/install/ardupilot_gazebo/share/ardupilot_gazebo/environment/ament_prefix_path.dsv
[29.095s] -- Installing: /home/skemp32/ros2_ws/install/ardupilot_gazebo/share/ardupilot_gazebo/environment/path.sh
[29.095s] -- Installing: /home/skemp32/ros2_ws/install/ardupilot_gazebo/share/ardupilot_gazebo/environment/path.dsv
[29.095s] -- Installing: /home/skemp32/ros2_ws/install/ardupilot_gazebo/share/ardupilot_gazebo/local_setup.bash
[29.096s] -- Installing: /home/skemp32/ros2_ws/install/ardupilot_gazebo/share/ardupilot_gazebo/local_setup.sh
[29.096s] -- Installing: /home/skemp32/ros2_ws/install/ardupilot_gazebo/share/ardupilot_gazebo/local_setup.zsh
[29.096s] -- Installing: /home/skemp32/ros2_ws/install/ardupilot_gazebo/share/ardupilot_gazebo/local_setup.dsv
[29.096s] -- Installing: /home/skemp32/ros2_ws/install/ardupilot_gazebo/share/ardupilot_gazebo/package.dsv
[29.096s] -- Installing: /home/skemp32/ros2_ws/install/ardupilot_gazebo/share/ament_index/resource_index/packages/ardupilot_gazebo
[29.097s] -- Installing: /home/skemp32/ros2_ws/install/ardupilot_gazebo/share/ardupilot_gazebo/cmake/ardupilot_gazeboConfig.cmake
[29.097s] -- Installing: /home/skemp32/ros2_ws/install/ardupilot_gazebo/share/ardupilot_gazebo/cmake/ardupilot_gazeboConfig-version.cmake
[29.098s] -- Installing: /home/skemp32/ros2_ws/install/ardupilot_gazebo/share/ardupilot_gazebo/package.xml
[29.101s] Invoked command in '/home/skemp32/ros2_ws/build/ardupilot_gazebo' returned '0': CMAKE_PREFIX_PATH=/opt/ros/humble /usr/bin/cmake --install /home/skemp32/ros2_ws/build/ardupilot_gazebo
