[0.390s] Invoking command in '/home/skemp32/ros2_ws/build/sdformat_urdf': CMAKE_PREFIX_PATH=/home/skemp32/ros2_ws/install/sdformat_test_files:/opt/ros/humble PKG_CONFIG_PATH=/home/skemp32/ros2_ws/install/sdformat_test_files/lib/x86_64-linux-gnu/pkgconfig:/home/skemp32/ros2_ws/install/sdformat_test_files/lib/pkgconfig /usr/bin/cmake --build /home/skemp32/ros2_ws/build/sdformat_urdf -- -j12 -l12
[0.440s] [35m[1mConsolidate compiler generated dependencies of target gtest_main[0m
[0.440s] [35m[1mConsolidate compiler generated dependencies of target gtest[0m
[0.441s] [35m[1mConsolidate compiler generated dependencies of target sdformat_urdf[0m
[0.460s] [  9%] Built target gtest_main
[0.462s] [ 18%] Built target gtest
[0.467s] [ 27%] Built target sdformat_urdf
[0.480s] [35m[1mConsolidate compiler generated dependencies of target sdformat_urdf_plugin[0m
[0.480s] [35m[1mConsolidate compiler generated dependencies of target sdf_geometry_tests[0m
[0.483s] [35m[1mConsolidate compiler generated dependencies of target sdf_link_tests[0m
[0.485s] [35m[1mConsolidate compiler generated dependencies of target sdf_material_tests[0m
[0.489s] [35m[1mConsolidate compiler generated dependencies of target sdf_graph_tests[0m
[0.494s] [35m[1mConsolidate compiler generated dependencies of target sdf_joint_tests[0m
[0.504s] [35m[1mConsolidate compiler generated dependencies of target sdf_pose_tests[0m
[0.509s] [35m[1mConsolidate compiler generated dependencies of target sdf_model_tests[0m
[0.519s] [ 36%] Built target sdf_geometry_tests
[0.528s] [ 45%] Built target sdformat_urdf_plugin
[0.530s] [ 54%] Built target sdf_link_tests
[0.532s] [ 68%] Built target sdf_material_tests
[0.532s] [ 72%] Built target sdf_graph_tests
[0.540s] [ 81%] Built target sdf_model_tests
[0.540s] [100%] Built target sdf_joint_tests
[0.540s] [100%] Built target sdf_pose_tests
[0.564s] Invoked command in '/home/skemp32/ros2_ws/build/sdformat_urdf' returned '0': CMAKE_PREFIX_PATH=/home/skemp32/ros2_ws/install/sdformat_test_files:/opt/ros/humble PKG_CONFIG_PATH=/home/skemp32/ros2_ws/install/sdformat_test_files/lib/x86_64-linux-gnu/pkgconfig:/home/skemp32/ros2_ws/install/sdformat_test_files/lib/pkgconfig /usr/bin/cmake --build /home/skemp32/ros2_ws/build/sdformat_urdf -- -j12 -l12
[0.634s] Invoking command in '/home/skemp32/ros2_ws/build/sdformat_urdf': CMAKE_PREFIX_PATH=/home/skemp32/ros2_ws/install/sdformat_test_files:/opt/ros/humble PKG_CONFIG_PATH=/home/skemp32/ros2_ws/install/sdformat_test_files/lib/x86_64-linux-gnu/pkgconfig:/home/skemp32/ros2_ws/install/sdformat_test_files/lib/pkgconfig /usr/bin/cmake --install /home/skemp32/ros2_ws/build/sdformat_urdf
[0.647s] -- Install configuration: ""
[0.647s] -- Up-to-date: /home/skemp32/ros2_ws/install/sdformat_urdf/lib/libsdformat_urdf.so
[0.647s] -- Up-to-date: /home/skemp32/ros2_ws/install/sdformat_urdf/lib/libsdformat_urdf_plugin.so
[0.648s] -- Up-to-date: /home/skemp32/ros2_ws/install/sdformat_urdf/include
[0.648s] -- Up-to-date: /home/skemp32/ros2_ws/install/sdformat_urdf/include/sdformat_urdf
[0.648s] -- Up-to-date: /home/skemp32/ros2_ws/install/sdformat_urdf/include/sdformat_urdf/sdformat_urdf.hpp
[0.648s] -- Up-to-date: /home/skemp32/ros2_ws/install/sdformat_urdf/include/sdformat_urdf/visibility_control.hpp
[0.649s] -- Up-to-date: /home/skemp32/ros2_ws/install/sdformat_urdf/share/sdformat_urdf/environment/library_path.sh
[0.649s] -- Up-to-date: /home/skemp32/ros2_ws/install/sdformat_urdf/share/sdformat_urdf/environment/library_path.dsv
[0.649s] -- Up-to-date: /home/skemp32/ros2_ws/install/sdformat_urdf/share/sdformat_urdf/sdformat_urdf_plugin.xml
[0.651s] -- Up-to-date: /home/skemp32/ros2_ws/install/sdformat_urdf/share/ament_index/resource_index/package_run_dependencies/sdformat_urdf
[0.653s] -- Up-to-date: /home/skemp32/ros2_ws/install/sdformat_urdf/share/ament_index/resource_index/parent_prefix_path/sdformat_urdf
[0.653s] -- Up-to-date: /home/skemp32/ros2_ws/install/sdformat_urdf/share/sdformat_urdf/environment/ament_prefix_path.sh
[0.653s] -- Up-to-date: /home/skemp32/ros2_ws/install/sdformat_urdf/share/sdformat_urdf/environment/ament_prefix_path.dsv
[0.654s] -- Up-to-date: /home/skemp32/ros2_ws/install/sdformat_urdf/share/sdformat_urdf/environment/path.sh
[0.654s] -- Up-to-date: /home/skemp32/ros2_ws/install/sdformat_urdf/share/sdformat_urdf/environment/path.dsv
[0.654s] -- Up-to-date: /home/skemp32/ros2_ws/install/sdformat_urdf/share/sdformat_urdf/local_setup.bash
[0.654s] -- Up-to-date: /home/skemp32/ros2_ws/install/sdformat_urdf/share/sdformat_urdf/local_setup.sh
[0.655s] -- Up-to-date: /home/skemp32/ros2_ws/install/sdformat_urdf/share/sdformat_urdf/local_setup.zsh
[0.655s] -- Up-to-date: /home/skemp32/ros2_ws/install/sdformat_urdf/share/sdformat_urdf/local_setup.dsv
[0.655s] -- Installing: /home/skemp32/ros2_ws/install/sdformat_urdf/share/sdformat_urdf/package.dsv
[0.656s] -- Up-to-date: /home/skemp32/ros2_ws/install/sdformat_urdf/share/ament_index/resource_index/packages/sdformat_urdf
[0.657s] -- Up-to-date: /home/skemp32/ros2_ws/install/sdformat_urdf/share/ament_index/resource_index/urdf_parser_plugin__pluginlib__plugin/sdformat_urdf
[0.657s] -- Up-to-date: /home/skemp32/ros2_ws/install/sdformat_urdf/share/sdformat_urdf/cmake/sdformat_urdf-exportExport.cmake
[0.657s] -- Up-to-date: /home/skemp32/ros2_ws/install/sdformat_urdf/share/sdformat_urdf/cmake/sdformat_urdf-exportExport-noconfig.cmake
[0.658s] -- Up-to-date: /home/skemp32/ros2_ws/install/sdformat_urdf/share/sdformat_urdf/cmake/ament_cmake_export_dependencies-extras.cmake
[0.658s] -- Up-to-date: /home/skemp32/ros2_ws/install/sdformat_urdf/share/sdformat_urdf/cmake/ament_cmake_export_targets-extras.cmake
[0.660s] -- Up-to-date: /home/skemp32/ros2_ws/install/sdformat_urdf/share/sdformat_urdf/cmake/sdformat_urdfConfig.cmake
[0.660s] -- Up-to-date: /home/skemp32/ros2_ws/install/sdformat_urdf/share/sdformat_urdf/cmake/sdformat_urdfConfig-version.cmake
[0.661s] -- Up-to-date: /home/skemp32/ros2_ws/install/sdformat_urdf/share/sdformat_urdf/package.xml
[0.686s] Invoked command in '/home/skemp32/ros2_ws/build/sdformat_urdf' returned '0': CMAKE_PREFIX_PATH=/home/skemp32/ros2_ws/install/sdformat_test_files:/opt/ros/humble PKG_CONFIG_PATH=/home/skemp32/ros2_ws/install/sdformat_test_files/lib/x86_64-linux-gnu/pkgconfig:/home/skemp32/ros2_ws/install/sdformat_test_files/lib/pkgconfig /usr/bin/cmake --install /home/skemp32/ros2_ws/build/sdformat_urdf
