[0.053s] Invoking command in '/home/skemp32/ros2_ws/build/ardupilot_gz_gazebo': CMAKE_PREFIX_PATH=/opt/ros/humble /usr/bin/cmake /home/skemp32/ros2_ws/src/ardupilot_gz/ardupilot_gz_gazebo -DCMAKE_INSTALL_PREFIX=/home/skemp32/ros2_ws/install/ardupilot_gz_gazebo
[0.436s] -- The C compiler identification is GNU 11.4.0
[1.868s] -- The CXX compiler identification is GNU 11.4.0
[2.967s] -- Detecting C compiler ABI info
[3.302s] -- Detecting C compiler ABI info - done
[3.312s] -- Check for working C compiler: /usr/lib/ccache/cc - skipped
[3.312s] -- Detecting C compile features
[3.312s] -- Detecting C compile features - done
[3.318s] -- Detecting CXX compiler ABI info
[3.624s] -- Detecting CXX compiler ABI info - done
[3.635s] -- Check for working CXX compiler: /usr/lib/ccache/c++ - skipped
[3.635s] -- Detecting CXX compile features
[3.636s] -- Detecting CXX compile features - done
[3.638s] -- Found ament_cmake: 1.3.10 (/opt/ros/humble/share/ament_cmake/cmake)
[4.079s] -- Found Python3: /usr/bin/python3 (found version "3.10.12") found components: Interpreter 
[4.181s] -- Looking for gz-plugin2 -- found version 2.0.3
[4.182s] -- Searching for dependencies of gz-plugin2
[4.184s] -- Looking for gz-utils2 -- found version 2.2.0
[4.185s] -- Searching for dependencies of gz-utils2
[4.185s] -- Searching for <gz-utils2> component [cli]
[4.189s] -- Looking for gz-utils2-cli -- found version 2.2.0
[4.189s] -- Searching for dependencies of gz-utils2-cli
[4.190s] -- Searching for <gz-plugin2> component [register]
[4.192s] -- Looking for gz-plugin2-register -- found version 2.0.3
[4.193s] -- Searching for dependencies of gz-plugin2-register
[4.197s] -- Looking for gz-common5 -- found version 5.6.0
[4.197s] -- Searching for dependencies of gz-common5
[4.198s] -- Looking for gz-utils2 -- found version 2.2.0
[4.321s] -- Looking for dlfcn.h - found
[4.724s] -- Looking for libdl - found
[4.725s] -- Found DL: TRUE  
[4.732s] -- Checking for module 'uuid'
[4.745s] --   Found uuid, version 2.37.2
[4.779s] -- Found UUID: TRUE  
[4.780s] -- Searching for <gz-common5> component [profiler]
[4.782s] -- Looking for gz-common5-profiler -- found version 5.6.0
[4.783s] -- Searching for dependencies of gz-common5-profiler
[4.787s] -- Looking for gz-sim8 -- found version 8.6.0
[4.788s] -- Searching for dependencies of gz-sim8
[4.791s] -- Looking for sdformat14 -- found version 14.5.0
[4.791s] -- Searching for dependencies of sdformat14
[4.797s] -- Checking for module 'tinyxml2'
[4.810s] --   Found tinyxml2, version 9.0.0
[4.847s] -- Looking for gz-math7 -- found version 7.5.0
[4.848s] -- Searching for dependencies of gz-math7
[4.848s] -- Looking for gz-utils2 -- found version 2.2.0
[4.849s] -- Looking for gz-utils2 -- found version 2.2.0
[4.850s] -- Looking for gz-plugin2 -- found version 2.0.3
[4.850s] -- Searching for dependencies of gz-plugin2
[4.851s] -- Looking for gz-utils2 -- found version 2.2.0
[4.851s] -- Searching for <gz-plugin2> component [loader]
[4.853s] -- Looking for gz-plugin2-loader -- found version 2.0.3
[4.853s] -- Searching for dependencies of gz-plugin2-loader
[4.853s] -- Searching for <gz-plugin2> component [register]
[4.856s] -- Looking for gz-transport13 -- found version 13.4.0
[4.856s] -- Searching for dependencies of gz-transport13
[9.376s] -- Found Protobuf: /usr/lib/x86_64-linux-gnu/libprotobuf.so (found version "3.12.4") 
[13.884s] -- Config-file not installed for ZeroMQ -- checking for pkg-config
[13.932s] -- Checking for module 'libzmq >= 4'
[14.061s] --   Found libzmq , version 4.3.4
[14.417s] -- Found ZeroMQ: TRUE (Required is at least version "4") 
[14.584s] -- Looking for gz-utils2 -- found version 2.2.0
[14.588s] -- Looking for gz-msgs10 -- found version 10.3.0
[14.590s] -- Searching for dependencies of gz-msgs10
[19.265s] -- Looking for gz-utils2 -- found version 2.2.0
[19.266s] -- Looking for gz-math7 -- found version 7.5.0
[19.418s] -- Searching for <gz-transport13> component [log]
[19.423s] -- Looking for gz-transport13-log -- found version 13.4.0
[19.424s] -- Searching for dependencies of gz-transport13-log
[19.448s] -- Searching for <gz-transport13> component [parameters]
[19.454s] -- Looking for gz-transport13-parameters -- found version 13.4.0
[19.455s] -- Searching for dependencies of gz-transport13-parameters
[19.456s] -- Looking for gz-msgs10 -- found version 10.3.0
[19.457s] -- Looking for gz-common5 -- found version 5.6.0
[19.457s] -- Searching for dependencies of gz-common5
[19.457s] -- Looking for gz-utils2 -- found version 2.2.0
[19.458s] -- Looking for dlfcn.h - found
[19.458s] -- Looking for libdl - found
[19.474s] -- Searching for <gz-common5> component [av]
[19.478s] -- Looking for gz-common5-av -- found version 5.6.0
[19.479s] -- Searching for dependencies of gz-common5-av
[19.526s] -- Checking for module 'libswscale'
[19.635s] --   Found libswscale, version 5.9.100
[19.947s] -- Found SWSCALE: TRUE  
[19.965s] -- Checking for module 'libavdevice >= 56.4.100'
[20.058s] --   Found libavdevice , version 58.13.100
[20.283s] -- Found AVDEVICE: TRUE (Required is at least version "56.4.100") 
[20.294s] -- Checking for module 'libavformat'
[20.370s] --   Found libavformat, version 58.76.100
[20.556s] -- Found AVFORMAT: TRUE  
[20.577s] -- Checking for module 'libavcodec'
[20.615s] --   Found libavcodec, version 58.134.100
[20.810s] -- Found AVCODEC: TRUE  
[20.847s] -- Checking for module 'libavutil'
[20.944s] --   Found libavutil, version 56.70.100
[21.020s] -- Found AVUTIL: TRUE  
[21.021s] -- Searching for <gz-common5> component [events]
[21.025s] -- Looking for gz-common5-events -- found version 5.6.0
[21.026s] -- Searching for dependencies of gz-common5-events
[21.026s] -- Looking for gz-math7 -- found version 7.5.0
[21.027s] -- Searching for <gz-common5> component [graphics]
[21.030s] -- Looking for gz-common5-graphics -- found version 5.6.0
[21.030s] -- Searching for dependencies of gz-common5-graphics
[21.031s] -- Looking for gz-math7 -- found version 7.5.0
[21.040s] -- Found GzAssimp: TRUE (found version "5.2.0") 
[21.042s] -- Searching for <gz-common5> component [io]
[21.047s] -- Looking for gz-common5-io -- found version 5.6.0
[21.051s] -- Searching for dependencies of gz-common5-io
[21.052s] -- Searching for <gz-common5> component [profiler]
[21.061s] -- Looking for gz-fuel_tools9 -- found version 9.1.0
[21.062s] -- Searching for dependencies of gz-fuel_tools9
[23.767s] -- Found CURL: /usr/lib/x86_64-linux-gnu/libcurl.so (found version "7.81.0")  
[23.823s] -- Checking for module 'jsoncpp'
[23.873s] --   Found jsoncpp, version 1.9.5
[24.161s] -- Found JSONCPP: TRUE  
[24.172s] -- Checking for module 'libzip'
[24.289s] --   Found libzip, version 1.7.3
[24.612s] -- Found ZIP: TRUE  
[24.613s] -- Looking for gz-utils2 -- found version 2.2.0
[24.614s] -- Looking for gz-common5 -- found version 5.6.0
[24.615s] -- Searching for dependencies of gz-common5
[24.616s] -- Looking for gz-utils2 -- found version 2.2.0
[24.617s] -- Looking for dlfcn.h - found
[24.618s] -- Looking for libdl - found
[24.654s] -- Searching for <gz-common5> component [testing]
[24.658s] -- Looking for gz-common5-testing -- found version 5.6.0
[24.659s] -- Searching for dependencies of gz-common5-testing
[24.661s] -- Looking for gz-math7 -- found version 7.5.0
[24.662s] -- Looking for gz-msgs10 -- found version 10.3.0
[24.669s] -- Looking for gz-gui8 -- found version 8.3.0
[24.677s] -- Searching for dependencies of gz-gui8
[26.668s] -- Looking for gz-utils2 -- found version 2.2.0
[26.669s] -- Looking for gz-math7 -- found version 7.5.0
[26.670s] -- Looking for gz-common5 -- found version 5.6.0
[26.670s] -- Looking for gz-plugin2 -- found version 2.0.3
[26.671s] -- Looking for gz-transport13 -- found version 13.4.0
[26.674s] -- Looking for gz-rendering8 -- found version 8.2.0
[26.675s] -- Searching for dependencies of gz-rendering8
[26.676s] -- Looking for gz-math7 -- found version 7.5.0
[26.676s] -- Searching for dependencies of gz-math7
[26.678s] -- Looking for gz-utils2 -- found version 2.2.0
[26.678s] -- Searching for <gz-math7> component [eigen3]
[26.682s] -- Looking for gz-math7-eigen3 -- found version 7.5.0
[26.683s] -- Searching for dependencies of gz-math7-eigen3
[26.694s] -- Looking for gz-common5 -- found version 5.6.0
[26.696s] -- Searching for dependencies of gz-common5
[26.697s] -- Looking for gz-utils2 -- found version 2.2.0
[26.698s] -- Looking for dlfcn.h - found
[26.698s] -- Looking for libdl - found
[26.713s] -- Searching for <gz-common5> component [graphics]
[26.713s] -- Searching for <gz-common5> component [events]
[26.714s] -- Searching for <gz-common5> component [geospatial]
[26.717s] -- Looking for gz-common5-geospatial -- found version 5.6.0
[26.721s] -- Searching for dependencies of gz-common5-geospatial
[26.721s] -- Looking for gz-math7 -- found version 7.5.0
[26.721s] -- Looking for gz-common5 -- found version 5.6.0
[26.721s] -- Looking for gz-plugin2 -- found version 2.0.3
[26.721s] -- Searching for dependencies of gz-plugin2
[26.721s] -- Looking for gz-utils2 -- found version 2.2.0
[26.722s] -- Searching for <gz-plugin2> component [all]
[26.725s] -- Looking for all libraries of gz-plugin2 -- found version 2.0.3
[26.726s] -- Looking for gz-plugin2 -- found version 2.0.3
[26.729s] -- Looking for gz-utils2 -- found version 2.2.0
[28.507s] -- Found OpenGL: /usr/lib/x86_64-linux-gnu/libOpenGL.so  found components: OpenGL 
[28.509s] -- Looking for gz-msgs10 -- found version 10.3.0
[28.861s] -- Looking for gz-physics7 -- found version 7.3.0
[28.861s] -- Searching for dependencies of gz-physics7
[28.862s] -- Looking for gz-common5 -- found version 5.6.0
[28.863s] -- Looking for gz-math7 -- found version 7.5.0
[28.863s] -- Looking for gz-plugin2 -- found version 2.0.3
[28.864s] -- Looking for gz-utils2 -- found version 2.2.0
[28.866s] -- Searching for <gz-physics7> component [heightmap]
[28.869s] -- Looking for gz-physics7-heightmap -- found version 7.3.0
[28.869s] -- Searching for dependencies of gz-physics7-heightmap
[28.870s] -- Looking for gz-common5 -- found version 5.6.0
[28.870s] -- Searching for <gz-physics7> component [mesh]
[28.873s] -- Looking for gz-physics7-mesh -- found version 7.3.0
[28.874s] -- Searching for dependencies of gz-physics7-mesh
[28.874s] -- Looking for gz-common5 -- found version 5.6.0
[28.875s] -- Searching for <gz-physics7> component [sdf]
[28.877s] -- Looking for gz-physics7-sdf -- found version 7.3.0
[28.878s] -- Searching for dependencies of gz-physics7-sdf
[28.879s] -- Looking for sdformat14 -- found version 14.5.0
[28.882s] -- Looking for gz-sensors8 -- found version 8.2.0
[28.883s] -- Searching for dependencies of gz-sensors8
[31.900s] -- Looking for gz-math7 -- found version 7.5.0
[31.900s] -- Looking for gz-common5 -- found version 5.6.0
[31.901s] -- Looking for gz-transport13 -- found version 13.4.0
[31.901s] -- Looking for gz-rendering8 -- found version 8.2.0
[31.901s] -- Looking for gz-msgs10 -- found version 10.3.0
[31.902s] -- Looking for sdformat14 -- found version 14.5.0
[31.902s] -- Searching for <gz-sensors8> component [air_pressure]
[31.905s] -- Looking for gz-sensors8-air_pressure -- found version 8.2.0
[31.906s] -- Searching for dependencies of gz-sensors8-air_pressure
[31.907s] -- Searching for <gz-sensors8> component [air_speed]
[31.910s] -- Looking for gz-sensors8-air_speed -- found version 8.2.0
[31.911s] -- Searching for dependencies of gz-sensors8-air_speed
[31.912s] -- Searching for <gz-sensors8> component [altimeter]
[31.915s] -- Looking for gz-sensors8-altimeter -- found version 8.2.0
[31.916s] -- Searching for dependencies of gz-sensors8-altimeter
[31.916s] -- Searching for <gz-sensors8> component [imu]
[31.919s] -- Looking for gz-sensors8-imu -- found version 8.2.0
[31.919s] -- Searching for dependencies of gz-sensors8-imu
[31.920s] -- Searching for <gz-sensors8> component [force_torque]
[31.922s] -- Looking for gz-sensors8-force_torque -- found version 8.2.0
[31.922s] -- Searching for dependencies of gz-sensors8-force_torque
[31.923s] -- Searching for <gz-sensors8> component [logical_camera]
[31.925s] -- Looking for gz-sensors8-logical_camera -- found version 8.2.0
[31.926s] -- Searching for dependencies of gz-sensors8-logical_camera
[31.926s] -- Searching for <gz-sensors8> component [magnetometer]
[31.928s] -- Looking for gz-sensors8-magnetometer -- found version 8.2.0
[31.929s] -- Searching for dependencies of gz-sensors8-magnetometer
[31.929s] -- Searching for <gz-sensors8> component [navsat]
[31.931s] -- Looking for gz-sensors8-navsat -- found version 8.2.0
[31.932s] -- Searching for dependencies of gz-sensors8-navsat
[31.932s] -- Searching for <gz-sensors8> component [dvl]
[31.935s] -- Looking for gz-sensors8-dvl -- found version 8.2.0
[31.935s] -- Searching for dependencies of gz-sensors8-dvl
[31.936s] -- Looking for gz-sensors8 -- found version 8.2.0
[31.936s] -- Searching for dependencies of gz-sensors8
[35.046s] -- Looking for gz-math7 -- found version 7.5.0
[35.046s] -- Looking for gz-common5 -- found version 5.6.0
[35.047s] -- Looking for gz-transport13 -- found version 13.4.0
[35.048s] -- Looking for gz-rendering8 -- found version 8.2.0
[35.049s] -- Looking for gz-msgs10 -- found version 10.3.0
[35.049s] -- Looking for sdformat14 -- found version 14.5.0
[35.050s] -- Searching for <gz-sensors8> component [rendering]
[35.052s] -- Looking for gz-sensors8-rendering -- found version 8.2.0
[35.053s] -- Searching for dependencies of gz-sensors8-rendering
[35.055s] -- Searching for <gz-sensors8> component [rendering]
[35.056s] -- Searching for <gz-sensors8> component [lidar]
[35.059s] -- Looking for gz-sensors8-lidar -- found version 8.2.0
[35.060s] -- Searching for dependencies of gz-sensors8-lidar
[35.060s] -- Looking for gz-sensors8 -- found version 8.2.0
[35.061s] -- Searching for <gz-sensors8> component [gpu_lidar]
[35.064s] -- Looking for gz-sensors8-gpu_lidar -- found version 8.2.0
[35.064s] -- Searching for dependencies of gz-sensors8-gpu_lidar
[35.065s] -- Looking for gz-sensors8 -- found version 8.2.0
[35.065s] -- Searching for <gz-sensors8> component [camera]
[35.068s] -- Looking for gz-sensors8-camera -- found version 8.2.0
[35.069s] -- Searching for dependencies of gz-sensors8-camera
[35.069s] -- Looking for gz-sensors8 -- found version 8.2.0
[35.070s] -- Searching for <gz-sensors8> component [boundingbox_camera]
[35.073s] -- Looking for gz-sensors8-boundingbox_camera -- found version 8.2.0
[35.074s] -- Searching for dependencies of gz-sensors8-boundingbox_camera
[35.074s] -- Searching for <gz-sensors8> component [segmentation_camera]
[35.077s] -- Looking for gz-sensors8-segmentation_camera -- found version 8.2.0
[35.078s] -- Searching for dependencies of gz-sensors8-segmentation_camera
[35.079s] -- Searching for <gz-sensors8> component [depth_camera]
[35.081s] -- Looking for gz-sensors8-depth_camera -- found version 8.2.0
[35.081s] -- Searching for dependencies of gz-sensors8-depth_camera
[35.082s] -- Looking for gz-sensors8 -- found version 8.2.0
[35.083s] -- Searching for <gz-sensors8> component [rgbd_camera]
[35.085s] -- Looking for gz-sensors8-rgbd_camera -- found version 8.2.0
[35.085s] -- Searching for dependencies of gz-sensors8-rgbd_camera
[35.086s] -- Looking for gz-sensors8 -- found version 8.2.0
[35.086s] -- Searching for <gz-sensors8> component [thermal_camera]
[35.089s] -- Looking for gz-sensors8-thermal_camera -- found version 8.2.0
[35.090s] -- Searching for dependencies of gz-sensors8-thermal_camera
[35.090s] -- Looking for gz-sensors8 -- found version 8.2.0
[35.092s] -- Searching for <gz-sensors8> component [wide_angle_camera]
[35.095s] -- Looking for gz-sensors8-wide_angle_camera -- found version 8.2.0
[35.095s] -- Searching for dependencies of gz-sensors8-wide_angle_camera
[35.097s] -- Looking for gz-rendering8 -- found version 8.2.0
[35.098s] -- Looking for gz-math7 -- found version 7.5.0
[35.098s] -- Looking for gz-utils2 -- found version 2.2.0
[37.985s] -- Looking for gz-sim8 - found
[37.985s] 
[37.985s] -- Compiling against Gazebo Harmonic
[37.987s] -- Found ament_lint_auto: 0.12.11 (/opt/ros/humble/share/ament_lint_auto/cmake)
[38.069s] -- Added test 'copyright' to check source files copyright and LICENSE
[38.072s] -- Added test 'cppcheck' to perform static code analysis on C / C++ code
[38.072s] -- Configured cppcheck include dirs: /home/skemp32/ros2_ws/src/ardupilot_gz/ardupilot_gz_gazebo/include
[38.072s] -- Configured cppcheck exclude dirs and/or files: 
[38.074s] -- Added test 'cpplint' to check C / C++ code against the Google style
[38.074s] -- Configured cpplint exclude dirs and/or files: 
[38.075s] -- Added test 'lint_cmake' to check CMake code style
[38.077s] -- Added test 'pclint' to perform static code analysis on C / C++ code
[38.366s] [33mCMake Warning at /opt/ros/humble/share/ament_cmake_pclint/cmake/ament_pclint.cmake:117 (message):
[38.366s]   WARNING: pclp64_linux not found, skipping pclint test creation
[38.366s] Call Stack (most recent call first):
[38.366s]   /opt/ros/humble/share/ament_cmake_pclint/cmake/ament_cmake_pclint_lint_hook.cmake:25 (ament_pclint)
[38.366s]   /opt/ros/humble/share/ament_cmake_core/cmake/core/ament_execute_extensions.cmake:48 (include)
[38.367s]   /opt/ros/humble/share/ament_lint_auto/cmake/ament_lint_auto_package_hook.cmake:21 (ament_execute_extensions)
[38.367s]   /opt/ros/humble/share/ament_cmake_core/cmake/core/ament_execute_extensions.cmake:48 (include)
[38.367s]   /opt/ros/humble/share/ament_cmake_core/cmake/core/ament_package.cmake:66 (ament_execute_extensions)
[38.367s]   CMakeLists.txt:97 (ament_package)
[38.367s] 
[38.368s] [0m
[38.368s] -- Added test 'xmllint' to check XML markup files
[38.368s] -- Configuring done
[38.393s] -- Generating done
[38.396s] -- Build files have been written to: /home/skemp32/ros2_ws/build/ardupilot_gz_gazebo
[38.414s] Invoked command in '/home/skemp32/ros2_ws/build/ardupilot_gz_gazebo' returned '0': CMAKE_PREFIX_PATH=/opt/ros/humble /usr/bin/cmake /home/skemp32/ros2_ws/src/ardupilot_gz/ardupilot_gz_gazebo -DCMAKE_INSTALL_PREFIX=/home/skemp32/ros2_ws/install/ardupilot_gz_gazebo
[38.416s] Invoking command in '/home/skemp32/ros2_ws/build/ardupilot_gz_gazebo': CMAKE_PREFIX_PATH=/opt/ros/humble /usr/bin/cmake --build /home/skemp32/ros2_ws/build/ardupilot_gz_gazebo -- -j12 -l12
[38.460s] [ 25%] [32mBuilding CXX object CMakeFiles/BasicSystem.dir/src/BasicSystem.cc.o[0m
[38.470s] [ 50%] [32mBuilding CXX object CMakeFiles/FullSystem.dir/src/FullSystem.cc.o[0m
[40.806s] [ 75%] [32m[1mLinking CXX shared library libBasicSystem.so[0m
[40.963s] [100%] [32m[1mLinking CXX shared library libFullSystem.so[0m
[41.235s] [100%] Built target BasicSystem
[41.348s] [100%] Built target FullSystem
