[0.442s] Invoking command in '/home/skemp32/ros2_ws/build/ardupilot_sitl': AMENT_PREFIX_PATH=/home/skemp32/ros2_ws/install/micro_ros_agent:/home/skemp32/ros2_ws/install/ardupilot_msgs:${AMENT_PREFIX_PATH} CMAKE_PREFIX_PATH=/home/skemp32/ros2_ws/install/micro_ros_agent:/home/skemp32/ros2_ws/install/ardupilot_msgs:/opt/ros/humble LD_LIBRARY_PATH=/home/skemp32/ros2_ws/install/micro_ros_agent/lib:/home/skemp32/ros2_ws/install/ardupilot_msgs/lib:${LD_LIBRARY_PATH} PYTHONPATH=/home/skemp32/ros2_ws/install/ardupilot_msgs/local/lib/python3.10/dist-packages:${PYTHONPATH} /usr/bin/cmake --build /home/skemp32/ros2_ws/build/ardupilot_sitl -- -j12 -l12
[0.503s] Built target ament_cmake_python_copy_ardupilot_sitl
[0.675s] [32m[0mSetting top to                           :[0m [0m[32m[32m/home/skemp32/ros2_ws/src/ardupilot[0m [0m
[0.675s] [32m[0mSetting out to                           :[0m [0m[32m[32m/home/skemp32/ros2_ws/src/ardupilot/build[0m [0m
[0.680s] [32m[0mAutoconfiguration                        :[0m [0m[32m[32menabled[0m [0m
[0.680s] [32m[0mChecking for program 'python'            :[0m [0m[32m[32m/usr/bin/python3[0m [0m
[0.739s] running egg_info
[0.756s] writing ardupilot_sitl.egg-info/PKG-INFO
[0.757s] writing dependency_links to ardupilot_sitl.egg-info/dependency_links.txt
[0.757s] writing top-level names to ardupilot_sitl.egg-info/top_level.txt
[0.807s] reading manifest file 'ardupilot_sitl.egg-info/SOURCES.txt'
[0.808s] writing manifest file 'ardupilot_sitl.egg-info/SOURCES.txt'
[0.842s] Built target ament_cmake_python_build_ardupilot_sitl_egg
[0.971s] [32m[0mChecking for python version >= 3.6.9     :[0m [0m[32m[32m3.10.12[0m [0m
[0.972s] [32m[0mSetting board to                         :[0m [0m[32m[32msitl[0m [0m
[0.972s] [32m[0mUsing toolchain                          :[0m [0m[32m[32mnative[0m [0m
[0.994s] [32m[0mChecking for 'g++' (C++ compiler)        :[0m [0m[32m[32m/usr/lib/ccache/g++[0m [0m
[1.020s] [32m[0mChecking for 'gcc' (C compiler)          :[0m [0m[32m[32m/usr/lib/ccache/gcc[0m [0m
[1.030s] [32m[0mChecking for c flags '-MMD'              :[0m [0m[32m[32myes[0m [0m
[1.039s] [32m[0mChecking for cxx flags '-MMD'            :[0m [0m[32m[32myes[0m [0m
[1.039s] [32m[0mCXX Compiler                             :[0m [0m[32m[32mg++ 11.4.0[0m [0m
[1.272s] [32m[0mChecking for need to link with librt     :[0m [0m[32m[32mnot necessary[0m [0m
[1.502s] [32m[0mChecking for feenableexcept              :[0m [0m[32m[32myes[0m [0m
[1.503s] [32m[0mEnabling -Werror                         :[0m [0m[32m[32myes[0m [0m
[1.616s] [32m[0mChecking for program 'microxrceddsgen'   :[0m [0m[32m[32m/home/skemp32/ros2_ws/Micro-XRCE-DDS-Gen/scripts/microxrceddsgen[0m [0m
[1.616s] [32m[0mEnabled OpenDroneID                      :[0m [0m[32m[33mno[0m [0m
[1.616s] [32m[0mEnabled firmware ID checking             :[0m [0m[32m[33mno[0m [0m
[1.617s] [32m[0mGPS Debug Logging                        :[0m [0m[32m[33mno[0m [0m
[1.617s] [32m[0mEnabled custom controller                :[0m [0m[32m[32myes[0m [0m
[1.841s] [32m[0mChecking for HAVE_CMATH_ISFINITE         :[0m [0m[32m[32myes[0m [0m
[2.050s] [32m[0mChecking for HAVE_CMATH_ISINF            :[0m [0m[32m[32myes[0m [0m
[2.272s] [32m[0mChecking for HAVE_CMATH_ISNAN            :[0m [0m[32m[32myes[0m [0m
[2.496s] [32m[0mChecking for NEED_CMATH_ISFINITE_STD_NAMESPACE :[0m [0m[32m[32myes[0m [0m
[2.717s] [32m[0mChecking for NEED_CMATH_ISINF_STD_NAMESPACE    :[0m [0m[32m[32myes[0m [0m
[2.944s] [32m[0mChecking for NEED_CMATH_ISNAN_STD_NAMESPACE    :[0m [0m[32m[32myes[0m [0m
[3.174s] [32m[0mChecking for header endian.h                   :[0m [0m[32m[32myes[0m [0m
[3.409s] [32m[0mChecking for header byteswap.h                 :[0m [0m[32m[32myes[0m [0m
[3.632s] [32m[0mChecking for HAVE_MEMRCHR                      :[0m [0m[32m[32myes[0m [0m
[3.632s] [32m[0mConfigured VSCode Intellisense:                :[0m [0m[32m[33mno[0m [0m
[3.635s] [32m[0mDC_DSDL compiler                               :[0m [0m[32m[32m/home/skemp32/ros2_ws/src/ardupilot/modules/DroneCAN/dronecan_dsdlc/dronecan_dsdlc.py[0m [0m
[3.636s] [32m[0mSource is git repository                       :[0m [0m[32m[32myes[0m [0m
[3.636s] [32m[0mUpdate submodules                              :[0m [0m[32m[32myes[0m [0m
[3.637s] [32m[0mChecking for program 'git'                     :[0m [0m[32m[32m/usr/bin/git[0m [0m
[3.638s] [32m[0mChecking for program 'size'                    :[0m [0m[32m[32m/usr/bin/size[0m [0m
[3.638s] [32m[0mBenchmarks                                     :[0m [0m[32m[33mdisabled[0m [0m
[3.638s] [32m[0mUnit tests                                     :[0m [0m[32m[32menabled[0m [0m
[3.639s] [32m[0mScripting                                      :[0m [0m[32m[32mmaybe[0m [0m
[3.652s] [32m[0mScripting runtime checks                       :[0m [0m[32m[32menabled[0m [0m
[3.652s] [32m[0mDebug build                                    :[0m [0m[32m[33mdisabled[0m [0m
[3.652s] [32m[0mCoverage build                                 :[0m [0m[32m[33mdisabled[0m [0m
[3.652s] [32m[0mForce 32-bit build                             :[0m [0m[32m[33mdisabled[0m [0m
[3.653s] [32m[0mChecking for program 'rsync'                   :[0m [0m[32m[32m/usr/bin/rsync[0m [0m
[3.653s] [32mRemoving target_list file /home/skemp32/ros2_ws/src/ardupilot/build/sitl/target_list[0m
[3.681s] [32m'configure' finished successfully (3.007s)[0m
[3.716s] Built target ardupilot_configure
[3.967s] [32mWaf: Entering directory `/home/skemp32/ros2_ws/src/ardupilot/build/sitl'[0m
[3.988s] Embedding file locations.txt:Tools/autotest/locations.txt
[3.989s] Embedding file models/Callisto.json:Tools/autotest/models/Callisto.json
[3.989s] Embedding file models/freestyle.json:Tools/autotest/models/freestyle.json
[3.989s] Embedding file models/plane-3d.parm:Tools/autotest/models/plane-3d.parm
[3.989s] Embedding file models/plane.parm:Tools/autotest/models/plane.parm
[3.989s] Embedding file models/xplane_heli.json:Tools/autotest/models/xplane_heli.json
[3.989s] Embedding file models/xplane_plane.json:Tools/autotest/models/xplane_plane.json
[4.001s] building /home/skemp32/ros2_ws/src/ardupilot/build/sitl/modules/Micro-XRCE-DDS-Client/include/uxr/client/config.h
[4.001s] building /home/skemp32/ros2_ws/src/ardupilot/build/sitl/modules/Micro-CDR/include/ucdr/config.h
[5.355s] [32mNo target_list file found, creating[0m
[5.355s] [32mGenerating compile_commands.json[0m
[5.444s] [32mGenerating compile_commands.json[0m
[5.493s] [32mGenerating compile_commands.json[0m
[5.587s] [32mGenerating compile_commands.json[0m
[5.683s] [32mGenerating compile_commands.json[0m
[5.779s] [32mGenerating compile_commands.json[0m
[5.879s] [32mGenerating compile_commands.json[0m
[5.917s] [32mBuild commands will be stored in build/sitl/compile_commands.json[0m
[6.026s] [32mGenerating compile_commands.json[0m
[6.039s] [32mBuild commands will be stored in build/sitl/compile_commands.json[0m
[6.121s] [32mBuild commands will be stored in build/sitl/compile_commands.json[0m
[6.221s] [32mGenerating compile_commands.json[0m
[6.232s] [32mBuild commands will be stored in build/sitl/compile_commands.json[0m
[6.313s] [32mBuild commands will be stored in build/sitl/compile_commands.json[0m
[6.410s] [32mGenerating compile_commands.json[0m
[6.421s] [32mBuild commands will be stored in build/sitl/compile_commands.json[0m
[6.506s] [32mBuild commands will be stored in build/sitl/compile_commands.json[0m
[6.603s] [32mGenerating compile_commands.json[0m
[6.615s] [32mBuild commands will be stored in build/sitl/compile_commands.json[0m
[6.701s] [32mBuild commands will be stored in build/sitl/compile_commands.json[0m
[6.787s] [32mBuild commands will be stored in build/sitl/compile_commands.json[0m
[6.887s] [32mGenerating compile_commands.json[0m
[6.900s] [32mBuild commands will be stored in build/sitl/compile_commands.json[0m
[6.995s] [32mBuild commands will be stored in build/sitl/compile_commands.json[0m
[7.089s] [32mGenerating compile_commands.json[0m
[7.101s] [32mBuild commands will be stored in build/sitl/compile_commands.json[0m
[7.683s] [2756/3075] Linking [33mbuild/sitl/bin/antennatracker[0m
[7.745s] [2868/3075] Linking [33mbuild/sitl/bin/arducopter[0m
[7.758s] [2902/3075] Linking [33mbuild/sitl/bin/arducopter-heli[0m
[7.809s] [2965/3075] Linking [33mbuild/sitl/bin/arduplane[0m
[7.850s] [3003/3075] Linking [33mbuild/sitl/bin/ardusub[0m
[7.884s] [3029/3075] Linking [33mbuild/sitl/bin/blimp[0m
[7.928s] [3068/3075] Linking [33mbuild/sitl/bin/ardurover[0m
[8.922s] [3069/3075] checking symbols [36mbuild/sitl/bin/antennatracker[0m
[9.149s] [3070/3075] checking symbols [36mbuild/sitl/bin/arducopter-heli[0m
[9.159s] [3071/3075] checking symbols [36mbuild/sitl/bin/arducopter[0m
[9.250s] [3072/3075] checking symbols [36mbuild/sitl/bin/blimp[0m
[9.289s] [3073/3075] checking symbols [36mbuild/sitl/bin/arduplane[0m
[9.306s] [3074/3075] checking symbols [36mbuild/sitl/bin/ardusub[0m
[9.364s] [3075/3075] checking symbols [36mbuild/sitl/bin/ardurover[0m
[9.407s] [32mWaf: Leaving directory `/home/skemp32/ros2_ws/src/ardupilot/build/sitl'[0m
[9.407s] [32m[0m
[9.407s] [32m[0m[01;1mBUILD SUMMARY[0m
[9.407s] [32m[0m[01;1mBuild directory: [0m/home/skemp32/ros2_ws/src/ardupilot/build/sitl[0m
[9.423s] [32m[0m[01;1mTarget               Text (B)  Data (B)  BSS (B)  Total Flash Used (B)  Free Flash (B)  External Flash Used (B)[0m
[9.423s] ---------------------------------------------------------------------------------------------------------------
[9.423s] bin/antennatracker    3143842    130165   209984               3274007  Not Applicable  Not Applicable         
[9.423s] bin/arducopter        4239434    191541   228384               4430975  Not Applicable  Not Applicable         
[9.423s] bin/arducopter-heli   4218674    193093   229344               4411767  Not Applicable  Not Applicable         
[9.424s] bin/arduplane         4178338    195117   226528               4373455  Not Applicable  Not Applicable         
[9.424s] bin/ardusub           3778614    161269   222464               3939883  Not Applicable  Not Applicable         
[9.424s] bin/blimp             3201818    134189   210880               3336007  Not Applicable  Not Applicable         
[9.424s] bin/ardurover         3899268    173261   227072               4072529  Not Applicable  Not Applicable         
[9.424s] [32m[0m
[9.424s] [32m'build' finished successfully (5.521s)[0m
[9.541s] Built target ardupilot_build
[9.555s] Invoked command in '/home/skemp32/ros2_ws/build/ardupilot_sitl' returned '0': AMENT_PREFIX_PATH=/home/skemp32/ros2_ws/install/micro_ros_agent:/home/skemp32/ros2_ws/install/ardupilot_msgs:${AMENT_PREFIX_PATH} CMAKE_PREFIX_PATH=/home/skemp32/ros2_ws/install/micro_ros_agent:/home/skemp32/ros2_ws/install/ardupilot_msgs:/opt/ros/humble LD_LIBRARY_PATH=/home/skemp32/ros2_ws/install/micro_ros_agent/lib:/home/skemp32/ros2_ws/install/ardupilot_msgs/lib:${LD_LIBRARY_PATH} PYTHONPATH=/home/skemp32/ros2_ws/install/ardupilot_msgs/local/lib/python3.10/dist-packages:${PYTHONPATH} /usr/bin/cmake --build /home/skemp32/ros2_ws/build/ardupilot_sitl -- -j12 -l12
[9.581s] Invoking command in '/home/skemp32/ros2_ws/build/ardupilot_sitl': AMENT_PREFIX_PATH=/home/skemp32/ros2_ws/install/micro_ros_agent:/home/skemp32/ros2_ws/install/ardupilot_msgs:${AMENT_PREFIX_PATH} CMAKE_PREFIX_PATH=/home/skemp32/ros2_ws/install/micro_ros_agent:/home/skemp32/ros2_ws/install/ardupilot_msgs:/opt/ros/humble LD_LIBRARY_PATH=/home/skemp32/ros2_ws/install/micro_ros_agent/lib:/home/skemp32/ros2_ws/install/ardupilot_msgs/lib:${LD_LIBRARY_PATH} PYTHONPATH=/home/skemp32/ros2_ws/install/ardupilot_msgs/local/lib/python3.10/dist-packages:${PYTHONPATH} /usr/bin/cmake --install /home/skemp32/ros2_ws/build/ardupilot_sitl
[9.589s] -- Install configuration: ""
[9.589s] -- Installing: /home/skemp32/ros2_ws/install/ardupilot_sitl/bin/antennatracker
[9.596s] -- Installing: /home/skemp32/ros2_ws/install/ardupilot_sitl/bin/arducopter
[9.604s] -- Installing: /home/skemp32/ros2_ws/install/ardupilot_sitl/bin/arducopter-heli
[9.613s] -- Installing: /home/skemp32/ros2_ws/install/ardupilot_sitl/bin/arduplane
[9.622s] -- Installing: /home/skemp32/ros2_ws/install/ardupilot_sitl/bin/ardurover
[9.631s] -- Installing: /home/skemp32/ros2_ws/install/ardupilot_sitl/bin/ardusub
[9.639s] -- Installing: /home/skemp32/ros2_ws/install/ardupilot_sitl/bin/blimp
[9.646s] -- Up-to-date: /home/skemp32/ros2_ws/install/ardupilot_sitl/.//lib
[9.646s] -- Up-to-date: /home/skemp32/ros2_ws/install/ardupilot_sitl/.//lib/libAntennaTracker_libs.a
[9.646s] -- Up-to-date: /home/skemp32/ros2_ws/install/ardupilot_sitl/.//lib/libBlimp_libs.a
[9.647s] -- Up-to-date: /home/skemp32/ros2_ws/install/ardupilot_sitl/.//lib/libArduPlane_libs.a
[9.647s] -- Up-to-date: /home/skemp32/ros2_ws/install/ardupilot_sitl/.//lib/libRover_libs.a
[9.647s] -- Up-to-date: /home/skemp32/ros2_ws/install/ardupilot_sitl/.//lib/libArduCopter_libs.a
[9.647s] -- Up-to-date: /home/skemp32/ros2_ws/install/ardupilot_sitl/.//lib/libArduSub_libs.a
[9.648s] -- Up-to-date: /home/skemp32/ros2_ws/install/ardupilot_sitl/share/ardupilot_sitl//launch
[9.648s] -- Up-to-date: /home/skemp32/ros2_ws/install/ardupilot_sitl/share/ardupilot_sitl//launch/sitl_dds_serial.launch.py
[9.649s] -- Up-to-date: /home/skemp32/ros2_ws/install/ardupilot_sitl/share/ardupilot_sitl//launch/mavproxy.launch.py
[9.649s] -- Up-to-date: /home/skemp32/ros2_ws/install/ardupilot_sitl/share/ardupilot_sitl//launch/sitl_dds_udp.launch.py
[9.649s] -- Up-to-date: /home/skemp32/ros2_ws/install/ardupilot_sitl/share/ardupilot_sitl//launch/sitl.launch.py
[9.649s] -- Up-to-date: /home/skemp32/ros2_ws/install/ardupilot_sitl/share/ardupilot_sitl//launch/micro_ros_agent.launch.py
[9.650s] -- Up-to-date: /home/skemp32/ros2_ws/install/ardupilot_sitl/share/ardupilot_sitl//launch/virtual_ports.launch.py
[9.650s] -- Up-to-date: /home/skemp32/ros2_ws/install/ardupilot_sitl/share/ardupilot_sitl//launch/sitl_mavproxy.launch.py
[9.651s] -- Up-to-date: /home/skemp32/ros2_ws/install/ardupilot_sitl/share/ardupilot_sitl/config/default_params
[9.651s] -- Up-to-date: /home/skemp32/ros2_ws/install/ardupilot_sitl/share/ardupilot_sitl/config/default_params/dds_serial.parm
[9.651s] -- Up-to-date: /home/skemp32/ros2_ws/install/ardupilot_sitl/share/ardupilot_sitl/config/default_params/dds_udp.parm
[9.652s] -- Up-to-date: /home/skemp32/ros2_ws/install/ardupilot_sitl/share/ardupilot_sitl/config//default_params
[9.652s] -- Up-to-date: /home/skemp32/ros2_ws/install/ardupilot_sitl/share/ardupilot_sitl/config//default_params/copter-single.parm
[9.652s] -- Up-to-date: /home/skemp32/ros2_ws/install/ardupilot_sitl/share/ardupilot_sitl/config//default_params/copter-AVC2013.parm
[9.652s] -- Up-to-date: /home/skemp32/ros2_ws/install/ardupilot_sitl/share/ardupilot_sitl/config//default_params/copter-octaquad-cwx.parm
[9.652s] -- Up-to-date: /home/skemp32/ros2_ws/install/ardupilot_sitl/share/ardupilot_sitl/config//default_params/copter-winch.parm
[9.653s] -- Up-to-date: /home/skemp32/ros2_ws/install/ardupilot_sitl/share/ardupilot_sitl/config//default_params/gazebo-zephyr.parm
[9.653s] -- Up-to-date: /home/skemp32/ros2_ws/install/ardupilot_sitl/share/ardupilot_sitl/config//default_params/rover-omni3mecanum.parm
[9.653s] -- Up-to-date: /home/skemp32/ros2_ws/install/ardupilot_sitl/share/ardupilot_sitl/config//default_params/vee-gull_005.param
[9.653s] -- Up-to-date: /home/skemp32/ros2_ws/install/ardupilot_sitl/share/ardupilot_sitl/config//default_params/quadplane-ice.parm
[9.653s] -- Up-to-date: /home/skemp32/ros2_ws/install/ardupilot_sitl/share/ardupilot_sitl/config//default_params/quadplane-periph.parm
[9.653s] -- Up-to-date: /home/skemp32/ros2_ws/install/ardupilot_sitl/share/ardupilot_sitl/config//default_params/copter-dodecahexa.parm
[9.653s] -- Up-to-date: /home/skemp32/ros2_ws/install/ardupilot_sitl/share/ardupilot_sitl/config//default_params/glider.parm
[9.654s] -- Up-to-date: /home/skemp32/ros2_ws/install/ardupilot_sitl/share/ardupilot_sitl/config//default_params/copter.parm
[9.654s] -- Up-to-date: /home/skemp32/ros2_ws/install/ardupilot_sitl/share/ardupilot_sitl/config//default_params/balancebot.parm
[9.654s] -- Up-to-date: /home/skemp32/ros2_ws/install/ardupilot_sitl/share/ardupilot_sitl/config//default_params/periph.parm
[9.654s] -- Up-to-date: /home/skemp32/ros2_ws/install/ardupilot_sitl/share/ardupilot_sitl/config//default_params/plane-ice.parm
[9.654s] -- Up-to-date: /home/skemp32/ros2_ws/install/ardupilot_sitl/share/ardupilot_sitl/config//default_params/plane-vtail.parm
[9.654s] -- Up-to-date: /home/skemp32/ros2_ws/install/ardupilot_sitl/share/ardupilot_sitl/config//default_params/rover-skid.parm
[9.654s] -- Up-to-date: /home/skemp32/ros2_ws/install/ardupilot_sitl/share/ardupilot_sitl/config//default_params/quadplane-tri.parm
[9.654s] -- Up-to-date: /home/skemp32/ros2_ws/install/ardupilot_sitl/share/ardupilot_sitl/config//default_params/plane-soaring.parm
[9.654s] -- Up-to-date: /home/skemp32/ros2_ws/install/ardupilot_sitl/share/ardupilot_sitl/config//default_params/quadplane-tilthvec.parm
[9.654s] -- Up-to-date: /home/skemp32/ros2_ws/install/ardupilot_sitl/share/ardupilot_sitl/config//default_params/copter-djix.parm
[9.654s] -- Up-to-date: /home/skemp32/ros2_ws/install/ardupilot_sitl/share/ardupilot_sitl/config//default_params/quadplane-tilttrivec.parm
[9.654s] -- Up-to-date: /home/skemp32/ros2_ws/install/ardupilot_sitl/share/ardupilot_sitl/config//default_params/copter-heli-gas.parm
[9.654s] -- Up-to-date: /home/skemp32/ros2_ws/install/ardupilot_sitl/share/ardupilot_sitl/config//default_params/copter-wind-estimates.parm
[9.654s] -- Up-to-date: /home/skemp32/ros2_ws/install/ardupilot_sitl/share/ardupilot_sitl/config//default_params/tracker-gps-for-yaw.parm
[9.654s] -- Up-to-date: /home/skemp32/ros2_ws/install/ardupilot_sitl/share/ardupilot_sitl/config//default_params/plane-elevons.parm
[9.654s] -- Up-to-date: /home/skemp32/ros2_ws/install/ardupilot_sitl/share/ardupilot_sitl/config//default_params/copter-gps-for-yaw-nmea.parm
[9.654s] -- Up-to-date: /home/skemp32/ros2_ws/install/ardupilot_sitl/share/ardupilot_sitl/config//default_params/copter-deca.parm
[9.654s] -- Up-to-date: /home/skemp32/ros2_ws/install/ardupilot_sitl/share/ardupilot_sitl/config//default_params/quadplane-tilt.parm
[9.654s] -- Up-to-date: /home/skemp32/ros2_ws/install/ardupilot_sitl/share/ardupilot_sitl/config//default_params/copter-hexa.parm
[9.655s] -- Up-to-date: /home/skemp32/ros2_ws/install/ardupilot_sitl/share/ardupilot_sitl/config//default_params/copter-bfx.parm
[9.655s] -- Up-to-date: /home/skemp32/ros2_ws/install/ardupilot_sitl/share/ardupilot_sitl/config//default_params/quadplane-cl84.parm
[9.655s] -- Up-to-date: /home/skemp32/ros2_ws/install/ardupilot_sitl/share/ardupilot_sitl/config//default_params/rover.parm
[9.655s] -- Up-to-date: /home/skemp32/ros2_ws/install/ardupilot_sitl/share/ardupilot_sitl/config//default_params/plane-tailsitter.parm
[9.655s] -- Up-to-date: /home/skemp32/ros2_ws/install/ardupilot_sitl/share/ardupilot_sitl/config//default_params/copter-cwx.parm
[9.655s] -- Up-to-date: /home/skemp32/ros2_ws/install/ardupilot_sitl/share/ardupilot_sitl/config//default_params/plane-jet.parm
[9.655s] -- Up-to-date: /home/skemp32/ros2_ws/install/ardupilot_sitl/share/ardupilot_sitl/config//default_params/quad-can.parm
[9.655s] -- Up-to-date: /home/skemp32/ros2_ws/install/ardupilot_sitl/share/ardupilot_sitl/config//default_params/copter-heli.parm
[9.655s] -- Up-to-date: /home/skemp32/ros2_ws/install/ardupilot_sitl/share/ardupilot_sitl/config//default_params/plane-jsbsim.parm
[9.655s] -- Up-to-date: /home/skemp32/ros2_ws/install/ardupilot_sitl/share/ardupilot_sitl/config//default_params/copter-hexa-dji.parm
[9.655s] -- Up-to-date: /home/skemp32/ros2_ws/install/ardupilot_sitl/share/ardupilot_sitl/config//default_params/copter-X.parm
[9.655s] -- Up-to-date: /home/skemp32/ros2_ws/install/ardupilot_sitl/share/ardupilot_sitl/config//default_params/copter-hexa-cwx.parm
[9.655s] -- Up-to-date: /home/skemp32/ros2_ws/install/ardupilot_sitl/share/ardupilot_sitl/config//default_params/stratoblimp.parm
[9.655s] -- Up-to-date: /home/skemp32/ros2_ws/install/ardupilot_sitl/share/ardupilot_sitl/config//default_params/copter-optflow.parm
[9.655s] -- Up-to-date: /home/skemp32/ros2_ws/install/ardupilot_sitl/share/ardupilot_sitl/config//default_params/quadplane-copter_tailsitter.parm
[9.655s] -- Up-to-date: /home/skemp32/ros2_ws/install/ardupilot_sitl/share/ardupilot_sitl/config//default_params/copter-deca-cwx.parm
[9.655s] -- Up-to-date: /home/skemp32/ros2_ws/install/ardupilot_sitl/share/ardupilot_sitl/config//default_params/copter-octaquad.parm
[9.655s] -- Up-to-date: /home/skemp32/ros2_ws/install/ardupilot_sitl/share/ardupilot_sitl/config//default_params/copter-octa-cwx.parm
[9.656s] -- Up-to-date: /home/skemp32/ros2_ws/install/ardupilot_sitl/share/ardupilot_sitl/config//default_params/quad-periph.parm
[9.656s] -- Up-to-date: /home/skemp32/ros2_ws/install/ardupilot_sitl/share/ardupilot_sitl/config//default_params/sailboat.parm
[9.656s] -- Up-to-date: /home/skemp32/ros2_ws/install/ardupilot_sitl/share/ardupilot_sitl/config//default_params/motorboat.parm
[9.656s] -- Up-to-date: /home/skemp32/ros2_ws/install/ardupilot_sitl/share/ardupilot_sitl/config//default_params/quadplane.parm
[9.656s] -- Up-to-date: /home/skemp32/ros2_ws/install/ardupilot_sitl/share/ardupilot_sitl/config//default_params/copter-coax.parm
[9.656s] -- Up-to-date: /home/skemp32/ros2_ws/install/ardupilot_sitl/share/ardupilot_sitl/config//default_params/copter-vicon.parm
[9.656s] -- Up-to-date: /home/skemp32/ros2_ws/install/ardupilot_sitl/share/ardupilot_sitl/config//default_params/blimp.parm
[9.656s] -- Up-to-date: /home/skemp32/ros2_ws/install/ardupilot_sitl/share/ardupilot_sitl/config//default_params/msposd.parm
[9.656s] -- Up-to-date: /home/skemp32/ros2_ws/install/ardupilot_sitl/share/ardupilot_sitl/config//default_params/gazebo-iris.parm
[9.656s] -- Up-to-date: /home/skemp32/ros2_ws/install/ardupilot_sitl/share/ardupilot_sitl/config//default_params/quadplane-tilttri.parm
[9.656s] -- Up-to-date: /home/skemp32/ros2_ws/install/ardupilot_sitl/share/ardupilot_sitl/config//default_params/copter-beacon.parm
[9.657s] -- Up-to-date: /home/skemp32/ros2_ws/install/ardupilot_sitl/share/ardupilot_sitl/config//default_params/airsim-quadX.parm
[9.657s] -- Up-to-date: /home/skemp32/ros2_ws/install/ardupilot_sitl/share/ardupilot_sitl/config//default_params/copter-octa-dji.parm
[9.657s] -- Up-to-date: /home/skemp32/ros2_ws/install/ardupilot_sitl/share/ardupilot_sitl/config//default_params/copter-tri.parm
[9.657s] -- Up-to-date: /home/skemp32/ros2_ws/install/ardupilot_sitl/share/ardupilot_sitl/config//default_params/firefly.parm
[9.657s] -- Up-to-date: /home/skemp32/ros2_ws/install/ardupilot_sitl/share/ardupilot_sitl/config//default_params/airsim-rover.parm
[9.657s] -- Up-to-date: /home/skemp32/ros2_ws/install/ardupilot_sitl/share/ardupilot_sitl/config//default_params/rover-vectored.parm
[9.657s] -- Up-to-date: /home/skemp32/ros2_ws/install/ardupilot_sitl/share/ardupilot_sitl/config//default_params/sub-6dof.parm
[9.657s] -- Up-to-date: /home/skemp32/ros2_ws/install/ardupilot_sitl/share/ardupilot_sitl/config//default_params/sailboat-motor.parm
[9.657s] -- Up-to-date: /home/skemp32/ros2_ws/install/ardupilot_sitl/share/ardupilot_sitl/config//default_params/sub.parm
[9.657s] -- Up-to-date: /home/skemp32/ros2_ws/install/ardupilot_sitl/share/ardupilot_sitl/config//default_params/copter-y6.parm
[9.657s] -- Up-to-date: /home/skemp32/ros2_ws/install/ardupilot_sitl/share/ardupilot_sitl/config//default_params/copter-octa.parm
[9.657s] -- Up-to-date: /home/skemp32/ros2_ws/install/ardupilot_sitl/share/ardupilot_sitl/config//default_params/copter-rangefinder.parm
[9.657s] -- Up-to-date: /home/skemp32/ros2_ws/install/ardupilot_sitl/share/ardupilot_sitl/config//default_params/copter-heli-dual.parm
[9.658s] -- Up-to-date: /home/skemp32/ros2_ws/install/ardupilot_sitl/share/ardupilot_sitl/config//default_params/quadplane-can.parm
[9.658s] -- Up-to-date: /home/skemp32/ros2_ws/install/ardupilot_sitl/share/ardupilot_sitl/config//default_params/copter-gps-for-yaw.parm
[9.658s] -- Up-to-date: /home/skemp32/ros2_ws/install/ardupilot_sitl/share/ardupilot_sitl/config//default_params/plane-dspoilers.parm
[9.658s] -- Up-to-date: /home/skemp32/ros2_ws/install/ardupilot_sitl/share/ardupilot_sitl/config//default_params/copter-gimbal.parm
[9.658s] -- Up-to-date: /home/skemp32/ros2_ws/install/ardupilot_sitl/share/ardupilot_sitl/config//models
[9.658s] -- Up-to-date: /home/skemp32/ros2_ws/install/ardupilot_sitl/share/ardupilot_sitl/config//models/freestyle.json
[9.658s] -- Up-to-date: /home/skemp32/ros2_ws/install/ardupilot_sitl/share/ardupilot_sitl/config//models/plane.parm
[9.658s] -- Up-to-date: /home/skemp32/ros2_ws/install/ardupilot_sitl/share/ardupilot_sitl/config//models/Callisto.param
[9.658s] -- Up-to-date: /home/skemp32/ros2_ws/install/ardupilot_sitl/share/ardupilot_sitl/config//models/freestyle.param
[9.658s] -- Up-to-date: /home/skemp32/ros2_ws/install/ardupilot_sitl/share/ardupilot_sitl/config//models/plane-3d.parm
[9.658s] -- Up-to-date: /home/skemp32/ros2_ws/install/ardupilot_sitl/share/ardupilot_sitl/config//models/xplane_heli.json
[9.659s] -- Up-to-date: /home/skemp32/ros2_ws/install/ardupilot_sitl/share/ardupilot_sitl/config//models/Callisto.json
[9.659s] -- Up-to-date: /home/skemp32/ros2_ws/install/ardupilot_sitl/share/ardupilot_sitl/config//models/xplane_plane.json
[9.659s] -- Up-to-date: /home/skemp32/ros2_ws/install/ardupilot_sitl/share/ardupilot_sitl/environment/pythonpath.sh
[9.659s] -- Up-to-date: /home/skemp32/ros2_ws/install/ardupilot_sitl/share/ardupilot_sitl/environment/pythonpath.dsv
[9.659s] -- Up-to-date: /home/skemp32/ros2_ws/install/ardupilot_sitl/local/lib/python3.10/dist-packages/ardupilot_sitl-0.0.0-py3.10.egg-info
[9.659s] -- Installing: /home/skemp32/ros2_ws/install/ardupilot_sitl/local/lib/python3.10/dist-packages/ardupilot_sitl-0.0.0-py3.10.egg-info/dependency_links.txt
[9.659s] -- Installing: /home/skemp32/ros2_ws/install/ardupilot_sitl/local/lib/python3.10/dist-packages/ardupilot_sitl-0.0.0-py3.10.egg-info/SOURCES.txt
[9.659s] -- Installing: /home/skemp32/ros2_ws/install/ardupilot_sitl/local/lib/python3.10/dist-packages/ardupilot_sitl-0.0.0-py3.10.egg-info/PKG-INFO
[9.659s] -- Installing: /home/skemp32/ros2_ws/install/ardupilot_sitl/local/lib/python3.10/dist-packages/ardupilot_sitl-0.0.0-py3.10.egg-info/top_level.txt
[9.659s] -- Up-to-date: /home/skemp32/ros2_ws/install/ardupilot_sitl/local/lib/python3.10/dist-packages/ardupilot_sitl
[9.659s] -- Up-to-date: /home/skemp32/ros2_ws/install/ardupilot_sitl/local/lib/python3.10/dist-packages/ardupilot_sitl/actions.py
[9.659s] -- Up-to-date: /home/skemp32/ros2_ws/install/ardupilot_sitl/local/lib/python3.10/dist-packages/ardupilot_sitl/__init__.py
[9.659s] -- Up-to-date: /home/skemp32/ros2_ws/install/ardupilot_sitl/local/lib/python3.10/dist-packages/ardupilot_sitl/utilities.py
[9.660s] -- Up-to-date: /home/skemp32/ros2_ws/install/ardupilot_sitl/local/lib/python3.10/dist-packages/ardupilot_sitl/launch.py
[9.682s] Listing '/home/skemp32/ros2_ws/install/ardupilot_sitl/local/lib/python3.10/dist-packages/ardupilot_sitl'...
[9.688s] -- Up-to-date: /home/skemp32/ros2_ws/install/ardupilot_sitl/share/ament_index/resource_index/package_run_dependencies/ardupilot_sitl
[9.688s] -- Up-to-date: /home/skemp32/ros2_ws/install/ardupilot_sitl/share/ament_index/resource_index/parent_prefix_path/ardupilot_sitl
[9.688s] -- Up-to-date: /home/skemp32/ros2_ws/install/ardupilot_sitl/share/ardupilot_sitl/environment/ament_prefix_path.sh
[9.689s] -- Up-to-date: /home/skemp32/ros2_ws/install/ardupilot_sitl/share/ardupilot_sitl/environment/ament_prefix_path.dsv
[9.689s] -- Up-to-date: /home/skemp32/ros2_ws/install/ardupilot_sitl/share/ardupilot_sitl/environment/path.sh
[9.689s] -- Up-to-date: /home/skemp32/ros2_ws/install/ardupilot_sitl/share/ardupilot_sitl/environment/path.dsv
[9.689s] -- Up-to-date: /home/skemp32/ros2_ws/install/ardupilot_sitl/share/ardupilot_sitl/local_setup.bash
[9.689s] -- Up-to-date: /home/skemp32/ros2_ws/install/ardupilot_sitl/share/ardupilot_sitl/local_setup.sh
[9.689s] -- Up-to-date: /home/skemp32/ros2_ws/install/ardupilot_sitl/share/ardupilot_sitl/local_setup.zsh
[9.690s] -- Up-to-date: /home/skemp32/ros2_ws/install/ardupilot_sitl/share/ardupilot_sitl/local_setup.dsv
[9.690s] -- Installing: /home/skemp32/ros2_ws/install/ardupilot_sitl/share/ardupilot_sitl/package.dsv
[9.690s] -- Up-to-date: /home/skemp32/ros2_ws/install/ardupilot_sitl/share/ament_index/resource_index/packages/ardupilot_sitl
[9.690s] -- Up-to-date: /home/skemp32/ros2_ws/install/ardupilot_sitl/share/ardupilot_sitl/cmake/ardupilot_sitlConfig.cmake
[9.690s] -- Up-to-date: /home/skemp32/ros2_ws/install/ardupilot_sitl/share/ardupilot_sitl/cmake/ardupilot_sitlConfig-version.cmake
[9.690s] -- Up-to-date: /home/skemp32/ros2_ws/install/ardupilot_sitl/share/ardupilot_sitl/package.xml
[9.693s] Invoked command in '/home/skemp32/ros2_ws/build/ardupilot_sitl' returned '0': AMENT_PREFIX_PATH=/home/skemp32/ros2_ws/install/micro_ros_agent:/home/skemp32/ros2_ws/install/ardupilot_msgs:${AMENT_PREFIX_PATH} CMAKE_PREFIX_PATH=/home/skemp32/ros2_ws/install/micro_ros_agent:/home/skemp32/ros2_ws/install/ardupilot_msgs:/opt/ros/humble LD_LIBRARY_PATH=/home/skemp32/ros2_ws/install/micro_ros_agent/lib:/home/skemp32/ros2_ws/install/ardupilot_msgs/lib:${LD_LIBRARY_PATH} PYTHONPATH=/home/skemp32/ros2_ws/install/ardupilot_msgs/local/lib/python3.10/dist-packages:${PYTHONPATH} /usr/bin/cmake --install /home/skemp32/ros2_ws/build/ardupilot_sitl
