[0.050s] Invoking command in '/home/skemp32/ros2_ws/build/ros_gz_sim': CMAKE_PREFIX_PATH=/opt/ros/humble /usr/bin/cmake --build /home/skemp32/ros2_ws/build/ros_gz_sim -- -j12 -l12
[0.137s] [ 20%] Built target create
[0.144s] [ 60%] Built target gtest_main
[0.144s] [ 60%] Built target gtest
[0.145s] [ 80%] Built target ros_gz_sim
[0.215s] [100%] Built target test_stopwatch
[0.226s] Invoked command in '/home/skemp32/ros2_ws/build/ros_gz_sim' returned '0': CMAKE_PREFIX_PATH=/opt/ros/humble /usr/bin/cmake --build /home/skemp32/ros2_ws/build/ros_gz_sim -- -j12 -l12
[0.320s] Invoking command in '/home/skemp32/ros2_ws/build/ros_gz_sim': CMAKE_PREFIX_PATH=/opt/ros/humble /usr/bin/cmake --install /home/skemp32/ros2_ws/build/ros_gz_sim
[0.334s] -- Install configuration: ""
[0.334s] -- Up-to-date: /home/skemp32/ros2_ws/install/ros_gz_sim/include/ros_gz_sim
[0.334s] -- Up-to-date: /home/skemp32/ros2_ws/install/ros_gz_sim/include/ros_gz_sim/Stopwatch.hpp
[0.335s] -- Up-to-date: /home/skemp32/ros2_ws/install/ros_gz_sim/share/ros_gz_sim/launch/gz_sim.launch.py
[0.335s] -- Up-to-date: /home/skemp32/ros2_ws/install/ros_gz_sim/lib/ros_gz_sim/create
[0.335s] -- Up-to-date: /home/skemp32/ros2_ws/install/ros_gz_sim/lib/libros_gz_sim.so
[0.335s] -- Up-to-date: /home/skemp32/ros2_ws/install/ros_gz_sim/lib/ros_gz_sim/test_stopwatch
[0.336s] -- Up-to-date: /home/skemp32/ros2_ws/install/ros_gz_sim/share/ament_index/resource_index/package_run_dependencies/ros_gz_sim
[0.336s] -- Up-to-date: /home/skemp32/ros2_ws/install/ros_gz_sim/share/ament_index/resource_index/parent_prefix_path/ros_gz_sim
[0.336s] -- Up-to-date: /home/skemp32/ros2_ws/install/ros_gz_sim/share/ros_gz_sim/environment/ament_prefix_path.sh
[0.336s] -- Up-to-date: /home/skemp32/ros2_ws/install/ros_gz_sim/share/ros_gz_sim/environment/ament_prefix_path.dsv
[0.336s] -- Up-to-date: /home/skemp32/ros2_ws/install/ros_gz_sim/share/ros_gz_sim/environment/path.sh
[0.336s] -- Up-to-date: /home/skemp32/ros2_ws/install/ros_gz_sim/share/ros_gz_sim/environment/path.dsv
[0.336s] -- Up-to-date: /home/skemp32/ros2_ws/install/ros_gz_sim/share/ros_gz_sim/local_setup.bash
[0.336s] -- Up-to-date: /home/skemp32/ros2_ws/install/ros_gz_sim/share/ros_gz_sim/local_setup.sh
[0.337s] -- Up-to-date: /home/skemp32/ros2_ws/install/ros_gz_sim/share/ros_gz_sim/local_setup.zsh
[0.337s] -- Up-to-date: /home/skemp32/ros2_ws/install/ros_gz_sim/share/ros_gz_sim/local_setup.dsv
[0.337s] -- Installing: /home/skemp32/ros2_ws/install/ros_gz_sim/share/ros_gz_sim/package.dsv
[0.338s] -- Up-to-date: /home/skemp32/ros2_ws/install/ros_gz_sim/share/ament_index/resource_index/packages/ros_gz_sim
[0.338s] -- Up-to-date: /home/skemp32/ros2_ws/install/ros_gz_sim/share/ros_gz_sim/cmake/ros_gz_simExport.cmake
[0.338s] -- Up-to-date: /home/skemp32/ros2_ws/install/ros_gz_sim/share/ros_gz_sim/cmake/ros_gz_simExport-noconfig.cmake
[0.338s] -- Up-to-date: /home/skemp32/ros2_ws/install/ros_gz_sim/share/ros_gz_sim/cmake/ament_cmake_export_targets-extras.cmake
[0.339s] -- Up-to-date: /home/skemp32/ros2_ws/install/ros_gz_sim/share/ros_gz_sim/cmake/ament_cmake_export_dependencies-extras.cmake
[0.339s] -- Up-to-date: /home/skemp32/ros2_ws/install/ros_gz_sim/share/ros_gz_sim/cmake/ros_gz_simConfig.cmake
[0.340s] -- Up-to-date: /home/skemp32/ros2_ws/install/ros_gz_sim/share/ros_gz_sim/cmake/ros_gz_simConfig-version.cmake
[0.340s] -- Up-to-date: /home/skemp32/ros2_ws/install/ros_gz_sim/share/ros_gz_sim/package.xml
[0.341s] Invoked command in '/home/skemp32/ros2_ws/build/ros_gz_sim' returned '0': CMAKE_PREFIX_PATH=/opt/ros/humble /usr/bin/cmake --install /home/skemp32/ros2_ws/build/ros_gz_sim
