[0.200s] Invoking command in '/home/skemp32/ros2_ws/build/ros_gz_bridge': AMENT_PREFIX_PATH=/home/skemp32/ros2_ws/install/ros_gz_interfaces:${AMENT_PREFIX_PATH} CMAKE_PREFIX_PATH=/home/skemp32/ros2_ws/install/ros_gz_interfaces:/opt/ros/humble LD_LIBRARY_PATH=/home/skemp32/ros2_ws/install/ros_gz_interfaces/lib:${LD_LIBRARY_PATH} PYTHONPATH=/home/skemp32/ros2_ws/install/ros_gz_interfaces/local/lib/python3.10/dist-packages:${PYTHONPATH} /usr/bin/cmake --build /home/skemp32/ros2_ws/build/ros_gz_bridge -- -j12 -l12
[0.255s] [  2%] Built target bridge_node
[0.256s] [  4%] Built target gtest_main
[0.262s] [  6%] Built target gtest
[0.287s] [  9%] Built target test_rcl_interfaces
[0.298s] [ 52%] Built target ros_gz_bridge
[0.300s] [ 56%] Built target test_utils
[0.327s] [ 58%] Built target bridge_types
[0.330s] [ 60%] Built target ros_gz_bridge_bridge_config
[0.331s] [ 62%] Built target parameter_bridge
[0.332s] [ 64%] Built target static_bridge
[0.338s] [ 70%] Built target test_ros_gz_interfaces
[0.338s] [ 71%] Built target test_ros_client
[0.338s] [ 73%] Built target test_gz_subscriber
[0.339s] [ 76%] Built target test_gz_publisher
[0.345s] [ 79%] Built target test_gz_server
[0.346s] [ 82%] Built target test_ros_publisher
[0.360s] [100%] Built target test_ros_subscriber
[0.373s] Invoked command in '/home/skemp32/ros2_ws/build/ros_gz_bridge' returned '0': AMENT_PREFIX_PATH=/home/skemp32/ros2_ws/install/ros_gz_interfaces:${AMENT_PREFIX_PATH} CMAKE_PREFIX_PATH=/home/skemp32/ros2_ws/install/ros_gz_interfaces:/opt/ros/humble LD_LIBRARY_PATH=/home/skemp32/ros2_ws/install/ros_gz_interfaces/lib:${LD_LIBRARY_PATH} PYTHONPATH=/home/skemp32/ros2_ws/install/ros_gz_interfaces/local/lib/python3.10/dist-packages:${PYTHONPATH} /usr/bin/cmake --build /home/skemp32/ros2_ws/build/ros_gz_bridge -- -j12 -l12
[0.562s] Invoking command in '/home/skemp32/ros2_ws/build/ros_gz_bridge': AMENT_PREFIX_PATH=/home/skemp32/ros2_ws/install/ros_gz_interfaces:${AMENT_PREFIX_PATH} CMAKE_PREFIX_PATH=/home/skemp32/ros2_ws/install/ros_gz_interfaces:/opt/ros/humble LD_LIBRARY_PATH=/home/skemp32/ros2_ws/install/ros_gz_interfaces/lib:${LD_LIBRARY_PATH} PYTHONPATH=/home/skemp32/ros2_ws/install/ros_gz_interfaces/local/lib/python3.10/dist-packages:${PYTHONPATH} /usr/bin/cmake --install /home/skemp32/ros2_ws/build/ros_gz_bridge
[0.568s] -- Install configuration: ""
[0.569s] -- Up-to-date: /home/skemp32/ros2_ws/install/ros_gz_bridge/lib/ros_gz_bridge/bridge_node
[0.569s] -- Up-to-date: /home/skemp32/ros2_ws/install/ros_gz_bridge/lib/libros_gz_bridge.so
[0.570s] -- Up-to-date: /home/skemp32/ros2_ws/install/ros_gz_bridge/include/ros_gz_bridge
[0.570s] -- Up-to-date: /home/skemp32/ros2_ws/install/ros_gz_bridge/include/ros_gz_bridge/ros_gz_bridge
[0.570s] -- Up-to-date: /home/skemp32/ros2_ws/install/ros_gz_bridge/include/ros_gz_bridge/ros_gz_bridge/bridge_config.hpp
[0.570s] -- Up-to-date: /home/skemp32/ros2_ws/install/ros_gz_bridge/include/ros_gz_bridge/ros_gz_bridge/convert.hpp
[0.571s] -- Up-to-date: /home/skemp32/ros2_ws/install/ros_gz_bridge/include/ros_gz_bridge/ros_gz_bridge/convert_decl.hpp
[0.571s] -- Up-to-date: /home/skemp32/ros2_ws/install/ros_gz_bridge/include/ros_gz_bridge/ros_gz_bridge/convert
[0.571s] -- Up-to-date: /home/skemp32/ros2_ws/install/ros_gz_bridge/include/ros_gz_bridge/ros_gz_bridge/convert/gps_msgs.hpp
[0.571s] -- Up-to-date: /home/skemp32/ros2_ws/install/ros_gz_bridge/include/ros_gz_bridge/ros_gz_bridge/convert/sensor_msgs.hpp
[0.571s] -- Up-to-date: /home/skemp32/ros2_ws/install/ros_gz_bridge/include/ros_gz_bridge/ros_gz_bridge/convert/tf2_msgs.hpp
[0.572s] -- Up-to-date: /home/skemp32/ros2_ws/install/ros_gz_bridge/include/ros_gz_bridge/ros_gz_bridge/convert/builtin_interfaces.hpp
[0.572s] -- Up-to-date: /home/skemp32/ros2_ws/install/ros_gz_bridge/include/ros_gz_bridge/ros_gz_bridge/convert/geometry_msgs.hpp
[0.572s] -- Up-to-date: /home/skemp32/ros2_ws/install/ros_gz_bridge/include/ros_gz_bridge/ros_gz_bridge/convert/rosgraph_msgs.hpp
[0.572s] -- Up-to-date: /home/skemp32/ros2_ws/install/ros_gz_bridge/include/ros_gz_bridge/ros_gz_bridge/convert/trajectory_msgs.hpp
[0.572s] -- Up-to-date: /home/skemp32/ros2_ws/install/ros_gz_bridge/include/ros_gz_bridge/ros_gz_bridge/convert/std_msgs.hpp
[0.572s] -- Up-to-date: /home/skemp32/ros2_ws/install/ros_gz_bridge/include/ros_gz_bridge/ros_gz_bridge/convert/rcl_interfaces.hpp
[0.573s] -- Up-to-date: /home/skemp32/ros2_ws/install/ros_gz_bridge/include/ros_gz_bridge/ros_gz_bridge/convert/actuator_msgs.hpp
[0.573s] -- Up-to-date: /home/skemp32/ros2_ws/install/ros_gz_bridge/include/ros_gz_bridge/ros_gz_bridge/convert/vision_msgs.hpp
[0.573s] -- Up-to-date: /home/skemp32/ros2_ws/install/ros_gz_bridge/include/ros_gz_bridge/ros_gz_bridge/convert/nav_msgs.hpp
[0.573s] -- Up-to-date: /home/skemp32/ros2_ws/install/ros_gz_bridge/include/ros_gz_bridge/ros_gz_bridge/convert/ros_gz_interfaces.hpp
[0.573s] -- Up-to-date: /home/skemp32/ros2_ws/install/ros_gz_bridge/include/ros_gz_bridge/ros_gz_bridge/ros_gz_bridge.hpp
[0.573s] -- Up-to-date: /home/skemp32/ros2_ws/install/ros_gz_bridge/lib/ros_gz_bridge/parameter_bridge
[0.573s] -- Up-to-date: /home/skemp32/ros2_ws/install/ros_gz_bridge/lib/ros_gz_bridge/static_bridge
[0.574s] -- Up-to-date: /home/skemp32/ros2_ws/install/ros_gz_bridge/lib/ros_gz_bridge/bridge_types
[0.574s] -- Up-to-date: /home/skemp32/ros2_ws/install/ros_gz_bridge/lib/ros_gz_bridge/test_ros_publisher
[0.574s] -- Up-to-date: /home/skemp32/ros2_ws/install/ros_gz_bridge/lib/ros_gz_bridge/test_ros_subscriber
[0.574s] -- Up-to-date: /home/skemp32/ros2_ws/install/ros_gz_bridge/lib/ros_gz_bridge/test_gz_publisher
[0.575s] -- Up-to-date: /home/skemp32/ros2_ws/install/ros_gz_bridge/lib/ros_gz_bridge/test_gz_subscriber
[0.575s] -- Up-to-date: /home/skemp32/ros2_ws/install/ros_gz_bridge/lib/ros_gz_bridge/test_gz_server
[0.575s] -- Up-to-date: /home/skemp32/ros2_ws/install/ros_gz_bridge/lib/ros_gz_bridge/test_ros_client
[0.576s] -- Up-to-date: /home/skemp32/ros2_ws/install/ros_gz_bridge/share/ros_gz_bridge/environment/library_path.sh
[0.576s] -- Up-to-date: /home/skemp32/ros2_ws/install/ros_gz_bridge/share/ros_gz_bridge/environment/library_path.dsv
[0.576s] -- Up-to-date: /home/skemp32/ros2_ws/install/ros_gz_bridge/share/ament_index/resource_index/package_run_dependencies/ros_gz_bridge
[0.576s] -- Up-to-date: /home/skemp32/ros2_ws/install/ros_gz_bridge/share/ament_index/resource_index/parent_prefix_path/ros_gz_bridge
[0.576s] -- Up-to-date: /home/skemp32/ros2_ws/install/ros_gz_bridge/share/ros_gz_bridge/environment/ament_prefix_path.sh
[0.576s] -- Up-to-date: /home/skemp32/ros2_ws/install/ros_gz_bridge/share/ros_gz_bridge/environment/ament_prefix_path.dsv
[0.576s] -- Up-to-date: /home/skemp32/ros2_ws/install/ros_gz_bridge/share/ros_gz_bridge/environment/path.sh
[0.576s] -- Up-to-date: /home/skemp32/ros2_ws/install/ros_gz_bridge/share/ros_gz_bridge/environment/path.dsv
[0.576s] -- Up-to-date: /home/skemp32/ros2_ws/install/ros_gz_bridge/share/ros_gz_bridge/local_setup.bash
[0.576s] -- Up-to-date: /home/skemp32/ros2_ws/install/ros_gz_bridge/share/ros_gz_bridge/local_setup.sh
[0.576s] -- Up-to-date: /home/skemp32/ros2_ws/install/ros_gz_bridge/share/ros_gz_bridge/local_setup.zsh
[0.576s] -- Up-to-date: /home/skemp32/ros2_ws/install/ros_gz_bridge/share/ros_gz_bridge/local_setup.dsv
[0.577s] -- Installing: /home/skemp32/ros2_ws/install/ros_gz_bridge/share/ros_gz_bridge/package.dsv
[0.577s] -- Up-to-date: /home/skemp32/ros2_ws/install/ros_gz_bridge/share/ament_index/resource_index/packages/ros_gz_bridge
[0.577s] -- Up-to-date: /home/skemp32/ros2_ws/install/ros_gz_bridge/share/ament_index/resource_index/rclcpp_components/ros_gz_bridge
[0.577s] -- Up-to-date: /home/skemp32/ros2_ws/install/ros_gz_bridge/share/ros_gz_bridge/cmake/export_ros_gz_bridgeExport.cmake
[0.577s] -- Up-to-date: /home/skemp32/ros2_ws/install/ros_gz_bridge/share/ros_gz_bridge/cmake/export_ros_gz_bridgeExport-noconfig.cmake
[0.577s] -- Up-to-date: /home/skemp32/ros2_ws/install/ros_gz_bridge/share/ros_gz_bridge/cmake/ament_cmake_export_include_directories-extras.cmake
[0.577s] -- Up-to-date: /home/skemp32/ros2_ws/install/ros_gz_bridge/share/ros_gz_bridge/cmake/ament_cmake_export_libraries-extras.cmake
[0.577s] -- Up-to-date: /home/skemp32/ros2_ws/install/ros_gz_bridge/share/ros_gz_bridge/cmake/ament_cmake_export_targets-extras.cmake
[0.577s] -- Up-to-date: /home/skemp32/ros2_ws/install/ros_gz_bridge/share/ros_gz_bridge/cmake/ament_cmake_export_dependencies-extras.cmake
[0.577s] -- Up-to-date: /home/skemp32/ros2_ws/install/ros_gz_bridge/share/ros_gz_bridge/cmake/ros_gz_bridgeConfig.cmake
[0.577s] -- Up-to-date: /home/skemp32/ros2_ws/install/ros_gz_bridge/share/ros_gz_bridge/cmake/ros_gz_bridgeConfig-version.cmake
[0.577s] -- Up-to-date: /home/skemp32/ros2_ws/install/ros_gz_bridge/share/ros_gz_bridge/package.xml
[0.579s] Invoked command in '/home/skemp32/ros2_ws/build/ros_gz_bridge' returned '0': AMENT_PREFIX_PATH=/home/skemp32/ros2_ws/install/ros_gz_interfaces:${AMENT_PREFIX_PATH} CMAKE_PREFIX_PATH=/home/skemp32/ros2_ws/install/ros_gz_interfaces:/opt/ros/humble LD_LIBRARY_PATH=/home/skemp32/ros2_ws/install/ros_gz_interfaces/lib:${LD_LIBRARY_PATH} PYTHONPATH=/home/skemp32/ros2_ws/install/ros_gz_interfaces/local/lib/python3.10/dist-packages:${PYTHONPATH} /usr/bin/cmake --install /home/skemp32/ros2_ws/build/ros_gz_bridge
