[0.473s] Invoking command in '/home/skemp32/ros2_ws/build/ardupilot_sitl': AMENT_PREFIX_PATH=/home/skemp32/ros2_ws/install/micro_ros_agent:/home/skemp32/ros2_ws/install/ardupilot_msgs:${AMENT_PREFIX_PATH} CMAKE_PREFIX_PATH=/home/skemp32/ros2_ws/install/micro_ros_agent:/home/skemp32/ros2_ws/install/ardupilot_msgs:/opt/ros/humble LD_LIBRARY_PATH=/home/skemp32/ros2_ws/install/micro_ros_agent/lib:/home/skemp32/ros2_ws/install/ardupilot_msgs/lib:${LD_LIBRARY_PATH} PYTHONPATH=/home/skemp32/ros2_ws/install/ardupilot_msgs/local/lib/python3.10/dist-packages:${PYTHONPATH} /usr/bin/cmake --build /home/skemp32/ros2_ws/build/ardupilot_sitl -- -j12 -l12
[0.540s] Built target ament_cmake_python_copy_ardupilot_sitl
[0.816s] running egg_info
[0.838s] writing ardupilot_sitl.egg-info/PKG-INFO
[0.839s] writing dependency_links to ardupilot_sitl.egg-info/dependency_links.txt
[0.839s] writing top-level names to ardupilot_sitl.egg-info/top_level.txt
[0.885s] [32m[0mSetting top to                           :[0m [0m[32m[32m/home/skemp32/ros2_ws/src/ardupilot[0m [0m
[0.885s] [32m[0mSetting out to                           :[0m [0m[32m[32m/home/skemp32/ros2_ws/src/ardupilot/build[0m [0m
[0.889s] [32m[0mAutoconfiguration                        :[0m [0m[32m[32menabled[0m [0m
[0.889s] [32m[0mChecking for program 'python'            :[0m [0m[32m[32m/usr/bin/python3[0m [0m
[0.892s] reading manifest file 'ardupilot_sitl.egg-info/SOURCES.txt'
[0.894s] writing manifest file 'ardupilot_sitl.egg-info/SOURCES.txt'
[0.933s] Built target ament_cmake_python_build_ardupilot_sitl_egg
[1.213s] [32m[0mChecking for python version >= 3.6.9     :[0m [0m[32m[32m3.10.12[0m [0m
[1.215s] [32m[0mSetting board to                         :[0m [0m[32m[32msitl[0m [0m
[1.216s] [32m[0mUsing toolchain                          :[0m [0m[32m[32mnative[0m [0m
[1.276s] [32m[0mChecking for 'g++' (C++ compiler)        :[0m [0m[32m[32m/usr/lib/ccache/g++[0m [0m
[1.308s] [32m[0mChecking for 'gcc' (C compiler)          :[0m [0m[32m[32m/usr/lib/ccache/gcc[0m [0m
[1.330s] [32m[0mChecking for c flags '-MMD'              :[0m [0m[32m[32myes[0m [0m
[1.343s] [32m[0mChecking for cxx flags '-MMD'            :[0m [0m[32m[32myes[0m [0m
[1.344s] [32m[0mCXX Compiler                             :[0m [0m[32m[32mg++ 11.4.0[0m [0m
[1.656s] [32m[0mChecking for need to link with librt     :[0m [0m[32m[32mnot necessary[0m [0m
[1.906s] [32m[0mChecking for feenableexcept              :[0m [0m[32m[32myes[0m [0m
[1.906s] [32m[0mEnabling -Werror                         :[0m [0m[32m[32myes[0m [0m
[2.009s] [32m[0mChecking for program 'microxrceddsgen'   :[0m [0m[32m[32m/home/skemp32/ros2_ws/Micro-XRCE-DDS-Gen/scripts/microxrceddsgen[0m [0m
[2.009s] [32m[0mEnabled OpenDroneID                      :[0m [0m[32m[33mno[0m [0m
[2.010s] [32m[0mEnabled firmware ID checking             :[0m [0m[32m[33mno[0m [0m
[2.010s] [32m[0mGPS Debug Logging                        :[0m [0m[32m[33mno[0m [0m
[2.010s] [32m[0mEnabled custom controller                :[0m [0m[32m[32myes[0m [0m
[2.266s] [32m[0mChecking for HAVE_CMATH_ISFINITE         :[0m [0m[32m[32myes[0m [0m
[2.526s] [32m[0mChecking for HAVE_CMATH_ISINF            :[0m [0m[32m[32myes[0m [0m
[2.797s] [32m[0mChecking for HAVE_CMATH_ISNAN            :[0m [0m[32m[32myes[0m [0m
[3.054s] [32m[0mChecking for NEED_CMATH_ISFINITE_STD_NAMESPACE :[0m [0m[32m[32myes[0m [0m
[3.301s] [32m[0mChecking for NEED_CMATH_ISINF_STD_NAMESPACE    :[0m [0m[32m[32myes[0m [0m
[3.542s] [32m[0mChecking for NEED_CMATH_ISNAN_STD_NAMESPACE    :[0m [0m[32m[32myes[0m [0m
[3.790s] [32m[0mChecking for header endian.h                   :[0m [0m[32m[32myes[0m [0m
[4.030s] [32m[0mChecking for header byteswap.h                 :[0m [0m[32m[32myes[0m [0m
[4.267s] [32m[0mChecking for HAVE_MEMRCHR                      :[0m [0m[32m[32myes[0m [0m
[4.267s] [32m[0mConfigured VSCode Intellisense:                :[0m [0m[32m[33mno[0m [0m
[4.272s] [32m[0mDC_DSDL compiler                               :[0m [0m[32m[32m/home/skemp32/ros2_ws/src/ardupilot/modules/DroneCAN/dronecan_dsdlc/dronecan_dsdlc.py[0m [0m
[4.273s] [32m[0mSource is git repository                       :[0m [0m[32m[32myes[0m [0m
[4.273s] [32m[0mUpdate submodules                              :[0m [0m[32m[32myes[0m [0m
[4.274s] [32m[0mChecking for program 'git'                     :[0m [0m[32m[32m/usr/bin/git[0m [0m
[4.276s] [32m[0mChecking for program 'size'                    :[0m [0m[32m[32m/usr/bin/size[0m [0m
[4.276s] [32m[0mBenchmarks                                     :[0m [0m[32m[33mdisabled[0m [0m
[4.276s] [32m[0mUnit tests                                     :[0m [0m[32m[32menabled[0m [0m
[4.276s] [32m[0mScripting                                      :[0m [0m[32m[32mmaybe[0m [0m
[4.288s] [32m[0mScripting runtime checks                       :[0m [0m[32m[32menabled[0m [0m
[4.289s] [32m[0mDebug build                                    :[0m [0m[32m[33mdisabled[0m [0m
[4.289s] [32m[0mCoverage build                                 :[0m [0m[32m[33mdisabled[0m [0m
[4.289s] [32m[0mForce 32-bit build                             :[0m [0m[32m[33mdisabled[0m [0m
[4.289s] [32m[0mChecking for program 'rsync'                   :[0m [0m[32m[32m/usr/bin/rsync[0m [0m
[4.289s] [32mRemoving target_list file /home/skemp32/ros2_ws/src/ardupilot/build/sitl/target_list[0m
[4.365s] [32m'configure' finished successfully (3.482s)[0m
[4.403s] Built target ardupilot_configure
[4.665s] [32mWaf: Entering directory `/home/skemp32/ros2_ws/src/ardupilot/build/sitl'[0m
[4.687s] Embedding file locations.txt:Tools/autotest/locations.txt
[4.687s] Embedding file models/Callisto.json:Tools/autotest/models/Callisto.json
[4.687s] Embedding file models/freestyle.json:Tools/autotest/models/freestyle.json
[4.687s] Embedding file models/plane-3d.parm:Tools/autotest/models/plane-3d.parm
[4.687s] Embedding file models/plane.parm:Tools/autotest/models/plane.parm
[4.687s] Embedding file models/xplane_heli.json:Tools/autotest/models/xplane_heli.json
[4.687s] Embedding file models/xplane_plane.json:Tools/autotest/models/xplane_plane.json
[4.698s] building /home/skemp32/ros2_ws/src/ardupilot/build/sitl/modules/Micro-XRCE-DDS-Client/include/uxr/client/config.h
[4.698s] building /home/skemp32/ros2_ws/src/ardupilot/build/sitl/modules/Micro-CDR/include/ucdr/config.h
[6.419s] [32mNo target_list file found, creating[0m
[6.419s] [32mGenerating compile_commands.json[0m
[6.522s] [32mGenerating compile_commands.json[0m
[6.571s] [32mGenerating compile_commands.json[0m
[6.665s] [32mGenerating compile_commands.json[0m
[6.760s] [32mGenerating compile_commands.json[0m
[6.856s] [32mGenerating compile_commands.json[0m
[6.957s] [32mGenerating compile_commands.json[0m
[6.992s] [32mBuild commands will be stored in build/sitl/compile_commands.json[0m
[7.111s] [32mGenerating compile_commands.json[0m
[7.122s] [32mBuild commands will be stored in build/sitl/compile_commands.json[0m
[7.210s] [32mBuild commands will be stored in build/sitl/compile_commands.json[0m
[7.314s] [32mGenerating compile_commands.json[0m
[7.325s] [32mBuild commands will be stored in build/sitl/compile_commands.json[0m
[7.410s] [32mBuild commands will be stored in build/sitl/compile_commands.json[0m
[7.510s] [32mGenerating compile_commands.json[0m
[7.520s] [32mBuild commands will be stored in build/sitl/compile_commands.json[0m
[7.609s] [32mBuild commands will be stored in build/sitl/compile_commands.json[0m
[7.713s] [32mGenerating compile_commands.json[0m
[7.724s] [32mBuild commands will be stored in build/sitl/compile_commands.json[0m
[7.814s] [32mBuild commands will be stored in build/sitl/compile_commands.json[0m
[7.900s] [32mBuild commands will be stored in build/sitl/compile_commands.json[0m
[7.997s] [32mGenerating compile_commands.json[0m
[8.008s] [32mBuild commands will be stored in build/sitl/compile_commands.json[0m
[8.098s] [32mBuild commands will be stored in build/sitl/compile_commands.json[0m
[8.193s] [32mGenerating compile_commands.json[0m
[8.204s] [32mBuild commands will be stored in build/sitl/compile_commands.json[0m
[10.252s] [2756/3075] Linking [33mbuild/sitl/bin/antennatracker[0m
[10.372s] [2829/3075] Linking [33mbuild/sitl/bin/arducopter[0m
[10.421s] [2902/3075] Linking [33mbuild/sitl/bin/arducopter-heli[0m
[10.535s] [2965/3075] Linking [33mbuild/sitl/bin/arduplane[0m
[10.617s] [3003/3075] Linking [33mbuild/sitl/bin/ardusub[0m
[10.696s] [3029/3075] Linking [33mbuild/sitl/bin/blimp[0m
[10.825s] [3068/3075] Linking [33mbuild/sitl/bin/ardurover[0m
[11.453s] [3069/3075] checking symbols [36mbuild/sitl/bin/antennatracker[0m
[11.832s] [3070/3075] checking symbols [36mbuild/sitl/bin/arducopter[0m
[11.853s] [3071/3075] checking symbols [36mbuild/sitl/bin/arducopter-heli[0m
[11.939s] [3072/3075] checking symbols [36mbuild/sitl/bin/arduplane[0m
[11.980s] [3073/3075] checking symbols [36mbuild/sitl/bin/blimp[0m
[11.997s] [3074/3075] checking symbols [36mbuild/sitl/bin/ardusub[0m
[12.086s] [3075/3075] checking symbols [36mbuild/sitl/bin/ardurover[0m
[12.123s] [32mWaf: Leaving directory `/home/skemp32/ros2_ws/src/ardupilot/build/sitl'[0m
[12.123s] [32m[0m
[12.123s] [32m[0m[01;1mBUILD SUMMARY[0m
[12.123s] [32m[0m[01;1mBuild directory: [0m/home/skemp32/ros2_ws/src/ardupilot/build/sitl[0m
[12.137s] [32m[0m[01;1mTarget               Text (B)  Data (B)  BSS (B)  Total Flash Used (B)  Free Flash (B)  External Flash Used (B)[0m
[12.137s] ---------------------------------------------------------------------------------------------------------------
[12.138s] bin/antennatracker    3143842    130165   209984               3274007  Not Applicable  Not Applicable         
[12.138s] bin/arducopter        4239434    191541   228384               4430975  Not Applicable  Not Applicable         
[12.138s] bin/arducopter-heli   4218674    193093   229344               4411767  Not Applicable  Not Applicable         
[12.138s] bin/arduplane         4178338    195117   226528               4373455  Not Applicable  Not Applicable         
[12.138s] bin/ardusub           3778614    161269   222464               3939883  Not Applicable  Not Applicable         
[12.138s] bin/blimp             3201818    134189   210880               3336007  Not Applicable  Not Applicable         
[12.138s] bin/ardurover         3899268    173261   227072               4072529  Not Applicable  Not Applicable         
[12.138s] [32m[0m
[12.138s] [32m'build' finished successfully (7.545s)[0m
[12.248s] Built target ardupilot_build
[12.260s] Invoked command in '/home/skemp32/ros2_ws/build/ardupilot_sitl' returned '0': AMENT_PREFIX_PATH=/home/skemp32/ros2_ws/install/micro_ros_agent:/home/skemp32/ros2_ws/install/ardupilot_msgs:${AMENT_PREFIX_PATH} CMAKE_PREFIX_PATH=/home/skemp32/ros2_ws/install/micro_ros_agent:/home/skemp32/ros2_ws/install/ardupilot_msgs:/opt/ros/humble LD_LIBRARY_PATH=/home/skemp32/ros2_ws/install/micro_ros_agent/lib:/home/skemp32/ros2_ws/install/ardupilot_msgs/lib:${LD_LIBRARY_PATH} PYTHONPATH=/home/skemp32/ros2_ws/install/ardupilot_msgs/local/lib/python3.10/dist-packages:${PYTHONPATH} /usr/bin/cmake --build /home/skemp32/ros2_ws/build/ardupilot_sitl -- -j12 -l12
[12.287s] Invoking command in '/home/skemp32/ros2_ws/build/ardupilot_sitl': AMENT_PREFIX_PATH=/home/skemp32/ros2_ws/install/micro_ros_agent:/home/skemp32/ros2_ws/install/ardupilot_msgs:${AMENT_PREFIX_PATH} CMAKE_PREFIX_PATH=/home/skemp32/ros2_ws/install/micro_ros_agent:/home/skemp32/ros2_ws/install/ardupilot_msgs:/opt/ros/humble LD_LIBRARY_PATH=/home/skemp32/ros2_ws/install/micro_ros_agent/lib:/home/skemp32/ros2_ws/install/ardupilot_msgs/lib:${LD_LIBRARY_PATH} PYTHONPATH=/home/skemp32/ros2_ws/install/ardupilot_msgs/local/lib/python3.10/dist-packages:${PYTHONPATH} /usr/bin/cmake --install /home/skemp32/ros2_ws/build/ardupilot_sitl
[12.293s] -- Install configuration: ""
[12.293s] -- Installing: /home/skemp32/ros2_ws/install/ardupilot_sitl/bin/antennatracker
[12.299s] -- Installing: /home/skemp32/ros2_ws/install/ardupilot_sitl/bin/arducopter
[12.308s] -- Installing: /home/skemp32/ros2_ws/install/ardupilot_sitl/bin/arducopter-heli
[12.315s] -- Installing: /home/skemp32/ros2_ws/install/ardupilot_sitl/bin/arduplane
[12.323s] -- Installing: /home/skemp32/ros2_ws/install/ardupilot_sitl/bin/ardurover
[12.332s] -- Installing: /home/skemp32/ros2_ws/install/ardupilot_sitl/bin/ardusub
[12.342s] -- Installing: /home/skemp32/ros2_ws/install/ardupilot_sitl/bin/blimp
[12.351s] -- Up-to-date: /home/skemp32/ros2_ws/install/ardupilot_sitl/.//lib
[12.351s] -- Up-to-date: /home/skemp32/ros2_ws/install/ardupilot_sitl/.//lib/libAntennaTracker_libs.a
[12.351s] -- Up-to-date: /home/skemp32/ros2_ws/install/ardupilot_sitl/.//lib/libBlimp_libs.a
[12.351s] -- Up-to-date: /home/skemp32/ros2_ws/install/ardupilot_sitl/.//lib/libArduPlane_libs.a
[12.351s] -- Up-to-date: /home/skemp32/ros2_ws/install/ardupilot_sitl/.//lib/libRover_libs.a
[12.351s] -- Up-to-date: /home/skemp32/ros2_ws/install/ardupilot_sitl/.//lib/libArduCopter_libs.a
[12.351s] -- Up-to-date: /home/skemp32/ros2_ws/install/ardupilot_sitl/.//lib/libArduSub_libs.a
[12.352s] -- Up-to-date: /home/skemp32/ros2_ws/install/ardupilot_sitl/share/ardupilot_sitl//launch
[12.352s] -- Up-to-date: /home/skemp32/ros2_ws/install/ardupilot_sitl/share/ardupilot_sitl//launch/sitl_dds_serial.launch.py
[12.352s] -- Up-to-date: /home/skemp32/ros2_ws/install/ardupilot_sitl/share/ardupilot_sitl//launch/mavproxy.launch.py
[12.353s] -- Up-to-date: /home/skemp32/ros2_ws/install/ardupilot_sitl/share/ardupilot_sitl//launch/sitl_dds_udp.launch.py
[12.353s] -- Up-to-date: /home/skemp32/ros2_ws/install/ardupilot_sitl/share/ardupilot_sitl//launch/sitl.launch.py
[12.353s] -- Up-to-date: /home/skemp32/ros2_ws/install/ardupilot_sitl/share/ardupilot_sitl//launch/micro_ros_agent.launch.py
[12.353s] -- Up-to-date: /home/skemp32/ros2_ws/install/ardupilot_sitl/share/ardupilot_sitl//launch/virtual_ports.launch.py
[12.354s] -- Up-to-date: /home/skemp32/ros2_ws/install/ardupilot_sitl/share/ardupilot_sitl//launch/sitl_mavproxy.launch.py
[12.354s] -- Up-to-date: /home/skemp32/ros2_ws/install/ardupilot_sitl/share/ardupilot_sitl/config/default_params
[12.354s] -- Up-to-date: /home/skemp32/ros2_ws/install/ardupilot_sitl/share/ardupilot_sitl/config/default_params/dds_serial.parm
[12.354s] -- Up-to-date: /home/skemp32/ros2_ws/install/ardupilot_sitl/share/ardupilot_sitl/config/default_params/dds_udp.parm
[12.354s] -- Up-to-date: /home/skemp32/ros2_ws/install/ardupilot_sitl/share/ardupilot_sitl/config//default_params
[12.355s] -- Up-to-date: /home/skemp32/ros2_ws/install/ardupilot_sitl/share/ardupilot_sitl/config//default_params/copter-single.parm
[12.355s] -- Up-to-date: /home/skemp32/ros2_ws/install/ardupilot_sitl/share/ardupilot_sitl/config//default_params/copter-AVC2013.parm
[12.356s] -- Up-to-date: /home/skemp32/ros2_ws/install/ardupilot_sitl/share/ardupilot_sitl/config//default_params/copter-octaquad-cwx.parm
[12.356s] -- Up-to-date: /home/skemp32/ros2_ws/install/ardupilot_sitl/share/ardupilot_sitl/config//default_params/copter-winch.parm
[12.356s] -- Up-to-date: /home/skemp32/ros2_ws/install/ardupilot_sitl/share/ardupilot_sitl/config//default_params/gazebo-zephyr.parm
[12.356s] -- Up-to-date: /home/skemp32/ros2_ws/install/ardupilot_sitl/share/ardupilot_sitl/config//default_params/rover-omni3mecanum.parm
[12.357s] -- Up-to-date: /home/skemp32/ros2_ws/install/ardupilot_sitl/share/ardupilot_sitl/config//default_params/vee-gull_005.param
[12.357s] -- Up-to-date: /home/skemp32/ros2_ws/install/ardupilot_sitl/share/ardupilot_sitl/config//default_params/quadplane-ice.parm
[12.357s] -- Up-to-date: /home/skemp32/ros2_ws/install/ardupilot_sitl/share/ardupilot_sitl/config//default_params/quadplane-periph.parm
[12.358s] -- Up-to-date: /home/skemp32/ros2_ws/install/ardupilot_sitl/share/ardupilot_sitl/config//default_params/copter-dodecahexa.parm
[12.358s] -- Up-to-date: /home/skemp32/ros2_ws/install/ardupilot_sitl/share/ardupilot_sitl/config//default_params/glider.parm
[12.358s] -- Up-to-date: /home/skemp32/ros2_ws/install/ardupilot_sitl/share/ardupilot_sitl/config//default_params/copter.parm
[12.359s] -- Up-to-date: /home/skemp32/ros2_ws/install/ardupilot_sitl/share/ardupilot_sitl/config//default_params/balancebot.parm
[12.359s] -- Up-to-date: /home/skemp32/ros2_ws/install/ardupilot_sitl/share/ardupilot_sitl/config//default_params/periph.parm
[12.359s] -- Up-to-date: /home/skemp32/ros2_ws/install/ardupilot_sitl/share/ardupilot_sitl/config//default_params/plane-ice.parm
[12.359s] -- Up-to-date: /home/skemp32/ros2_ws/install/ardupilot_sitl/share/ardupilot_sitl/config//default_params/plane-vtail.parm
[12.359s] -- Up-to-date: /home/skemp32/ros2_ws/install/ardupilot_sitl/share/ardupilot_sitl/config//default_params/rover-skid.parm
[12.359s] -- Up-to-date: /home/skemp32/ros2_ws/install/ardupilot_sitl/share/ardupilot_sitl/config//default_params/quadplane-tri.parm
[12.359s] -- Up-to-date: /home/skemp32/ros2_ws/install/ardupilot_sitl/share/ardupilot_sitl/config//default_params/plane-soaring.parm
[12.360s] -- Up-to-date: /home/skemp32/ros2_ws/install/ardupilot_sitl/share/ardupilot_sitl/config//default_params/quadplane-tilthvec.parm
[12.360s] -- Up-to-date: /home/skemp32/ros2_ws/install/ardupilot_sitl/share/ardupilot_sitl/config//default_params/copter-djix.parm
[12.360s] -- Up-to-date: /home/skemp32/ros2_ws/install/ardupilot_sitl/share/ardupilot_sitl/config//default_params/quadplane-tilttrivec.parm
[12.360s] -- Up-to-date: /home/skemp32/ros2_ws/install/ardupilot_sitl/share/ardupilot_sitl/config//default_params/copter-heli-gas.parm
[12.360s] -- Up-to-date: /home/skemp32/ros2_ws/install/ardupilot_sitl/share/ardupilot_sitl/config//default_params/copter-wind-estimates.parm
[12.360s] -- Up-to-date: /home/skemp32/ros2_ws/install/ardupilot_sitl/share/ardupilot_sitl/config//default_params/tracker-gps-for-yaw.parm
[12.360s] -- Up-to-date: /home/skemp32/ros2_ws/install/ardupilot_sitl/share/ardupilot_sitl/config//default_params/plane-elevons.parm
[12.360s] -- Up-to-date: /home/skemp32/ros2_ws/install/ardupilot_sitl/share/ardupilot_sitl/config//default_params/copter-gps-for-yaw-nmea.parm
[12.360s] -- Up-to-date: /home/skemp32/ros2_ws/install/ardupilot_sitl/share/ardupilot_sitl/config//default_params/copter-deca.parm
[12.361s] -- Up-to-date: /home/skemp32/ros2_ws/install/ardupilot_sitl/share/ardupilot_sitl/config//default_params/quadplane-tilt.parm
[12.361s] -- Up-to-date: /home/skemp32/ros2_ws/install/ardupilot_sitl/share/ardupilot_sitl/config//default_params/copter-hexa.parm
[12.361s] -- Up-to-date: /home/skemp32/ros2_ws/install/ardupilot_sitl/share/ardupilot_sitl/config//default_params/copter-bfx.parm
[12.361s] -- Up-to-date: /home/skemp32/ros2_ws/install/ardupilot_sitl/share/ardupilot_sitl/config//default_params/quadplane-cl84.parm
[12.361s] -- Up-to-date: /home/skemp32/ros2_ws/install/ardupilot_sitl/share/ardupilot_sitl/config//default_params/rover.parm
[12.361s] -- Up-to-date: /home/skemp32/ros2_ws/install/ardupilot_sitl/share/ardupilot_sitl/config//default_params/plane-tailsitter.parm
[12.361s] -- Up-to-date: /home/skemp32/ros2_ws/install/ardupilot_sitl/share/ardupilot_sitl/config//default_params/copter-cwx.parm
[12.362s] -- Up-to-date: /home/skemp32/ros2_ws/install/ardupilot_sitl/share/ardupilot_sitl/config//default_params/plane-jet.parm
[12.362s] -- Up-to-date: /home/skemp32/ros2_ws/install/ardupilot_sitl/share/ardupilot_sitl/config//default_params/quad-can.parm
[12.362s] -- Up-to-date: /home/skemp32/ros2_ws/install/ardupilot_sitl/share/ardupilot_sitl/config//default_params/copter-heli.parm
[12.362s] -- Up-to-date: /home/skemp32/ros2_ws/install/ardupilot_sitl/share/ardupilot_sitl/config//default_params/plane-jsbsim.parm
[12.362s] -- Up-to-date: /home/skemp32/ros2_ws/install/ardupilot_sitl/share/ardupilot_sitl/config//default_params/copter-hexa-dji.parm
[12.362s] -- Up-to-date: /home/skemp32/ros2_ws/install/ardupilot_sitl/share/ardupilot_sitl/config//default_params/copter-X.parm
[12.362s] -- Up-to-date: /home/skemp32/ros2_ws/install/ardupilot_sitl/share/ardupilot_sitl/config//default_params/copter-hexa-cwx.parm
[12.362s] -- Up-to-date: /home/skemp32/ros2_ws/install/ardupilot_sitl/share/ardupilot_sitl/config//default_params/stratoblimp.parm
[12.362s] -- Up-to-date: /home/skemp32/ros2_ws/install/ardupilot_sitl/share/ardupilot_sitl/config//default_params/copter-optflow.parm
[12.363s] -- Up-to-date: /home/skemp32/ros2_ws/install/ardupilot_sitl/share/ardupilot_sitl/config//default_params/quadplane-copter_tailsitter.parm
[12.363s] -- Up-to-date: /home/skemp32/ros2_ws/install/ardupilot_sitl/share/ardupilot_sitl/config//default_params/copter-deca-cwx.parm
[12.363s] -- Up-to-date: /home/skemp32/ros2_ws/install/ardupilot_sitl/share/ardupilot_sitl/config//default_params/copter-octaquad.parm
[12.363s] -- Up-to-date: /home/skemp32/ros2_ws/install/ardupilot_sitl/share/ardupilot_sitl/config//default_params/copter-octa-cwx.parm
[12.363s] -- Up-to-date: /home/skemp32/ros2_ws/install/ardupilot_sitl/share/ardupilot_sitl/config//default_params/quad-periph.parm
[12.363s] -- Up-to-date: /home/skemp32/ros2_ws/install/ardupilot_sitl/share/ardupilot_sitl/config//default_params/sailboat.parm
[12.363s] -- Up-to-date: /home/skemp32/ros2_ws/install/ardupilot_sitl/share/ardupilot_sitl/config//default_params/motorboat.parm
[12.363s] -- Up-to-date: /home/skemp32/ros2_ws/install/ardupilot_sitl/share/ardupilot_sitl/config//default_params/quadplane.parm
[12.363s] -- Up-to-date: /home/skemp32/ros2_ws/install/ardupilot_sitl/share/ardupilot_sitl/config//default_params/copter-coax.parm
[12.363s] -- Up-to-date: /home/skemp32/ros2_ws/install/ardupilot_sitl/share/ardupilot_sitl/config//default_params/copter-vicon.parm
[12.363s] -- Up-to-date: /home/skemp32/ros2_ws/install/ardupilot_sitl/share/ardupilot_sitl/config//default_params/blimp.parm
[12.363s] -- Up-to-date: /home/skemp32/ros2_ws/install/ardupilot_sitl/share/ardupilot_sitl/config//default_params/msposd.parm
[12.363s] -- Up-to-date: /home/skemp32/ros2_ws/install/ardupilot_sitl/share/ardupilot_sitl/config//default_params/gazebo-iris.parm
[12.363s] -- Up-to-date: /home/skemp32/ros2_ws/install/ardupilot_sitl/share/ardupilot_sitl/config//default_params/quadplane-tilttri.parm
[12.363s] -- Up-to-date: /home/skemp32/ros2_ws/install/ardupilot_sitl/share/ardupilot_sitl/config//default_params/copter-beacon.parm
[12.363s] -- Up-to-date: /home/skemp32/ros2_ws/install/ardupilot_sitl/share/ardupilot_sitl/config//default_params/airsim-quadX.parm
[12.363s] -- Up-to-date: /home/skemp32/ros2_ws/install/ardupilot_sitl/share/ardupilot_sitl/config//default_params/copter-octa-dji.parm
[12.363s] -- Up-to-date: /home/skemp32/ros2_ws/install/ardupilot_sitl/share/ardupilot_sitl/config//default_params/copter-tri.parm
[12.363s] -- Up-to-date: /home/skemp32/ros2_ws/install/ardupilot_sitl/share/ardupilot_sitl/config//default_params/firefly.parm
[12.364s] -- Up-to-date: /home/skemp32/ros2_ws/install/ardupilot_sitl/share/ardupilot_sitl/config//default_params/airsim-rover.parm
[12.364s] -- Up-to-date: /home/skemp32/ros2_ws/install/ardupilot_sitl/share/ardupilot_sitl/config//default_params/rover-vectored.parm
[12.364s] -- Up-to-date: /home/skemp32/ros2_ws/install/ardupilot_sitl/share/ardupilot_sitl/config//default_params/sub-6dof.parm
[12.364s] -- Up-to-date: /home/skemp32/ros2_ws/install/ardupilot_sitl/share/ardupilot_sitl/config//default_params/sailboat-motor.parm
[12.364s] -- Up-to-date: /home/skemp32/ros2_ws/install/ardupilot_sitl/share/ardupilot_sitl/config//default_params/sub.parm
[12.364s] -- Up-to-date: /home/skemp32/ros2_ws/install/ardupilot_sitl/share/ardupilot_sitl/config//default_params/copter-y6.parm
[12.364s] -- Up-to-date: /home/skemp32/ros2_ws/install/ardupilot_sitl/share/ardupilot_sitl/config//default_params/copter-octa.parm
[12.364s] -- Up-to-date: /home/skemp32/ros2_ws/install/ardupilot_sitl/share/ardupilot_sitl/config//default_params/copter-rangefinder.parm
[12.364s] -- Up-to-date: /home/skemp32/ros2_ws/install/ardupilot_sitl/share/ardupilot_sitl/config//default_params/copter-heli-dual.parm
[12.364s] -- Up-to-date: /home/skemp32/ros2_ws/install/ardupilot_sitl/share/ardupilot_sitl/config//default_params/quadplane-can.parm
[12.364s] -- Up-to-date: /home/skemp32/ros2_ws/install/ardupilot_sitl/share/ardupilot_sitl/config//default_params/copter-gps-for-yaw.parm
[12.364s] -- Up-to-date: /home/skemp32/ros2_ws/install/ardupilot_sitl/share/ardupilot_sitl/config//default_params/plane-dspoilers.parm
[12.364s] -- Up-to-date: /home/skemp32/ros2_ws/install/ardupilot_sitl/share/ardupilot_sitl/config//default_params/copter-gimbal.parm
[12.364s] -- Up-to-date: /home/skemp32/ros2_ws/install/ardupilot_sitl/share/ardupilot_sitl/config//models
[12.364s] -- Up-to-date: /home/skemp32/ros2_ws/install/ardupilot_sitl/share/ardupilot_sitl/config//models/freestyle.json
[12.364s] -- Up-to-date: /home/skemp32/ros2_ws/install/ardupilot_sitl/share/ardupilot_sitl/config//models/plane.parm
[12.364s] -- Up-to-date: /home/skemp32/ros2_ws/install/ardupilot_sitl/share/ardupilot_sitl/config//models/Callisto.param
[12.364s] -- Up-to-date: /home/skemp32/ros2_ws/install/ardupilot_sitl/share/ardupilot_sitl/config//models/freestyle.param
[12.364s] -- Up-to-date: /home/skemp32/ros2_ws/install/ardupilot_sitl/share/ardupilot_sitl/config//models/plane-3d.parm
[12.365s] -- Up-to-date: /home/skemp32/ros2_ws/install/ardupilot_sitl/share/ardupilot_sitl/config//models/xplane_heli.json
[12.365s] -- Up-to-date: /home/skemp32/ros2_ws/install/ardupilot_sitl/share/ardupilot_sitl/config//models/Callisto.json
[12.365s] -- Up-to-date: /home/skemp32/ros2_ws/install/ardupilot_sitl/share/ardupilot_sitl/config//models/xplane_plane.json
[12.365s] -- Up-to-date: /home/skemp32/ros2_ws/install/ardupilot_sitl/share/ardupilot_sitl/environment/pythonpath.sh
[12.365s] -- Up-to-date: /home/skemp32/ros2_ws/install/ardupilot_sitl/share/ardupilot_sitl/environment/pythonpath.dsv
[12.365s] -- Up-to-date: /home/skemp32/ros2_ws/install/ardupilot_sitl/local/lib/python3.10/dist-packages/ardupilot_sitl-0.0.0-py3.10.egg-info
[12.365s] -- Installing: /home/skemp32/ros2_ws/install/ardupilot_sitl/local/lib/python3.10/dist-packages/ardupilot_sitl-0.0.0-py3.10.egg-info/dependency_links.txt
[12.365s] -- Installing: /home/skemp32/ros2_ws/install/ardupilot_sitl/local/lib/python3.10/dist-packages/ardupilot_sitl-0.0.0-py3.10.egg-info/SOURCES.txt
[12.365s] -- Installing: /home/skemp32/ros2_ws/install/ardupilot_sitl/local/lib/python3.10/dist-packages/ardupilot_sitl-0.0.0-py3.10.egg-info/PKG-INFO
[12.365s] -- Installing: /home/skemp32/ros2_ws/install/ardupilot_sitl/local/lib/python3.10/dist-packages/ardupilot_sitl-0.0.0-py3.10.egg-info/top_level.txt
[12.365s] -- Up-to-date: /home/skemp32/ros2_ws/install/ardupilot_sitl/local/lib/python3.10/dist-packages/ardupilot_sitl
[12.365s] -- Up-to-date: /home/skemp32/ros2_ws/install/ardupilot_sitl/local/lib/python3.10/dist-packages/ardupilot_sitl/actions.py
[12.365s] -- Up-to-date: /home/skemp32/ros2_ws/install/ardupilot_sitl/local/lib/python3.10/dist-packages/ardupilot_sitl/__init__.py
[12.365s] -- Up-to-date: /home/skemp32/ros2_ws/install/ardupilot_sitl/local/lib/python3.10/dist-packages/ardupilot_sitl/utilities.py
[12.365s] -- Up-to-date: /home/skemp32/ros2_ws/install/ardupilot_sitl/local/lib/python3.10/dist-packages/ardupilot_sitl/launch.py
[12.392s] Listing '/home/skemp32/ros2_ws/install/ardupilot_sitl/local/lib/python3.10/dist-packages/ardupilot_sitl'...
[12.398s] -- Up-to-date: /home/skemp32/ros2_ws/install/ardupilot_sitl/share/ament_index/resource_index/package_run_dependencies/ardupilot_sitl
[12.398s] -- Up-to-date: /home/skemp32/ros2_ws/install/ardupilot_sitl/share/ament_index/resource_index/parent_prefix_path/ardupilot_sitl
[12.399s] -- Up-to-date: /home/skemp32/ros2_ws/install/ardupilot_sitl/share/ardupilot_sitl/environment/ament_prefix_path.sh
[12.399s] -- Up-to-date: /home/skemp32/ros2_ws/install/ardupilot_sitl/share/ardupilot_sitl/environment/ament_prefix_path.dsv
[12.399s] -- Up-to-date: /home/skemp32/ros2_ws/install/ardupilot_sitl/share/ardupilot_sitl/environment/path.sh
[12.399s] -- Up-to-date: /home/skemp32/ros2_ws/install/ardupilot_sitl/share/ardupilot_sitl/environment/path.dsv
[12.399s] -- Up-to-date: /home/skemp32/ros2_ws/install/ardupilot_sitl/share/ardupilot_sitl/local_setup.bash
[12.399s] -- Up-to-date: /home/skemp32/ros2_ws/install/ardupilot_sitl/share/ardupilot_sitl/local_setup.sh
[12.399s] -- Up-to-date: /home/skemp32/ros2_ws/install/ardupilot_sitl/share/ardupilot_sitl/local_setup.zsh
[12.399s] -- Up-to-date: /home/skemp32/ros2_ws/install/ardupilot_sitl/share/ardupilot_sitl/local_setup.dsv
[12.400s] -- Installing: /home/skemp32/ros2_ws/install/ardupilot_sitl/share/ardupilot_sitl/package.dsv
[12.400s] -- Up-to-date: /home/skemp32/ros2_ws/install/ardupilot_sitl/share/ament_index/resource_index/packages/ardupilot_sitl
[12.400s] -- Up-to-date: /home/skemp32/ros2_ws/install/ardupilot_sitl/share/ardupilot_sitl/cmake/ardupilot_sitlConfig.cmake
[12.400s] -- Up-to-date: /home/skemp32/ros2_ws/install/ardupilot_sitl/share/ardupilot_sitl/cmake/ardupilot_sitlConfig-version.cmake
[12.400s] -- Up-to-date: /home/skemp32/ros2_ws/install/ardupilot_sitl/share/ardupilot_sitl/package.xml
[12.403s] Invoked command in '/home/skemp32/ros2_ws/build/ardupilot_sitl' returned '0': AMENT_PREFIX_PATH=/home/skemp32/ros2_ws/install/micro_ros_agent:/home/skemp32/ros2_ws/install/ardupilot_msgs:${AMENT_PREFIX_PATH} CMAKE_PREFIX_PATH=/home/skemp32/ros2_ws/install/micro_ros_agent:/home/skemp32/ros2_ws/install/ardupilot_msgs:/opt/ros/humble LD_LIBRARY_PATH=/home/skemp32/ros2_ws/install/micro_ros_agent/lib:/home/skemp32/ros2_ws/install/ardupilot_msgs/lib:${LD_LIBRARY_PATH} PYTHONPATH=/home/skemp32/ros2_ws/install/ardupilot_msgs/local/lib/python3.10/dist-packages:${PYTHONPATH} /usr/bin/cmake --install /home/skemp32/ros2_ws/build/ardupilot_sitl
