[0.046s] Invoking command in '/home/skemp32/ros2_ws/build/ardupilot_msgs': CMAKE_PREFIX_PATH=/opt/ros/humble /usr/bin/cmake --build /home/skemp32/ros2_ws/build/ardupilot_msgs -- -j12 -l12
[0.158s] [  2%] Built target ardupilot_msgs__cpp
[0.166s] [ 12%] Built target ardupilot_msgs__rosidl_generator_c
[0.214s] [ 12%] Built target ament_cmake_python_copy_ardupilot_msgs
[0.261s] [ 23%] Built target ardupilot_msgs__rosidl_typesupport_fastrtps_cpp
[0.271s] [ 42%] Built target ardupilot_msgs__rosidl_typesupport_cpp
[0.272s] [ 44%] Built target ardupilot_msgs__rosidl_typesupport_introspection_c
[0.272s] [ 55%] Built target ardupilot_msgs__rosidl_typesupport_fastrtps_c
[0.277s] [ 65%] Built target ardupilot_msgs__rosidl_typesupport_introspection_cpp
[0.284s] [ 76%] Built target ardupilot_msgs__rosidl_typesupport_c
[0.324s] [ 76%] Built target ardupilot_msgs
[0.355s] [ 78%] Built target ardupilot_msgs__py
[0.403s] [ 87%] Built target ardupilot_msgs__rosidl_generator_py
[0.442s] [ 91%] Built target ardupilot_msgs__rosidl_typesupport_fastrtps_c__pyext
[0.450s] [ 95%] Built target ardupilot_msgs__rosidl_typesupport_introspection_c__pyext
[0.452s] [100%] Built target ardupilot_msgs__rosidl_typesupport_c__pyext
[0.665s] running egg_info
[0.694s] writing ardupilot_msgs.egg-info/PKG-INFO
[0.695s] writing dependency_links to ardupilot_msgs.egg-info/dependency_links.txt
[0.695s] writing top-level names to ardupilot_msgs.egg-info/top_level.txt
[0.750s] reading manifest file 'ardupilot_msgs.egg-info/SOURCES.txt'
[0.751s] writing manifest file 'ardupilot_msgs.egg-info/SOURCES.txt'
[0.792s] [100%] Built target ament_cmake_python_build_ardupilot_msgs_egg
[0.807s] Invoked command in '/home/skemp32/ros2_ws/build/ardupilot_msgs' returned '0': CMAKE_PREFIX_PATH=/opt/ros/humble /usr/bin/cmake --build /home/skemp32/ros2_ws/build/ardupilot_msgs -- -j12 -l12
[0.939s] Invoking command in '/home/skemp32/ros2_ws/build/ardupilot_msgs': CMAKE_PREFIX_PATH=/opt/ros/humble /usr/bin/cmake --install /home/skemp32/ros2_ws/build/ardupilot_msgs
[0.947s] -- Install configuration: ""
[0.948s] -- Up-to-date: /home/skemp32/ros2_ws/install/ardupilot_msgs/share/ament_index/resource_index/rosidl_interfaces/ardupilot_msgs
[0.949s] -- Up-to-date: /home/skemp32/ros2_ws/install/ardupilot_msgs/include/ardupilot_msgs/ardupilot_msgs
[0.949s] -- Up-to-date: /home/skemp32/ros2_ws/install/ardupilot_msgs/include/ardupilot_msgs/ardupilot_msgs/msg
[0.950s] -- Up-to-date: /home/skemp32/ros2_ws/install/ardupilot_msgs/include/ardupilot_msgs/ardupilot_msgs/msg/rosidl_generator_c__visibility_control.h
[0.950s] -- Up-to-date: /home/skemp32/ros2_ws/install/ardupilot_msgs/include/ardupilot_msgs/ardupilot_msgs/msg/global_position.h
[0.950s] -- Up-to-date: /home/skemp32/ros2_ws/install/ardupilot_msgs/include/ardupilot_msgs/ardupilot_msgs/msg/detail
[0.951s] -- Up-to-date: /home/skemp32/ros2_ws/install/ardupilot_msgs/include/ardupilot_msgs/ardupilot_msgs/msg/detail/global_position__struct.h
[0.951s] -- Up-to-date: /home/skemp32/ros2_ws/install/ardupilot_msgs/include/ardupilot_msgs/ardupilot_msgs/msg/detail/global_position__type_support.h
[0.952s] -- Up-to-date: /home/skemp32/ros2_ws/install/ardupilot_msgs/include/ardupilot_msgs/ardupilot_msgs/msg/detail/global_position__functions.c
[0.952s] -- Up-to-date: /home/skemp32/ros2_ws/install/ardupilot_msgs/include/ardupilot_msgs/ardupilot_msgs/msg/detail/global_position__functions.h
[0.953s] -- Up-to-date: /home/skemp32/ros2_ws/install/ardupilot_msgs/include/ardupilot_msgs/ardupilot_msgs/srv
[0.953s] -- Up-to-date: /home/skemp32/ros2_ws/install/ardupilot_msgs/include/ardupilot_msgs/ardupilot_msgs/srv/mode_switch.h
[0.953s] -- Up-to-date: /home/skemp32/ros2_ws/install/ardupilot_msgs/include/ardupilot_msgs/ardupilot_msgs/srv/arm_motors.h
[0.954s] -- Up-to-date: /home/skemp32/ros2_ws/install/ardupilot_msgs/include/ardupilot_msgs/ardupilot_msgs/srv/detail
[0.954s] -- Up-to-date: /home/skemp32/ros2_ws/install/ardupilot_msgs/include/ardupilot_msgs/ardupilot_msgs/srv/detail/mode_switch__functions.h
[0.954s] -- Up-to-date: /home/skemp32/ros2_ws/install/ardupilot_msgs/include/ardupilot_msgs/ardupilot_msgs/srv/detail/mode_switch__struct.h
[0.954s] -- Up-to-date: /home/skemp32/ros2_ws/install/ardupilot_msgs/include/ardupilot_msgs/ardupilot_msgs/srv/detail/arm_motors__functions.c
[0.955s] -- Up-to-date: /home/skemp32/ros2_ws/install/ardupilot_msgs/include/ardupilot_msgs/ardupilot_msgs/srv/detail/arm_motors__functions.h
[0.955s] -- Up-to-date: /home/skemp32/ros2_ws/install/ardupilot_msgs/include/ardupilot_msgs/ardupilot_msgs/srv/detail/arm_motors__type_support.h
[0.956s] -- Up-to-date: /home/skemp32/ros2_ws/install/ardupilot_msgs/include/ardupilot_msgs/ardupilot_msgs/srv/detail/mode_switch__functions.c
[0.956s] -- Up-to-date: /home/skemp32/ros2_ws/install/ardupilot_msgs/include/ardupilot_msgs/ardupilot_msgs/srv/detail/arm_motors__struct.h
[0.957s] -- Up-to-date: /home/skemp32/ros2_ws/install/ardupilot_msgs/include/ardupilot_msgs/ardupilot_msgs/srv/detail/mode_switch__type_support.h
[0.958s] -- Up-to-date: /home/skemp32/ros2_ws/install/ardupilot_msgs/share/ardupilot_msgs/environment/library_path.sh
[0.959s] -- Up-to-date: /home/skemp32/ros2_ws/install/ardupilot_msgs/share/ardupilot_msgs/environment/library_path.dsv
[0.960s] -- Up-to-date: /home/skemp32/ros2_ws/install/ardupilot_msgs/lib/libardupilot_msgs__rosidl_generator_c.so
[0.960s] -- Up-to-date: /home/skemp32/ros2_ws/install/ardupilot_msgs/include/ardupilot_msgs/ardupilot_msgs
[0.960s] -- Up-to-date: /home/skemp32/ros2_ws/install/ardupilot_msgs/include/ardupilot_msgs/ardupilot_msgs/msg
[0.961s] -- Up-to-date: /home/skemp32/ros2_ws/install/ardupilot_msgs/include/ardupilot_msgs/ardupilot_msgs/msg/detail
[0.961s] -- Up-to-date: /home/skemp32/ros2_ws/install/ardupilot_msgs/include/ardupilot_msgs/ardupilot_msgs/msg/detail/global_position__rosidl_typesupport_fastrtps_c.h
[0.962s] -- Up-to-date: /home/skemp32/ros2_ws/install/ardupilot_msgs/include/ardupilot_msgs/ardupilot_msgs/msg/rosidl_typesupport_fastrtps_c__visibility_control.h
[0.962s] -- Up-to-date: /home/skemp32/ros2_ws/install/ardupilot_msgs/include/ardupilot_msgs/ardupilot_msgs/srv
[0.963s] -- Up-to-date: /home/skemp32/ros2_ws/install/ardupilot_msgs/include/ardupilot_msgs/ardupilot_msgs/srv/detail
[0.963s] -- Up-to-date: /home/skemp32/ros2_ws/install/ardupilot_msgs/include/ardupilot_msgs/ardupilot_msgs/srv/detail/arm_motors__rosidl_typesupport_fastrtps_c.h
[0.963s] -- Up-to-date: /home/skemp32/ros2_ws/install/ardupilot_msgs/include/ardupilot_msgs/ardupilot_msgs/srv/detail/mode_switch__rosidl_typesupport_fastrtps_c.h
[0.963s] -- Up-to-date: /home/skemp32/ros2_ws/install/ardupilot_msgs/lib/libardupilot_msgs__rosidl_typesupport_fastrtps_c.so
[0.963s] -- Up-to-date: /home/skemp32/ros2_ws/install/ardupilot_msgs/include/ardupilot_msgs/ardupilot_msgs
[0.964s] -- Up-to-date: /home/skemp32/ros2_ws/install/ardupilot_msgs/include/ardupilot_msgs/ardupilot_msgs/msg
[0.964s] -- Up-to-date: /home/skemp32/ros2_ws/install/ardupilot_msgs/include/ardupilot_msgs/ardupilot_msgs/msg/global_position.hpp
[0.964s] -- Up-to-date: /home/skemp32/ros2_ws/install/ardupilot_msgs/include/ardupilot_msgs/ardupilot_msgs/msg/detail
[0.965s] -- Up-to-date: /home/skemp32/ros2_ws/install/ardupilot_msgs/include/ardupilot_msgs/ardupilot_msgs/msg/detail/global_position__traits.hpp
[0.965s] -- Up-to-date: /home/skemp32/ros2_ws/install/ardupilot_msgs/include/ardupilot_msgs/ardupilot_msgs/msg/detail/global_position__struct.hpp
[0.966s] -- Up-to-date: /home/skemp32/ros2_ws/install/ardupilot_msgs/include/ardupilot_msgs/ardupilot_msgs/msg/detail/global_position__builder.hpp
[0.966s] -- Up-to-date: /home/skemp32/ros2_ws/install/ardupilot_msgs/include/ardupilot_msgs/ardupilot_msgs/srv
[0.966s] -- Up-to-date: /home/skemp32/ros2_ws/install/ardupilot_msgs/include/ardupilot_msgs/ardupilot_msgs/srv/mode_switch.hpp
[0.967s] -- Up-to-date: /home/skemp32/ros2_ws/install/ardupilot_msgs/include/ardupilot_msgs/ardupilot_msgs/srv/arm_motors.hpp
[0.967s] -- Up-to-date: /home/skemp32/ros2_ws/install/ardupilot_msgs/include/ardupilot_msgs/ardupilot_msgs/srv/detail
[0.967s] -- Up-to-date: /home/skemp32/ros2_ws/install/ardupilot_msgs/include/ardupilot_msgs/ardupilot_msgs/srv/detail/mode_switch__builder.hpp
[0.968s] -- Up-to-date: /home/skemp32/ros2_ws/install/ardupilot_msgs/include/ardupilot_msgs/ardupilot_msgs/srv/detail/mode_switch__traits.hpp
[0.968s] -- Up-to-date: /home/skemp32/ros2_ws/install/ardupilot_msgs/include/ardupilot_msgs/ardupilot_msgs/srv/detail/arm_motors__struct.hpp
[0.968s] -- Up-to-date: /home/skemp32/ros2_ws/install/ardupilot_msgs/include/ardupilot_msgs/ardupilot_msgs/srv/detail/arm_motors__builder.hpp
[0.968s] -- Up-to-date: /home/skemp32/ros2_ws/install/ardupilot_msgs/include/ardupilot_msgs/ardupilot_msgs/srv/detail/arm_motors__traits.hpp
[0.969s] -- Up-to-date: /home/skemp32/ros2_ws/install/ardupilot_msgs/include/ardupilot_msgs/ardupilot_msgs/srv/detail/mode_switch__struct.hpp
[0.970s] -- Up-to-date: /home/skemp32/ros2_ws/install/ardupilot_msgs/include/ardupilot_msgs/ardupilot_msgs
[0.970s] -- Up-to-date: /home/skemp32/ros2_ws/install/ardupilot_msgs/include/ardupilot_msgs/ardupilot_msgs/msg
[0.970s] -- Up-to-date: /home/skemp32/ros2_ws/install/ardupilot_msgs/include/ardupilot_msgs/ardupilot_msgs/msg/detail
[0.970s] -- Up-to-date: /home/skemp32/ros2_ws/install/ardupilot_msgs/include/ardupilot_msgs/ardupilot_msgs/msg/detail/dds_fastrtps
[0.971s] -- Up-to-date: /home/skemp32/ros2_ws/install/ardupilot_msgs/include/ardupilot_msgs/ardupilot_msgs/msg/detail/global_position__rosidl_typesupport_fastrtps_cpp.hpp
[0.971s] -- Up-to-date: /home/skemp32/ros2_ws/install/ardupilot_msgs/include/ardupilot_msgs/ardupilot_msgs/msg/rosidl_typesupport_fastrtps_cpp__visibility_control.h
[0.972s] -- Up-to-date: /home/skemp32/ros2_ws/install/ardupilot_msgs/include/ardupilot_msgs/ardupilot_msgs/srv
[0.972s] -- Up-to-date: /home/skemp32/ros2_ws/install/ardupilot_msgs/include/ardupilot_msgs/ardupilot_msgs/srv/detail
[0.972s] -- Up-to-date: /home/skemp32/ros2_ws/install/ardupilot_msgs/include/ardupilot_msgs/ardupilot_msgs/srv/detail/arm_motors__rosidl_typesupport_fastrtps_cpp.hpp
[0.972s] -- Up-to-date: /home/skemp32/ros2_ws/install/ardupilot_msgs/include/ardupilot_msgs/ardupilot_msgs/srv/detail/dds_fastrtps
[0.973s] -- Up-to-date: /home/skemp32/ros2_ws/install/ardupilot_msgs/include/ardupilot_msgs/ardupilot_msgs/srv/detail/mode_switch__rosidl_typesupport_fastrtps_cpp.hpp
[0.973s] -- Up-to-date: /home/skemp32/ros2_ws/install/ardupilot_msgs/lib/libardupilot_msgs__rosidl_typesupport_fastrtps_cpp.so
[0.974s] -- Up-to-date: /home/skemp32/ros2_ws/install/ardupilot_msgs/include/ardupilot_msgs/ardupilot_msgs
[0.974s] -- Up-to-date: /home/skemp32/ros2_ws/install/ardupilot_msgs/include/ardupilot_msgs/ardupilot_msgs/msg
[0.974s] -- Up-to-date: /home/skemp32/ros2_ws/install/ardupilot_msgs/include/ardupilot_msgs/ardupilot_msgs/msg/detail
[0.975s] -- Up-to-date: /home/skemp32/ros2_ws/install/ardupilot_msgs/include/ardupilot_msgs/ardupilot_msgs/msg/detail/global_position__type_support.c
[0.975s] -- Up-to-date: /home/skemp32/ros2_ws/install/ardupilot_msgs/include/ardupilot_msgs/ardupilot_msgs/msg/detail/global_position__rosidl_typesupport_introspection_c.h
[0.975s] -- Up-to-date: /home/skemp32/ros2_ws/install/ardupilot_msgs/include/ardupilot_msgs/ardupilot_msgs/msg/rosidl_typesupport_introspection_c__visibility_control.h
[0.975s] -- Up-to-date: /home/skemp32/ros2_ws/install/ardupilot_msgs/include/ardupilot_msgs/ardupilot_msgs/srv
[0.976s] -- Up-to-date: /home/skemp32/ros2_ws/install/ardupilot_msgs/include/ardupilot_msgs/ardupilot_msgs/srv/detail
[0.976s] -- Up-to-date: /home/skemp32/ros2_ws/install/ardupilot_msgs/include/ardupilot_msgs/ardupilot_msgs/srv/detail/arm_motors__type_support.c
[0.977s] -- Up-to-date: /home/skemp32/ros2_ws/install/ardupilot_msgs/include/ardupilot_msgs/ardupilot_msgs/srv/detail/mode_switch__rosidl_typesupport_introspection_c.h
[0.977s] -- Up-to-date: /home/skemp32/ros2_ws/install/ardupilot_msgs/include/ardupilot_msgs/ardupilot_msgs/srv/detail/arm_motors__rosidl_typesupport_introspection_c.h
[0.977s] -- Up-to-date: /home/skemp32/ros2_ws/install/ardupilot_msgs/include/ardupilot_msgs/ardupilot_msgs/srv/detail/mode_switch__type_support.c
[0.977s] -- Up-to-date: /home/skemp32/ros2_ws/install/ardupilot_msgs/lib/libardupilot_msgs__rosidl_typesupport_introspection_c.so
[0.978s] -- Up-to-date: /home/skemp32/ros2_ws/install/ardupilot_msgs/lib/libardupilot_msgs__rosidl_typesupport_c.so
[0.978s] -- Up-to-date: /home/skemp32/ros2_ws/install/ardupilot_msgs/include/ardupilot_msgs/ardupilot_msgs
[0.978s] -- Up-to-date: /home/skemp32/ros2_ws/install/ardupilot_msgs/include/ardupilot_msgs/ardupilot_msgs/msg
[0.978s] -- Up-to-date: /home/skemp32/ros2_ws/install/ardupilot_msgs/include/ardupilot_msgs/ardupilot_msgs/msg/detail
[0.978s] -- Up-to-date: /home/skemp32/ros2_ws/install/ardupilot_msgs/include/ardupilot_msgs/ardupilot_msgs/msg/detail/global_position__type_support.cpp
[0.978s] -- Up-to-date: /home/skemp32/ros2_ws/install/ardupilot_msgs/include/ardupilot_msgs/ardupilot_msgs/msg/detail/global_position__rosidl_typesupport_introspection_cpp.hpp
[0.978s] -- Up-to-date: /home/skemp32/ros2_ws/install/ardupilot_msgs/include/ardupilot_msgs/ardupilot_msgs/srv
[0.979s] -- Up-to-date: /home/skemp32/ros2_ws/install/ardupilot_msgs/include/ardupilot_msgs/ardupilot_msgs/srv/detail
[0.979s] -- Up-to-date: /home/skemp32/ros2_ws/install/ardupilot_msgs/include/ardupilot_msgs/ardupilot_msgs/srv/detail/mode_switch__rosidl_typesupport_introspection_cpp.hpp
[0.979s] -- Up-to-date: /home/skemp32/ros2_ws/install/ardupilot_msgs/include/ardupilot_msgs/ardupilot_msgs/srv/detail/arm_motors__type_support.cpp
[0.979s] -- Up-to-date: /home/skemp32/ros2_ws/install/ardupilot_msgs/include/ardupilot_msgs/ardupilot_msgs/srv/detail/mode_switch__type_support.cpp
[0.979s] -- Up-to-date: /home/skemp32/ros2_ws/install/ardupilot_msgs/include/ardupilot_msgs/ardupilot_msgs/srv/detail/arm_motors__rosidl_typesupport_introspection_cpp.hpp
[0.980s] -- Up-to-date: /home/skemp32/ros2_ws/install/ardupilot_msgs/lib/libardupilot_msgs__rosidl_typesupport_introspection_cpp.so
[0.980s] -- Up-to-date: /home/skemp32/ros2_ws/install/ardupilot_msgs/lib/libardupilot_msgs__rosidl_typesupport_cpp.so
[0.980s] -- Up-to-date: /home/skemp32/ros2_ws/install/ardupilot_msgs/share/ardupilot_msgs/environment/pythonpath.sh
[0.980s] -- Up-to-date: /home/skemp32/ros2_ws/install/ardupilot_msgs/share/ardupilot_msgs/environment/pythonpath.dsv
[0.980s] -- Up-to-date: /home/skemp32/ros2_ws/install/ardupilot_msgs/local/lib/python3.10/dist-packages/ardupilot_msgs-0.0.0-py3.10.egg-info
[0.980s] -- Installing: /home/skemp32/ros2_ws/install/ardupilot_msgs/local/lib/python3.10/dist-packages/ardupilot_msgs-0.0.0-py3.10.egg-info/dependency_links.txt
[0.980s] -- Installing: /home/skemp32/ros2_ws/install/ardupilot_msgs/local/lib/python3.10/dist-packages/ardupilot_msgs-0.0.0-py3.10.egg-info/SOURCES.txt
[0.980s] -- Installing: /home/skemp32/ros2_ws/install/ardupilot_msgs/local/lib/python3.10/dist-packages/ardupilot_msgs-0.0.0-py3.10.egg-info/PKG-INFO
[0.981s] -- Installing: /home/skemp32/ros2_ws/install/ardupilot_msgs/local/lib/python3.10/dist-packages/ardupilot_msgs-0.0.0-py3.10.egg-info/top_level.txt
[0.981s] -- Up-to-date: /home/skemp32/ros2_ws/install/ardupilot_msgs/local/lib/python3.10/dist-packages/ardupilot_msgs
[0.981s] -- Up-to-date: /home/skemp32/ros2_ws/install/ardupilot_msgs/local/lib/python3.10/dist-packages/ardupilot_msgs/_ardupilot_msgs_s.ep.rosidl_typesupport_c.c
[0.982s] -- Up-to-date: /home/skemp32/ros2_ws/install/ardupilot_msgs/local/lib/python3.10/dist-packages/ardupilot_msgs/ardupilot_msgs_s__rosidl_typesupport_fastrtps_c.cpython-310-x86_64-linux-gnu.so
[0.982s] -- Up-to-date: /home/skemp32/ros2_ws/install/ardupilot_msgs/local/lib/python3.10/dist-packages/ardupilot_msgs/_ardupilot_msgs_s.ep.rosidl_typesupport_fastrtps_c.c
[0.982s] -- Up-to-date: /home/skemp32/ros2_ws/install/ardupilot_msgs/local/lib/python3.10/dist-packages/ardupilot_msgs/__init__.py
[0.982s] -- Up-to-date: /home/skemp32/ros2_ws/install/ardupilot_msgs/local/lib/python3.10/dist-packages/ardupilot_msgs/_ardupilot_msgs_s.ep.rosidl_typesupport_introspection_c.c
[0.982s] -- Up-to-date: /home/skemp32/ros2_ws/install/ardupilot_msgs/local/lib/python3.10/dist-packages/ardupilot_msgs/libardupilot_msgs__rosidl_generator_py.so
[0.982s] -- Up-to-date: /home/skemp32/ros2_ws/install/ardupilot_msgs/local/lib/python3.10/dist-packages/ardupilot_msgs/ardupilot_msgs_s__rosidl_typesupport_introspection_c.cpython-310-x86_64-linux-gnu.so
[0.983s] -- Up-to-date: /home/skemp32/ros2_ws/install/ardupilot_msgs/local/lib/python3.10/dist-packages/ardupilot_msgs/msg
[0.983s] -- Up-to-date: /home/skemp32/ros2_ws/install/ardupilot_msgs/local/lib/python3.10/dist-packages/ardupilot_msgs/msg/_global_position.py
[0.983s] -- Up-to-date: /home/skemp32/ros2_ws/install/ardupilot_msgs/local/lib/python3.10/dist-packages/ardupilot_msgs/msg/__init__.py
[0.984s] -- Up-to-date: /home/skemp32/ros2_ws/install/ardupilot_msgs/local/lib/python3.10/dist-packages/ardupilot_msgs/msg/_global_position_s.c
[0.984s] -- Up-to-date: /home/skemp32/ros2_ws/install/ardupilot_msgs/local/lib/python3.10/dist-packages/ardupilot_msgs/ardupilot_msgs_s__rosidl_typesupport_c.cpython-310-x86_64-linux-gnu.so
[0.984s] -- Up-to-date: /home/skemp32/ros2_ws/install/ardupilot_msgs/local/lib/python3.10/dist-packages/ardupilot_msgs/srv
[0.984s] -- Up-to-date: /home/skemp32/ros2_ws/install/ardupilot_msgs/local/lib/python3.10/dist-packages/ardupilot_msgs/srv/_mode_switch_s.c
[0.984s] -- Up-to-date: /home/skemp32/ros2_ws/install/ardupilot_msgs/local/lib/python3.10/dist-packages/ardupilot_msgs/srv/_mode_switch.py
[0.985s] -- Up-to-date: /home/skemp32/ros2_ws/install/ardupilot_msgs/local/lib/python3.10/dist-packages/ardupilot_msgs/srv/_arm_motors_s.c
[0.986s] -- Up-to-date: /home/skemp32/ros2_ws/install/ardupilot_msgs/local/lib/python3.10/dist-packages/ardupilot_msgs/srv/_arm_motors.py
[0.986s] -- Up-to-date: /home/skemp32/ros2_ws/install/ardupilot_msgs/local/lib/python3.10/dist-packages/ardupilot_msgs/srv/__init__.py
[1.017s] Listing '/home/skemp32/ros2_ws/install/ardupilot_msgs/local/lib/python3.10/dist-packages/ardupilot_msgs'...
[1.018s] Listing '/home/skemp32/ros2_ws/install/ardupilot_msgs/local/lib/python3.10/dist-packages/ardupilot_msgs/msg'...
[1.019s] Listing '/home/skemp32/ros2_ws/install/ardupilot_msgs/local/lib/python3.10/dist-packages/ardupilot_msgs/srv'...
[1.023s] -- Up-to-date: /home/skemp32/ros2_ws/install/ardupilot_msgs/local/lib/python3.10/dist-packages/ardupilot_msgs/ardupilot_msgs_s__rosidl_typesupport_fastrtps_c.cpython-310-x86_64-linux-gnu.so
[1.025s] -- Up-to-date: /home/skemp32/ros2_ws/install/ardupilot_msgs/local/lib/python3.10/dist-packages/ardupilot_msgs/ardupilot_msgs_s__rosidl_typesupport_introspection_c.cpython-310-x86_64-linux-gnu.so
[1.026s] -- Up-to-date: /home/skemp32/ros2_ws/install/ardupilot_msgs/local/lib/python3.10/dist-packages/ardupilot_msgs/ardupilot_msgs_s__rosidl_typesupport_c.cpython-310-x86_64-linux-gnu.so
[1.028s] -- Up-to-date: /home/skemp32/ros2_ws/install/ardupilot_msgs/lib/libardupilot_msgs__rosidl_generator_py.so
[1.030s] -- Up-to-date: /home/skemp32/ros2_ws/install/ardupilot_msgs/share/ardupilot_msgs/msg/GlobalPosition.idl
[1.031s] -- Up-to-date: /home/skemp32/ros2_ws/install/ardupilot_msgs/share/ardupilot_msgs/srv/ArmMotors.idl
[1.031s] -- Up-to-date: /home/skemp32/ros2_ws/install/ardupilot_msgs/share/ardupilot_msgs/srv/ModeSwitch.idl
[1.031s] -- Up-to-date: /home/skemp32/ros2_ws/install/ardupilot_msgs/share/ardupilot_msgs/msg/GlobalPosition.msg
[1.032s] -- Up-to-date: /home/skemp32/ros2_ws/install/ardupilot_msgs/share/ardupilot_msgs/srv/ArmMotors.srv
[1.032s] -- Up-to-date: /home/skemp32/ros2_ws/install/ardupilot_msgs/share/ardupilot_msgs/srv/ArmMotors_Request.msg
[1.033s] -- Up-to-date: /home/skemp32/ros2_ws/install/ardupilot_msgs/share/ardupilot_msgs/srv/ArmMotors_Response.msg
[1.033s] -- Up-to-date: /home/skemp32/ros2_ws/install/ardupilot_msgs/share/ardupilot_msgs/srv/ModeSwitch.srv
[1.033s] -- Up-to-date: /home/skemp32/ros2_ws/install/ardupilot_msgs/share/ardupilot_msgs/srv/ModeSwitch_Request.msg
[1.034s] -- Up-to-date: /home/skemp32/ros2_ws/install/ardupilot_msgs/share/ardupilot_msgs/srv/ModeSwitch_Response.msg
[1.034s] -- Up-to-date: /home/skemp32/ros2_ws/install/ardupilot_msgs/share/ament_index/resource_index/package_run_dependencies/ardupilot_msgs
[1.035s] -- Up-to-date: /home/skemp32/ros2_ws/install/ardupilot_msgs/share/ament_index/resource_index/parent_prefix_path/ardupilot_msgs
[1.035s] -- Up-to-date: /home/skemp32/ros2_ws/install/ardupilot_msgs/share/ardupilot_msgs/environment/ament_prefix_path.sh
[1.035s] -- Up-to-date: /home/skemp32/ros2_ws/install/ardupilot_msgs/share/ardupilot_msgs/environment/ament_prefix_path.dsv
[1.035s] -- Up-to-date: /home/skemp32/ros2_ws/install/ardupilot_msgs/share/ardupilot_msgs/environment/path.sh
[1.035s] -- Up-to-date: /home/skemp32/ros2_ws/install/ardupilot_msgs/share/ardupilot_msgs/environment/path.dsv
[1.036s] -- Up-to-date: /home/skemp32/ros2_ws/install/ardupilot_msgs/share/ardupilot_msgs/local_setup.bash
[1.036s] -- Up-to-date: /home/skemp32/ros2_ws/install/ardupilot_msgs/share/ardupilot_msgs/local_setup.sh
[1.036s] -- Up-to-date: /home/skemp32/ros2_ws/install/ardupilot_msgs/share/ardupilot_msgs/local_setup.zsh
[1.036s] -- Up-to-date: /home/skemp32/ros2_ws/install/ardupilot_msgs/share/ardupilot_msgs/local_setup.dsv
[1.036s] -- Installing: /home/skemp32/ros2_ws/install/ardupilot_msgs/share/ardupilot_msgs/package.dsv
[1.036s] -- Up-to-date: /home/skemp32/ros2_ws/install/ardupilot_msgs/share/ament_index/resource_index/packages/ardupilot_msgs
[1.037s] -- Up-to-date: /home/skemp32/ros2_ws/install/ardupilot_msgs/share/ardupilot_msgs/cmake/export_ardupilot_msgs__rosidl_generator_cExport.cmake
[1.037s] -- Up-to-date: /home/skemp32/ros2_ws/install/ardupilot_msgs/share/ardupilot_msgs/cmake/export_ardupilot_msgs__rosidl_generator_cExport-noconfig.cmake
[1.037s] -- Up-to-date: /home/skemp32/ros2_ws/install/ardupilot_msgs/share/ardupilot_msgs/cmake/export_ardupilot_msgs__rosidl_typesupport_fastrtps_cExport.cmake
[1.037s] -- Up-to-date: /home/skemp32/ros2_ws/install/ardupilot_msgs/share/ardupilot_msgs/cmake/export_ardupilot_msgs__rosidl_typesupport_fastrtps_cExport-noconfig.cmake
[1.037s] -- Up-to-date: /home/skemp32/ros2_ws/install/ardupilot_msgs/share/ardupilot_msgs/cmake/export_ardupilot_msgs__rosidl_generator_cppExport.cmake
[1.037s] -- Up-to-date: /home/skemp32/ros2_ws/install/ardupilot_msgs/share/ardupilot_msgs/cmake/export_ardupilot_msgs__rosidl_typesupport_fastrtps_cppExport.cmake
[1.038s] -- Up-to-date: /home/skemp32/ros2_ws/install/ardupilot_msgs/share/ardupilot_msgs/cmake/export_ardupilot_msgs__rosidl_typesupport_fastrtps_cppExport-noconfig.cmake
[1.038s] -- Up-to-date: /home/skemp32/ros2_ws/install/ardupilot_msgs/share/ardupilot_msgs/cmake/ardupilot_msgs__rosidl_typesupport_introspection_cExport.cmake
[1.038s] -- Up-to-date: /home/skemp32/ros2_ws/install/ardupilot_msgs/share/ardupilot_msgs/cmake/ardupilot_msgs__rosidl_typesupport_introspection_cExport-noconfig.cmake
[1.038s] -- Up-to-date: /home/skemp32/ros2_ws/install/ardupilot_msgs/share/ardupilot_msgs/cmake/ardupilot_msgs__rosidl_typesupport_cExport.cmake
[1.039s] -- Up-to-date: /home/skemp32/ros2_ws/install/ardupilot_msgs/share/ardupilot_msgs/cmake/ardupilot_msgs__rosidl_typesupport_cExport-noconfig.cmake
[1.039s] -- Up-to-date: /home/skemp32/ros2_ws/install/ardupilot_msgs/share/ardupilot_msgs/cmake/ardupilot_msgs__rosidl_typesupport_introspection_cppExport.cmake
[1.040s] -- Up-to-date: /home/skemp32/ros2_ws/install/ardupilot_msgs/share/ardupilot_msgs/cmake/ardupilot_msgs__rosidl_typesupport_introspection_cppExport-noconfig.cmake
[1.040s] -- Up-to-date: /home/skemp32/ros2_ws/install/ardupilot_msgs/share/ardupilot_msgs/cmake/ardupilot_msgs__rosidl_typesupport_cppExport.cmake
[1.040s] -- Up-to-date: /home/skemp32/ros2_ws/install/ardupilot_msgs/share/ardupilot_msgs/cmake/ardupilot_msgs__rosidl_typesupport_cppExport-noconfig.cmake
[1.041s] -- Up-to-date: /home/skemp32/ros2_ws/install/ardupilot_msgs/share/ardupilot_msgs/cmake/export_ardupilot_msgs__rosidl_generator_pyExport.cmake
[1.042s] -- Up-to-date: /home/skemp32/ros2_ws/install/ardupilot_msgs/share/ardupilot_msgs/cmake/export_ardupilot_msgs__rosidl_generator_pyExport-noconfig.cmake
[1.043s] -- Up-to-date: /home/skemp32/ros2_ws/install/ardupilot_msgs/share/ardupilot_msgs/cmake/rosidl_cmake-extras.cmake
[1.043s] -- Up-to-date: /home/skemp32/ros2_ws/install/ardupilot_msgs/share/ardupilot_msgs/cmake/ament_cmake_export_dependencies-extras.cmake
[1.043s] -- Up-to-date: /home/skemp32/ros2_ws/install/ardupilot_msgs/share/ardupilot_msgs/cmake/ament_cmake_export_include_directories-extras.cmake
[1.043s] -- Up-to-date: /home/skemp32/ros2_ws/install/ardupilot_msgs/share/ardupilot_msgs/cmake/ament_cmake_export_libraries-extras.cmake
[1.044s] -- Up-to-date: /home/skemp32/ros2_ws/install/ardupilot_msgs/share/ardupilot_msgs/cmake/ament_cmake_export_targets-extras.cmake
[1.044s] -- Up-to-date: /home/skemp32/ros2_ws/install/ardupilot_msgs/share/ardupilot_msgs/cmake/rosidl_cmake_export_typesupport_targets-extras.cmake
[1.044s] -- Up-to-date: /home/skemp32/ros2_ws/install/ardupilot_msgs/share/ardupilot_msgs/cmake/rosidl_cmake_export_typesupport_libraries-extras.cmake
[1.044s] -- Up-to-date: /home/skemp32/ros2_ws/install/ardupilot_msgs/share/ardupilot_msgs/cmake/ardupilot_msgsConfig.cmake
[1.044s] -- Up-to-date: /home/skemp32/ros2_ws/install/ardupilot_msgs/share/ardupilot_msgs/cmake/ardupilot_msgsConfig-version.cmake
[1.044s] -- Up-to-date: /home/skemp32/ros2_ws/install/ardupilot_msgs/share/ardupilot_msgs/package.xml
[1.047s] Invoked command in '/home/skemp32/ros2_ws/build/ardupilot_msgs' returned '0': CMAKE_PREFIX_PATH=/opt/ros/humble /usr/bin/cmake --install /home/skemp32/ros2_ws/build/ardupilot_msgs
