[0.047s] Invoking command in '/home/skemp32/ros2_ws/build/ardupilot_gz_description': CMAKE_PREFIX_PATH=/opt/ros/humble /usr/bin/cmake --build /home/skemp32/ros2_ws/build/ardupilot_gz_description -- -j12 -l12
[0.092s] Invoked command in '/home/skemp32/ros2_ws/build/ardupilot_gz_description' returned '0': CMAKE_PREFIX_PATH=/opt/ros/humble /usr/bin/cmake --build /home/skemp32/ros2_ws/build/ardupilot_gz_description -- -j12 -l12
[0.168s] Invoking command in '/home/skemp32/ros2_ws/build/ardupilot_gz_description': CMAKE_PREFIX_PATH=/opt/ros/humble /usr/bin/cmake --install /home/skemp32/ros2_ws/build/ardupilot_gz_description
[0.227s] -- Install configuration: ""
[0.227s] -- Up-to-date: /home/skemp32/ros2_ws/install/ardupilot_gz_description/share/ardupilot_gz_description/models
[0.229s] -- Up-to-date: /home/skemp32/ros2_ws/install/ardupilot_gz_description/share/ardupilot_gz_description/models/iris_with_lidar
[0.229s] -- Up-to-date: /home/skemp32/ros2_ws/install/ardupilot_gz_description/share/ardupilot_gz_description/models/iris_with_lidar/model.sdf
[0.230s] -- Up-to-date: /home/skemp32/ros2_ws/install/ardupilot_gz_description/share/ardupilot_gz_description/models/iris_with_lidar/model.config
[0.230s] -- Up-to-date: /home/skemp32/ros2_ws/install/ardupilot_gz_description/share/ardupilot_gz_description/environment/ardupilot_gz_description.dsv
[0.230s] -- Up-to-date: /home/skemp32/ros2_ws/install/ardupilot_gz_description/share/ardupilot_gz_description/environment/ardupilot_gz_description.sh
[0.230s] -- Up-to-date: /home/skemp32/ros2_ws/install/ardupilot_gz_description/share/ament_index/resource_index/package_run_dependencies/ardupilot_gz_description
[0.230s] -- Up-to-date: /home/skemp32/ros2_ws/install/ardupilot_gz_description/share/ament_index/resource_index/parent_prefix_path/ardupilot_gz_description
[0.231s] -- Up-to-date: /home/skemp32/ros2_ws/install/ardupilot_gz_description/share/ardupilot_gz_description/environment/ament_prefix_path.sh
[0.233s] -- Up-to-date: /home/skemp32/ros2_ws/install/ardupilot_gz_description/share/ardupilot_gz_description/environment/ament_prefix_path.dsv
[0.233s] -- Up-to-date: /home/skemp32/ros2_ws/install/ardupilot_gz_description/share/ardupilot_gz_description/environment/path.sh
[0.233s] -- Up-to-date: /home/skemp32/ros2_ws/install/ardupilot_gz_description/share/ardupilot_gz_description/environment/path.dsv
[0.234s] -- Up-to-date: /home/skemp32/ros2_ws/install/ardupilot_gz_description/share/ardupilot_gz_description/local_setup.bash
[0.234s] -- Up-to-date: /home/skemp32/ros2_ws/install/ardupilot_gz_description/share/ardupilot_gz_description/local_setup.sh
[0.234s] -- Up-to-date: /home/skemp32/ros2_ws/install/ardupilot_gz_description/share/ardupilot_gz_description/local_setup.zsh
[0.235s] -- Up-to-date: /home/skemp32/ros2_ws/install/ardupilot_gz_description/share/ardupilot_gz_description/local_setup.dsv
[0.236s] -- Installing: /home/skemp32/ros2_ws/install/ardupilot_gz_description/share/ardupilot_gz_description/package.dsv
[0.236s] -- Up-to-date: /home/skemp32/ros2_ws/install/ardupilot_gz_description/share/ament_index/resource_index/packages/ardupilot_gz_description
[0.237s] -- Up-to-date: /home/skemp32/ros2_ws/install/ardupilot_gz_description/share/ardupilot_gz_description/cmake/ardupilot_gz_descriptionConfig.cmake
[0.237s] -- Up-to-date: /home/skemp32/ros2_ws/install/ardupilot_gz_description/share/ardupilot_gz_description/cmake/ardupilot_gz_descriptionConfig-version.cmake
[0.237s] -- Up-to-date: /home/skemp32/ros2_ws/install/ardupilot_gz_description/share/ardupilot_gz_description/package.xml
[0.254s] Invoked command in '/home/skemp32/ros2_ws/build/ardupilot_gz_description' returned '0': CMAKE_PREFIX_PATH=/opt/ros/humble /usr/bin/cmake --install /home/skemp32/ros2_ws/build/ardupilot_gz_description
