[0.018s] Invoking command in '/home/skemp32/ros2_ws/build/ardupilot_msgs': CMAKE_PREFIX_PATH=/opt/ros/humble /usr/bin/cmake /home/skemp32/ros2_ws/src/ardupilot/Tools/ros2/ardupilot_msgs -DCMAKE_INSTALL_PREFIX=/home/skemp32/ros2_ws/install/ardupilot_msgs
[0.199s] -- The C compiler identification is GNU 11.4.0
[1.070s] -- The CXX compiler identification is GNU 11.4.0
[1.941s] -- Detecting C compiler ABI info
[2.179s] -- Detecting C compiler ABI info - done
[2.186s] -- Check for working C compiler: /usr/lib/ccache/cc - skipped
[2.186s] -- Detecting C compile features
[2.186s] -- Detecting C compile features - done
[2.189s] -- Detecting CXX compiler ABI info
[2.465s] -- Detecting CXX compiler ABI info - done
[2.472s] -- Check for working CXX compiler: /usr/lib/ccache/c++ - skipped
[2.472s] -- Detecting CXX compile features
[2.473s] -- Detecting CXX compile features - done
[2.475s] -- Found ament_cmake: 1.3.10 (/opt/ros/humble/share/ament_cmake/cmake)
[2.781s] -- Found Python3: /usr/bin/python3 (found version "3.10.12") found components: Interpreter 
[2.857s] -- Found geometry_msgs: 4.2.4 (/opt/ros/humble/share/geometry_msgs/cmake)
[3.140s] -- Found rosidl_generator_c: 3.1.5 (/opt/ros/humble/share/rosidl_generator_c/cmake)
[3.145s] -- Found rosidl_adapter: 3.1.5 (/opt/ros/humble/share/rosidl_adapter/cmake)
[3.152s] -- Found rosidl_generator_cpp: 3.1.5 (/opt/ros/humble/share/rosidl_generator_cpp/cmake)
[3.164s] -- Using all available rosidl_typesupport_c: rosidl_typesupport_fastrtps_c;rosidl_typesupport_introspection_c
[3.178s] -- Using all available rosidl_typesupport_cpp: rosidl_typesupport_fastrtps_cpp;rosidl_typesupport_introspection_cpp
[3.214s] -- Found rosidl_default_generators: 1.2.0 (/opt/ros/humble/share/rosidl_default_generators/cmake)
[3.483s] -- Found ament_cmake_cppcheck: 0.12.11 (/opt/ros/humble/share/ament_cmake_cppcheck/cmake)
[3.485s] -- Found ament_cmake_cpplint: 0.12.11 (/opt/ros/humble/share/ament_cmake_cpplint/cmake)
[3.487s] -- Found ament_cmake_uncrustify: 0.12.11 (/opt/ros/humble/share/ament_cmake_uncrustify/cmake)
[3.489s] -- Found ament_cmake_ros: 0.10.0 (/opt/ros/humble/share/ament_cmake_ros/cmake)
[3.868s] -- Using all available rosidl_typesupport_c: rosidl_typesupport_fastrtps_c;rosidl_typesupport_introspection_c
[4.013s] -- Using all available rosidl_typesupport_cpp: rosidl_typesupport_fastrtps_cpp;rosidl_typesupport_introspection_cpp
[4.270s] -- Found PythonInterp: /usr/bin/python3 (found suitable version "3.10.12", minimum required is "3.6") 
[4.271s] -- Found python_cmake_module: 0.10.0 (/opt/ros/humble/share/python_cmake_module/cmake)
[5.069s] -- Found PythonLibs: /usr/lib/x86_64-linux-gnu/libpython3.10.so (found suitable version "3.10.12", minimum required is "3.5") 
[5.069s] -- Using PYTHON_EXECUTABLE: /usr/bin/python3
[5.069s] -- Using PYTHON_INCLUDE_DIRS: /usr/include/python3.10
[5.069s] -- Using PYTHON_LIBRARIES: /usr/lib/x86_64-linux-gnu/libpython3.10.so
[5.086s] -- Found PythonExtra: .so  
[5.217s] -- Found ament_cmake_flake8: 0.12.11 (/opt/ros/humble/share/ament_cmake_flake8/cmake)
[5.219s] -- Found ament_cmake_pep257: 0.12.11 (/opt/ros/humble/share/ament_cmake_pep257/cmake)
[5.222s] -- Found ament_lint_auto: 0.12.11 (/opt/ros/humble/share/ament_lint_auto/cmake)
[5.234s] -- Added test 'copyright' to check source files copyright and LICENSE
[5.234s] -- Added test 'xmllint' to check XML markup files
[5.238s] -- Configuring done
[5.302s] -- Generating done
[5.304s] -- Build files have been written to: /home/skemp32/ros2_ws/build/ardupilot_msgs
[5.315s] Invoked command in '/home/skemp32/ros2_ws/build/ardupilot_msgs' returned '0': CMAKE_PREFIX_PATH=/opt/ros/humble /usr/bin/cmake /home/skemp32/ros2_ws/src/ardupilot/Tools/ros2/ardupilot_msgs -DCMAKE_INSTALL_PREFIX=/home/skemp32/ros2_ws/install/ardupilot_msgs
[5.317s] Invoking command in '/home/skemp32/ros2_ws/build/ardupilot_msgs': CMAKE_PREFIX_PATH=/opt/ros/humble /usr/bin/cmake --build /home/skemp32/ros2_ws/build/ardupilot_msgs -- -j12 -l12
[5.354s] [  2%] [34m[1mGenerating C code for ROS interfaces[0m
[5.365s] [  4%] [34m[1mGenerating C++ code for ROS interfaces[0m
[5.371s] [  4%] Built target ament_cmake_python_copy_ardupilot_msgs
[5.586s] running egg_info
[5.587s] creating ardupilot_msgs.egg-info
[5.602s] writing ardupilot_msgs.egg-info/PKG-INFO
[5.602s] writing dependency_links to ardupilot_msgs.egg-info/dependency_links.txt
[5.602s] writing top-level names to ardupilot_msgs.egg-info/top_level.txt
[5.603s] writing manifest file 'ardupilot_msgs.egg-info/SOURCES.txt'
[5.647s] reading manifest file 'ardupilot_msgs.egg-info/SOURCES.txt'
[5.647s] writing manifest file 'ardupilot_msgs.egg-info/SOURCES.txt'
[5.674s] [  4%] Built target ament_cmake_python_build_ardupilot_msgs_egg
[5.868s] [  4%] Built target ardupilot_msgs__cpp
[5.878s] [  6%] [34m[1mGenerating C++ type support dispatch for ROS interfaces[0m
[5.879s] [  8%] [34m[1mGenerating C++ type support for eProsima Fast-RTPS[0m
[5.887s] [ 10%] [34m[1mGenerating C++ introspection for ROS interfaces[0m
[5.905s] [ 12%] [32mBuilding C object CMakeFiles/ardupilot_msgs__rosidl_generator_c.dir/rosidl_generator_c/ardupilot_msgs/msg/detail/global_position__functions.c.o[0m
[5.905s] [ 17%] [32mBuilding C object CMakeFiles/ardupilot_msgs__rosidl_generator_c.dir/rosidl_generator_c/ardupilot_msgs/srv/detail/arm_motors__functions.c.o[0m
[5.905s] [ 17%] [32mBuilding C object CMakeFiles/ardupilot_msgs__rosidl_generator_c.dir/rosidl_generator_c/ardupilot_msgs/srv/detail/mode_switch__functions.c.o[0m
[5.995s] [ 19%] [32m[1mLinking C shared library libardupilot_msgs__rosidl_generator_c.so[0m
[6.273s] [ 19%] Built target ardupilot_msgs__rosidl_generator_c
[6.286s] [ 21%] [34m[1mGenerating C introspection for ROS interfaces[0m
[6.286s] [ 25%] [34m[1mGenerating C type support for eProsima Fast-RTPS[0m
[6.287s] [ 25%] [34m[1mGenerating C type support dispatch for ROS interfaces[0m
[6.446s] [ 29%] [32mBuilding CXX object CMakeFiles/ardupilot_msgs__rosidl_typesupport_cpp.dir/rosidl_typesupport_cpp/ardupilot_msgs/srv/arm_motors__type_support.cpp.o[0m
[6.446s] [ 29%] [32mBuilding CXX object CMakeFiles/ardupilot_msgs__rosidl_typesupport_cpp.dir/rosidl_typesupport_cpp/ardupilot_msgs/srv/mode_switch__type_support.cpp.o[0m
[6.447s] [ 31%] [32mBuilding CXX object CMakeFiles/ardupilot_msgs__rosidl_typesupport_cpp.dir/rosidl_typesupport_cpp/ardupilot_msgs/msg/global_position__type_support.cpp.o[0m
[6.510s] [ 38%] [32mBuilding CXX object CMakeFiles/ardupilot_msgs__rosidl_typesupport_introspection_cpp.dir/rosidl_typesupport_introspection_cpp/ardupilot_msgs/srv/detail/arm_motors__type_support.cpp.o[0m
[6.510s] [ 38%] [32mBuilding CXX object CMakeFiles/ardupilot_msgs__rosidl_typesupport_introspection_cpp.dir/rosidl_typesupport_introspection_cpp/ardupilot_msgs/msg/detail/global_position__type_support.cpp.o[0m
[6.510s] [ 38%] [32mBuilding CXX object CMakeFiles/ardupilot_msgs__rosidl_typesupport_introspection_cpp.dir/rosidl_typesupport_introspection_cpp/ardupilot_msgs/srv/detail/mode_switch__type_support.cpp.o[0m
[6.585s] [ 40%] [32mBuilding CXX object CMakeFiles/ardupilot_msgs__rosidl_typesupport_fastrtps_cpp.dir/rosidl_typesupport_fastrtps_cpp/ardupilot_msgs/srv/detail/dds_fastrtps/arm_motors__type_support.cpp.o[0m
[6.588s] [ 42%] [32mBuilding CXX object CMakeFiles/ardupilot_msgs__rosidl_typesupport_fastrtps_cpp.dir/rosidl_typesupport_fastrtps_cpp/ardupilot_msgs/msg/detail/dds_fastrtps/global_position__type_support.cpp.o[0m
[6.623s] [ 44%] [32mBuilding CXX object CMakeFiles/ardupilot_msgs__rosidl_typesupport_fastrtps_cpp.dir/rosidl_typesupport_fastrtps_cpp/ardupilot_msgs/srv/detail/dds_fastrtps/mode_switch__type_support.cpp.o[0m
[7.073s] [ 46%] [32m[1mLinking CXX shared library libardupilot_msgs__rosidl_typesupport_cpp.so[0m
[7.087s] [ 48%] [32mBuilding CXX object CMakeFiles/ardupilot_msgs__rosidl_typesupport_c.dir/rosidl_typesupport_c/ardupilot_msgs/msg/global_position__type_support.cpp.o[0m
[7.095s] [ 51%] [32mBuilding CXX object CMakeFiles/ardupilot_msgs__rosidl_typesupport_c.dir/rosidl_typesupport_c/ardupilot_msgs/srv/arm_motors__type_support.cpp.o[0m
[7.096s] [ 53%] [32mBuilding CXX object CMakeFiles/ardupilot_msgs__rosidl_typesupport_c.dir/rosidl_typesupport_c/ardupilot_msgs/srv/mode_switch__type_support.cpp.o[0m
[7.184s] [ 55%] [32m[1mLinking CXX shared library libardupilot_msgs__rosidl_typesupport_c.so[0m
[7.214s] [ 57%] [32mBuilding CXX object CMakeFiles/ardupilot_msgs__rosidl_typesupport_fastrtps_c.dir/rosidl_typesupport_fastrtps_c/ardupilot_msgs/msg/detail/global_position__type_support_c.cpp.o[0m
[7.216s] [ 59%] [32mBuilding CXX object CMakeFiles/ardupilot_msgs__rosidl_typesupport_fastrtps_c.dir/rosidl_typesupport_fastrtps_c/ardupilot_msgs/srv/detail/mode_switch__type_support_c.cpp.o[0m
[7.217s] [ 61%] [32mBuilding CXX object CMakeFiles/ardupilot_msgs__rosidl_typesupport_fastrtps_c.dir/rosidl_typesupport_fastrtps_c/ardupilot_msgs/srv/detail/arm_motors__type_support_c.cpp.o[0m
[7.250s] [ 63%] [32mBuilding C object CMakeFiles/ardupilot_msgs__rosidl_typesupport_introspection_c.dir/rosidl_typesupport_introspection_c/ardupilot_msgs/msg/detail/global_position__type_support.c.o[0m
[7.352s] [ 65%] [32mBuilding C object CMakeFiles/ardupilot_msgs__rosidl_typesupport_introspection_c.dir/rosidl_typesupport_introspection_c/ardupilot_msgs/srv/detail/arm_motors__type_support.c.o[0m
[7.357s] [ 68%] [32mBuilding C object CMakeFiles/ardupilot_msgs__rosidl_typesupport_introspection_c.dir/rosidl_typesupport_introspection_c/ardupilot_msgs/srv/detail/mode_switch__type_support.c.o[0m
[7.442s] [ 70%] [32m[1mLinking C shared library libardupilot_msgs__rosidl_typesupport_introspection_c.so[0m
[7.496s] [ 72%] [32m[1mLinking CXX shared library libardupilot_msgs__rosidl_typesupport_introspection_cpp.so[0m
[7.516s] [ 72%] Built target ardupilot_msgs__rosidl_typesupport_cpp
[7.545s] [ 74%] [32m[1mLinking CXX shared library libardupilot_msgs__rosidl_typesupport_fastrtps_cpp.so[0m
[7.601s] [ 74%] Built target ardupilot_msgs__rosidl_typesupport_c
[7.803s] [ 74%] Built target ardupilot_msgs__rosidl_typesupport_introspection_c
[7.843s] [ 74%] Built target ardupilot_msgs__rosidl_typesupport_introspection_cpp
[7.883s] [ 76%] [32m[1mLinking CXX shared library libardupilot_msgs__rosidl_typesupport_fastrtps_c.so[0m
[7.929s] [ 76%] Built target ardupilot_msgs__rosidl_typesupport_fastrtps_cpp
[8.177s] [ 76%] Built target ardupilot_msgs__rosidl_typesupport_fastrtps_c
[8.200s] [ 76%] Built target ardupilot_msgs
[8.223s] [ 78%] [34m[1mGenerating Python code for ROS interfaces[0m
[9.105s] [ 78%] Built target ardupilot_msgs__py
[9.123s] [ 82%] [32mBuilding C object CMakeFiles/ardupilot_msgs__rosidl_generator_py.dir/rosidl_generator_py/ardupilot_msgs/srv/_mode_switch_s.c.o[0m
[9.123s] [ 82%] [32mBuilding C object CMakeFiles/ardupilot_msgs__rosidl_generator_py.dir/rosidl_generator_py/ardupilot_msgs/msg/_global_position_s.c.o[0m
[9.123s] [ 85%] [32mBuilding C object CMakeFiles/ardupilot_msgs__rosidl_generator_py.dir/rosidl_generator_py/ardupilot_msgs/srv/_arm_motors_s.c.o[0m
[9.310s] [ 87%] [32m[1mLinking C shared library rosidl_generator_py/ardupilot_msgs/libardupilot_msgs__rosidl_generator_py.so[0m
[9.529s] [ 87%] Built target ardupilot_msgs__rosidl_generator_py
[9.548s] [ 91%] [32mBuilding C object CMakeFiles/ardupilot_msgs__rosidl_typesupport_fastrtps_c__pyext.dir/rosidl_generator_py/ardupilot_msgs/_ardupilot_msgs_s.ep.rosidl_typesupport_fastrtps_c.c.o[0m
[9.548s] [ 91%] [32mBuilding C object CMakeFiles/ardupilot_msgs__rosidl_typesupport_introspection_c__pyext.dir/rosidl_generator_py/ardupilot_msgs/_ardupilot_msgs_s.ep.rosidl_typesupport_introspection_c.c.o[0m
[9.549s] [ 93%] [32mBuilding C object CMakeFiles/ardupilot_msgs__rosidl_typesupport_c__pyext.dir/rosidl_generator_py/ardupilot_msgs/_ardupilot_msgs_s.ep.rosidl_typesupport_c.c.o[0m
[9.727s] [100%] [32m[1mLinking C shared library rosidl_generator_py/ardupilot_msgs/ardupilot_msgs_s__rosidl_typesupport_fastrtps_c.cpython-310-x86_64-linux-gnu.so[0m
[9.727s] [100%] [32m[1mLinking C shared library rosidl_generator_py/ardupilot_msgs/ardupilot_msgs_s__rosidl_typesupport_introspection_c.cpython-310-x86_64-linux-gnu.so[0m
[9.727s] [100%] [32m[1mLinking C shared library rosidl_generator_py/ardupilot_msgs/ardupilot_msgs_s__rosidl_typesupport_c.cpython-310-x86_64-linux-gnu.so[0m
[9.893s] [100%] Built target ardupilot_msgs__rosidl_typesupport_introspection_c__pyext
[9.895s] [100%] Built target ardupilot_msgs__rosidl_typesupport_fastrtps_c__pyext
[9.933s] [100%] Built target ardupilot_msgs__rosidl_typesupport_c__pyext
[9.946s] Invoked command in '/home/skemp32/ros2_ws/build/ardupilot_msgs' returned '0': CMAKE_PREFIX_PATH=/opt/ros/humble /usr/bin/cmake --build /home/skemp32/ros2_ws/build/ardupilot_msgs -- -j12 -l12
[10.052s] Invoking command in '/home/skemp32/ros2_ws/build/ardupilot_msgs': CMAKE_PREFIX_PATH=/opt/ros/humble /usr/bin/cmake --install /home/skemp32/ros2_ws/build/ardupilot_msgs
[10.058s] -- Install configuration: ""
[10.061s] -- Installing: /home/skemp32/ros2_ws/install/ardupilot_msgs/share/ament_index/resource_index/rosidl_interfaces/ardupilot_msgs
[10.061s] -- Installing: /home/skemp32/ros2_ws/install/ardupilot_msgs/include/ardupilot_msgs/ardupilot_msgs
[10.062s] -- Installing: /home/skemp32/ros2_ws/install/ardupilot_msgs/include/ardupilot_msgs/ardupilot_msgs/msg
[10.062s] -- Installing: /home/skemp32/ros2_ws/install/ardupilot_msgs/include/ardupilot_msgs/ardupilot_msgs/msg/rosidl_generator_c__visibility_control.h
[10.063s] -- Installing: /home/skemp32/ros2_ws/install/ardupilot_msgs/include/ardupilot_msgs/ardupilot_msgs/msg/global_position.h
[10.063s] -- Installing: /home/skemp32/ros2_ws/install/ardupilot_msgs/include/ardupilot_msgs/ardupilot_msgs/msg/detail
[10.063s] -- Installing: /home/skemp32/ros2_ws/install/ardupilot_msgs/include/ardupilot_msgs/ardupilot_msgs/msg/detail/global_position__struct.h
[10.064s] -- Installing: /home/skemp32/ros2_ws/install/ardupilot_msgs/include/ardupilot_msgs/ardupilot_msgs/msg/detail/global_position__type_support.h
[10.064s] -- Installing: /home/skemp32/ros2_ws/install/ardupilot_msgs/include/ardupilot_msgs/ardupilot_msgs/msg/detail/global_position__functions.c
[10.064s] -- Installing: /home/skemp32/ros2_ws/install/ardupilot_msgs/include/ardupilot_msgs/ardupilot_msgs/msg/detail/global_position__functions.h
[10.064s] -- Installing: /home/skemp32/ros2_ws/install/ardupilot_msgs/include/ardupilot_msgs/ardupilot_msgs/srv
[10.064s] -- Installing: /home/skemp32/ros2_ws/install/ardupilot_msgs/include/ardupilot_msgs/ardupilot_msgs/srv/mode_switch.h
[10.064s] -- Installing: /home/skemp32/ros2_ws/install/ardupilot_msgs/include/ardupilot_msgs/ardupilot_msgs/srv/arm_motors.h
[10.065s] -- Installing: /home/skemp32/ros2_ws/install/ardupilot_msgs/include/ardupilot_msgs/ardupilot_msgs/srv/detail
[10.065s] -- Installing: /home/skemp32/ros2_ws/install/ardupilot_msgs/include/ardupilot_msgs/ardupilot_msgs/srv/detail/mode_switch__functions.h
[10.065s] -- Installing: /home/skemp32/ros2_ws/install/ardupilot_msgs/include/ardupilot_msgs/ardupilot_msgs/srv/detail/mode_switch__struct.h
[10.065s] -- Installing: /home/skemp32/ros2_ws/install/ardupilot_msgs/include/ardupilot_msgs/ardupilot_msgs/srv/detail/arm_motors__functions.c
[10.066s] -- Installing: /home/skemp32/ros2_ws/install/ardupilot_msgs/include/ardupilot_msgs/ardupilot_msgs/srv/detail/arm_motors__functions.h
[10.066s] -- Installing: /home/skemp32/ros2_ws/install/ardupilot_msgs/include/ardupilot_msgs/ardupilot_msgs/srv/detail/arm_motors__type_support.h
[10.066s] -- Installing: /home/skemp32/ros2_ws/install/ardupilot_msgs/include/ardupilot_msgs/ardupilot_msgs/srv/detail/mode_switch__functions.c
[10.066s] -- Installing: /home/skemp32/ros2_ws/install/ardupilot_msgs/include/ardupilot_msgs/ardupilot_msgs/srv/detail/arm_motors__struct.h
[10.066s] -- Installing: /home/skemp32/ros2_ws/install/ardupilot_msgs/include/ardupilot_msgs/ardupilot_msgs/srv/detail/mode_switch__type_support.h
[10.067s] -- Installing: /home/skemp32/ros2_ws/install/ardupilot_msgs/share/ardupilot_msgs/environment/library_path.sh
[10.068s] -- Installing: /home/skemp32/ros2_ws/install/ardupilot_msgs/share/ardupilot_msgs/environment/library_path.dsv
[10.068s] -- Installing: /home/skemp32/ros2_ws/install/ardupilot_msgs/lib/libardupilot_msgs__rosidl_generator_c.so
[10.069s] -- Set runtime path of "/home/skemp32/ros2_ws/install/ardupilot_msgs/lib/libardupilot_msgs__rosidl_generator_c.so" to ""
[10.069s] -- Up-to-date: /home/skemp32/ros2_ws/install/ardupilot_msgs/include/ardupilot_msgs/ardupilot_msgs
[10.069s] -- Up-to-date: /home/skemp32/ros2_ws/install/ardupilot_msgs/include/ardupilot_msgs/ardupilot_msgs/msg
[10.069s] -- Up-to-date: /home/skemp32/ros2_ws/install/ardupilot_msgs/include/ardupilot_msgs/ardupilot_msgs/msg/detail
[10.069s] -- Installing: /home/skemp32/ros2_ws/install/ardupilot_msgs/include/ardupilot_msgs/ardupilot_msgs/msg/detail/global_position__rosidl_typesupport_fastrtps_c.h
[10.069s] -- Installing: /home/skemp32/ros2_ws/install/ardupilot_msgs/include/ardupilot_msgs/ardupilot_msgs/msg/rosidl_typesupport_fastrtps_c__visibility_control.h
[10.070s] -- Up-to-date: /home/skemp32/ros2_ws/install/ardupilot_msgs/include/ardupilot_msgs/ardupilot_msgs/srv
[10.070s] -- Up-to-date: /home/skemp32/ros2_ws/install/ardupilot_msgs/include/ardupilot_msgs/ardupilot_msgs/srv/detail
[10.070s] -- Installing: /home/skemp32/ros2_ws/install/ardupilot_msgs/include/ardupilot_msgs/ardupilot_msgs/srv/detail/arm_motors__rosidl_typesupport_fastrtps_c.h
[10.070s] -- Installing: /home/skemp32/ros2_ws/install/ardupilot_msgs/include/ardupilot_msgs/ardupilot_msgs/srv/detail/mode_switch__rosidl_typesupport_fastrtps_c.h
[10.070s] -- Installing: /home/skemp32/ros2_ws/install/ardupilot_msgs/lib/libardupilot_msgs__rosidl_typesupport_fastrtps_c.so
[10.071s] -- Set runtime path of "/home/skemp32/ros2_ws/install/ardupilot_msgs/lib/libardupilot_msgs__rosidl_typesupport_fastrtps_c.so" to ""
[10.071s] -- Up-to-date: /home/skemp32/ros2_ws/install/ardupilot_msgs/include/ardupilot_msgs/ardupilot_msgs
[10.071s] -- Up-to-date: /home/skemp32/ros2_ws/install/ardupilot_msgs/include/ardupilot_msgs/ardupilot_msgs/msg
[10.071s] -- Installing: /home/skemp32/ros2_ws/install/ardupilot_msgs/include/ardupilot_msgs/ardupilot_msgs/msg/global_position.hpp
[10.071s] -- Up-to-date: /home/skemp32/ros2_ws/install/ardupilot_msgs/include/ardupilot_msgs/ardupilot_msgs/msg/detail
[10.072s] -- Installing: /home/skemp32/ros2_ws/install/ardupilot_msgs/include/ardupilot_msgs/ardupilot_msgs/msg/detail/global_position__traits.hpp
[10.072s] -- Installing: /home/skemp32/ros2_ws/install/ardupilot_msgs/include/ardupilot_msgs/ardupilot_msgs/msg/detail/global_position__struct.hpp
[10.072s] -- Installing: /home/skemp32/ros2_ws/install/ardupilot_msgs/include/ardupilot_msgs/ardupilot_msgs/msg/detail/global_position__builder.hpp
[10.072s] -- Up-to-date: /home/skemp32/ros2_ws/install/ardupilot_msgs/include/ardupilot_msgs/ardupilot_msgs/srv
[10.072s] -- Installing: /home/skemp32/ros2_ws/install/ardupilot_msgs/include/ardupilot_msgs/ardupilot_msgs/srv/mode_switch.hpp
[10.073s] -- Installing: /home/skemp32/ros2_ws/install/ardupilot_msgs/include/ardupilot_msgs/ardupilot_msgs/srv/arm_motors.hpp
[10.073s] -- Up-to-date: /home/skemp32/ros2_ws/install/ardupilot_msgs/include/ardupilot_msgs/ardupilot_msgs/srv/detail
[10.073s] -- Installing: /home/skemp32/ros2_ws/install/ardupilot_msgs/include/ardupilot_msgs/ardupilot_msgs/srv/detail/mode_switch__builder.hpp
[10.073s] -- Installing: /home/skemp32/ros2_ws/install/ardupilot_msgs/include/ardupilot_msgs/ardupilot_msgs/srv/detail/mode_switch__traits.hpp
[10.074s] -- Installing: /home/skemp32/ros2_ws/install/ardupilot_msgs/include/ardupilot_msgs/ardupilot_msgs/srv/detail/arm_motors__struct.hpp
[10.074s] -- Installing: /home/skemp32/ros2_ws/install/ardupilot_msgs/include/ardupilot_msgs/ardupilot_msgs/srv/detail/arm_motors__builder.hpp
[10.074s] -- Installing: /home/skemp32/ros2_ws/install/ardupilot_msgs/include/ardupilot_msgs/ardupilot_msgs/srv/detail/arm_motors__traits.hpp
[10.074s] -- Installing: /home/skemp32/ros2_ws/install/ardupilot_msgs/include/ardupilot_msgs/ardupilot_msgs/srv/detail/mode_switch__struct.hpp
[10.074s] -- Up-to-date: /home/skemp32/ros2_ws/install/ardupilot_msgs/include/ardupilot_msgs/ardupilot_msgs
[10.075s] -- Up-to-date: /home/skemp32/ros2_ws/install/ardupilot_msgs/include/ardupilot_msgs/ardupilot_msgs/msg
[10.075s] -- Up-to-date: /home/skemp32/ros2_ws/install/ardupilot_msgs/include/ardupilot_msgs/ardupilot_msgs/msg/detail
[10.075s] -- Installing: /home/skemp32/ros2_ws/install/ardupilot_msgs/include/ardupilot_msgs/ardupilot_msgs/msg/detail/dds_fastrtps
[10.075s] -- Installing: /home/skemp32/ros2_ws/install/ardupilot_msgs/include/ardupilot_msgs/ardupilot_msgs/msg/detail/global_position__rosidl_typesupport_fastrtps_cpp.hpp
[10.075s] -- Installing: /home/skemp32/ros2_ws/install/ardupilot_msgs/include/ardupilot_msgs/ardupilot_msgs/msg/rosidl_typesupport_fastrtps_cpp__visibility_control.h
[10.075s] -- Up-to-date: /home/skemp32/ros2_ws/install/ardupilot_msgs/include/ardupilot_msgs/ardupilot_msgs/srv
[10.075s] -- Up-to-date: /home/skemp32/ros2_ws/install/ardupilot_msgs/include/ardupilot_msgs/ardupilot_msgs/srv/detail
[10.075s] -- Installing: /home/skemp32/ros2_ws/install/ardupilot_msgs/include/ardupilot_msgs/ardupilot_msgs/srv/detail/arm_motors__rosidl_typesupport_fastrtps_cpp.hpp
[10.076s] -- Installing: /home/skemp32/ros2_ws/install/ardupilot_msgs/include/ardupilot_msgs/ardupilot_msgs/srv/detail/dds_fastrtps
[10.076s] -- Installing: /home/skemp32/ros2_ws/install/ardupilot_msgs/include/ardupilot_msgs/ardupilot_msgs/srv/detail/mode_switch__rosidl_typesupport_fastrtps_cpp.hpp
[10.076s] -- Installing: /home/skemp32/ros2_ws/install/ardupilot_msgs/lib/libardupilot_msgs__rosidl_typesupport_fastrtps_cpp.so
[10.076s] -- Set runtime path of "/home/skemp32/ros2_ws/install/ardupilot_msgs/lib/libardupilot_msgs__rosidl_typesupport_fastrtps_cpp.so" to ""
[10.077s] -- Up-to-date: /home/skemp32/ros2_ws/install/ardupilot_msgs/include/ardupilot_msgs/ardupilot_msgs
[10.077s] -- Up-to-date: /home/skemp32/ros2_ws/install/ardupilot_msgs/include/ardupilot_msgs/ardupilot_msgs/msg
[10.077s] -- Up-to-date: /home/skemp32/ros2_ws/install/ardupilot_msgs/include/ardupilot_msgs/ardupilot_msgs/msg/detail
[10.077s] -- Installing: /home/skemp32/ros2_ws/install/ardupilot_msgs/include/ardupilot_msgs/ardupilot_msgs/msg/detail/global_position__type_support.c
[10.077s] -- Installing: /home/skemp32/ros2_ws/install/ardupilot_msgs/include/ardupilot_msgs/ardupilot_msgs/msg/detail/global_position__rosidl_typesupport_introspection_c.h
[10.077s] -- Installing: /home/skemp32/ros2_ws/install/ardupilot_msgs/include/ardupilot_msgs/ardupilot_msgs/msg/rosidl_typesupport_introspection_c__visibility_control.h
[10.078s] -- Up-to-date: /home/skemp32/ros2_ws/install/ardupilot_msgs/include/ardupilot_msgs/ardupilot_msgs/srv
[10.078s] -- Up-to-date: /home/skemp32/ros2_ws/install/ardupilot_msgs/include/ardupilot_msgs/ardupilot_msgs/srv/detail
[10.078s] -- Installing: /home/skemp32/ros2_ws/install/ardupilot_msgs/include/ardupilot_msgs/ardupilot_msgs/srv/detail/arm_motors__type_support.c
[10.078s] -- Installing: /home/skemp32/ros2_ws/install/ardupilot_msgs/include/ardupilot_msgs/ardupilot_msgs/srv/detail/mode_switch__rosidl_typesupport_introspection_c.h
[10.078s] -- Installing: /home/skemp32/ros2_ws/install/ardupilot_msgs/include/ardupilot_msgs/ardupilot_msgs/srv/detail/arm_motors__rosidl_typesupport_introspection_c.h
[10.078s] -- Installing: /home/skemp32/ros2_ws/install/ardupilot_msgs/include/ardupilot_msgs/ardupilot_msgs/srv/detail/mode_switch__type_support.c
[10.078s] -- Installing: /home/skemp32/ros2_ws/install/ardupilot_msgs/lib/libardupilot_msgs__rosidl_typesupport_introspection_c.so
[10.079s] -- Set runtime path of "/home/skemp32/ros2_ws/install/ardupilot_msgs/lib/libardupilot_msgs__rosidl_typesupport_introspection_c.so" to ""
[10.079s] -- Installing: /home/skemp32/ros2_ws/install/ardupilot_msgs/lib/libardupilot_msgs__rosidl_typesupport_c.so
[10.079s] -- Set runtime path of "/home/skemp32/ros2_ws/install/ardupilot_msgs/lib/libardupilot_msgs__rosidl_typesupport_c.so" to ""
[10.080s] -- Up-to-date: /home/skemp32/ros2_ws/install/ardupilot_msgs/include/ardupilot_msgs/ardupilot_msgs
[10.080s] -- Up-to-date: /home/skemp32/ros2_ws/install/ardupilot_msgs/include/ardupilot_msgs/ardupilot_msgs/msg
[10.080s] -- Up-to-date: /home/skemp32/ros2_ws/install/ardupilot_msgs/include/ardupilot_msgs/ardupilot_msgs/msg/detail
[10.080s] -- Installing: /home/skemp32/ros2_ws/install/ardupilot_msgs/include/ardupilot_msgs/ardupilot_msgs/msg/detail/global_position__type_support.cpp
[10.080s] -- Installing: /home/skemp32/ros2_ws/install/ardupilot_msgs/include/ardupilot_msgs/ardupilot_msgs/msg/detail/global_position__rosidl_typesupport_introspection_cpp.hpp
[10.081s] -- Up-to-date: /home/skemp32/ros2_ws/install/ardupilot_msgs/include/ardupilot_msgs/ardupilot_msgs/srv
[10.081s] -- Up-to-date: /home/skemp32/ros2_ws/install/ardupilot_msgs/include/ardupilot_msgs/ardupilot_msgs/srv/detail
[10.081s] -- Installing: /home/skemp32/ros2_ws/install/ardupilot_msgs/include/ardupilot_msgs/ardupilot_msgs/srv/detail/mode_switch__rosidl_typesupport_introspection_cpp.hpp
[10.081s] -- Installing: /home/skemp32/ros2_ws/install/ardupilot_msgs/include/ardupilot_msgs/ardupilot_msgs/srv/detail/arm_motors__type_support.cpp
[10.081s] -- Installing: /home/skemp32/ros2_ws/install/ardupilot_msgs/include/ardupilot_msgs/ardupilot_msgs/srv/detail/mode_switch__type_support.cpp
[10.082s] -- Installing: /home/skemp32/ros2_ws/install/ardupilot_msgs/include/ardupilot_msgs/ardupilot_msgs/srv/detail/arm_motors__rosidl_typesupport_introspection_cpp.hpp
[10.082s] -- Installing: /home/skemp32/ros2_ws/install/ardupilot_msgs/lib/libardupilot_msgs__rosidl_typesupport_introspection_cpp.so
[10.082s] -- Set runtime path of "/home/skemp32/ros2_ws/install/ardupilot_msgs/lib/libardupilot_msgs__rosidl_typesupport_introspection_cpp.so" to ""
[10.082s] -- Installing: /home/skemp32/ros2_ws/install/ardupilot_msgs/lib/libardupilot_msgs__rosidl_typesupport_cpp.so
[10.082s] -- Set runtime path of "/home/skemp32/ros2_ws/install/ardupilot_msgs/lib/libardupilot_msgs__rosidl_typesupport_cpp.so" to ""
[10.082s] -- Installing: /home/skemp32/ros2_ws/install/ardupilot_msgs/share/ardupilot_msgs/environment/pythonpath.sh
[10.083s] -- Installing: /home/skemp32/ros2_ws/install/ardupilot_msgs/share/ardupilot_msgs/environment/pythonpath.dsv
[10.083s] -- Installing: /home/skemp32/ros2_ws/install/ardupilot_msgs/local/lib/python3.10/dist-packages/ardupilot_msgs-0.0.0-py3.10.egg-info
[10.085s] -- Installing: /home/skemp32/ros2_ws/install/ardupilot_msgs/local/lib/python3.10/dist-packages/ardupilot_msgs-0.0.0-py3.10.egg-info/dependency_links.txt
[10.085s] -- Installing: /home/skemp32/ros2_ws/install/ardupilot_msgs/local/lib/python3.10/dist-packages/ardupilot_msgs-0.0.0-py3.10.egg-info/SOURCES.txt
[10.085s] -- Installing: /home/skemp32/ros2_ws/install/ardupilot_msgs/local/lib/python3.10/dist-packages/ardupilot_msgs-0.0.0-py3.10.egg-info/PKG-INFO
[10.085s] -- Installing: /home/skemp32/ros2_ws/install/ardupilot_msgs/local/lib/python3.10/dist-packages/ardupilot_msgs-0.0.0-py3.10.egg-info/top_level.txt
[10.085s] -- Installing: /home/skemp32/ros2_ws/install/ardupilot_msgs/local/lib/python3.10/dist-packages/ardupilot_msgs
[10.086s] -- Installing: /home/skemp32/ros2_ws/install/ardupilot_msgs/local/lib/python3.10/dist-packages/ardupilot_msgs/_ardupilot_msgs_s.ep.rosidl_typesupport_c.c
[10.086s] -- Installing: /home/skemp32/ros2_ws/install/ardupilot_msgs/local/lib/python3.10/dist-packages/ardupilot_msgs/ardupilot_msgs_s__rosidl_typesupport_fastrtps_c.cpython-310-x86_64-linux-gnu.so
[10.086s] -- Installing: /home/skemp32/ros2_ws/install/ardupilot_msgs/local/lib/python3.10/dist-packages/ardupilot_msgs/_ardupilot_msgs_s.ep.rosidl_typesupport_fastrtps_c.c
[10.086s] -- Installing: /home/skemp32/ros2_ws/install/ardupilot_msgs/local/lib/python3.10/dist-packages/ardupilot_msgs/__init__.py
[10.087s] -- Installing: /home/skemp32/ros2_ws/install/ardupilot_msgs/local/lib/python3.10/dist-packages/ardupilot_msgs/_ardupilot_msgs_s.ep.rosidl_typesupport_introspection_c.c
[10.087s] -- Installing: /home/skemp32/ros2_ws/install/ardupilot_msgs/local/lib/python3.10/dist-packages/ardupilot_msgs/libardupilot_msgs__rosidl_generator_py.so
[10.087s] -- Installing: /home/skemp32/ros2_ws/install/ardupilot_msgs/local/lib/python3.10/dist-packages/ardupilot_msgs/ardupilot_msgs_s__rosidl_typesupport_introspection_c.cpython-310-x86_64-linux-gnu.so
[10.087s] -- Installing: /home/skemp32/ros2_ws/install/ardupilot_msgs/local/lib/python3.10/dist-packages/ardupilot_msgs/msg
[10.088s] -- Installing: /home/skemp32/ros2_ws/install/ardupilot_msgs/local/lib/python3.10/dist-packages/ardupilot_msgs/msg/_global_position.py
[10.088s] -- Installing: /home/skemp32/ros2_ws/install/ardupilot_msgs/local/lib/python3.10/dist-packages/ardupilot_msgs/msg/__init__.py
[10.088s] -- Installing: /home/skemp32/ros2_ws/install/ardupilot_msgs/local/lib/python3.10/dist-packages/ardupilot_msgs/msg/_global_position_s.c
[10.088s] -- Installing: /home/skemp32/ros2_ws/install/ardupilot_msgs/local/lib/python3.10/dist-packages/ardupilot_msgs/ardupilot_msgs_s__rosidl_typesupport_c.cpython-310-x86_64-linux-gnu.so
[10.088s] -- Installing: /home/skemp32/ros2_ws/install/ardupilot_msgs/local/lib/python3.10/dist-packages/ardupilot_msgs/srv
[10.089s] -- Installing: /home/skemp32/ros2_ws/install/ardupilot_msgs/local/lib/python3.10/dist-packages/ardupilot_msgs/srv/_mode_switch_s.c
[10.089s] -- Installing: /home/skemp32/ros2_ws/install/ardupilot_msgs/local/lib/python3.10/dist-packages/ardupilot_msgs/srv/_mode_switch.py
[10.089s] -- Installing: /home/skemp32/ros2_ws/install/ardupilot_msgs/local/lib/python3.10/dist-packages/ardupilot_msgs/srv/_arm_motors_s.c
[10.089s] -- Installing: /home/skemp32/ros2_ws/install/ardupilot_msgs/local/lib/python3.10/dist-packages/ardupilot_msgs/srv/_arm_motors.py
[10.090s] -- Installing: /home/skemp32/ros2_ws/install/ardupilot_msgs/local/lib/python3.10/dist-packages/ardupilot_msgs/srv/__init__.py
[10.122s] Listing '/home/skemp32/ros2_ws/install/ardupilot_msgs/local/lib/python3.10/dist-packages/ardupilot_msgs'...
[10.122s] Compiling '/home/skemp32/ros2_ws/install/ardupilot_msgs/local/lib/python3.10/dist-packages/ardupilot_msgs/__init__.py'...
[10.122s] Listing '/home/skemp32/ros2_ws/install/ardupilot_msgs/local/lib/python3.10/dist-packages/ardupilot_msgs/msg'...
[10.122s] Compiling '/home/skemp32/ros2_ws/install/ardupilot_msgs/local/lib/python3.10/dist-packages/ardupilot_msgs/msg/__init__.py'...
[10.122s] Compiling '/home/skemp32/ros2_ws/install/ardupilot_msgs/local/lib/python3.10/dist-packages/ardupilot_msgs/msg/_global_position.py'...
[10.122s] Listing '/home/skemp32/ros2_ws/install/ardupilot_msgs/local/lib/python3.10/dist-packages/ardupilot_msgs/srv'...
[10.122s] Compiling '/home/skemp32/ros2_ws/install/ardupilot_msgs/local/lib/python3.10/dist-packages/ardupilot_msgs/srv/__init__.py'...
[10.122s] Compiling '/home/skemp32/ros2_ws/install/ardupilot_msgs/local/lib/python3.10/dist-packages/ardupilot_msgs/srv/_arm_motors.py'...
[10.122s] Compiling '/home/skemp32/ros2_ws/install/ardupilot_msgs/local/lib/python3.10/dist-packages/ardupilot_msgs/srv/_mode_switch.py'...
[10.126s] -- Installing: /home/skemp32/ros2_ws/install/ardupilot_msgs/local/lib/python3.10/dist-packages/ardupilot_msgs/ardupilot_msgs_s__rosidl_typesupport_fastrtps_c.cpython-310-x86_64-linux-gnu.so
[10.127s] -- Set runtime path of "/home/skemp32/ros2_ws/install/ardupilot_msgs/local/lib/python3.10/dist-packages/ardupilot_msgs/ardupilot_msgs_s__rosidl_typesupport_fastrtps_c.cpython-310-x86_64-linux-gnu.so" to ""
[10.127s] -- Installing: /home/skemp32/ros2_ws/install/ardupilot_msgs/local/lib/python3.10/dist-packages/ardupilot_msgs/ardupilot_msgs_s__rosidl_typesupport_introspection_c.cpython-310-x86_64-linux-gnu.so
[10.127s] -- Set runtime path of "/home/skemp32/ros2_ws/install/ardupilot_msgs/local/lib/python3.10/dist-packages/ardupilot_msgs/ardupilot_msgs_s__rosidl_typesupport_introspection_c.cpython-310-x86_64-linux-gnu.so" to ""
[10.127s] -- Installing: /home/skemp32/ros2_ws/install/ardupilot_msgs/local/lib/python3.10/dist-packages/ardupilot_msgs/ardupilot_msgs_s__rosidl_typesupport_c.cpython-310-x86_64-linux-gnu.so
[10.128s] -- Set runtime path of "/home/skemp32/ros2_ws/install/ardupilot_msgs/local/lib/python3.10/dist-packages/ardupilot_msgs/ardupilot_msgs_s__rosidl_typesupport_c.cpython-310-x86_64-linux-gnu.so" to ""
[10.128s] -- Installing: /home/skemp32/ros2_ws/install/ardupilot_msgs/lib/libardupilot_msgs__rosidl_generator_py.so
[10.128s] -- Set runtime path of "/home/skemp32/ros2_ws/install/ardupilot_msgs/lib/libardupilot_msgs__rosidl_generator_py.so" to ""
[10.129s] -- Installing: /home/skemp32/ros2_ws/install/ardupilot_msgs/share/ardupilot_msgs/msg/GlobalPosition.idl
[10.129s] -- Installing: /home/skemp32/ros2_ws/install/ardupilot_msgs/share/ardupilot_msgs/srv/ArmMotors.idl
[10.130s] -- Installing: /home/skemp32/ros2_ws/install/ardupilot_msgs/share/ardupilot_msgs/srv/ModeSwitch.idl
[10.130s] -- Installing: /home/skemp32/ros2_ws/install/ardupilot_msgs/share/ardupilot_msgs/msg/GlobalPosition.msg
[10.130s] -- Installing: /home/skemp32/ros2_ws/install/ardupilot_msgs/share/ardupilot_msgs/srv/ArmMotors.srv
[10.130s] -- Installing: /home/skemp32/ros2_ws/install/ardupilot_msgs/share/ardupilot_msgs/srv/ArmMotors_Request.msg
[10.131s] -- Installing: /home/skemp32/ros2_ws/install/ardupilot_msgs/share/ardupilot_msgs/srv/ArmMotors_Response.msg
[10.131s] -- Installing: /home/skemp32/ros2_ws/install/ardupilot_msgs/share/ardupilot_msgs/srv/ModeSwitch.srv
[10.131s] -- Installing: /home/skemp32/ros2_ws/install/ardupilot_msgs/share/ardupilot_msgs/srv/ModeSwitch_Request.msg
[10.131s] -- Installing: /home/skemp32/ros2_ws/install/ardupilot_msgs/share/ardupilot_msgs/srv/ModeSwitch_Response.msg
[10.132s] -- Installing: /home/skemp32/ros2_ws/install/ardupilot_msgs/share/ament_index/resource_index/package_run_dependencies/ardupilot_msgs
[10.132s] -- Installing: /home/skemp32/ros2_ws/install/ardupilot_msgs/share/ament_index/resource_index/parent_prefix_path/ardupilot_msgs
[10.132s] -- Installing: /home/skemp32/ros2_ws/install/ardupilot_msgs/share/ardupilot_msgs/environment/ament_prefix_path.sh
[10.133s] -- Installing: /home/skemp32/ros2_ws/install/ardupilot_msgs/share/ardupilot_msgs/environment/ament_prefix_path.dsv
[10.133s] -- Installing: /home/skemp32/ros2_ws/install/ardupilot_msgs/share/ardupilot_msgs/environment/path.sh
[10.133s] -- Installing: /home/skemp32/ros2_ws/install/ardupilot_msgs/share/ardupilot_msgs/environment/path.dsv
[10.133s] -- Installing: /home/skemp32/ros2_ws/install/ardupilot_msgs/share/ardupilot_msgs/local_setup.bash
[10.133s] -- Installing: /home/skemp32/ros2_ws/install/ardupilot_msgs/share/ardupilot_msgs/local_setup.sh
[10.133s] -- Installing: /home/skemp32/ros2_ws/install/ardupilot_msgs/share/ardupilot_msgs/local_setup.zsh
[10.134s] -- Installing: /home/skemp32/ros2_ws/install/ardupilot_msgs/share/ardupilot_msgs/local_setup.dsv
[10.134s] -- Installing: /home/skemp32/ros2_ws/install/ardupilot_msgs/share/ardupilot_msgs/package.dsv
[10.134s] -- Installing: /home/skemp32/ros2_ws/install/ardupilot_msgs/share/ament_index/resource_index/packages/ardupilot_msgs
[10.135s] -- Installing: /home/skemp32/ros2_ws/install/ardupilot_msgs/share/ardupilot_msgs/cmake/export_ardupilot_msgs__rosidl_generator_cExport.cmake
[10.135s] -- Installing: /home/skemp32/ros2_ws/install/ardupilot_msgs/share/ardupilot_msgs/cmake/export_ardupilot_msgs__rosidl_generator_cExport-noconfig.cmake
[10.135s] -- Installing: /home/skemp32/ros2_ws/install/ardupilot_msgs/share/ardupilot_msgs/cmake/export_ardupilot_msgs__rosidl_typesupport_fastrtps_cExport.cmake
[10.135s] -- Installing: /home/skemp32/ros2_ws/install/ardupilot_msgs/share/ardupilot_msgs/cmake/export_ardupilot_msgs__rosidl_typesupport_fastrtps_cExport-noconfig.cmake
[10.136s] -- Installing: /home/skemp32/ros2_ws/install/ardupilot_msgs/share/ardupilot_msgs/cmake/export_ardupilot_msgs__rosidl_generator_cppExport.cmake
[10.136s] -- Installing: /home/skemp32/ros2_ws/install/ardupilot_msgs/share/ardupilot_msgs/cmake/export_ardupilot_msgs__rosidl_typesupport_fastrtps_cppExport.cmake
[10.136s] -- Installing: /home/skemp32/ros2_ws/install/ardupilot_msgs/share/ardupilot_msgs/cmake/export_ardupilot_msgs__rosidl_typesupport_fastrtps_cppExport-noconfig.cmake
[10.136s] -- Installing: /home/skemp32/ros2_ws/install/ardupilot_msgs/share/ardupilot_msgs/cmake/ardupilot_msgs__rosidl_typesupport_introspection_cExport.cmake
[10.136s] -- Installing: /home/skemp32/ros2_ws/install/ardupilot_msgs/share/ardupilot_msgs/cmake/ardupilot_msgs__rosidl_typesupport_introspection_cExport-noconfig.cmake
[10.137s] -- Installing: /home/skemp32/ros2_ws/install/ardupilot_msgs/share/ardupilot_msgs/cmake/ardupilot_msgs__rosidl_typesupport_cExport.cmake
[10.137s] -- Installing: /home/skemp32/ros2_ws/install/ardupilot_msgs/share/ardupilot_msgs/cmake/ardupilot_msgs__rosidl_typesupport_cExport-noconfig.cmake
[10.137s] -- Installing: /home/skemp32/ros2_ws/install/ardupilot_msgs/share/ardupilot_msgs/cmake/ardupilot_msgs__rosidl_typesupport_introspection_cppExport.cmake
[10.137s] -- Installing: /home/skemp32/ros2_ws/install/ardupilot_msgs/share/ardupilot_msgs/cmake/ardupilot_msgs__rosidl_typesupport_introspection_cppExport-noconfig.cmake
[10.137s] -- Installing: /home/skemp32/ros2_ws/install/ardupilot_msgs/share/ardupilot_msgs/cmake/ardupilot_msgs__rosidl_typesupport_cppExport.cmake
[10.138s] -- Installing: /home/skemp32/ros2_ws/install/ardupilot_msgs/share/ardupilot_msgs/cmake/ardupilot_msgs__rosidl_typesupport_cppExport-noconfig.cmake
[10.138s] -- Installing: /home/skemp32/ros2_ws/install/ardupilot_msgs/share/ardupilot_msgs/cmake/export_ardupilot_msgs__rosidl_generator_pyExport.cmake
[10.138s] -- Installing: /home/skemp32/ros2_ws/install/ardupilot_msgs/share/ardupilot_msgs/cmake/export_ardupilot_msgs__rosidl_generator_pyExport-noconfig.cmake
[10.138s] -- Installing: /home/skemp32/ros2_ws/install/ardupilot_msgs/share/ardupilot_msgs/cmake/rosidl_cmake-extras.cmake
[10.138s] -- Installing: /home/skemp32/ros2_ws/install/ardupilot_msgs/share/ardupilot_msgs/cmake/ament_cmake_export_dependencies-extras.cmake
[10.139s] -- Installing: /home/skemp32/ros2_ws/install/ardupilot_msgs/share/ardupilot_msgs/cmake/ament_cmake_export_include_directories-extras.cmake
[10.139s] -- Installing: /home/skemp32/ros2_ws/install/ardupilot_msgs/share/ardupilot_msgs/cmake/ament_cmake_export_libraries-extras.cmake
[10.139s] -- Installing: /home/skemp32/ros2_ws/install/ardupilot_msgs/share/ardupilot_msgs/cmake/ament_cmake_export_targets-extras.cmake
[10.139s] -- Installing: /home/skemp32/ros2_ws/install/ardupilot_msgs/share/ardupilot_msgs/cmake/rosidl_cmake_export_typesupport_targets-extras.cmake
[10.140s] -- Installing: /home/skemp32/ros2_ws/install/ardupilot_msgs/share/ardupilot_msgs/cmake/rosidl_cmake_export_typesupport_libraries-extras.cmake
[10.140s] -- Installing: /home/skemp32/ros2_ws/install/ardupilot_msgs/share/ardupilot_msgs/cmake/ardupilot_msgsConfig.cmake
[10.140s] -- Installing: /home/skemp32/ros2_ws/install/ardupilot_msgs/share/ardupilot_msgs/cmake/ardupilot_msgsConfig-version.cmake
[10.140s] -- Installing: /home/skemp32/ros2_ws/install/ardupilot_msgs/share/ardupilot_msgs/package.xml
[10.144s] Invoked command in '/home/skemp32/ros2_ws/build/ardupilot_msgs' returned '0': CMAKE_PREFIX_PATH=/opt/ros/humble /usr/bin/cmake --install /home/skemp32/ros2_ws/build/ardupilot_msgs
