[ 10%] [32mBuilding CXX object CMakeFiles/ros_gz_sim.dir/src/Stopwatch.cpp.o[0m
[ 20%] [32mBuilding CXX object gtest/CMakeFiles/gtest_main.dir/src/gtest_main.cc.o[0m
[ 30%] [32mBuilding CXX object gtest/CMakeFiles/gtest.dir/src/gtest-all.cc.o[0m
[ 40%] [32mBuilding CXX object CMakeFiles/create.dir/src/create.cpp.o[0m
[ 50%] [32m[1mLinking CXX static library libgtest_main.a[0m
[ 50%] Built target gtest_main
[ 60%] [32m[1mLinking CXX shared library libros_gz_sim.so[0m
[ 60%] Built target ros_gz_sim
[ 70%] [32m[1mLinking CXX static library libgtest.a[0m
[ 70%] Built target gtest
[ 80%] [32mBuilding CXX object CMakeFiles/test_stopwatch.dir/test/test_stopwatch.cpp.o[0m
[ 90%] [32m[1mLinking CXX executable test_stopwatch[0m
[ 90%] Built target test_stopwatch
[100%] [32m[1mLinking CXX executable create[0m
[100%] Built target create
-- Install configuration: ""
-- Installing: /home/skemp32/ros2_ws/install/ros_gz_sim/include/ros_gz_sim
-- Installing: /home/skemp32/ros2_ws/install/ros_gz_sim/include/ros_gz_sim/Stopwatch.hpp
-- Installing: /home/skemp32/ros2_ws/install/ros_gz_sim/share/ros_gz_sim/launch/gz_sim.launch.py
-- Installing: /home/skemp32/ros2_ws/install/ros_gz_sim/lib/ros_gz_sim/create
-- Set runtime path of "/home/skemp32/ros2_ws/install/ros_gz_sim/lib/ros_gz_sim/create" to ""
-- Installing: /home/skemp32/ros2_ws/install/ros_gz_sim/lib/libros_gz_sim.so
-- Set runtime path of "/home/skemp32/ros2_ws/install/ros_gz_sim/lib/libros_gz_sim.so" to ""
-- Installing: /home/skemp32/ros2_ws/install/ros_gz_sim/lib/ros_gz_sim/test_stopwatch
-- Set runtime path of "/home/skemp32/ros2_ws/install/ros_gz_sim/lib/ros_gz_sim/test_stopwatch" to ""
-- Installing: /home/skemp32/ros2_ws/install/ros_gz_sim/share/ament_index/resource_index/package_run_dependencies/ros_gz_sim
-- Installing: /home/skemp32/ros2_ws/install/ros_gz_sim/share/ament_index/resource_index/parent_prefix_path/ros_gz_sim
-- Installing: /home/skemp32/ros2_ws/install/ros_gz_sim/share/ros_gz_sim/environment/ament_prefix_path.sh
-- Installing: /home/skemp32/ros2_ws/install/ros_gz_sim/share/ros_gz_sim/environment/ament_prefix_path.dsv
-- Installing: /home/skemp32/ros2_ws/install/ros_gz_sim/share/ros_gz_sim/environment/path.sh
-- Installing: /home/skemp32/ros2_ws/install/ros_gz_sim/share/ros_gz_sim/environment/path.dsv
-- Installing: /home/skemp32/ros2_ws/install/ros_gz_sim/share/ros_gz_sim/local_setup.bash
-- Installing: /home/skemp32/ros2_ws/install/ros_gz_sim/share/ros_gz_sim/local_setup.sh
-- Installing: /home/skemp32/ros2_ws/install/ros_gz_sim/share/ros_gz_sim/local_setup.zsh
-- Installing: /home/skemp32/ros2_ws/install/ros_gz_sim/share/ros_gz_sim/local_setup.dsv
-- Installing: /home/skemp32/ros2_ws/install/ros_gz_sim/share/ros_gz_sim/package.dsv
-- Installing: /home/skemp32/ros2_ws/install/ros_gz_sim/share/ament_index/resource_index/packages/ros_gz_sim
-- Installing: /home/skemp32/ros2_ws/install/ros_gz_sim/share/ros_gz_sim/cmake/ros_gz_simExport.cmake
-- Installing: /home/skemp32/ros2_ws/install/ros_gz_sim/share/ros_gz_sim/cmake/ros_gz_simExport-noconfig.cmake
-- Installing: /home/skemp32/ros2_ws/install/ros_gz_sim/share/ros_gz_sim/cmake/ament_cmake_export_targets-extras.cmake
-- Installing: /home/skemp32/ros2_ws/install/ros_gz_sim/share/ros_gz_sim/cmake/ament_cmake_export_dependencies-extras.cmake
-- Installing: /home/skemp32/ros2_ws/install/ros_gz_sim/share/ros_gz_sim/cmake/ros_gz_simConfig.cmake
-- Installing: /home/skemp32/ros2_ws/install/ros_gz_sim/share/ros_gz_sim/cmake/ros_gz_simConfig-version.cmake
-- Installing: /home/skemp32/ros2_ws/install/ros_gz_sim/share/ros_gz_sim/package.xml
