[0.424s] Invoking command in '/home/skemp32/ros2_ws/build/sdformat_urdf': CMAKE_PREFIX_PATH=/home/skemp32/ros2_ws/install/sdformat_test_files:/opt/ros/humble PKG_CONFIG_PATH=/home/skemp32/ros2_ws/install/sdformat_test_files/lib/x86_64-linux-gnu/pkgconfig:/home/skemp32/ros2_ws/install/sdformat_test_files/lib/pkgconfig /usr/bin/cmake --build /home/skemp32/ros2_ws/build/sdformat_urdf -- -j12 -l12
[0.495s] [  9%] Built target gtest_main
[0.495s] [ 18%] Built target gtest
[0.497s] [ 27%] Built target sdformat_urdf
[0.531s] [ 45%] Built target sdf_material_tests
[0.532s] [ 45%] Built target sdf_joint_tests
[0.532s] [ 54%] Built target sdf_geometry_tests
[0.532s] [ 63%] Built target sdf_model_tests
[0.533s] [ 72%] Built target sdformat_urdf_plugin
[0.535s] [ 81%] Built target sdf_graph_tests
[0.536s] [ 90%] Built target sdf_link_tests
[0.542s] [100%] Built target sdf_pose_tests
[0.558s] Invoked command in '/home/skemp32/ros2_ws/build/sdformat_urdf' returned '0': CMAKE_PREFIX_PATH=/home/skemp32/ros2_ws/install/sdformat_test_files:/opt/ros/humble PKG_CONFIG_PATH=/home/skemp32/ros2_ws/install/sdformat_test_files/lib/x86_64-linux-gnu/pkgconfig:/home/skemp32/ros2_ws/install/sdformat_test_files/lib/pkgconfig /usr/bin/cmake --build /home/skemp32/ros2_ws/build/sdformat_urdf -- -j12 -l12
[0.622s] Invoking command in '/home/skemp32/ros2_ws/build/sdformat_urdf': CMAKE_PREFIX_PATH=/home/skemp32/ros2_ws/install/sdformat_test_files:/opt/ros/humble PKG_CONFIG_PATH=/home/skemp32/ros2_ws/install/sdformat_test_files/lib/x86_64-linux-gnu/pkgconfig:/home/skemp32/ros2_ws/install/sdformat_test_files/lib/pkgconfig /usr/bin/cmake --install /home/skemp32/ros2_ws/build/sdformat_urdf
[0.629s] -- Install configuration: ""
[0.631s] -- Up-to-date: /home/skemp32/ros2_ws/install/sdformat_urdf/lib/libsdformat_urdf.so
[0.632s] -- Up-to-date: /home/skemp32/ros2_ws/install/sdformat_urdf/lib/libsdformat_urdf_plugin.so
[0.632s] -- Up-to-date: /home/skemp32/ros2_ws/install/sdformat_urdf/include
[0.633s] -- Up-to-date: /home/skemp32/ros2_ws/install/sdformat_urdf/include/sdformat_urdf
[0.634s] -- Up-to-date: /home/skemp32/ros2_ws/install/sdformat_urdf/include/sdformat_urdf/sdformat_urdf.hpp
[0.634s] -- Up-to-date: /home/skemp32/ros2_ws/install/sdformat_urdf/include/sdformat_urdf/visibility_control.hpp
[0.634s] -- Up-to-date: /home/skemp32/ros2_ws/install/sdformat_urdf/share/sdformat_urdf/environment/library_path.sh
[0.634s] -- Up-to-date: /home/skemp32/ros2_ws/install/sdformat_urdf/share/sdformat_urdf/environment/library_path.dsv
[0.635s] -- Up-to-date: /home/skemp32/ros2_ws/install/sdformat_urdf/share/sdformat_urdf/sdformat_urdf_plugin.xml
[0.635s] -- Up-to-date: /home/skemp32/ros2_ws/install/sdformat_urdf/share/ament_index/resource_index/package_run_dependencies/sdformat_urdf
[0.636s] -- Up-to-date: /home/skemp32/ros2_ws/install/sdformat_urdf/share/ament_index/resource_index/parent_prefix_path/sdformat_urdf
[0.636s] -- Up-to-date: /home/skemp32/ros2_ws/install/sdformat_urdf/share/sdformat_urdf/environment/ament_prefix_path.sh
[0.636s] -- Up-to-date: /home/skemp32/ros2_ws/install/sdformat_urdf/share/sdformat_urdf/environment/ament_prefix_path.dsv
[0.637s] -- Up-to-date: /home/skemp32/ros2_ws/install/sdformat_urdf/share/sdformat_urdf/environment/path.sh
[0.637s] -- Up-to-date: /home/skemp32/ros2_ws/install/sdformat_urdf/share/sdformat_urdf/environment/path.dsv
[0.637s] -- Up-to-date: /home/skemp32/ros2_ws/install/sdformat_urdf/share/sdformat_urdf/local_setup.bash
[0.637s] -- Up-to-date: /home/skemp32/ros2_ws/install/sdformat_urdf/share/sdformat_urdf/local_setup.sh
[0.638s] -- Up-to-date: /home/skemp32/ros2_ws/install/sdformat_urdf/share/sdformat_urdf/local_setup.zsh
[0.638s] -- Up-to-date: /home/skemp32/ros2_ws/install/sdformat_urdf/share/sdformat_urdf/local_setup.dsv
[0.638s] -- Installing: /home/skemp32/ros2_ws/install/sdformat_urdf/share/sdformat_urdf/package.dsv
[0.639s] -- Up-to-date: /home/skemp32/ros2_ws/install/sdformat_urdf/share/ament_index/resource_index/packages/sdformat_urdf
[0.639s] -- Up-to-date: /home/skemp32/ros2_ws/install/sdformat_urdf/share/ament_index/resource_index/urdf_parser_plugin__pluginlib__plugin/sdformat_urdf
[0.640s] -- Up-to-date: /home/skemp32/ros2_ws/install/sdformat_urdf/share/sdformat_urdf/cmake/sdformat_urdf-exportExport.cmake
[0.640s] -- Up-to-date: /home/skemp32/ros2_ws/install/sdformat_urdf/share/sdformat_urdf/cmake/sdformat_urdf-exportExport-noconfig.cmake
[0.641s] -- Up-to-date: /home/skemp32/ros2_ws/install/sdformat_urdf/share/sdformat_urdf/cmake/ament_cmake_export_dependencies-extras.cmake
[0.641s] -- Up-to-date: /home/skemp32/ros2_ws/install/sdformat_urdf/share/sdformat_urdf/cmake/ament_cmake_export_targets-extras.cmake
[0.641s] -- Up-to-date: /home/skemp32/ros2_ws/install/sdformat_urdf/share/sdformat_urdf/cmake/sdformat_urdfConfig.cmake
[0.641s] -- Up-to-date: /home/skemp32/ros2_ws/install/sdformat_urdf/share/sdformat_urdf/cmake/sdformat_urdfConfig-version.cmake
[0.641s] -- Up-to-date: /home/skemp32/ros2_ws/install/sdformat_urdf/share/sdformat_urdf/package.xml
[0.645s] Invoked command in '/home/skemp32/ros2_ws/build/sdformat_urdf' returned '0': CMAKE_PREFIX_PATH=/home/skemp32/ros2_ws/install/sdformat_test_files:/opt/ros/humble PKG_CONFIG_PATH=/home/skemp32/ros2_ws/install/sdformat_test_files/lib/x86_64-linux-gnu/pkgconfig:/home/skemp32/ros2_ws/install/sdformat_test_files/lib/pkgconfig /usr/bin/cmake --install /home/skemp32/ros2_ws/build/sdformat_urdf
