[0.044s] Invoking command in '/home/skemp32/ros2_ws/build/ardupilot_gazebo': CMAKE_PREFIX_PATH=/opt/ros/humble /usr/bin/cmake /home/skemp32/ros2_ws/src/ardupilot_gazebo -DCMAKE_INSTALL_PREFIX=/home/skemp32/ros2_ws/install/ardupilot_gazebo
[0.363s] -- The C compiler identification is GNU 11.4.0
[1.694s] -- The CXX compiler identification is GNU 11.4.0
[2.628s] -- Detecting C compiler ABI info
[2.997s] -- Detecting C compiler ABI info - done
[3.007s] -- Check for working C compiler: /usr/lib/ccache/cc - skipped
[3.007s] -- Detecting C compile features
[3.008s] -- Detecting C compile features - done
[3.012s] -- Detecting CXX compiler ABI info
[3.379s] -- Detecting CXX compiler ABI info - done
[3.388s] -- Check for working CXX compiler: /usr/lib/ccache/c++ - skipped
[3.388s] -- Detecting CXX compile features
[3.389s] -- Detecting CXX compile features - done
[3.824s] -- Found Python3: /usr/bin/python3 (found version "3.10.12") found components: Interpreter 
[3.920s] [0mBuilding ardupilot_gazebo as an `ament_cmake` project.[0m
[3.937s] -- Looking for gz-common5 -- found version 5.6.0
[3.939s] -- Searching for dependencies of gz-common5
[3.943s] -- Looking for gz-utils2 -- found version 2.2.0
[3.944s] -- Searching for dependencies of gz-utils2
[4.016s] -- Looking for dlfcn.h - found
[4.366s] -- Looking for libdl - found
[4.367s] -- Found DL: TRUE  
[4.374s] -- Checking for module 'uuid'
[4.389s] --   Found uuid, version 2.37.2
[4.439s] -- Found UUID: TRUE  
[4.439s] -- Looking for gz-common5 - found
[4.439s] 
[4.444s] -- Looking for gz-rendering8 -- found version 8.2.0
[4.445s] -- Searching for dependencies of gz-rendering8
[4.448s] -- Looking for gz-math7 -- found version 7.5.0
[4.448s] -- Searching for dependencies of gz-math7
[4.449s] -- Looking for gz-utils2 -- found version 2.2.0
[4.450s] -- Searching for <gz-math7> component [eigen3]
[4.453s] -- Looking for gz-math7-eigen3 -- found version 7.5.0
[4.453s] -- Searching for dependencies of gz-math7-eigen3
[4.466s] -- Looking for gz-common5 -- found version 5.6.0
[4.466s] -- Searching for dependencies of gz-common5
[4.467s] -- Looking for gz-utils2 -- found version 2.2.0
[4.467s] -- Looking for dlfcn.h - found
[4.467s] -- Looking for libdl - found
[4.476s] -- Searching for <gz-common5> component [graphics]
[4.479s] -- Looking for gz-common5-graphics -- found version 5.6.0
[4.479s] -- Searching for dependencies of gz-common5-graphics
[4.480s] -- Looking for gz-math7 -- found version 7.5.0
[4.486s] -- Found GzAssimp: TRUE (found version "5.2.0") 
[4.486s] -- Searching for <gz-common5> component [events]
[4.488s] -- Looking for gz-common5-events -- found version 5.6.0
[4.488s] -- Searching for dependencies of gz-common5-events
[4.489s] -- Looking for gz-math7 -- found version 7.5.0
[4.490s] -- Searching for <gz-common5> component [geospatial]
[4.493s] -- Looking for gz-common5-geospatial -- found version 5.6.0
[4.493s] -- Searching for dependencies of gz-common5-geospatial
[4.494s] -- Looking for gz-math7 -- found version 7.5.0
[4.494s] -- Looking for gz-common5 -- found version 5.6.0
[4.497s] -- Looking for gz-plugin2 -- found version 2.0.3
[4.498s] -- Searching for dependencies of gz-plugin2
[4.498s] -- Looking for gz-utils2 -- found version 2.2.0
[4.499s] -- Searching for dependencies of gz-utils2
[4.499s] -- Searching for <gz-utils2> component [cli]
[4.501s] -- Looking for gz-utils2-cli -- found version 2.2.0
[4.501s] -- Searching for dependencies of gz-utils2-cli
[4.502s] -- Searching for <gz-plugin2> component [all]
[4.504s] -- Looking for all libraries of gz-plugin2 -- found version 2.0.3
[4.504s] -- Looking for gz-plugin2 -- found version 2.0.3
[4.506s] -- Looking for gz-plugin2-loader -- found version 2.0.3
[4.507s] -- Searching for dependencies of gz-plugin2-loader
[4.509s] -- Looking for gz-plugin2-register -- found version 2.0.3
[4.510s] -- Searching for dependencies of gz-plugin2-register
[4.511s] -- Looking for gz-utils2 -- found version 2.2.0
[5.890s] -- Found OpenGL: /usr/lib/x86_64-linux-gnu/libOpenGL.so  found components: OpenGL 
[5.891s] -- Looking for gz-rendering8 - found
[5.892s] 
[5.895s] -- Looking for gz-sim8 -- found version 8.6.0
[5.895s] -- Searching for dependencies of gz-sim8
[5.898s] -- Looking for sdformat14 -- found version 14.5.0
[5.899s] -- Searching for dependencies of sdformat14
[5.904s] -- Checking for module 'tinyxml2'
[5.918s] --   Found tinyxml2, version 9.0.0
[5.958s] -- Looking for gz-math7 -- found version 7.5.0
[5.958s] -- Looking for gz-utils2 -- found version 2.2.0
[5.959s] -- Looking for gz-plugin2 -- found version 2.0.3
[5.961s] -- Looking for gz-transport13 -- found version 13.4.0
[5.962s] -- Searching for dependencies of gz-transport13
[11.267s] -- Found Protobuf: /usr/lib/x86_64-linux-gnu/libprotobuf.so (found version "3.12.4") 
[16.594s] -- Config-file not installed for ZeroMQ -- checking for pkg-config
[16.617s] -- Checking for module 'libzmq >= 4'
[16.724s] --   Found libzmq , version 4.3.4
[16.949s] -- Found ZeroMQ: TRUE (Required is at least version "4") 
[17.142s] -- Looking for gz-utils2 -- found version 2.2.0
[17.145s] -- Looking for gz-msgs10 -- found version 10.3.0
[17.146s] -- Searching for dependencies of gz-msgs10
[19.630s] -- Looking for gz-utils2 -- found version 2.2.0
[19.630s] -- Looking for gz-math7 -- found version 7.5.0
[19.793s] -- Searching for <gz-transport13> component [log]
[19.793s] -- Looking for gz-transport13-log -- found version 13.4.0
[19.795s] -- Searching for dependencies of gz-transport13-log
[19.797s] -- Searching for <gz-transport13> component [parameters]
[19.801s] -- Looking for gz-transport13-parameters -- found version 13.4.0
[19.803s] -- Searching for dependencies of gz-transport13-parameters
[19.805s] -- Looking for gz-msgs10 -- found version 10.3.0
[19.806s] -- Looking for gz-common5 -- found version 5.6.0
[19.807s] -- Searching for dependencies of gz-common5
[19.808s] -- Looking for gz-utils2 -- found version 2.2.0
[19.809s] -- Looking for dlfcn.h - found
[19.809s] -- Looking for libdl - found
[19.837s] -- Searching for <gz-common5> component [av]
[19.841s] -- Looking for gz-common5-av -- found version 5.6.0
[19.842s] -- Searching for dependencies of gz-common5-av
[19.856s] -- Checking for module 'libswscale'
[19.974s] --   Found libswscale, version 5.9.100
[20.173s] -- Found SWSCALE: TRUE  
[20.186s] -- Checking for module 'libavdevice >= 56.4.100'
[20.260s] --   Found libavdevice , version 58.13.100
[20.511s] -- Found AVDEVICE: TRUE (Required is at least version "56.4.100") 
[20.523s] -- Checking for module 'libavformat'
[20.588s] --   Found libavformat, version 58.76.100
[20.798s] -- Found AVFORMAT: TRUE  
[20.808s] -- Checking for module 'libavcodec'
[20.853s] --   Found libavcodec, version 58.134.100
[21.039s] -- Found AVCODEC: TRUE  
[21.059s] -- Checking for module 'libavutil'
[21.153s] --   Found libavutil, version 56.70.100
[21.302s] -- Found AVUTIL: TRUE  
[21.302s] -- Searching for <gz-common5> component [events]
[21.304s] -- Searching for <gz-common5> component [graphics]
[21.313s] -- Searching for <gz-common5> component [io]
[21.317s] -- Looking for gz-common5-io -- found version 5.6.0
[21.333s] -- Searching for dependencies of gz-common5-io
[21.335s] -- Searching for <gz-common5> component [profiler]
[21.338s] -- Looking for gz-common5-profiler -- found version 5.6.0
[21.340s] -- Searching for dependencies of gz-common5-profiler
[21.345s] -- Looking for gz-fuel_tools9 -- found version 9.1.0
[21.345s] -- Searching for dependencies of gz-fuel_tools9
[26.121s] -- Found CURL: /usr/lib/x86_64-linux-gnu/libcurl.so (found version "7.81.0")  
[26.134s] -- Checking for module 'jsoncpp'
[26.170s] --   Found jsoncpp, version 1.9.5
[26.243s] -- Found JSONCPP: TRUE  
[26.254s] -- Checking for module 'libzip'
[26.282s] --   Found libzip, version 1.7.3
[26.364s] -- Found ZIP: TRUE  
[26.365s] -- Looking for gz-utils2 -- found version 2.2.0
[26.365s] -- Looking for gz-common5 -- found version 5.6.0
[26.366s] -- Searching for dependencies of gz-common5
[26.366s] -- Looking for gz-utils2 -- found version 2.2.0
[26.366s] -- Looking for dlfcn.h - found
[26.366s] -- Looking for libdl - found
[26.381s] -- Searching for <gz-common5> component [testing]
[26.384s] -- Looking for gz-common5-testing -- found version 5.6.0
[26.385s] -- Searching for dependencies of gz-common5-testing
[26.386s] -- Looking for gz-math7 -- found version 7.5.0
[26.388s] -- Looking for gz-msgs10 -- found version 10.3.0
[26.393s] -- Looking for gz-gui8 -- found version 8.3.0
[26.394s] -- Searching for dependencies of gz-gui8
[30.375s] -- Looking for gz-utils2 -- found version 2.2.0
[30.376s] -- Looking for gz-math7 -- found version 7.5.0
[30.376s] -- Looking for gz-common5 -- found version 5.6.0
[30.376s] -- Looking for gz-plugin2 -- found version 2.0.3
[30.377s] -- Looking for gz-transport13 -- found version 13.4.0
[30.377s] -- Looking for gz-rendering8 -- found version 8.2.0
[30.378s] -- Looking for gz-msgs10 -- found version 10.3.0
[30.596s] -- Looking for gz-physics7 -- found version 7.3.0
[30.596s] -- Searching for dependencies of gz-physics7
[30.597s] -- Looking for gz-common5 -- found version 5.6.0
[30.597s] -- Looking for gz-math7 -- found version 7.5.0
[30.598s] -- Looking for gz-plugin2 -- found version 2.0.3
[30.598s] -- Looking for gz-utils2 -- found version 2.2.0
[30.600s] -- Searching for <gz-physics7> component [heightmap]
[30.602s] -- Looking for gz-physics7-heightmap -- found version 7.3.0
[30.602s] -- Searching for dependencies of gz-physics7-heightmap
[30.603s] -- Looking for gz-common5 -- found version 5.6.0
[30.603s] -- Searching for <gz-physics7> component [mesh]
[30.605s] -- Looking for gz-physics7-mesh -- found version 7.3.0
[30.606s] -- Searching for dependencies of gz-physics7-mesh
[30.606s] -- Looking for gz-common5 -- found version 5.6.0
[30.607s] -- Searching for <gz-physics7> component [sdf]
[30.609s] -- Looking for gz-physics7-sdf -- found version 7.3.0
[30.609s] -- Searching for dependencies of gz-physics7-sdf
[30.610s] -- Looking for sdformat14 -- found version 14.5.0
[30.613s] -- Looking for gz-sensors8 -- found version 8.2.0
[30.614s] -- Searching for dependencies of gz-sensors8
[33.544s] -- Looking for gz-math7 -- found version 7.5.0
[33.544s] -- Looking for gz-common5 -- found version 5.6.0
[33.545s] -- Looking for gz-transport13 -- found version 13.4.0
[33.545s] -- Looking for gz-rendering8 -- found version 8.2.0
[33.546s] -- Looking for gz-msgs10 -- found version 10.3.0
[33.546s] -- Looking for sdformat14 -- found version 14.5.0
[33.547s] -- Searching for <gz-sensors8> component [air_pressure]
[33.549s] -- Looking for gz-sensors8-air_pressure -- found version 8.2.0
[33.550s] -- Searching for dependencies of gz-sensors8-air_pressure
[33.551s] -- Searching for <gz-sensors8> component [air_speed]
[33.553s] -- Looking for gz-sensors8-air_speed -- found version 8.2.0
[33.553s] -- Searching for dependencies of gz-sensors8-air_speed
[33.554s] -- Searching for <gz-sensors8> component [altimeter]
[33.556s] -- Looking for gz-sensors8-altimeter -- found version 8.2.0
[33.556s] -- Searching for dependencies of gz-sensors8-altimeter
[33.557s] -- Searching for <gz-sensors8> component [imu]
[33.559s] -- Looking for gz-sensors8-imu -- found version 8.2.0
[33.560s] -- Searching for dependencies of gz-sensors8-imu
[33.560s] -- Searching for <gz-sensors8> component [force_torque]
[33.563s] -- Looking for gz-sensors8-force_torque -- found version 8.2.0
[33.563s] -- Searching for dependencies of gz-sensors8-force_torque
[33.563s] -- Searching for <gz-sensors8> component [logical_camera]
[33.565s] -- Looking for gz-sensors8-logical_camera -- found version 8.2.0
[33.566s] -- Searching for dependencies of gz-sensors8-logical_camera
[33.567s] -- Searching for <gz-sensors8> component [magnetometer]
[33.569s] -- Looking for gz-sensors8-magnetometer -- found version 8.2.0
[33.569s] -- Searching for dependencies of gz-sensors8-magnetometer
[33.570s] -- Searching for <gz-sensors8> component [navsat]
[33.573s] -- Looking for gz-sensors8-navsat -- found version 8.2.0
[33.573s] -- Searching for dependencies of gz-sensors8-navsat
[33.574s] -- Searching for <gz-sensors8> component [dvl]
[33.576s] -- Looking for gz-sensors8-dvl -- found version 8.2.0
[33.577s] -- Searching for dependencies of gz-sensors8-dvl
[33.577s] -- Looking for gz-sensors8 -- found version 8.2.0
[33.578s] -- Searching for dependencies of gz-sensors8
[36.490s] -- Looking for gz-math7 -- found version 7.5.0
[36.490s] -- Looking for gz-common5 -- found version 5.6.0
[36.491s] -- Looking for gz-transport13 -- found version 13.4.0
[36.491s] -- Looking for gz-rendering8 -- found version 8.2.0
[36.492s] -- Looking for gz-msgs10 -- found version 10.3.0
[36.492s] -- Looking for sdformat14 -- found version 14.5.0
[36.492s] -- Searching for <gz-sensors8> component [rendering]
[36.495s] -- Looking for gz-sensors8-rendering -- found version 8.2.0
[36.495s] -- Searching for dependencies of gz-sensors8-rendering
[36.497s] -- Searching for <gz-sensors8> component [rendering]
[36.497s] -- Searching for <gz-sensors8> component [lidar]
[36.499s] -- Looking for gz-sensors8-lidar -- found version 8.2.0
[36.500s] -- Searching for dependencies of gz-sensors8-lidar
[36.500s] -- Looking for gz-sensors8 -- found version 8.2.0
[36.501s] -- Searching for <gz-sensors8> component [gpu_lidar]
[36.504s] -- Looking for gz-sensors8-gpu_lidar -- found version 8.2.0
[36.504s] -- Searching for dependencies of gz-sensors8-gpu_lidar
[36.504s] -- Looking for gz-sensors8 -- found version 8.2.0
[36.505s] -- Searching for <gz-sensors8> component [camera]
[36.507s] -- Looking for gz-sensors8-camera -- found version 8.2.0
[36.508s] -- Searching for dependencies of gz-sensors8-camera
[36.509s] -- Looking for gz-sensors8 -- found version 8.2.0
[36.509s] -- Searching for <gz-sensors8> component [boundingbox_camera]
[36.512s] -- Looking for gz-sensors8-boundingbox_camera -- found version 8.2.0
[36.512s] -- Searching for dependencies of gz-sensors8-boundingbox_camera
[36.513s] -- Searching for <gz-sensors8> component [segmentation_camera]
[36.515s] -- Looking for gz-sensors8-segmentation_camera -- found version 8.2.0
[36.516s] -- Searching for dependencies of gz-sensors8-segmentation_camera
[36.517s] -- Searching for <gz-sensors8> component [depth_camera]
[36.519s] -- Looking for gz-sensors8-depth_camera -- found version 8.2.0
[36.519s] -- Searching for dependencies of gz-sensors8-depth_camera
[36.520s] -- Looking for gz-sensors8 -- found version 8.2.0
[36.520s] -- Searching for <gz-sensors8> component [rgbd_camera]
[36.522s] -- Looking for gz-sensors8-rgbd_camera -- found version 8.2.0
[36.523s] -- Searching for dependencies of gz-sensors8-rgbd_camera
[36.523s] -- Looking for gz-sensors8 -- found version 8.2.0
[36.524s] -- Searching for <gz-sensors8> component [thermal_camera]
[36.526s] -- Looking for gz-sensors8-thermal_camera -- found version 8.2.0
[36.526s] -- Searching for dependencies of gz-sensors8-thermal_camera
[36.527s] -- Looking for gz-sensors8 -- found version 8.2.0
[36.527s] -- Searching for <gz-sensors8> component [wide_angle_camera]
[36.530s] -- Looking for gz-sensors8-wide_angle_camera -- found version 8.2.0
[36.530s] -- Searching for dependencies of gz-sensors8-wide_angle_camera
[36.531s] -- Looking for gz-rendering8 -- found version 8.2.0
[36.532s] -- Looking for gz-math7 -- found version 7.5.0
[36.533s] -- Looking for gz-utils2 -- found version 2.2.0
[39.343s] -- Looking for gz-sim8 - found
[39.343s] 
[39.343s] -- Compiling against Gazebo Harmonic
[39.346s] -- RapidJSON found. Headers: /usr/include
[39.357s] -- Found OpenCV: /usr (found version "4.5.4") 
[39.358s] -- Checking for modules 'gstreamer-1.0;gstreamer-app-1.0'
[39.361s] --   No package 'gstreamer-1.0' found
[39.363s] --   No package 'gstreamer-app-1.0' found
[39.364s] [31mCMake Error at /usr/share/cmake-3.22/Modules/FindPkgConfig.cmake:603 (message):
[39.364s]   A required package was not found
[39.364s] Call Stack (most recent call first):
[39.364s]   /usr/share/cmake-3.22/Modules/FindPkgConfig.cmake:825 (_pkg_check_modules_internal)
[39.364s]   CMakeLists.txt:58 (pkg_check_modules)
[39.364s] 
[39.365s] [0m
[39.365s] -- Configuring incomplete, errors occurred!
[39.365s] See also "/home/skemp32/ros2_ws/build/ardupilot_gazebo/CMakeFiles/CMakeOutput.log".
[39.383s] Invoked command in '/home/skemp32/ros2_ws/build/ardupilot_gazebo' returned '1': CMAKE_PREFIX_PATH=/opt/ros/humble /usr/bin/cmake /home/skemp32/ros2_ws/src/ardupilot_gazebo -DCMAKE_INSTALL_PREFIX=/home/skemp32/ros2_ws/install/ardupilot_gazebo
