[0.636s] Invoking command in '/home/skemp32/ros2_ws/build/ardupilot_sitl': AMENT_PREFIX_PATH=/home/skemp32/ros2_ws/install/micro_ros_agent:/home/skemp32/ros2_ws/install/ardupilot_msgs:${AMENT_PREFIX_PATH} CMAKE_PREFIX_PATH=/home/skemp32/ros2_ws/install/micro_ros_agent:/home/skemp32/ros2_ws/install/ardupilot_msgs:/opt/ros/humble LD_LIBRARY_PATH=/home/skemp32/ros2_ws/install/micro_ros_agent/lib:/home/skemp32/ros2_ws/install/ardupilot_msgs/lib:${LD_LIBRARY_PATH} PYTHONPATH=/home/skemp32/ros2_ws/install/ardupilot_msgs/local/lib/python3.10/dist-packages:${PYTHONPATH} /usr/bin/cmake --build /home/skemp32/ros2_ws/build/ardupilot_sitl -- -j12 -l12
[0.698s] Built target ament_cmake_python_copy_ardupilot_sitl
[0.963s] [32m[0mSetting top to                           :[0m [0m[32m[32m/home/skemp32/ros2_ws/src/ardupilot[0m [0m
[0.963s] [32m[0mSetting out to                           :[0m [0m[32m[32m/home/skemp32/ros2_ws/src/ardupilot/build[0m [0m
[0.968s] [32m[0mAutoconfiguration                        :[0m [0m[32m[32menabled[0m [0m
[0.969s] [32m[0mChecking for program 'python'            :[0m [0m[32m[32m/usr/bin/python3[0m [0m
[1.023s] running egg_info
[1.046s] writing ardupilot_sitl.egg-info/PKG-INFO
[1.047s] writing dependency_links to ardupilot_sitl.egg-info/dependency_links.txt
[1.047s] writing top-level names to ardupilot_sitl.egg-info/top_level.txt
[1.118s] reading manifest file 'ardupilot_sitl.egg-info/SOURCES.txt'
[1.120s] writing manifest file 'ardupilot_sitl.egg-info/SOURCES.txt'
[1.162s] Built target ament_cmake_python_build_ardupilot_sitl_egg
[1.335s] [32m[0mChecking for python version >= 3.6.9     :[0m [0m[32m[32m3.10.12[0m [0m
[1.336s] [32m[0mSetting board to                         :[0m [0m[32m[32msitl[0m [0m
[1.337s] [32m[0mUsing toolchain                          :[0m [0m[32m[32mnative[0m [0m
[1.362s] [32m[0mChecking for 'g++' (C++ compiler)        :[0m [0m[32m[32m/usr/lib/ccache/g++[0m [0m
[1.382s] [32m[0mChecking for 'gcc' (C compiler)          :[0m [0m[32m[32m/usr/lib/ccache/gcc[0m [0m
[1.393s] [32m[0mChecking for c flags '-MMD'              :[0m [0m[32m[32myes[0m [0m
[1.402s] [32m[0mChecking for cxx flags '-MMD'            :[0m [0m[32m[32myes[0m [0m
[1.402s] [32m[0mCXX Compiler                             :[0m [0m[32m[32mg++ 11.4.0[0m [0m
[1.704s] [32m[0mChecking for need to link with librt     :[0m [0m[32m[32mnot necessary[0m [0m
[2.020s] [32m[0mChecking for feenableexcept              :[0m [0m[32m[32myes[0m [0m
[2.020s] [32m[0mEnabling -Werror                         :[0m [0m[32m[32myes[0m [0m
[2.179s] [32m[0mChecking for program 'microxrceddsgen'   :[0m [0m[32m[32m/home/skemp32/ros2_ws/Micro-XRCE-DDS-Gen/scripts/microxrceddsgen[0m [0m
[2.180s] [32m[0mEnabled OpenDroneID                      :[0m [0m[32m[33mno[0m [0m
[2.180s] [32m[0mEnabled firmware ID checking             :[0m [0m[32m[33mno[0m [0m
[2.180s] [32m[0mGPS Debug Logging                        :[0m [0m[32m[33mno[0m [0m
[2.180s] [32m[0mEnabled custom controller                :[0m [0m[32m[32myes[0m [0m
[2.475s] [32m[0mChecking for HAVE_CMATH_ISFINITE         :[0m [0m[32m[32myes[0m [0m
[2.686s] [32m[0mChecking for HAVE_CMATH_ISINF            :[0m [0m[32m[32myes[0m [0m
[3.015s] [32m[0mChecking for HAVE_CMATH_ISNAN            :[0m [0m[32m[32myes[0m [0m
[3.263s] [32m[0mChecking for NEED_CMATH_ISFINITE_STD_NAMESPACE :[0m [0m[32m[32myes[0m [0m
[3.562s] [32m[0mChecking for NEED_CMATH_ISINF_STD_NAMESPACE    :[0m [0m[32m[32myes[0m [0m
[3.845s] [32m[0mChecking for NEED_CMATH_ISNAN_STD_NAMESPACE    :[0m [0m[32m[32myes[0m [0m
[4.154s] [32m[0mChecking for header endian.h                   :[0m [0m[32m[32myes[0m [0m
[4.528s] [32m[0mChecking for header byteswap.h                 :[0m [0m[32m[32myes[0m [0m
[4.852s] [32m[0mChecking for HAVE_MEMRCHR                      :[0m [0m[32m[32myes[0m [0m
[4.853s] [32m[0mConfigured VSCode Intellisense:                :[0m [0m[32m[33mno[0m [0m
[4.856s] [32m[0mDC_DSDL compiler                               :[0m [0m[32m[32m/home/skemp32/ros2_ws/src/ardupilot/modules/DroneCAN/dronecan_dsdlc/dronecan_dsdlc.py[0m [0m
[4.856s] [32m[0mSource is git repository                       :[0m [0m[32m[32myes[0m [0m
[4.857s] [32m[0mUpdate submodules                              :[0m [0m[32m[32myes[0m [0m
[4.858s] [32m[0mChecking for program 'git'                     :[0m [0m[32m[32m/usr/bin/git[0m [0m
[4.858s] [32m[0mChecking for program 'size'                    :[0m [0m[32m[32m/usr/bin/size[0m [0m
[4.859s] [32m[0mBenchmarks                                     :[0m [0m[32m[33mdisabled[0m [0m
[4.859s] [32m[0mUnit tests                                     :[0m [0m[32m[32menabled[0m [0m
[4.859s] [32m[0mScripting                                      :[0m [0m[32m[32mmaybe[0m [0m
[4.870s] [32m[0mScripting runtime checks                       :[0m [0m[32m[32menabled[0m [0m
[4.871s] [32m[0mDebug build                                    :[0m [0m[32m[33mdisabled[0m [0m
[4.871s] [32m[0mCoverage build                                 :[0m [0m[32m[33mdisabled[0m [0m
[4.871s] [32m[0mForce 32-bit build                             :[0m [0m[32m[33mdisabled[0m [0m
[4.871s] [32m[0mChecking for program 'rsync'                   :[0m [0m[32m[32m/usr/bin/rsync[0m [0m
[4.872s] [32mRemoving target_list file /home/skemp32/ros2_ws/src/ardupilot/build/sitl/target_list[0m
[4.904s] [32m'configure' finished successfully (3.942s)[0m
[4.944s] Built target ardupilot_configure
[5.238s] [32mWaf: Entering directory `/home/skemp32/ros2_ws/src/ardupilot/build/sitl'[0m
[5.262s] Embedding file locations.txt:Tools/autotest/locations.txt
[5.262s] Embedding file models/Callisto.json:Tools/autotest/models/Callisto.json
[5.262s] Embedding file models/freestyle.json:Tools/autotest/models/freestyle.json
[5.262s] Embedding file models/plane-3d.parm:Tools/autotest/models/plane-3d.parm
[5.262s] Embedding file models/plane.parm:Tools/autotest/models/plane.parm
[5.262s] Embedding file models/xplane_heli.json:Tools/autotest/models/xplane_heli.json
[5.262s] Embedding file models/xplane_plane.json:Tools/autotest/models/xplane_plane.json
[5.274s] building /home/skemp32/ros2_ws/src/ardupilot/build/sitl/modules/Micro-XRCE-DDS-Client/include/uxr/client/config.h
[5.274s] building /home/skemp32/ros2_ws/src/ardupilot/build/sitl/modules/Micro-CDR/include/ucdr/config.h
[6.914s] [32mNo target_list file found, creating[0m
[6.914s] [32mGenerating compile_commands.json[0m
[7.053s] [32mGenerating compile_commands.json[0m
[7.132s] [32mGenerating compile_commands.json[0m
[7.277s] [32mGenerating compile_commands.json[0m
[7.452s] [32mGenerating compile_commands.json[0m
[7.586s] [32mGenerating compile_commands.json[0m
[7.735s] [32mGenerating compile_commands.json[0m
[7.782s] [32mBuild commands will be stored in build/sitl/compile_commands.json[0m
[7.995s] [32mGenerating compile_commands.json[0m
[8.012s] [32mBuild commands will be stored in build/sitl/compile_commands.json[0m
[8.224s] [32mBuild commands will be stored in build/sitl/compile_commands.json[0m
[8.358s] [32mGenerating compile_commands.json[0m
[8.374s] [32mBuild commands will be stored in build/sitl/compile_commands.json[0m
[8.486s] [32mBuild commands will be stored in build/sitl/compile_commands.json[0m
[8.700s] [32mGenerating compile_commands.json[0m
[8.718s] [32mBuild commands will be stored in build/sitl/compile_commands.json[0m
[8.841s] [32mBuild commands will be stored in build/sitl/compile_commands.json[0m
[8.980s] [32mGenerating compile_commands.json[0m
[8.998s] [32mBuild commands will be stored in build/sitl/compile_commands.json[0m
[9.110s] [32mBuild commands will be stored in build/sitl/compile_commands.json[0m
[9.244s] [32mBuild commands will be stored in build/sitl/compile_commands.json[0m
[9.424s] [32mGenerating compile_commands.json[0m
[9.442s] [32mBuild commands will be stored in build/sitl/compile_commands.json[0m
[9.567s] [32mBuild commands will be stored in build/sitl/compile_commands.json[0m
[9.695s] [32mGenerating compile_commands.json[0m
[9.711s] [32mBuild commands will be stored in build/sitl/compile_commands.json[0m
[10.781s] [2756/3075] Linking [33mbuild/sitl/bin/antennatracker[0m
[10.881s] [2829/3075] Linking [33mbuild/sitl/bin/arducopter[0m
[10.913s] [2902/3075] Linking [33mbuild/sitl/bin/arducopter-heli[0m
[10.997s] [2965/3075] Linking [33mbuild/sitl/bin/arduplane[0m
[11.059s] [3003/3075] Linking [33mbuild/sitl/bin/ardusub[0m
[11.118s] [3029/3075] Linking [33mbuild/sitl/bin/blimp[0m
[11.180s] [3068/3075] Linking [33mbuild/sitl/bin/ardurover[0m
[13.620s] [3069/3075] checking symbols [36mbuild/sitl/bin/antennatracker[0m
[14.094s] [3070/3075] checking symbols [36mbuild/sitl/bin/arducopter-heli[0m
[14.406s] [3071/3075] checking symbols [36mbuild/sitl/bin/arduplane[0m
[14.425s] [3072/3075] checking symbols [36mbuild/sitl/bin/blimp[0m
[14.443s] [3073/3075] checking symbols [36mbuild/sitl/bin/arducopter[0m
[14.542s] [3074/3075] checking symbols [36mbuild/sitl/bin/ardusub[0m
[14.822s] [3075/3075] checking symbols [36mbuild/sitl/bin/ardurover[0m
[14.986s] [32mWaf: Leaving directory `/home/skemp32/ros2_ws/src/ardupilot/build/sitl'[0m
[14.986s] [32m[0m
[14.986s] [32m[0m[01;1mBUILD SUMMARY[0m
[14.987s] [32m[0m[01;1mBuild directory: [0m/home/skemp32/ros2_ws/src/ardupilot/build/sitl[0m
[15.111s] [32m[0m[01;1mTarget               Text (B)  Data (B)  BSS (B)  Total Flash Used (B)  Free Flash (B)  External Flash Used (B)[0m
[15.111s] ---------------------------------------------------------------------------------------------------------------
[15.111s] bin/antennatracker    3143842    130165   209984               3274007  Not Applicable  Not Applicable         
[15.111s] bin/arducopter        4239434    191541   228384               4430975  Not Applicable  Not Applicable         
[15.112s] bin/arducopter-heli   4218674    193093   229344               4411767  Not Applicable  Not Applicable         
[15.112s] bin/arduplane         4178338    195117   226528               4373455  Not Applicable  Not Applicable         
[15.112s] bin/ardusub           3778614    161269   222464               3939883  Not Applicable  Not Applicable         
[15.112s] bin/blimp             3201818    134189   210880               3336007  Not Applicable  Not Applicable         
[15.112s] bin/ardurover         3899268    173261   227072               4072529  Not Applicable  Not Applicable         
[15.112s] [32m[0m
[15.112s] [32m'build' finished successfully (9.951s)[0m
[15.386s] Built target ardupilot_build
[15.417s] Invoked command in '/home/skemp32/ros2_ws/build/ardupilot_sitl' returned '0': AMENT_PREFIX_PATH=/home/skemp32/ros2_ws/install/micro_ros_agent:/home/skemp32/ros2_ws/install/ardupilot_msgs:${AMENT_PREFIX_PATH} CMAKE_PREFIX_PATH=/home/skemp32/ros2_ws/install/micro_ros_agent:/home/skemp32/ros2_ws/install/ardupilot_msgs:/opt/ros/humble LD_LIBRARY_PATH=/home/skemp32/ros2_ws/install/micro_ros_agent/lib:/home/skemp32/ros2_ws/install/ardupilot_msgs/lib:${LD_LIBRARY_PATH} PYTHONPATH=/home/skemp32/ros2_ws/install/ardupilot_msgs/local/lib/python3.10/dist-packages:${PYTHONPATH} /usr/bin/cmake --build /home/skemp32/ros2_ws/build/ardupilot_sitl -- -j12 -l12
[15.602s] Invoking command in '/home/skemp32/ros2_ws/build/ardupilot_sitl': AMENT_PREFIX_PATH=/home/skemp32/ros2_ws/install/micro_ros_agent:/home/skemp32/ros2_ws/install/ardupilot_msgs:${AMENT_PREFIX_PATH} CMAKE_PREFIX_PATH=/home/skemp32/ros2_ws/install/micro_ros_agent:/home/skemp32/ros2_ws/install/ardupilot_msgs:/opt/ros/humble LD_LIBRARY_PATH=/home/skemp32/ros2_ws/install/micro_ros_agent/lib:/home/skemp32/ros2_ws/install/ardupilot_msgs/lib:${LD_LIBRARY_PATH} PYTHONPATH=/home/skemp32/ros2_ws/install/ardupilot_msgs/local/lib/python3.10/dist-packages:${PYTHONPATH} /usr/bin/cmake --install /home/skemp32/ros2_ws/build/ardupilot_sitl
[15.612s] -- Install configuration: ""
[15.612s] -- Installing: /home/skemp32/ros2_ws/install/ardupilot_sitl/bin/antennatracker
[15.636s] -- Installing: /home/skemp32/ros2_ws/install/ardupilot_sitl/bin/arducopter
[15.655s] -- Installing: /home/skemp32/ros2_ws/install/ardupilot_sitl/bin/arducopter-heli
[15.675s] -- Installing: /home/skemp32/ros2_ws/install/ardupilot_sitl/bin/arduplane
[15.693s] -- Installing: /home/skemp32/ros2_ws/install/ardupilot_sitl/bin/ardurover
[15.713s] -- Installing: /home/skemp32/ros2_ws/install/ardupilot_sitl/bin/ardusub
[15.734s] -- Installing: /home/skemp32/ros2_ws/install/ardupilot_sitl/bin/blimp
[15.754s] -- Up-to-date: /home/skemp32/ros2_ws/install/ardupilot_sitl/.//lib
[15.754s] -- Up-to-date: /home/skemp32/ros2_ws/install/ardupilot_sitl/.//lib/libAntennaTracker_libs.a
[15.754s] -- Up-to-date: /home/skemp32/ros2_ws/install/ardupilot_sitl/.//lib/libBlimp_libs.a
[15.754s] -- Up-to-date: /home/skemp32/ros2_ws/install/ardupilot_sitl/.//lib/libArduPlane_libs.a
[15.754s] -- Up-to-date: /home/skemp32/ros2_ws/install/ardupilot_sitl/.//lib/libRover_libs.a
[15.754s] -- Up-to-date: /home/skemp32/ros2_ws/install/ardupilot_sitl/.//lib/libArduCopter_libs.a
[15.754s] -- Up-to-date: /home/skemp32/ros2_ws/install/ardupilot_sitl/.//lib/libArduSub_libs.a
[15.754s] -- Up-to-date: /home/skemp32/ros2_ws/install/ardupilot_sitl/share/ardupilot_sitl//launch
[15.755s] -- Up-to-date: /home/skemp32/ros2_ws/install/ardupilot_sitl/share/ardupilot_sitl//launch/sitl_dds_serial.launch.py
[15.755s] -- Up-to-date: /home/skemp32/ros2_ws/install/ardupilot_sitl/share/ardupilot_sitl//launch/mavproxy.launch.py
[15.755s] -- Up-to-date: /home/skemp32/ros2_ws/install/ardupilot_sitl/share/ardupilot_sitl//launch/sitl_dds_udp.launch.py
[15.755s] -- Up-to-date: /home/skemp32/ros2_ws/install/ardupilot_sitl/share/ardupilot_sitl//launch/sitl.launch.py
[15.755s] -- Up-to-date: /home/skemp32/ros2_ws/install/ardupilot_sitl/share/ardupilot_sitl//launch/micro_ros_agent.launch.py
[15.755s] -- Up-to-date: /home/skemp32/ros2_ws/install/ardupilot_sitl/share/ardupilot_sitl//launch/virtual_ports.launch.py
[15.755s] -- Up-to-date: /home/skemp32/ros2_ws/install/ardupilot_sitl/share/ardupilot_sitl//launch/sitl_mavproxy.launch.py
[15.755s] -- Up-to-date: /home/skemp32/ros2_ws/install/ardupilot_sitl/share/ardupilot_sitl/config/default_params
[15.756s] -- Up-to-date: /home/skemp32/ros2_ws/install/ardupilot_sitl/share/ardupilot_sitl/config/default_params/dds_serial.parm
[15.756s] -- Up-to-date: /home/skemp32/ros2_ws/install/ardupilot_sitl/share/ardupilot_sitl/config/default_params/dds_udp.parm
[15.756s] -- Up-to-date: /home/skemp32/ros2_ws/install/ardupilot_sitl/share/ardupilot_sitl/config//default_params
[15.756s] -- Up-to-date: /home/skemp32/ros2_ws/install/ardupilot_sitl/share/ardupilot_sitl/config//default_params/copter-single.parm
[15.756s] -- Up-to-date: /home/skemp32/ros2_ws/install/ardupilot_sitl/share/ardupilot_sitl/config//default_params/copter-AVC2013.parm
[15.756s] -- Up-to-date: /home/skemp32/ros2_ws/install/ardupilot_sitl/share/ardupilot_sitl/config//default_params/copter-octaquad-cwx.parm
[15.756s] -- Up-to-date: /home/skemp32/ros2_ws/install/ardupilot_sitl/share/ardupilot_sitl/config//default_params/copter-winch.parm
[15.756s] -- Up-to-date: /home/skemp32/ros2_ws/install/ardupilot_sitl/share/ardupilot_sitl/config//default_params/gazebo-zephyr.parm
[15.756s] -- Up-to-date: /home/skemp32/ros2_ws/install/ardupilot_sitl/share/ardupilot_sitl/config//default_params/rover-omni3mecanum.parm
[15.756s] -- Up-to-date: /home/skemp32/ros2_ws/install/ardupilot_sitl/share/ardupilot_sitl/config//default_params/vee-gull_005.param
[15.757s] -- Up-to-date: /home/skemp32/ros2_ws/install/ardupilot_sitl/share/ardupilot_sitl/config//default_params/quadplane-ice.parm
[15.757s] -- Up-to-date: /home/skemp32/ros2_ws/install/ardupilot_sitl/share/ardupilot_sitl/config//default_params/quadplane-periph.parm
[15.757s] -- Up-to-date: /home/skemp32/ros2_ws/install/ardupilot_sitl/share/ardupilot_sitl/config//default_params/copter-dodecahexa.parm
[15.757s] -- Up-to-date: /home/skemp32/ros2_ws/install/ardupilot_sitl/share/ardupilot_sitl/config//default_params/glider.parm
[15.757s] -- Up-to-date: /home/skemp32/ros2_ws/install/ardupilot_sitl/share/ardupilot_sitl/config//default_params/copter.parm
[15.757s] -- Up-to-date: /home/skemp32/ros2_ws/install/ardupilot_sitl/share/ardupilot_sitl/config//default_params/balancebot.parm
[15.757s] -- Up-to-date: /home/skemp32/ros2_ws/install/ardupilot_sitl/share/ardupilot_sitl/config//default_params/periph.parm
[15.757s] -- Up-to-date: /home/skemp32/ros2_ws/install/ardupilot_sitl/share/ardupilot_sitl/config//default_params/plane-ice.parm
[15.757s] -- Up-to-date: /home/skemp32/ros2_ws/install/ardupilot_sitl/share/ardupilot_sitl/config//default_params/plane-vtail.parm
[15.757s] -- Up-to-date: /home/skemp32/ros2_ws/install/ardupilot_sitl/share/ardupilot_sitl/config//default_params/rover-skid.parm
[15.758s] -- Up-to-date: /home/skemp32/ros2_ws/install/ardupilot_sitl/share/ardupilot_sitl/config//default_params/quadplane-tri.parm
[15.758s] -- Up-to-date: /home/skemp32/ros2_ws/install/ardupilot_sitl/share/ardupilot_sitl/config//default_params/plane-soaring.parm
[15.758s] -- Up-to-date: /home/skemp32/ros2_ws/install/ardupilot_sitl/share/ardupilot_sitl/config//default_params/quadplane-tilthvec.parm
[15.758s] -- Up-to-date: /home/skemp32/ros2_ws/install/ardupilot_sitl/share/ardupilot_sitl/config//default_params/copter-djix.parm
[15.758s] -- Up-to-date: /home/skemp32/ros2_ws/install/ardupilot_sitl/share/ardupilot_sitl/config//default_params/quadplane-tilttrivec.parm
[15.758s] -- Up-to-date: /home/skemp32/ros2_ws/install/ardupilot_sitl/share/ardupilot_sitl/config//default_params/copter-heli-gas.parm
[15.758s] -- Up-to-date: /home/skemp32/ros2_ws/install/ardupilot_sitl/share/ardupilot_sitl/config//default_params/copter-wind-estimates.parm
[15.758s] -- Up-to-date: /home/skemp32/ros2_ws/install/ardupilot_sitl/share/ardupilot_sitl/config//default_params/tracker-gps-for-yaw.parm
[15.758s] -- Up-to-date: /home/skemp32/ros2_ws/install/ardupilot_sitl/share/ardupilot_sitl/config//default_params/plane-elevons.parm
[15.758s] -- Up-to-date: /home/skemp32/ros2_ws/install/ardupilot_sitl/share/ardupilot_sitl/config//default_params/copter-gps-for-yaw-nmea.parm
[15.759s] -- Up-to-date: /home/skemp32/ros2_ws/install/ardupilot_sitl/share/ardupilot_sitl/config//default_params/copter-deca.parm
[15.759s] -- Up-to-date: /home/skemp32/ros2_ws/install/ardupilot_sitl/share/ardupilot_sitl/config//default_params/quadplane-tilt.parm
[15.759s] -- Up-to-date: /home/skemp32/ros2_ws/install/ardupilot_sitl/share/ardupilot_sitl/config//default_params/copter-hexa.parm
[15.759s] -- Up-to-date: /home/skemp32/ros2_ws/install/ardupilot_sitl/share/ardupilot_sitl/config//default_params/copter-bfx.parm
[15.759s] -- Up-to-date: /home/skemp32/ros2_ws/install/ardupilot_sitl/share/ardupilot_sitl/config//default_params/quadplane-cl84.parm
[15.759s] -- Up-to-date: /home/skemp32/ros2_ws/install/ardupilot_sitl/share/ardupilot_sitl/config//default_params/rover.parm
[15.759s] -- Up-to-date: /home/skemp32/ros2_ws/install/ardupilot_sitl/share/ardupilot_sitl/config//default_params/plane-tailsitter.parm
[15.759s] -- Up-to-date: /home/skemp32/ros2_ws/install/ardupilot_sitl/share/ardupilot_sitl/config//default_params/copter-cwx.parm
[15.760s] -- Up-to-date: /home/skemp32/ros2_ws/install/ardupilot_sitl/share/ardupilot_sitl/config//default_params/plane-jet.parm
[15.760s] -- Up-to-date: /home/skemp32/ros2_ws/install/ardupilot_sitl/share/ardupilot_sitl/config//default_params/quad-can.parm
[15.760s] -- Up-to-date: /home/skemp32/ros2_ws/install/ardupilot_sitl/share/ardupilot_sitl/config//default_params/copter-heli.parm
[15.760s] -- Up-to-date: /home/skemp32/ros2_ws/install/ardupilot_sitl/share/ardupilot_sitl/config//default_params/plane-jsbsim.parm
[15.760s] -- Up-to-date: /home/skemp32/ros2_ws/install/ardupilot_sitl/share/ardupilot_sitl/config//default_params/copter-hexa-dji.parm
[15.760s] -- Up-to-date: /home/skemp32/ros2_ws/install/ardupilot_sitl/share/ardupilot_sitl/config//default_params/copter-X.parm
[15.760s] -- Up-to-date: /home/skemp32/ros2_ws/install/ardupilot_sitl/share/ardupilot_sitl/config//default_params/copter-hexa-cwx.parm
[15.760s] -- Up-to-date: /home/skemp32/ros2_ws/install/ardupilot_sitl/share/ardupilot_sitl/config//default_params/stratoblimp.parm
[15.760s] -- Up-to-date: /home/skemp32/ros2_ws/install/ardupilot_sitl/share/ardupilot_sitl/config//default_params/copter-optflow.parm
[15.760s] -- Up-to-date: /home/skemp32/ros2_ws/install/ardupilot_sitl/share/ardupilot_sitl/config//default_params/quadplane-copter_tailsitter.parm
[15.760s] -- Up-to-date: /home/skemp32/ros2_ws/install/ardupilot_sitl/share/ardupilot_sitl/config//default_params/copter-deca-cwx.parm
[15.760s] -- Up-to-date: /home/skemp32/ros2_ws/install/ardupilot_sitl/share/ardupilot_sitl/config//default_params/copter-octaquad.parm
[15.761s] -- Up-to-date: /home/skemp32/ros2_ws/install/ardupilot_sitl/share/ardupilot_sitl/config//default_params/copter-octa-cwx.parm
[15.761s] -- Up-to-date: /home/skemp32/ros2_ws/install/ardupilot_sitl/share/ardupilot_sitl/config//default_params/quad-periph.parm
[15.761s] -- Up-to-date: /home/skemp32/ros2_ws/install/ardupilot_sitl/share/ardupilot_sitl/config//default_params/sailboat.parm
[15.761s] -- Up-to-date: /home/skemp32/ros2_ws/install/ardupilot_sitl/share/ardupilot_sitl/config//default_params/motorboat.parm
[15.761s] -- Up-to-date: /home/skemp32/ros2_ws/install/ardupilot_sitl/share/ardupilot_sitl/config//default_params/quadplane.parm
[15.761s] -- Up-to-date: /home/skemp32/ros2_ws/install/ardupilot_sitl/share/ardupilot_sitl/config//default_params/copter-coax.parm
[15.761s] -- Up-to-date: /home/skemp32/ros2_ws/install/ardupilot_sitl/share/ardupilot_sitl/config//default_params/copter-vicon.parm
[15.761s] -- Up-to-date: /home/skemp32/ros2_ws/install/ardupilot_sitl/share/ardupilot_sitl/config//default_params/blimp.parm
[15.761s] -- Up-to-date: /home/skemp32/ros2_ws/install/ardupilot_sitl/share/ardupilot_sitl/config//default_params/msposd.parm
[15.761s] -- Up-to-date: /home/skemp32/ros2_ws/install/ardupilot_sitl/share/ardupilot_sitl/config//default_params/gazebo-iris.parm
[15.761s] -- Up-to-date: /home/skemp32/ros2_ws/install/ardupilot_sitl/share/ardupilot_sitl/config//default_params/quadplane-tilttri.parm
[15.762s] -- Up-to-date: /home/skemp32/ros2_ws/install/ardupilot_sitl/share/ardupilot_sitl/config//default_params/copter-beacon.parm
[15.762s] -- Up-to-date: /home/skemp32/ros2_ws/install/ardupilot_sitl/share/ardupilot_sitl/config//default_params/airsim-quadX.parm
[15.762s] -- Up-to-date: /home/skemp32/ros2_ws/install/ardupilot_sitl/share/ardupilot_sitl/config//default_params/copter-octa-dji.parm
[15.762s] -- Up-to-date: /home/skemp32/ros2_ws/install/ardupilot_sitl/share/ardupilot_sitl/config//default_params/copter-tri.parm
[15.762s] -- Up-to-date: /home/skemp32/ros2_ws/install/ardupilot_sitl/share/ardupilot_sitl/config//default_params/firefly.parm
[15.762s] -- Up-to-date: /home/skemp32/ros2_ws/install/ardupilot_sitl/share/ardupilot_sitl/config//default_params/airsim-rover.parm
[15.762s] -- Up-to-date: /home/skemp32/ros2_ws/install/ardupilot_sitl/share/ardupilot_sitl/config//default_params/rover-vectored.parm
[15.762s] -- Up-to-date: /home/skemp32/ros2_ws/install/ardupilot_sitl/share/ardupilot_sitl/config//default_params/sub-6dof.parm
[15.762s] -- Up-to-date: /home/skemp32/ros2_ws/install/ardupilot_sitl/share/ardupilot_sitl/config//default_params/sailboat-motor.parm
[15.762s] -- Up-to-date: /home/skemp32/ros2_ws/install/ardupilot_sitl/share/ardupilot_sitl/config//default_params/sub.parm
[15.762s] -- Up-to-date: /home/skemp32/ros2_ws/install/ardupilot_sitl/share/ardupilot_sitl/config//default_params/copter-y6.parm
[15.763s] -- Up-to-date: /home/skemp32/ros2_ws/install/ardupilot_sitl/share/ardupilot_sitl/config//default_params/copter-octa.parm
[15.763s] -- Up-to-date: /home/skemp32/ros2_ws/install/ardupilot_sitl/share/ardupilot_sitl/config//default_params/copter-rangefinder.parm
[15.763s] -- Up-to-date: /home/skemp32/ros2_ws/install/ardupilot_sitl/share/ardupilot_sitl/config//default_params/copter-heli-dual.parm
[15.763s] -- Up-to-date: /home/skemp32/ros2_ws/install/ardupilot_sitl/share/ardupilot_sitl/config//default_params/quadplane-can.parm
[15.763s] -- Up-to-date: /home/skemp32/ros2_ws/install/ardupilot_sitl/share/ardupilot_sitl/config//default_params/copter-gps-for-yaw.parm
[15.763s] -- Up-to-date: /home/skemp32/ros2_ws/install/ardupilot_sitl/share/ardupilot_sitl/config//default_params/plane-dspoilers.parm
[15.763s] -- Up-to-date: /home/skemp32/ros2_ws/install/ardupilot_sitl/share/ardupilot_sitl/config//default_params/copter-gimbal.parm
[15.763s] -- Up-to-date: /home/skemp32/ros2_ws/install/ardupilot_sitl/share/ardupilot_sitl/config//models
[15.763s] -- Up-to-date: /home/skemp32/ros2_ws/install/ardupilot_sitl/share/ardupilot_sitl/config//models/freestyle.json
[15.763s] -- Up-to-date: /home/skemp32/ros2_ws/install/ardupilot_sitl/share/ardupilot_sitl/config//models/plane.parm
[15.763s] -- Up-to-date: /home/skemp32/ros2_ws/install/ardupilot_sitl/share/ardupilot_sitl/config//models/Callisto.param
[15.764s] -- Up-to-date: /home/skemp32/ros2_ws/install/ardupilot_sitl/share/ardupilot_sitl/config//models/freestyle.param
[15.764s] -- Up-to-date: /home/skemp32/ros2_ws/install/ardupilot_sitl/share/ardupilot_sitl/config//models/plane-3d.parm
[15.764s] -- Up-to-date: /home/skemp32/ros2_ws/install/ardupilot_sitl/share/ardupilot_sitl/config//models/xplane_heli.json
[15.764s] -- Up-to-date: /home/skemp32/ros2_ws/install/ardupilot_sitl/share/ardupilot_sitl/config//models/Callisto.json
[15.764s] -- Up-to-date: /home/skemp32/ros2_ws/install/ardupilot_sitl/share/ardupilot_sitl/config//models/xplane_plane.json
[15.764s] -- Up-to-date: /home/skemp32/ros2_ws/install/ardupilot_sitl/share/ardupilot_sitl/environment/pythonpath.sh
[15.764s] -- Up-to-date: /home/skemp32/ros2_ws/install/ardupilot_sitl/share/ardupilot_sitl/environment/pythonpath.dsv
[15.764s] -- Up-to-date: /home/skemp32/ros2_ws/install/ardupilot_sitl/local/lib/python3.10/dist-packages/ardupilot_sitl-0.0.0-py3.10.egg-info
[15.764s] -- Installing: /home/skemp32/ros2_ws/install/ardupilot_sitl/local/lib/python3.10/dist-packages/ardupilot_sitl-0.0.0-py3.10.egg-info/dependency_links.txt
[15.764s] -- Installing: /home/skemp32/ros2_ws/install/ardupilot_sitl/local/lib/python3.10/dist-packages/ardupilot_sitl-0.0.0-py3.10.egg-info/SOURCES.txt
[15.764s] -- Installing: /home/skemp32/ros2_ws/install/ardupilot_sitl/local/lib/python3.10/dist-packages/ardupilot_sitl-0.0.0-py3.10.egg-info/PKG-INFO
[15.765s] -- Installing: /home/skemp32/ros2_ws/install/ardupilot_sitl/local/lib/python3.10/dist-packages/ardupilot_sitl-0.0.0-py3.10.egg-info/top_level.txt
[15.765s] -- Up-to-date: /home/skemp32/ros2_ws/install/ardupilot_sitl/local/lib/python3.10/dist-packages/ardupilot_sitl
[15.765s] -- Up-to-date: /home/skemp32/ros2_ws/install/ardupilot_sitl/local/lib/python3.10/dist-packages/ardupilot_sitl/actions.py
[15.765s] -- Up-to-date: /home/skemp32/ros2_ws/install/ardupilot_sitl/local/lib/python3.10/dist-packages/ardupilot_sitl/__init__.py
[15.765s] -- Up-to-date: /home/skemp32/ros2_ws/install/ardupilot_sitl/local/lib/python3.10/dist-packages/ardupilot_sitl/utilities.py
[15.765s] -- Up-to-date: /home/skemp32/ros2_ws/install/ardupilot_sitl/local/lib/python3.10/dist-packages/ardupilot_sitl/launch.py
[15.819s] Listing '/home/skemp32/ros2_ws/install/ardupilot_sitl/local/lib/python3.10/dist-packages/ardupilot_sitl'...
[15.833s] -- Up-to-date: /home/skemp32/ros2_ws/install/ardupilot_sitl/share/ament_index/resource_index/package_run_dependencies/ardupilot_sitl
[15.833s] -- Up-to-date: /home/skemp32/ros2_ws/install/ardupilot_sitl/share/ament_index/resource_index/parent_prefix_path/ardupilot_sitl
[15.833s] -- Up-to-date: /home/skemp32/ros2_ws/install/ardupilot_sitl/share/ardupilot_sitl/environment/ament_prefix_path.sh
[15.833s] -- Up-to-date: /home/skemp32/ros2_ws/install/ardupilot_sitl/share/ardupilot_sitl/environment/ament_prefix_path.dsv
[15.834s] -- Up-to-date: /home/skemp32/ros2_ws/install/ardupilot_sitl/share/ardupilot_sitl/environment/path.sh
[15.834s] -- Up-to-date: /home/skemp32/ros2_ws/install/ardupilot_sitl/share/ardupilot_sitl/environment/path.dsv
[15.834s] -- Up-to-date: /home/skemp32/ros2_ws/install/ardupilot_sitl/share/ardupilot_sitl/local_setup.bash
[15.834s] -- Up-to-date: /home/skemp32/ros2_ws/install/ardupilot_sitl/share/ardupilot_sitl/local_setup.sh
[15.834s] -- Up-to-date: /home/skemp32/ros2_ws/install/ardupilot_sitl/share/ardupilot_sitl/local_setup.zsh
[15.834s] -- Up-to-date: /home/skemp32/ros2_ws/install/ardupilot_sitl/share/ardupilot_sitl/local_setup.dsv
[15.834s] -- Installing: /home/skemp32/ros2_ws/install/ardupilot_sitl/share/ardupilot_sitl/package.dsv
[15.834s] -- Up-to-date: /home/skemp32/ros2_ws/install/ardupilot_sitl/share/ament_index/resource_index/packages/ardupilot_sitl
[15.834s] -- Up-to-date: /home/skemp32/ros2_ws/install/ardupilot_sitl/share/ardupilot_sitl/cmake/ardupilot_sitlConfig.cmake
[15.835s] -- Up-to-date: /home/skemp32/ros2_ws/install/ardupilot_sitl/share/ardupilot_sitl/cmake/ardupilot_sitlConfig-version.cmake
[15.835s] -- Up-to-date: /home/skemp32/ros2_ws/install/ardupilot_sitl/share/ardupilot_sitl/package.xml
[15.873s] Invoked command in '/home/skemp32/ros2_ws/build/ardupilot_sitl' returned '0': AMENT_PREFIX_PATH=/home/skemp32/ros2_ws/install/micro_ros_agent:/home/skemp32/ros2_ws/install/ardupilot_msgs:${AMENT_PREFIX_PATH} CMAKE_PREFIX_PATH=/home/skemp32/ros2_ws/install/micro_ros_agent:/home/skemp32/ros2_ws/install/ardupilot_msgs:/opt/ros/humble LD_LIBRARY_PATH=/home/skemp32/ros2_ws/install/micro_ros_agent/lib:/home/skemp32/ros2_ws/install/ardupilot_msgs/lib:${LD_LIBRARY_PATH} PYTHONPATH=/home/skemp32/ros2_ws/install/ardupilot_msgs/local/lib/python3.10/dist-packages:${PYTHONPATH} /usr/bin/cmake --install /home/skemp32/ros2_ws/build/ardupilot_sitl
