[0.050s] Invoking command in '/home/skemp32/ros2_ws/build/ros_gz_sim': CMAKE_PREFIX_PATH=/opt/ros/humble /usr/bin/cmake /home/skemp32/ros2_ws/src/ros_gz/ros_gz_sim -DCMAKE_INSTALL_PREFIX=/home/skemp32/ros2_ws/install/ros_gz_sim
[0.465s] -- The C compiler identification is GNU 11.4.0
[2.144s] -- The CXX compiler identification is GNU 11.4.0
[3.165s] -- Detecting C compiler ABI info
[3.460s] -- Detecting C compiler ABI info - done
[3.468s] -- Check for working C compiler: /usr/lib/ccache/cc - skipped
[3.468s] -- Detecting C compile features
[3.469s] -- Detecting C compile features - done
[3.472s] -- Detecting CXX compiler ABI info
[3.839s] -- Detecting CXX compiler ABI info - done
[3.852s] -- Check for working CXX compiler: /usr/lib/ccache/c++ - skipped
[3.852s] -- Detecting CXX compile features
[3.852s] -- Detecting CXX compile features - done
[3.855s] -- Found ament_cmake: 1.3.10 (/opt/ros/humble/share/ament_cmake/cmake)
[4.267s] -- Found Python3: /usr/bin/python3 (found version "3.10.12") found components: Interpreter 
[4.377s] -- Found rclcpp: 16.0.10 (/opt/ros/humble/share/rclcpp/cmake)
[4.801s] -- Found rosidl_generator_c: 3.1.5 (/opt/ros/humble/share/rosidl_generator_c/cmake)
[4.806s] -- Found rosidl_adapter: 3.1.5 (/opt/ros/humble/share/rosidl_adapter/cmake)
[4.815s] -- Found rosidl_generator_cpp: 3.1.5 (/opt/ros/humble/share/rosidl_generator_cpp/cmake)
[4.830s] -- Using all available rosidl_typesupport_c: rosidl_typesupport_fastrtps_c;rosidl_typesupport_introspection_c
[4.848s] -- Using all available rosidl_typesupport_cpp: rosidl_typesupport_fastrtps_cpp;rosidl_typesupport_introspection_cpp
[4.899s] -- Found rmw_implementation_cmake: 6.1.2 (/opt/ros/humble/share/rmw_implementation_cmake/cmake)
[4.903s] -- Found rmw_fastrtps_cpp: 6.2.7 (/opt/ros/humble/share/rmw_fastrtps_cpp/cmake)
[7.672s] -- Found OpenSSL: /usr/lib/x86_64-linux-gnu/libcrypto.so (found version "3.0.2")  
[11.928s] -- Found FastRTPS: /opt/ros/humble/include  
[19.876s] -- Using RMW implementation 'rmw_fastrtps_cpp' as default
[19.907s] -- Looking for pthread.h
[20.445s] -- Looking for pthread.h - found
[20.446s] -- Performing Test CMAKE_HAVE_LIBC_PTHREAD
[21.121s] -- Performing Test CMAKE_HAVE_LIBC_PTHREAD - Success
[21.121s] -- Found Threads: TRUE  
[21.252s] -- Looking for gz-math7 -- found version 7.5.0
[21.270s] -- Searching for dependencies of gz-math7
[21.272s] -- Looking for gz-utils2 -- found version 2.2.0
[21.273s] -- Searching for dependencies of gz-utils2
[21.278s] -- Looking for gz-transport13 -- found version 13.4.0
[21.281s] -- Searching for dependencies of gz-transport13
[24.763s] -- Found Protobuf: /usr/lib/x86_64-linux-gnu/libprotobuf.so (found version "3.12.4") 
[26.683s] -- Config-file not installed for ZeroMQ -- checking for pkg-config
[26.692s] -- Checking for module 'libzmq >= 4'
[26.722s] --   Found libzmq , version 4.3.4
[26.791s] -- Found ZeroMQ: TRUE (Required is at least version "4") 
[26.991s] -- Checking for module 'uuid'
[27.016s] --   Found uuid, version 2.37.2
[27.079s] -- Found UUID: TRUE  
[27.080s] -- Looking for gz-utils2 -- found version 2.2.0
[27.080s] -- Searching for dependencies of gz-utils2
[27.081s] -- Searching for <gz-utils2> component [cli]
[27.084s] -- Looking for gz-utils2-cli -- found version 2.2.0
[27.085s] -- Searching for dependencies of gz-utils2-cli
[27.089s] -- Looking for gz-msgs10 -- found version 10.3.0
[27.091s] -- Searching for dependencies of gz-msgs10
[30.746s] -- Looking for gz-utils2 -- found version 2.2.0
[30.746s] -- Looking for gz-math7 -- found version 7.5.0
[30.752s] -- Checking for module 'tinyxml2'
[30.766s] --   Found tinyxml2, version 9.0.0
[30.869s] -- Looking for gz-msgs10 -- found version 10.3.0
[30.872s] -- Looking for gz-sim8 -- found version 8.6.0
[30.873s] -- Searching for dependencies of gz-sim8
[30.875s] -- Looking for sdformat14 -- found version 14.5.0
[30.875s] -- Searching for dependencies of sdformat14
[30.882s] -- Looking for gz-math7 -- found version 7.5.0
[30.883s] -- Looking for gz-utils2 -- found version 2.2.0
[30.885s] -- Looking for gz-plugin2 -- found version 2.0.3
[30.886s] -- Searching for dependencies of gz-plugin2
[30.887s] -- Looking for gz-utils2 -- found version 2.2.0
[30.888s] -- Searching for <gz-plugin2> component [loader]
[30.890s] -- Looking for gz-plugin2-loader -- found version 2.0.3
[30.891s] -- Searching for dependencies of gz-plugin2-loader
[30.891s] -- Searching for <gz-plugin2> component [register]
[30.893s] -- Looking for gz-plugin2-register -- found version 2.0.3
[30.894s] -- Searching for dependencies of gz-plugin2-register
[30.895s] -- Looking for gz-transport13 -- found version 13.4.0
[30.896s] -- Searching for dependencies of gz-transport13
[36.767s] -- Config-file not installed for ZeroMQ -- checking for pkg-config
[36.775s] -- Checking for module 'libzmq >= 4'
[36.792s] --   Found libzmq , version 4.3.4
[36.840s] -- Looking for gz-utils2 -- found version 2.2.0
[36.840s] -- Looking for gz-msgs10 -- found version 10.3.0
[36.840s] -- Searching for <gz-transport13> component [log]
[36.842s] -- Looking for gz-transport13-log -- found version 13.4.0
[36.843s] -- Searching for dependencies of gz-transport13-log
[36.843s] -- Searching for <gz-transport13> component [parameters]
[36.845s] -- Looking for gz-transport13-parameters -- found version 13.4.0
[36.846s] -- Searching for dependencies of gz-transport13-parameters
[36.847s] -- Looking for gz-msgs10 -- found version 10.3.0
[36.849s] -- Looking for gz-common5 -- found version 5.6.0
[36.849s] -- Searching for dependencies of gz-common5
[36.849s] -- Looking for gz-utils2 -- found version 2.2.0
[36.949s] -- Looking for dlfcn.h - found
[37.043s] -- Looking for libdl - found
[37.044s] -- Found DL: TRUE  
[37.052s] -- Searching for <gz-common5> component [av]
[37.054s] -- Looking for gz-common5-av -- found version 5.6.0
[37.054s] -- Searching for dependencies of gz-common5-av
[37.060s] -- Checking for module 'libswscale'
[37.073s] --   Found libswscale, version 5.9.100
[37.109s] -- Found SWSCALE: TRUE  
[37.114s] -- Checking for module 'libavdevice >= 56.4.100'
[37.129s] --   Found libavdevice , version 58.13.100
[37.173s] -- Found AVDEVICE: TRUE (Required is at least version "56.4.100") 
[37.178s] -- Checking for module 'libavformat'
[37.191s] --   Found libavformat, version 58.76.100
[37.228s] -- Found AVFORMAT: TRUE  
[37.233s] -- Checking for module 'libavcodec'
[37.247s] --   Found libavcodec, version 58.134.100
[37.286s] -- Found AVCODEC: TRUE  
[37.291s] -- Checking for module 'libavutil'
[37.304s] --   Found libavutil, version 56.70.100
[37.341s] -- Found AVUTIL: TRUE  
[37.342s] -- Searching for <gz-common5> component [events]
[37.345s] -- Looking for gz-common5-events -- found version 5.6.0
[37.345s] -- Searching for dependencies of gz-common5-events
[37.346s] -- Looking for gz-math7 -- found version 7.5.0
[37.346s] -- Searching for <gz-common5> component [graphics]
[37.349s] -- Looking for gz-common5-graphics -- found version 5.6.0
[37.349s] -- Searching for dependencies of gz-common5-graphics
[37.350s] -- Looking for gz-math7 -- found version 7.5.0
[37.356s] -- Found GzAssimp: TRUE (found version "5.2.0") 
[37.357s] -- Searching for <gz-common5> component [io]
[37.359s] -- Looking for gz-common5-io -- found version 5.6.0
[37.360s] -- Searching for dependencies of gz-common5-io
[37.360s] -- Searching for <gz-common5> component [profiler]
[37.363s] -- Looking for gz-common5-profiler -- found version 5.6.0
[37.363s] -- Searching for dependencies of gz-common5-profiler
[37.367s] -- Looking for gz-fuel_tools9 -- found version 9.1.0
[37.367s] -- Searching for dependencies of gz-fuel_tools9
[40.394s] -- Found CURL: /usr/lib/x86_64-linux-gnu/libcurl.so (found version "7.81.0")  
[40.404s] -- Checking for module 'jsoncpp'
[40.421s] --   Found jsoncpp, version 1.9.5
[40.466s] -- Found JSONCPP: TRUE  
[40.473s] -- Checking for module 'libzip'
[40.490s] --   Found libzip, version 1.7.3
[40.532s] -- Found ZIP: TRUE  
[40.532s] -- Looking for gz-utils2 -- found version 2.2.0
[40.532s] -- Looking for gz-common5 -- found version 5.6.0
[40.533s] -- Searching for dependencies of gz-common5
[40.533s] -- Looking for gz-utils2 -- found version 2.2.0
[40.534s] -- Looking for dlfcn.h - found
[40.534s] -- Looking for libdl - found
[40.542s] -- Searching for <gz-common5> component [testing]
[40.544s] -- Looking for gz-common5-testing -- found version 5.6.0
[40.545s] -- Searching for dependencies of gz-common5-testing
[40.546s] -- Looking for gz-math7 -- found version 7.5.0
[40.546s] -- Looking for gz-msgs10 -- found version 10.3.0
[40.549s] -- Looking for gz-gui8 -- found version 8.3.0
[40.549s] -- Searching for dependencies of gz-gui8
[43.054s] -- Looking for gz-utils2 -- found version 2.2.0
[43.054s] -- Looking for gz-math7 -- found version 7.5.0
[43.055s] -- Looking for gz-common5 -- found version 5.6.0
[43.055s] -- Looking for gz-plugin2 -- found version 2.0.3
[43.055s] -- Looking for gz-transport13 -- found version 13.4.0
[43.058s] -- Looking for gz-rendering8 -- found version 8.2.0
[43.058s] -- Searching for dependencies of gz-rendering8
[43.058s] -- Looking for gz-math7 -- found version 7.5.0
[43.059s] -- Searching for dependencies of gz-math7
[43.059s] -- Looking for gz-utils2 -- found version 2.2.0
[43.059s] -- Searching for <gz-math7> component [eigen3]
[43.061s] -- Looking for gz-math7-eigen3 -- found version 7.5.0
[43.062s] -- Searching for dependencies of gz-math7-eigen3
[43.068s] -- Looking for gz-common5 -- found version 5.6.0
[43.069s] -- Searching for dependencies of gz-common5
[43.069s] -- Looking for gz-utils2 -- found version 2.2.0
[43.069s] -- Looking for dlfcn.h - found
[43.069s] -- Looking for libdl - found
[43.077s] -- Searching for <gz-common5> component [graphics]
[43.077s] -- Searching for <gz-common5> component [events]
[43.078s] -- Searching for <gz-common5> component [geospatial]
[43.080s] -- Looking for gz-common5-geospatial -- found version 5.6.0
[43.080s] -- Searching for dependencies of gz-common5-geospatial
[43.081s] -- Looking for gz-math7 -- found version 7.5.0
[43.081s] -- Looking for gz-common5 -- found version 5.6.0
[43.082s] -- Looking for gz-plugin2 -- found version 2.0.3
[43.083s] -- Searching for dependencies of gz-plugin2
[43.083s] -- Looking for gz-utils2 -- found version 2.2.0
[43.083s] -- Searching for <gz-plugin2> component [all]
[43.085s] -- Looking for all libraries of gz-plugin2 -- found version 2.0.3
[43.085s] -- Looking for gz-plugin2 -- found version 2.0.3
[43.087s] -- Looking for gz-utils2 -- found version 2.2.0
[43.967s] -- Found OpenGL: /usr/lib/x86_64-linux-gnu/libOpenGL.so  found components: OpenGL 
[43.968s] -- Looking for gz-msgs10 -- found version 10.3.0
[44.150s] -- Looking for gz-physics7 -- found version 7.3.0
[44.150s] -- Searching for dependencies of gz-physics7
[44.150s] -- Looking for gz-common5 -- found version 5.6.0
[44.151s] -- Looking for gz-math7 -- found version 7.5.0
[44.151s] -- Looking for gz-plugin2 -- found version 2.0.3
[44.152s] -- Looking for gz-utils2 -- found version 2.2.0
[44.153s] -- Searching for <gz-physics7> component [heightmap]
[44.155s] -- Looking for gz-physics7-heightmap -- found version 7.3.0
[44.155s] -- Searching for dependencies of gz-physics7-heightmap
[44.155s] -- Looking for gz-common5 -- found version 5.6.0
[44.156s] -- Searching for <gz-physics7> component [mesh]
[44.158s] -- Looking for gz-physics7-mesh -- found version 7.3.0
[44.158s] -- Searching for dependencies of gz-physics7-mesh
[44.158s] -- Looking for gz-common5 -- found version 5.6.0
[44.159s] -- Searching for <gz-physics7> component [sdf]
[44.161s] -- Looking for gz-physics7-sdf -- found version 7.3.0
[44.161s] -- Searching for dependencies of gz-physics7-sdf
[44.161s] -- Looking for sdformat14 -- found version 14.5.0
[44.164s] -- Looking for gz-sensors8 -- found version 8.2.0
[44.164s] -- Searching for dependencies of gz-sensors8
[46.420s] -- Looking for gz-math7 -- found version 7.5.0
[46.420s] -- Looking for gz-common5 -- found version 5.6.0
[46.421s] -- Looking for gz-transport13 -- found version 13.4.0
[46.421s] -- Looking for gz-rendering8 -- found version 8.2.0
[46.422s] -- Looking for gz-msgs10 -- found version 10.3.0
[46.422s] -- Looking for sdformat14 -- found version 14.5.0
[46.422s] -- Searching for <gz-sensors8> component [air_pressure]
[46.424s] -- Looking for gz-sensors8-air_pressure -- found version 8.2.0
[46.425s] -- Searching for dependencies of gz-sensors8-air_pressure
[46.426s] -- Searching for <gz-sensors8> component [air_speed]
[46.428s] -- Looking for gz-sensors8-air_speed -- found version 8.2.0
[46.428s] -- Searching for dependencies of gz-sensors8-air_speed
[46.428s] -- Searching for <gz-sensors8> component [altimeter]
[46.430s] -- Looking for gz-sensors8-altimeter -- found version 8.2.0
[46.431s] -- Searching for dependencies of gz-sensors8-altimeter
[46.431s] -- Searching for <gz-sensors8> component [imu]
[46.433s] -- Looking for gz-sensors8-imu -- found version 8.2.0
[46.434s] -- Searching for dependencies of gz-sensors8-imu
[46.434s] -- Searching for <gz-sensors8> component [force_torque]
[46.436s] -- Looking for gz-sensors8-force_torque -- found version 8.2.0
[46.436s] -- Searching for dependencies of gz-sensors8-force_torque
[46.437s] -- Searching for <gz-sensors8> component [logical_camera]
[46.439s] -- Looking for gz-sensors8-logical_camera -- found version 8.2.0
[46.439s] -- Searching for dependencies of gz-sensors8-logical_camera
[46.440s] -- Searching for <gz-sensors8> component [magnetometer]
[46.442s] -- Looking for gz-sensors8-magnetometer -- found version 8.2.0
[46.442s] -- Searching for dependencies of gz-sensors8-magnetometer
[46.443s] -- Searching for <gz-sensors8> component [navsat]
[46.445s] -- Looking for gz-sensors8-navsat -- found version 8.2.0
[46.445s] -- Searching for dependencies of gz-sensors8-navsat
[46.446s] -- Searching for <gz-sensors8> component [dvl]
[46.448s] -- Looking for gz-sensors8-dvl -- found version 8.2.0
[46.448s] -- Searching for dependencies of gz-sensors8-dvl
[46.449s] -- Looking for gz-sensors8 -- found version 8.2.0
[46.449s] -- Searching for dependencies of gz-sensors8
[48.734s] -- Looking for gz-math7 -- found version 7.5.0
[48.734s] -- Looking for gz-common5 -- found version 5.6.0
[48.735s] -- Looking for gz-transport13 -- found version 13.4.0
[48.735s] -- Looking for gz-rendering8 -- found version 8.2.0
[48.736s] -- Looking for gz-msgs10 -- found version 10.3.0
[48.736s] -- Looking for sdformat14 -- found version 14.5.0
[48.736s] -- Searching for <gz-sensors8> component [rendering]
[48.738s] -- Looking for gz-sensors8-rendering -- found version 8.2.0
[48.739s] -- Searching for dependencies of gz-sensors8-rendering
[48.740s] -- Searching for <gz-sensors8> component [rendering]
[48.740s] -- Searching for <gz-sensors8> component [lidar]
[48.742s] -- Looking for gz-sensors8-lidar -- found version 8.2.0
[48.743s] -- Searching for dependencies of gz-sensors8-lidar
[48.743s] -- Looking for gz-sensors8 -- found version 8.2.0
[48.743s] -- Searching for <gz-sensors8> component [gpu_lidar]
[48.745s] -- Looking for gz-sensors8-gpu_lidar -- found version 8.2.0
[48.746s] -- Searching for dependencies of gz-sensors8-gpu_lidar
[48.746s] -- Looking for gz-sensors8 -- found version 8.2.0
[48.747s] -- Searching for <gz-sensors8> component [camera]
[48.748s] -- Looking for gz-sensors8-camera -- found version 8.2.0
[48.749s] -- Searching for dependencies of gz-sensors8-camera
[48.749s] -- Looking for gz-sensors8 -- found version 8.2.0
[48.750s] -- Searching for <gz-sensors8> component [boundingbox_camera]
[48.752s] -- Looking for gz-sensors8-boundingbox_camera -- found version 8.2.0
[48.752s] -- Searching for dependencies of gz-sensors8-boundingbox_camera
[48.753s] -- Searching for <gz-sensors8> component [segmentation_camera]
[48.755s] -- Looking for gz-sensors8-segmentation_camera -- found version 8.2.0
[48.755s] -- Searching for dependencies of gz-sensors8-segmentation_camera
[48.755s] -- Searching for <gz-sensors8> component [depth_camera]
[48.757s] -- Looking for gz-sensors8-depth_camera -- found version 8.2.0
[48.758s] -- Searching for dependencies of gz-sensors8-depth_camera
[48.758s] -- Looking for gz-sensors8 -- found version 8.2.0
[48.759s] -- Searching for <gz-sensors8> component [rgbd_camera]
[48.761s] -- Looking for gz-sensors8-rgbd_camera -- found version 8.2.0
[48.761s] -- Searching for dependencies of gz-sensors8-rgbd_camera
[48.761s] -- Looking for gz-sensors8 -- found version 8.2.0
[48.762s] -- Searching for <gz-sensors8> component [thermal_camera]
[48.764s] -- Looking for gz-sensors8-thermal_camera -- found version 8.2.0
[48.764s] -- Searching for dependencies of gz-sensors8-thermal_camera
[48.765s] -- Looking for gz-sensors8 -- found version 8.2.0
[48.765s] -- Searching for <gz-sensors8> component [wide_angle_camera]
[48.767s] -- Looking for gz-sensors8-wide_angle_camera -- found version 8.2.0
[48.767s] -- Searching for dependencies of gz-sensors8-wide_angle_camera
[48.769s] -- Looking for gz-rendering8 -- found version 8.2.0
[48.769s] -- Looking for gz-math7 -- found version 7.5.0
[48.769s] -- Looking for gz-utils2 -- found version 2.2.0
[51.040s] -- Compiling against Gazebo Harmonic
[51.043s] -- Looking for gflags - found
[51.043s] 
[51.049s] -- Found ament_lint_auto: 0.12.11 (/opt/ros/humble/share/ament_lint_auto/cmake)
[51.128s] -- Found ament_cmake_gtest: 1.3.10 (/opt/ros/humble/share/ament_cmake_gtest/cmake)
[51.130s] -- Found gtest sources under '/opt/ros/humble/src/gtest_vendor': C++ tests using 'Google Test' will be built
[51.141s] -- Added test 'copyright' to check source files copyright and LICENSE
[51.143s] -- Added test 'cppcheck' to perform static code analysis on C / C++ code
[51.143s] -- Configured cppcheck include dirs: $<BUILD_INTERFACE:/home/skemp32/ros2_ws/src/ros_gz/ros_gz_sim/include>
[51.143s] -- Configured cppcheck exclude dirs and/or files: 
[51.144s] -- Added test 'cpplint' to check C / C++ code against the Google style
[51.144s] -- Configured cpplint exclude dirs and/or files: 
[51.145s] -- Added test 'lint_cmake' to check CMake code style
[51.147s] -- Added test 'uncrustify' to check C / C++ code style
[51.147s] -- Configured uncrustify additional arguments: 
[51.148s] -- Added test 'xmllint' to check XML markup files
[51.150s] -- Configuring done
[51.180s] -- Generating done
[51.183s] -- Build files have been written to: /home/skemp32/ros2_ws/build/ros_gz_sim
