[0.189s] Invoking command in '/home/skemp32/ros2_ws/build/ros_gz_bridge': CMAKE_PREFIX_PATH=/home/skemp32/ros2_ws/install/ros_gz_interfaces:/home/skemp32/ros2_ws/install/ardupilot_gz_bringup:/home/skemp32/ros2_ws/install/sdformat_urdf:/home/skemp32/ros2_ws/install/sdformat_test_files:/home/skemp32/ros2_ws/install/ros_gz_sim:/home/skemp32/ros2_ws/install/ros_gz_bridge:/home/skemp32/ros2_ws/install/ardupilot_sitl:/home/skemp32/ros2_ws/install/micro_ros_agent:/home/skemp32/ros2_ws/install/ardupilot_sitl_models:/home/skemp32/ros2_ws/install/ardupilot_msgs:/home/skemp32/ros2_ws/install/ardupilot_gz_gazebo:/home/skemp32/ros2_ws/install/ardupilot_gz_description:/home/skemp32/ros2_ws/install/ardupilot_gazebo:/home/skemp32/ros2_ws/install/ardupilot_dds_tests:/opt/ros/humble LD_LIBRARY_PATH=/home/skemp32/ros2_ws/install/ros_gz_interfaces/lib:/home/skemp32/ros2_ws/install/sdformat_urdf/lib:/home/skemp32/ros2_ws/install/ros_gz_sim/lib:/home/skemp32/ros2_ws/install/ros_gz_bridge/lib:/home/skemp32/ros2_ws/install/micro_ros_agent/lib:/home/skemp32/ros2_ws/install/ardupilot_msgs/lib:/opt/ros/humble/opt/rviz_ogre_vendor/lib:/opt/ros/humble/lib/x86_64-linux-gnu:/opt/ros/humble/lib /usr/bin/cmake --build /home/skemp32/ros2_ws/build/ros_gz_bridge -- -j12 -l12
[0.247s] [  2%] Built target gtest_main
[0.247s] [  4%] Built target gtest
[0.249s] [  6%] Built target bridge_node
[0.271s] [  9%] Built target test_rcl_interfaces
[0.274s] [ 13%] Built target test_utils
[0.297s] [ 56%] Built target ros_gz_bridge
[0.309s] [ 58%] Built target test_ros_client
[0.311s] [ 62%] Built target test_gz_server
[0.311s] [ 65%] Built target test_gz_subscriber
[0.312s] [ 67%] Built target test_ros_publisher
[0.316s] [ 70%] Built target test_gz_publisher
[0.324s] [ 72%] Built target bridge_types
[0.327s] [ 74%] Built target parameter_bridge
[0.331s] [ 76%] Built target static_bridge
[0.331s] [ 79%] Built target ros_gz_bridge_bridge_config
[0.335s] [ 82%] Built target test_ros_gz_interfaces
[0.340s] [100%] Built target test_ros_subscriber
[0.353s] Invoked command in '/home/skemp32/ros2_ws/build/ros_gz_bridge' returned '0': CMAKE_PREFIX_PATH=/home/skemp32/ros2_ws/install/ros_gz_interfaces:/home/skemp32/ros2_ws/install/ardupilot_gz_bringup:/home/skemp32/ros2_ws/install/sdformat_urdf:/home/skemp32/ros2_ws/install/sdformat_test_files:/home/skemp32/ros2_ws/install/ros_gz_sim:/home/skemp32/ros2_ws/install/ros_gz_bridge:/home/skemp32/ros2_ws/install/ardupilot_sitl:/home/skemp32/ros2_ws/install/micro_ros_agent:/home/skemp32/ros2_ws/install/ardupilot_sitl_models:/home/skemp32/ros2_ws/install/ardupilot_msgs:/home/skemp32/ros2_ws/install/ardupilot_gz_gazebo:/home/skemp32/ros2_ws/install/ardupilot_gz_description:/home/skemp32/ros2_ws/install/ardupilot_gazebo:/home/skemp32/ros2_ws/install/ardupilot_dds_tests:/opt/ros/humble LD_LIBRARY_PATH=/home/skemp32/ros2_ws/install/ros_gz_interfaces/lib:/home/skemp32/ros2_ws/install/sdformat_urdf/lib:/home/skemp32/ros2_ws/install/ros_gz_sim/lib:/home/skemp32/ros2_ws/install/ros_gz_bridge/lib:/home/skemp32/ros2_ws/install/micro_ros_agent/lib:/home/skemp32/ros2_ws/install/ardupilot_msgs/lib:/opt/ros/humble/opt/rviz_ogre_vendor/lib:/opt/ros/humble/lib/x86_64-linux-gnu:/opt/ros/humble/lib /usr/bin/cmake --build /home/skemp32/ros2_ws/build/ros_gz_bridge -- -j12 -l12
[0.572s] Invoking command in '/home/skemp32/ros2_ws/build/ros_gz_bridge': CMAKE_PREFIX_PATH=/home/skemp32/ros2_ws/install/ros_gz_interfaces:/home/skemp32/ros2_ws/install/ardupilot_gz_bringup:/home/skemp32/ros2_ws/install/sdformat_urdf:/home/skemp32/ros2_ws/install/sdformat_test_files:/home/skemp32/ros2_ws/install/ros_gz_sim:/home/skemp32/ros2_ws/install/ros_gz_bridge:/home/skemp32/ros2_ws/install/ardupilot_sitl:/home/skemp32/ros2_ws/install/micro_ros_agent:/home/skemp32/ros2_ws/install/ardupilot_sitl_models:/home/skemp32/ros2_ws/install/ardupilot_msgs:/home/skemp32/ros2_ws/install/ardupilot_gz_gazebo:/home/skemp32/ros2_ws/install/ardupilot_gz_description:/home/skemp32/ros2_ws/install/ardupilot_gazebo:/home/skemp32/ros2_ws/install/ardupilot_dds_tests:/opt/ros/humble LD_LIBRARY_PATH=/home/skemp32/ros2_ws/install/ros_gz_interfaces/lib:/home/skemp32/ros2_ws/install/sdformat_urdf/lib:/home/skemp32/ros2_ws/install/ros_gz_sim/lib:/home/skemp32/ros2_ws/install/ros_gz_bridge/lib:/home/skemp32/ros2_ws/install/micro_ros_agent/lib:/home/skemp32/ros2_ws/install/ardupilot_msgs/lib:/opt/ros/humble/opt/rviz_ogre_vendor/lib:/opt/ros/humble/lib/x86_64-linux-gnu:/opt/ros/humble/lib /usr/bin/cmake --install /home/skemp32/ros2_ws/build/ros_gz_bridge
[0.580s] -- Install configuration: ""
[0.580s] -- Up-to-date: /home/skemp32/ros2_ws/install/ros_gz_bridge/lib/ros_gz_bridge/bridge_node
[0.580s] -- Up-to-date: /home/skemp32/ros2_ws/install/ros_gz_bridge/lib/libros_gz_bridge.so
[0.581s] -- Up-to-date: /home/skemp32/ros2_ws/install/ros_gz_bridge/include/ros_gz_bridge
[0.581s] -- Up-to-date: /home/skemp32/ros2_ws/install/ros_gz_bridge/include/ros_gz_bridge/ros_gz_bridge
[0.582s] -- Up-to-date: /home/skemp32/ros2_ws/install/ros_gz_bridge/include/ros_gz_bridge/ros_gz_bridge/bridge_config.hpp
[0.582s] -- Up-to-date: /home/skemp32/ros2_ws/install/ros_gz_bridge/include/ros_gz_bridge/ros_gz_bridge/convert.hpp
[0.582s] -- Up-to-date: /home/skemp32/ros2_ws/install/ros_gz_bridge/include/ros_gz_bridge/ros_gz_bridge/convert_decl.hpp
[0.582s] -- Up-to-date: /home/skemp32/ros2_ws/install/ros_gz_bridge/include/ros_gz_bridge/ros_gz_bridge/convert
[0.582s] -- Up-to-date: /home/skemp32/ros2_ws/install/ros_gz_bridge/include/ros_gz_bridge/ros_gz_bridge/convert/gps_msgs.hpp
[0.582s] -- Up-to-date: /home/skemp32/ros2_ws/install/ros_gz_bridge/include/ros_gz_bridge/ros_gz_bridge/convert/sensor_msgs.hpp
[0.582s] -- Up-to-date: /home/skemp32/ros2_ws/install/ros_gz_bridge/include/ros_gz_bridge/ros_gz_bridge/convert/tf2_msgs.hpp
[0.582s] -- Up-to-date: /home/skemp32/ros2_ws/install/ros_gz_bridge/include/ros_gz_bridge/ros_gz_bridge/convert/builtin_interfaces.hpp
[0.582s] -- Up-to-date: /home/skemp32/ros2_ws/install/ros_gz_bridge/include/ros_gz_bridge/ros_gz_bridge/convert/geometry_msgs.hpp
[0.583s] -- Up-to-date: /home/skemp32/ros2_ws/install/ros_gz_bridge/include/ros_gz_bridge/ros_gz_bridge/convert/rosgraph_msgs.hpp
[0.583s] -- Up-to-date: /home/skemp32/ros2_ws/install/ros_gz_bridge/include/ros_gz_bridge/ros_gz_bridge/convert/trajectory_msgs.hpp
[0.583s] -- Up-to-date: /home/skemp32/ros2_ws/install/ros_gz_bridge/include/ros_gz_bridge/ros_gz_bridge/convert/std_msgs.hpp
[0.583s] -- Up-to-date: /home/skemp32/ros2_ws/install/ros_gz_bridge/include/ros_gz_bridge/ros_gz_bridge/convert/rcl_interfaces.hpp
[0.583s] -- Up-to-date: /home/skemp32/ros2_ws/install/ros_gz_bridge/include/ros_gz_bridge/ros_gz_bridge/convert/actuator_msgs.hpp
[0.583s] -- Up-to-date: /home/skemp32/ros2_ws/install/ros_gz_bridge/include/ros_gz_bridge/ros_gz_bridge/convert/vision_msgs.hpp
[0.583s] -- Up-to-date: /home/skemp32/ros2_ws/install/ros_gz_bridge/include/ros_gz_bridge/ros_gz_bridge/convert/nav_msgs.hpp
[0.583s] -- Up-to-date: /home/skemp32/ros2_ws/install/ros_gz_bridge/include/ros_gz_bridge/ros_gz_bridge/convert/ros_gz_interfaces.hpp
[0.583s] -- Up-to-date: /home/skemp32/ros2_ws/install/ros_gz_bridge/include/ros_gz_bridge/ros_gz_bridge/ros_gz_bridge.hpp
[0.584s] -- Up-to-date: /home/skemp32/ros2_ws/install/ros_gz_bridge/lib/ros_gz_bridge/parameter_bridge
[0.584s] -- Up-to-date: /home/skemp32/ros2_ws/install/ros_gz_bridge/lib/ros_gz_bridge/static_bridge
[0.584s] -- Up-to-date: /home/skemp32/ros2_ws/install/ros_gz_bridge/lib/ros_gz_bridge/bridge_types
[0.584s] -- Up-to-date: /home/skemp32/ros2_ws/install/ros_gz_bridge/lib/ros_gz_bridge/test_ros_publisher
[0.584s] -- Up-to-date: /home/skemp32/ros2_ws/install/ros_gz_bridge/lib/ros_gz_bridge/test_ros_subscriber
[0.584s] -- Up-to-date: /home/skemp32/ros2_ws/install/ros_gz_bridge/lib/ros_gz_bridge/test_gz_publisher
[0.585s] -- Up-to-date: /home/skemp32/ros2_ws/install/ros_gz_bridge/lib/ros_gz_bridge/test_gz_subscriber
[0.585s] -- Up-to-date: /home/skemp32/ros2_ws/install/ros_gz_bridge/lib/ros_gz_bridge/test_gz_server
[0.586s] -- Up-to-date: /home/skemp32/ros2_ws/install/ros_gz_bridge/lib/ros_gz_bridge/test_ros_client
[0.586s] -- Up-to-date: /home/skemp32/ros2_ws/install/ros_gz_bridge/share/ros_gz_bridge/environment/library_path.sh
[0.586s] -- Up-to-date: /home/skemp32/ros2_ws/install/ros_gz_bridge/share/ros_gz_bridge/environment/library_path.dsv
[0.587s] -- Up-to-date: /home/skemp32/ros2_ws/install/ros_gz_bridge/share/ament_index/resource_index/package_run_dependencies/ros_gz_bridge
[0.587s] -- Up-to-date: /home/skemp32/ros2_ws/install/ros_gz_bridge/share/ament_index/resource_index/parent_prefix_path/ros_gz_bridge
[0.587s] -- Up-to-date: /home/skemp32/ros2_ws/install/ros_gz_bridge/share/ros_gz_bridge/environment/ament_prefix_path.sh
[0.587s] -- Up-to-date: /home/skemp32/ros2_ws/install/ros_gz_bridge/share/ros_gz_bridge/environment/ament_prefix_path.dsv
[0.587s] -- Up-to-date: /home/skemp32/ros2_ws/install/ros_gz_bridge/share/ros_gz_bridge/environment/path.sh
[0.588s] -- Up-to-date: /home/skemp32/ros2_ws/install/ros_gz_bridge/share/ros_gz_bridge/environment/path.dsv
[0.588s] -- Up-to-date: /home/skemp32/ros2_ws/install/ros_gz_bridge/share/ros_gz_bridge/local_setup.bash
[0.588s] -- Up-to-date: /home/skemp32/ros2_ws/install/ros_gz_bridge/share/ros_gz_bridge/local_setup.sh
[0.588s] -- Up-to-date: /home/skemp32/ros2_ws/install/ros_gz_bridge/share/ros_gz_bridge/local_setup.zsh
[0.589s] -- Up-to-date: /home/skemp32/ros2_ws/install/ros_gz_bridge/share/ros_gz_bridge/local_setup.dsv
[0.589s] -- Installing: /home/skemp32/ros2_ws/install/ros_gz_bridge/share/ros_gz_bridge/package.dsv
[0.589s] -- Up-to-date: /home/skemp32/ros2_ws/install/ros_gz_bridge/share/ament_index/resource_index/packages/ros_gz_bridge
[0.589s] -- Up-to-date: /home/skemp32/ros2_ws/install/ros_gz_bridge/share/ament_index/resource_index/rclcpp_components/ros_gz_bridge
[0.589s] -- Up-to-date: /home/skemp32/ros2_ws/install/ros_gz_bridge/share/ros_gz_bridge/cmake/export_ros_gz_bridgeExport.cmake
[0.589s] -- Up-to-date: /home/skemp32/ros2_ws/install/ros_gz_bridge/share/ros_gz_bridge/cmake/export_ros_gz_bridgeExport-noconfig.cmake
[0.589s] -- Up-to-date: /home/skemp32/ros2_ws/install/ros_gz_bridge/share/ros_gz_bridge/cmake/ament_cmake_export_include_directories-extras.cmake
[0.589s] -- Up-to-date: /home/skemp32/ros2_ws/install/ros_gz_bridge/share/ros_gz_bridge/cmake/ament_cmake_export_libraries-extras.cmake
[0.589s] -- Up-to-date: /home/skemp32/ros2_ws/install/ros_gz_bridge/share/ros_gz_bridge/cmake/ament_cmake_export_targets-extras.cmake
[0.589s] -- Up-to-date: /home/skemp32/ros2_ws/install/ros_gz_bridge/share/ros_gz_bridge/cmake/ament_cmake_export_dependencies-extras.cmake
[0.589s] -- Up-to-date: /home/skemp32/ros2_ws/install/ros_gz_bridge/share/ros_gz_bridge/cmake/ros_gz_bridgeConfig.cmake
[0.589s] -- Up-to-date: /home/skemp32/ros2_ws/install/ros_gz_bridge/share/ros_gz_bridge/cmake/ros_gz_bridgeConfig-version.cmake
[0.589s] -- Up-to-date: /home/skemp32/ros2_ws/install/ros_gz_bridge/share/ros_gz_bridge/package.xml
[0.592s] Invoked command in '/home/skemp32/ros2_ws/build/ros_gz_bridge' returned '0': CMAKE_PREFIX_PATH=/home/skemp32/ros2_ws/install/ros_gz_interfaces:/home/skemp32/ros2_ws/install/ardupilot_gz_bringup:/home/skemp32/ros2_ws/install/sdformat_urdf:/home/skemp32/ros2_ws/install/sdformat_test_files:/home/skemp32/ros2_ws/install/ros_gz_sim:/home/skemp32/ros2_ws/install/ros_gz_bridge:/home/skemp32/ros2_ws/install/ardupilot_sitl:/home/skemp32/ros2_ws/install/micro_ros_agent:/home/skemp32/ros2_ws/install/ardupilot_sitl_models:/home/skemp32/ros2_ws/install/ardupilot_msgs:/home/skemp32/ros2_ws/install/ardupilot_gz_gazebo:/home/skemp32/ros2_ws/install/ardupilot_gz_description:/home/skemp32/ros2_ws/install/ardupilot_gazebo:/home/skemp32/ros2_ws/install/ardupilot_dds_tests:/opt/ros/humble LD_LIBRARY_PATH=/home/skemp32/ros2_ws/install/ros_gz_interfaces/lib:/home/skemp32/ros2_ws/install/sdformat_urdf/lib:/home/skemp32/ros2_ws/install/ros_gz_sim/lib:/home/skemp32/ros2_ws/install/ros_gz_bridge/lib:/home/skemp32/ros2_ws/install/micro_ros_agent/lib:/home/skemp32/ros2_ws/install/ardupilot_msgs/lib:/opt/ros/humble/opt/rviz_ogre_vendor/lib:/opt/ros/humble/lib/x86_64-linux-gnu:/opt/ros/humble/lib /usr/bin/cmake --install /home/skemp32/ros2_ws/build/ros_gz_bridge
