[0.345s] Invoking command in '/home/skemp32/ros2_ws/build/sdformat_urdf': CMAKE_PREFIX_PATH=/home/skemp32/ros2_ws/install/sdformat_test_files:/opt/ros/humble PKG_CONFIG_PATH=/home/skemp32/ros2_ws/install/sdformat_test_files/lib/x86_64-linux-gnu/pkgconfig:/home/skemp32/ros2_ws/install/sdformat_test_files/lib/pkgconfig /usr/bin/cmake /home/skemp32/ros2_ws/src/sdformat_urdf/sdformat_urdf -DCMAKE_INSTALL_PREFIX=/home/skemp32/ros2_ws/install/sdformat_urdf
[0.614s] -- The C compiler identification is GNU 11.4.0
[2.133s] -- The CXX compiler identification is GNU 11.4.0
[3.146s] -- Detecting C compiler ABI info
[3.472s] -- Detecting C compiler ABI info - done
[3.480s] -- Check for working C compiler: /usr/lib/ccache/cc - skipped
[3.481s] -- Detecting C compile features
[3.481s] -- Detecting C compile features - done
[3.485s] -- Detecting CXX compiler ABI info
[3.802s] -- Detecting CXX compiler ABI info - done
[3.812s] -- Check for working CXX compiler: /usr/lib/ccache/c++ - skipped
[3.812s] -- Detecting CXX compile features
[3.813s] -- Detecting CXX compile features - done
[3.818s] -- Found ament_cmake_ros: 0.10.0 (/opt/ros/humble/share/ament_cmake_ros/cmake)
[4.237s] -- Found Python3: /usr/bin/python3 (found version "3.10.12") found components: Interpreter 
[4.357s] -- Found pluginlib: 5.1.0 (/opt/ros/humble/share/pluginlib/cmake)
[9.271s] -- Found urdf_parser_plugin: 2.6.0 (/opt/ros/humble/share/urdf_parser_plugin/cmake)
[9.297s] -- Found TinyXML2 via Config file: TinyXML2_DIR-NOTFOUND
[9.300s] -- Looking for sdformat14 -- found version 14.5.0
[9.337s] -- Searching for dependencies of sdformat14
[9.375s] -- Checking for module 'tinyxml2'
[9.498s] --   Found tinyxml2, version 9.0.0
[9.844s] -- Looking for gz-math7 -- found version 7.5.0
[9.845s] -- Searching for dependencies of gz-math7
[9.850s] -- Looking for gz-utils2 -- found version 2.2.0
[9.865s] -- Searching for dependencies of gz-utils2
[9.867s] -- Looking for gz-utils2 -- found version 2.2.0
[9.870s] -- Searching for dependencies of gz-utils2
[9.870s] -- Searching for <gz-utils2> component [cli]
[9.874s] -- Looking for gz-utils2-cli -- found version 2.2.0
[9.879s] -- Searching for dependencies of gz-utils2-cli
[9.879s] -- Compiling against Gazebo Harmonic (libSDFormat 14)
[9.907s] -- Found ament_lint_auto: 0.12.11 (/opt/ros/humble/share/ament_lint_auto/cmake)
[10.401s] -- Found gtest sources under '/opt/ros/humble/src/gtest_vendor': C++ tests using 'Google Test' will be built
[10.417s] -- Looking for pthread.h
[11.413s] -- Looking for pthread.h - found
[11.413s] -- Performing Test CMAKE_HAVE_LIBC_PTHREAD
[12.123s] -- Performing Test CMAKE_HAVE_LIBC_PTHREAD - Success
[12.123s] -- Found Threads: TRUE  
[12.149s] -- Added test 'copyright' to check source files copyright and LICENSE
[12.152s] -- Added test 'cppcheck' to perform static code analysis on C / C++ code
[12.175s] -- Configured cppcheck include dirs: $<BUILD_INTERFACE:/home/skemp32/ros2_ws/src/sdformat_urdf/sdformat_urdf/include>;/home/skemp32/ros2_ws/src/sdformat_urdf/sdformat_urdf/test/include
[12.175s] -- Configured cppcheck exclude dirs and/or files: 
[12.179s] -- Added test 'cpplint' to check C / C++ code against the Google style
[12.179s] -- Configured cpplint exclude dirs and/or files: 
[12.182s] -- Added test 'lint_cmake' to check CMake code style
[12.183s] -- Added test 'uncrustify' to check C / C++ code style
[12.183s] -- Configured uncrustify additional arguments: 
[12.185s] -- Added test 'xmllint' to check XML markup files
[12.189s] -- Configuring done
[12.285s] -- Generating done
[12.290s] -- Build files have been written to: /home/skemp32/ros2_ws/build/sdformat_urdf
[12.322s] Invoked command in '/home/skemp32/ros2_ws/build/sdformat_urdf' returned '0': CMAKE_PREFIX_PATH=/home/skemp32/ros2_ws/install/sdformat_test_files:/opt/ros/humble PKG_CONFIG_PATH=/home/skemp32/ros2_ws/install/sdformat_test_files/lib/x86_64-linux-gnu/pkgconfig:/home/skemp32/ros2_ws/install/sdformat_test_files/lib/pkgconfig /usr/bin/cmake /home/skemp32/ros2_ws/src/sdformat_urdf/sdformat_urdf -DCMAKE_INSTALL_PREFIX=/home/skemp32/ros2_ws/install/sdformat_urdf
[12.324s] Invoking command in '/home/skemp32/ros2_ws/build/sdformat_urdf': CMAKE_PREFIX_PATH=/home/skemp32/ros2_ws/install/sdformat_test_files:/opt/ros/humble PKG_CONFIG_PATH=/home/skemp32/ros2_ws/install/sdformat_test_files/lib/x86_64-linux-gnu/pkgconfig:/home/skemp32/ros2_ws/install/sdformat_test_files/lib/pkgconfig /usr/bin/cmake --build /home/skemp32/ros2_ws/build/sdformat_urdf -- -j12 -l12
[12.480s] [  4%] [32mBuilding CXX object gtest/CMakeFiles/gtest.dir/src/gtest-all.cc.o[0m
[12.500s] [  9%] [32mBuilding CXX object CMakeFiles/sdformat_urdf.dir/src/sdformat_urdf.cpp.o[0m
[12.500s] [ 13%] [32mBuilding CXX object gtest/CMakeFiles/gtest_main.dir/src/gtest_main.cc.o[0m
[14.129s] [ 18%] [32m[1mLinking CXX static library libgtest_main.a[0m
[14.228s] [ 18%] Built target gtest_main
[17.483s] [01m[K/home/skemp32/ros2_ws/src/sdformat_urdf/sdformat_urdf/src/sdformat_urdf.cpp:[m[K In function ‘[01m[Kurdf::ModelInterfaceSharedPtr sdformat_urdf::convert_model(const sdf::v14::Model&, sdf::v14::Errors&)[m[K’:
[17.483s] [01m[K/home/skemp32/ros2_ws/src/sdformat_urdf/sdformat_urdf/src/sdformat_urdf.cpp:118:48:[m[K [01;35m[Kwarning: [m[K‘[01m[Kconst string& sdf::v14::Joint::ChildLinkName() const[m[K’ is deprecated [[01;35m[K-Wdeprecated-declarations[m[K]
[17.483s]   118 |       if (sdf_joint && [01;35m[Ksdf_joint->ChildLinkName()[m[K == sdf_link->Name()) {
[17.483s]       |                        [01;35m[K~~~~~~~~~~~~~~~~~~~~~~~~^~[m[K
[17.483s] In file included from [01m[K/home/skemp32/ros2_ws/src/sdformat_urdf/sdformat_urdf/src/sdformat_urdf.cpp:28[m[K:
[17.483s] [01m[K/usr/include/gz/sdformat14/sdf/Joint.hh:145:50:[m[K [01;36m[Knote: [m[Kdeclared here
[17.483s]   145 |     public: GZ_DEPRECATED(13) const std::string &[01;36m[KChildLinkName[m[K() const;
[17.484s]       |                                                  [01;36m[K^~~~~~~~~~~~~[m[K
[17.484s] [01m[K/home/skemp32/ros2_ws/src/sdformat_urdf/sdformat_urdf/src/sdformat_urdf.cpp:215:36:[m[K [01;35m[Kwarning: [m[K‘[01m[Kconst string& sdf::v14::Joint::ParentLinkName() const[m[K’ is deprecated [[01;35m[K-Wdeprecated-declarations[m[K]
[17.484s]   215 |       if ([01;35m[Ksdf_joint->ParentLinkName()[m[K == sdf_parent_link->Name()) {
[17.484s]       |           [01;35m[K~~~~~~~~~~~~~~~~~~~~~~~~~^~[m[K
[17.484s] In file included from [01m[K/home/skemp32/ros2_ws/src/sdformat_urdf/sdformat_urdf/src/sdformat_urdf.cpp:28[m[K:
[17.484s] [01m[K/usr/include/gz/sdformat14/sdf/Joint.hh:135:50:[m[K [01;36m[Knote: [m[Kdeclared here
[17.484s]   135 |     public: GZ_DEPRECATED(13) const std::string &[01;36m[KParentLinkName[m[K() const;
[17.484s]       |                                                  [01;36m[K^~~~~~~~~~~~~~[m[K
[17.485s] [01m[K/home/skemp32/ros2_ws/src/sdformat_urdf/sdformat_urdf/src/sdformat_urdf.cpp:272:42:[m[K [01;35m[Kwarning: [m[K‘[01m[Kconst string& sdf::v14::Joint::ChildLinkName() const[m[K’ is deprecated [[01;35m[K-Wdeprecated-declarations[m[K]
[17.485s]   272 |       } else if ([01;35m[Ksdf_joint->ChildLinkName()[m[K == sdf_parent_link->Name()) {
[17.485s]       |                  [01;35m[K~~~~~~~~~~~~~~~~~~~~~~~~^~[m[K
[17.485s] In file included from [01m[K/home/skemp32/ros2_ws/src/sdformat_urdf/sdformat_urdf/src/sdformat_urdf.cpp:28[m[K:
[17.485s] [01m[K/usr/include/gz/sdformat14/sdf/Joint.hh:145:50:[m[K [01;36m[Knote: [m[Kdeclared here
[17.485s]   145 |     public: GZ_DEPRECATED(13) const std::string &[01;36m[KChildLinkName[m[K() const;
[17.485s]       |                                                  [01;36m[K^~~~~~~~~~~~~[m[K
[17.485s] [01m[K/home/skemp32/ros2_ws/src/sdformat_urdf/sdformat_urdf/src/sdformat_urdf.cpp:[m[K In function ‘[01m[Kurdf::JointSharedPtr sdformat_urdf::convert_joint(const sdf::v14::Joint&, sdf::v14::Errors&)[m[K’:
[17.485s] [01m[K/home/skemp32/ros2_ws/src/sdformat_urdf/sdformat_urdf/src/sdformat_urdf.cpp:576:56:[m[K [01;35m[Kwarning: [m[K‘[01m[Kconst string& sdf::v14::Joint::ChildLinkName() const[m[K’ is deprecated [[01;35m[K-Wdeprecated-declarations[m[K]
[17.485s]   576 |   urdf_joint->child_link_name = [01;35m[Ksdf_joint.ChildLinkName()[m[K;
[17.485s]       |                                 [01;35m[K~~~~~~~~~~~~~~~~~~~~~~~^~[m[K
[17.486s] In file included from [01m[K/home/skemp32/ros2_ws/src/sdformat_urdf/sdformat_urdf/src/sdformat_urdf.cpp:28[m[K:
[17.486s] [01m[K/usr/include/gz/sdformat14/sdf/Joint.hh:145:50:[m[K [01;36m[Knote: [m[Kdeclared here
[17.486s]   145 |     public: GZ_DEPRECATED(13) const std::string &[01;36m[KChildLinkName[m[K() const;
[17.486s]       |                                                  [01;36m[K^~~~~~~~~~~~~[m[K
[17.486s] [01m[K/home/skemp32/ros2_ws/src/sdformat_urdf/sdformat_urdf/src/sdformat_urdf.cpp:577:58:[m[K [01;35m[Kwarning: [m[K‘[01m[Kconst string& sdf::v14::Joint::ParentLinkName() const[m[K’ is deprecated [[01;35m[K-Wdeprecated-declarations[m[K]
[17.486s]   577 |   urdf_joint->parent_link_name = [01;35m[Ksdf_joint.ParentLinkName()[m[K;
[17.486s]       |                                  [01;35m[K~~~~~~~~~~~~~~~~~~~~~~~~^~[m[K
[17.486s] In file included from [01m[K/home/skemp32/ros2_ws/src/sdformat_urdf/sdformat_urdf/src/sdformat_urdf.cpp:28[m[K:
[17.486s] [01m[K/usr/include/gz/sdformat14/sdf/Joint.hh:135:50:[m[K [01;36m[Knote: [m[Kdeclared here
[17.486s]   135 |     public: GZ_DEPRECATED(13) const std::string &[01;36m[KParentLinkName[m[K() const;
[17.487s]       |                                                  [01;36m[K^~~~~~~~~~~~~~[m[K
[17.508s] [ 22%] [32m[1mLinking CXX shared library libsdformat_urdf.so[0m
[18.229s] [ 22%] Built target sdformat_urdf
[18.259s] [ 27%] [32mBuilding CXX object CMakeFiles/sdformat_urdf_plugin.dir/src/sdformat_urdf_plugin.cpp.o[0m
[18.525s] [ 31%] [32m[1mLinking CXX static library libgtest.a[0m
[18.702s] [ 31%] Built target gtest
[18.784s] [ 36%] [32mBuilding CXX object CMakeFiles/sdf_geometry_tests.dir/test/geometry_tests.cpp.o[0m
[18.824s] [ 40%] [32mBuilding CXX object CMakeFiles/sdf_graph_tests.dir/test/graph_tests.cpp.o[0m
[18.840s] [ 45%] [32mBuilding CXX object CMakeFiles/sdf_link_tests.dir/test/link_tests.cpp.o[0m
[18.868s] [ 50%] [32mBuilding CXX object CMakeFiles/sdf_joint_tests.dir/test/joint_tests.cpp.o[0m
[18.881s] [ 54%] [32mBuilding CXX object CMakeFiles/sdf_model_tests.dir/test/model_tests.cpp.o[0m
[18.897s] [ 59%] [32mBuilding CXX object CMakeFiles/sdf_material_tests.dir/test/material_tests.cpp.o[0m
[19.028s] [ 63%] [32mBuilding CXX object CMakeFiles/sdf_pose_tests.dir/test/pose_tests.cpp.o[0m
[22.300s] [ 68%] [32m[1mLinking CXX shared library libsdformat_urdf_plugin.so[0m
[22.910s] [ 68%] Built target sdformat_urdf_plugin
[24.175s] [ 72%] [32m[1mLinking CXX executable sdf_model_tests[0m
[24.283s] [ 77%] [32m[1mLinking CXX executable sdf_link_tests[0m
[24.515s] [ 81%] [32m[1mLinking CXX executable sdf_material_tests[0m
[24.819s] [ 86%] [32m[1mLinking CXX executable sdf_graph_tests[0m
[24.845s] [ 86%] Built target sdf_model_tests
[24.921s] [ 90%] [32m[1mLinking CXX executable sdf_geometry_tests[0m
[24.927s] [ 90%] Built target sdf_link_tests
[25.038s] [ 95%] [32m[1mLinking CXX executable sdf_joint_tests[0m
[25.099s] [100%] [32m[1mLinking CXX executable sdf_pose_tests[0m
[25.104s] [100%] Built target sdf_material_tests
[25.403s] [100%] Built target sdf_graph_tests
[25.484s] [100%] Built target sdf_geometry_tests
[25.687s] [100%] Built target sdf_joint_tests
[25.696s] [100%] Built target sdf_pose_tests
[25.719s] Invoked command in '/home/skemp32/ros2_ws/build/sdformat_urdf' returned '0': CMAKE_PREFIX_PATH=/home/skemp32/ros2_ws/install/sdformat_test_files:/opt/ros/humble PKG_CONFIG_PATH=/home/skemp32/ros2_ws/install/sdformat_test_files/lib/x86_64-linux-gnu/pkgconfig:/home/skemp32/ros2_ws/install/sdformat_test_files/lib/pkgconfig /usr/bin/cmake --build /home/skemp32/ros2_ws/build/sdformat_urdf -- -j12 -l12
[25.821s] Invoking command in '/home/skemp32/ros2_ws/build/sdformat_urdf': CMAKE_PREFIX_PATH=/home/skemp32/ros2_ws/install/sdformat_test_files:/opt/ros/humble PKG_CONFIG_PATH=/home/skemp32/ros2_ws/install/sdformat_test_files/lib/x86_64-linux-gnu/pkgconfig:/home/skemp32/ros2_ws/install/sdformat_test_files/lib/pkgconfig /usr/bin/cmake --install /home/skemp32/ros2_ws/build/sdformat_urdf
[25.831s] -- Install configuration: ""
[25.832s] -- Installing: /home/skemp32/ros2_ws/install/sdformat_urdf/lib/libsdformat_urdf.so
[25.836s] -- Set runtime path of "/home/skemp32/ros2_ws/install/sdformat_urdf/lib/libsdformat_urdf.so" to ""
[25.837s] -- Installing: /home/skemp32/ros2_ws/install/sdformat_urdf/lib/libsdformat_urdf_plugin.so
[25.838s] -- Set runtime path of "/home/skemp32/ros2_ws/install/sdformat_urdf/lib/libsdformat_urdf_plugin.so" to ""
[25.838s] -- Installing: /home/skemp32/ros2_ws/install/sdformat_urdf/include
[25.839s] -- Installing: /home/skemp32/ros2_ws/install/sdformat_urdf/include/sdformat_urdf
[25.839s] -- Installing: /home/skemp32/ros2_ws/install/sdformat_urdf/include/sdformat_urdf/sdformat_urdf.hpp
[25.839s] -- Installing: /home/skemp32/ros2_ws/install/sdformat_urdf/include/sdformat_urdf/visibility_control.hpp
[25.841s] -- Installing: /home/skemp32/ros2_ws/install/sdformat_urdf/share/sdformat_urdf/environment/library_path.sh
[25.842s] -- Installing: /home/skemp32/ros2_ws/install/sdformat_urdf/share/sdformat_urdf/environment/library_path.dsv
[25.842s] -- Installing: /home/skemp32/ros2_ws/install/sdformat_urdf/share/sdformat_urdf/sdformat_urdf_plugin.xml
[25.844s] -- Installing: /home/skemp32/ros2_ws/install/sdformat_urdf/share/ament_index/resource_index/package_run_dependencies/sdformat_urdf
[25.845s] -- Installing: /home/skemp32/ros2_ws/install/sdformat_urdf/share/ament_index/resource_index/parent_prefix_path/sdformat_urdf
[25.845s] -- Installing: /home/skemp32/ros2_ws/install/sdformat_urdf/share/sdformat_urdf/environment/ament_prefix_path.sh
[25.845s] -- Installing: /home/skemp32/ros2_ws/install/sdformat_urdf/share/sdformat_urdf/environment/ament_prefix_path.dsv
[25.845s] -- Installing: /home/skemp32/ros2_ws/install/sdformat_urdf/share/sdformat_urdf/environment/path.sh
[25.846s] -- Installing: /home/skemp32/ros2_ws/install/sdformat_urdf/share/sdformat_urdf/environment/path.dsv
[25.846s] -- Installing: /home/skemp32/ros2_ws/install/sdformat_urdf/share/sdformat_urdf/local_setup.bash
[25.846s] -- Installing: /home/skemp32/ros2_ws/install/sdformat_urdf/share/sdformat_urdf/local_setup.sh
[25.847s] -- Installing: /home/skemp32/ros2_ws/install/sdformat_urdf/share/sdformat_urdf/local_setup.zsh
[25.847s] -- Installing: /home/skemp32/ros2_ws/install/sdformat_urdf/share/sdformat_urdf/local_setup.dsv
[25.848s] -- Installing: /home/skemp32/ros2_ws/install/sdformat_urdf/share/sdformat_urdf/package.dsv
[25.848s] -- Installing: /home/skemp32/ros2_ws/install/sdformat_urdf/share/ament_index/resource_index/packages/sdformat_urdf
[25.849s] -- Installing: /home/skemp32/ros2_ws/install/sdformat_urdf/share/ament_index/resource_index/urdf_parser_plugin__pluginlib__plugin/sdformat_urdf
[25.850s] -- Installing: /home/skemp32/ros2_ws/install/sdformat_urdf/share/sdformat_urdf/cmake/sdformat_urdf-exportExport.cmake
[25.850s] -- Installing: /home/skemp32/ros2_ws/install/sdformat_urdf/share/sdformat_urdf/cmake/sdformat_urdf-exportExport-noconfig.cmake
[25.850s] -- Installing: /home/skemp32/ros2_ws/install/sdformat_urdf/share/sdformat_urdf/cmake/ament_cmake_export_dependencies-extras.cmake
[25.851s] -- Installing: /home/skemp32/ros2_ws/install/sdformat_urdf/share/sdformat_urdf/cmake/ament_cmake_export_targets-extras.cmake
[25.852s] -- Installing: /home/skemp32/ros2_ws/install/sdformat_urdf/share/sdformat_urdf/cmake/sdformat_urdfConfig.cmake
[25.852s] -- Installing: /home/skemp32/ros2_ws/install/sdformat_urdf/share/sdformat_urdf/cmake/sdformat_urdfConfig-version.cmake
[25.852s] -- Installing: /home/skemp32/ros2_ws/install/sdformat_urdf/share/sdformat_urdf/package.xml
[25.857s] Invoked command in '/home/skemp32/ros2_ws/build/sdformat_urdf' returned '0': CMAKE_PREFIX_PATH=/home/skemp32/ros2_ws/install/sdformat_test_files:/opt/ros/humble PKG_CONFIG_PATH=/home/skemp32/ros2_ws/install/sdformat_test_files/lib/x86_64-linux-gnu/pkgconfig:/home/skemp32/ros2_ws/install/sdformat_test_files/lib/pkgconfig /usr/bin/cmake --install /home/skemp32/ros2_ws/build/sdformat_urdf
