[0.043s] Invoking command in '/home/skemp32/ros2_ws/build/ardupilot_msgs': CMAKE_PREFIX_PATH=/opt/ros/humble /usr/bin/cmake --build /home/skemp32/ros2_ws/build/ardupilot_msgs -- -j12 -l12
[0.105s] [ 10%] Built target ardupilot_msgs__rosidl_generator_c
[0.107s] [ 12%] Built target ardupilot_msgs__cpp
[0.126s] [ 12%] Built target ament_cmake_python_copy_ardupilot_msgs
[0.140s] [ 23%] Built target ardupilot_msgs__rosidl_typesupport_c
[0.140s] [ 40%] Built target ardupilot_msgs__rosidl_typesupport_fastrtps_c
[0.141s] [ 44%] Built target ardupilot_msgs__rosidl_typesupport_cpp
[0.141s] [ 55%] Built target ardupilot_msgs__rosidl_typesupport_introspection_c
[0.146s] [ 65%] Built target ardupilot_msgs__rosidl_typesupport_fastrtps_cpp
[0.147s] [ 76%] Built target ardupilot_msgs__rosidl_typesupport_introspection_cpp
[0.169s] [ 76%] Built target ardupilot_msgs
[0.195s] [ 78%] Built target ardupilot_msgs__py
[0.224s] [ 87%] Built target ardupilot_msgs__rosidl_generator_py
[0.254s] [ 91%] Built target ardupilot_msgs__rosidl_typesupport_introspection_c__pyext
[0.261s] [ 95%] Built target ardupilot_msgs__rosidl_typesupport_c__pyext
[0.265s] [100%] Built target ardupilot_msgs__rosidl_typesupport_fastrtps_c__pyext
[0.448s] running egg_info
[0.468s] writing ardupilot_msgs.egg-info/PKG-INFO
[0.469s] writing dependency_links to ardupilot_msgs.egg-info/dependency_links.txt
[0.470s] writing top-level names to ardupilot_msgs.egg-info/top_level.txt
[0.537s] reading manifest file 'ardupilot_msgs.egg-info/SOURCES.txt'
[0.538s] writing manifest file 'ardupilot_msgs.egg-info/SOURCES.txt'
[0.574s] [100%] Built target ament_cmake_python_build_ardupilot_msgs_egg
[0.587s] Invoked command in '/home/skemp32/ros2_ws/build/ardupilot_msgs' returned '0': CMAKE_PREFIX_PATH=/opt/ros/humble /usr/bin/cmake --build /home/skemp32/ros2_ws/build/ardupilot_msgs -- -j12 -l12
[0.694s] Invoking command in '/home/skemp32/ros2_ws/build/ardupilot_msgs': CMAKE_PREFIX_PATH=/opt/ros/humble /usr/bin/cmake --install /home/skemp32/ros2_ws/build/ardupilot_msgs
[0.702s] -- Install configuration: ""
[0.702s] -- Up-to-date: /home/skemp32/ros2_ws/install/ardupilot_msgs/share/ament_index/resource_index/rosidl_interfaces/ardupilot_msgs
[0.703s] -- Up-to-date: /home/skemp32/ros2_ws/install/ardupilot_msgs/include/ardupilot_msgs/ardupilot_msgs
[0.703s] -- Up-to-date: /home/skemp32/ros2_ws/install/ardupilot_msgs/include/ardupilot_msgs/ardupilot_msgs/msg
[0.703s] -- Up-to-date: /home/skemp32/ros2_ws/install/ardupilot_msgs/include/ardupilot_msgs/ardupilot_msgs/msg/rosidl_generator_c__visibility_control.h
[0.703s] -- Up-to-date: /home/skemp32/ros2_ws/install/ardupilot_msgs/include/ardupilot_msgs/ardupilot_msgs/msg/global_position.h
[0.704s] -- Up-to-date: /home/skemp32/ros2_ws/install/ardupilot_msgs/include/ardupilot_msgs/ardupilot_msgs/msg/detail
[0.704s] -- Up-to-date: /home/skemp32/ros2_ws/install/ardupilot_msgs/include/ardupilot_msgs/ardupilot_msgs/msg/detail/global_position__struct.h
[0.704s] -- Up-to-date: /home/skemp32/ros2_ws/install/ardupilot_msgs/include/ardupilot_msgs/ardupilot_msgs/msg/detail/global_position__type_support.h
[0.704s] -- Up-to-date: /home/skemp32/ros2_ws/install/ardupilot_msgs/include/ardupilot_msgs/ardupilot_msgs/msg/detail/global_position__functions.c
[0.705s] -- Up-to-date: /home/skemp32/ros2_ws/install/ardupilot_msgs/include/ardupilot_msgs/ardupilot_msgs/msg/detail/global_position__functions.h
[0.705s] -- Up-to-date: /home/skemp32/ros2_ws/install/ardupilot_msgs/include/ardupilot_msgs/ardupilot_msgs/srv
[0.705s] -- Up-to-date: /home/skemp32/ros2_ws/install/ardupilot_msgs/include/ardupilot_msgs/ardupilot_msgs/srv/mode_switch.h
[0.705s] -- Up-to-date: /home/skemp32/ros2_ws/install/ardupilot_msgs/include/ardupilot_msgs/ardupilot_msgs/srv/arm_motors.h
[0.705s] -- Up-to-date: /home/skemp32/ros2_ws/install/ardupilot_msgs/include/ardupilot_msgs/ardupilot_msgs/srv/detail
[0.706s] -- Up-to-date: /home/skemp32/ros2_ws/install/ardupilot_msgs/include/ardupilot_msgs/ardupilot_msgs/srv/detail/mode_switch__functions.h
[0.706s] -- Up-to-date: /home/skemp32/ros2_ws/install/ardupilot_msgs/include/ardupilot_msgs/ardupilot_msgs/srv/detail/mode_switch__struct.h
[0.706s] -- Up-to-date: /home/skemp32/ros2_ws/install/ardupilot_msgs/include/ardupilot_msgs/ardupilot_msgs/srv/detail/arm_motors__functions.c
[0.706s] -- Up-to-date: /home/skemp32/ros2_ws/install/ardupilot_msgs/include/ardupilot_msgs/ardupilot_msgs/srv/detail/arm_motors__functions.h
[0.707s] -- Up-to-date: /home/skemp32/ros2_ws/install/ardupilot_msgs/include/ardupilot_msgs/ardupilot_msgs/srv/detail/arm_motors__type_support.h
[0.707s] -- Up-to-date: /home/skemp32/ros2_ws/install/ardupilot_msgs/include/ardupilot_msgs/ardupilot_msgs/srv/detail/mode_switch__functions.c
[0.707s] -- Up-to-date: /home/skemp32/ros2_ws/install/ardupilot_msgs/include/ardupilot_msgs/ardupilot_msgs/srv/detail/arm_motors__struct.h
[0.707s] -- Up-to-date: /home/skemp32/ros2_ws/install/ardupilot_msgs/include/ardupilot_msgs/ardupilot_msgs/srv/detail/mode_switch__type_support.h
[0.708s] -- Up-to-date: /home/skemp32/ros2_ws/install/ardupilot_msgs/share/ardupilot_msgs/environment/library_path.sh
[0.708s] -- Up-to-date: /home/skemp32/ros2_ws/install/ardupilot_msgs/share/ardupilot_msgs/environment/library_path.dsv
[0.708s] -- Up-to-date: /home/skemp32/ros2_ws/install/ardupilot_msgs/lib/libardupilot_msgs__rosidl_generator_c.so
[0.709s] -- Up-to-date: /home/skemp32/ros2_ws/install/ardupilot_msgs/include/ardupilot_msgs/ardupilot_msgs
[0.709s] -- Up-to-date: /home/skemp32/ros2_ws/install/ardupilot_msgs/include/ardupilot_msgs/ardupilot_msgs/msg
[0.709s] -- Up-to-date: /home/skemp32/ros2_ws/install/ardupilot_msgs/include/ardupilot_msgs/ardupilot_msgs/msg/detail
[0.710s] -- Up-to-date: /home/skemp32/ros2_ws/install/ardupilot_msgs/include/ardupilot_msgs/ardupilot_msgs/msg/detail/global_position__rosidl_typesupport_fastrtps_c.h
[0.710s] -- Up-to-date: /home/skemp32/ros2_ws/install/ardupilot_msgs/include/ardupilot_msgs/ardupilot_msgs/msg/rosidl_typesupport_fastrtps_c__visibility_control.h
[0.710s] -- Up-to-date: /home/skemp32/ros2_ws/install/ardupilot_msgs/include/ardupilot_msgs/ardupilot_msgs/srv
[0.710s] -- Up-to-date: /home/skemp32/ros2_ws/install/ardupilot_msgs/include/ardupilot_msgs/ardupilot_msgs/srv/detail
[0.711s] -- Up-to-date: /home/skemp32/ros2_ws/install/ardupilot_msgs/include/ardupilot_msgs/ardupilot_msgs/srv/detail/arm_motors__rosidl_typesupport_fastrtps_c.h
[0.711s] -- Up-to-date: /home/skemp32/ros2_ws/install/ardupilot_msgs/include/ardupilot_msgs/ardupilot_msgs/srv/detail/mode_switch__rosidl_typesupport_fastrtps_c.h
[0.711s] -- Up-to-date: /home/skemp32/ros2_ws/install/ardupilot_msgs/lib/libardupilot_msgs__rosidl_typesupport_fastrtps_c.so
[0.711s] -- Up-to-date: /home/skemp32/ros2_ws/install/ardupilot_msgs/include/ardupilot_msgs/ardupilot_msgs
[0.712s] -- Up-to-date: /home/skemp32/ros2_ws/install/ardupilot_msgs/include/ardupilot_msgs/ardupilot_msgs/msg
[0.712s] -- Up-to-date: /home/skemp32/ros2_ws/install/ardupilot_msgs/include/ardupilot_msgs/ardupilot_msgs/msg/global_position.hpp
[0.713s] -- Up-to-date: /home/skemp32/ros2_ws/install/ardupilot_msgs/include/ardupilot_msgs/ardupilot_msgs/msg/detail
[0.713s] -- Up-to-date: /home/skemp32/ros2_ws/install/ardupilot_msgs/include/ardupilot_msgs/ardupilot_msgs/msg/detail/global_position__traits.hpp
[0.713s] -- Up-to-date: /home/skemp32/ros2_ws/install/ardupilot_msgs/include/ardupilot_msgs/ardupilot_msgs/msg/detail/global_position__struct.hpp
[0.713s] -- Up-to-date: /home/skemp32/ros2_ws/install/ardupilot_msgs/include/ardupilot_msgs/ardupilot_msgs/msg/detail/global_position__builder.hpp
[0.714s] -- Up-to-date: /home/skemp32/ros2_ws/install/ardupilot_msgs/include/ardupilot_msgs/ardupilot_msgs/srv
[0.714s] -- Up-to-date: /home/skemp32/ros2_ws/install/ardupilot_msgs/include/ardupilot_msgs/ardupilot_msgs/srv/mode_switch.hpp
[0.714s] -- Up-to-date: /home/skemp32/ros2_ws/install/ardupilot_msgs/include/ardupilot_msgs/ardupilot_msgs/srv/arm_motors.hpp
[0.714s] -- Up-to-date: /home/skemp32/ros2_ws/install/ardupilot_msgs/include/ardupilot_msgs/ardupilot_msgs/srv/detail
[0.714s] -- Up-to-date: /home/skemp32/ros2_ws/install/ardupilot_msgs/include/ardupilot_msgs/ardupilot_msgs/srv/detail/mode_switch__builder.hpp
[0.714s] -- Up-to-date: /home/skemp32/ros2_ws/install/ardupilot_msgs/include/ardupilot_msgs/ardupilot_msgs/srv/detail/mode_switch__traits.hpp
[0.714s] -- Up-to-date: /home/skemp32/ros2_ws/install/ardupilot_msgs/include/ardupilot_msgs/ardupilot_msgs/srv/detail/arm_motors__struct.hpp
[0.715s] -- Up-to-date: /home/skemp32/ros2_ws/install/ardupilot_msgs/include/ardupilot_msgs/ardupilot_msgs/srv/detail/arm_motors__builder.hpp
[0.715s] -- Up-to-date: /home/skemp32/ros2_ws/install/ardupilot_msgs/include/ardupilot_msgs/ardupilot_msgs/srv/detail/arm_motors__traits.hpp
[0.716s] -- Up-to-date: /home/skemp32/ros2_ws/install/ardupilot_msgs/include/ardupilot_msgs/ardupilot_msgs/srv/detail/mode_switch__struct.hpp
[0.716s] -- Up-to-date: /home/skemp32/ros2_ws/install/ardupilot_msgs/include/ardupilot_msgs/ardupilot_msgs
[0.716s] -- Up-to-date: /home/skemp32/ros2_ws/install/ardupilot_msgs/include/ardupilot_msgs/ardupilot_msgs/msg
[0.716s] -- Up-to-date: /home/skemp32/ros2_ws/install/ardupilot_msgs/include/ardupilot_msgs/ardupilot_msgs/msg/detail
[0.717s] -- Up-to-date: /home/skemp32/ros2_ws/install/ardupilot_msgs/include/ardupilot_msgs/ardupilot_msgs/msg/detail/dds_fastrtps
[0.717s] -- Up-to-date: /home/skemp32/ros2_ws/install/ardupilot_msgs/include/ardupilot_msgs/ardupilot_msgs/msg/detail/global_position__rosidl_typesupport_fastrtps_cpp.hpp
[0.717s] -- Up-to-date: /home/skemp32/ros2_ws/install/ardupilot_msgs/include/ardupilot_msgs/ardupilot_msgs/msg/rosidl_typesupport_fastrtps_cpp__visibility_control.h
[0.717s] -- Up-to-date: /home/skemp32/ros2_ws/install/ardupilot_msgs/include/ardupilot_msgs/ardupilot_msgs/srv
[0.717s] -- Up-to-date: /home/skemp32/ros2_ws/install/ardupilot_msgs/include/ardupilot_msgs/ardupilot_msgs/srv/detail
[0.717s] -- Up-to-date: /home/skemp32/ros2_ws/install/ardupilot_msgs/include/ardupilot_msgs/ardupilot_msgs/srv/detail/arm_motors__rosidl_typesupport_fastrtps_cpp.hpp
[0.717s] -- Up-to-date: /home/skemp32/ros2_ws/install/ardupilot_msgs/include/ardupilot_msgs/ardupilot_msgs/srv/detail/dds_fastrtps
[0.717s] -- Up-to-date: /home/skemp32/ros2_ws/install/ardupilot_msgs/include/ardupilot_msgs/ardupilot_msgs/srv/detail/mode_switch__rosidl_typesupport_fastrtps_cpp.hpp
[0.717s] -- Up-to-date: /home/skemp32/ros2_ws/install/ardupilot_msgs/lib/libardupilot_msgs__rosidl_typesupport_fastrtps_cpp.so
[0.717s] -- Up-to-date: /home/skemp32/ros2_ws/install/ardupilot_msgs/include/ardupilot_msgs/ardupilot_msgs
[0.718s] -- Up-to-date: /home/skemp32/ros2_ws/install/ardupilot_msgs/include/ardupilot_msgs/ardupilot_msgs/msg
[0.718s] -- Up-to-date: /home/skemp32/ros2_ws/install/ardupilot_msgs/include/ardupilot_msgs/ardupilot_msgs/msg/detail
[0.718s] -- Up-to-date: /home/skemp32/ros2_ws/install/ardupilot_msgs/include/ardupilot_msgs/ardupilot_msgs/msg/detail/global_position__type_support.c
[0.718s] -- Up-to-date: /home/skemp32/ros2_ws/install/ardupilot_msgs/include/ardupilot_msgs/ardupilot_msgs/msg/detail/global_position__rosidl_typesupport_introspection_c.h
[0.718s] -- Up-to-date: /home/skemp32/ros2_ws/install/ardupilot_msgs/include/ardupilot_msgs/ardupilot_msgs/msg/rosidl_typesupport_introspection_c__visibility_control.h
[0.718s] -- Up-to-date: /home/skemp32/ros2_ws/install/ardupilot_msgs/include/ardupilot_msgs/ardupilot_msgs/srv
[0.718s] -- Up-to-date: /home/skemp32/ros2_ws/install/ardupilot_msgs/include/ardupilot_msgs/ardupilot_msgs/srv/detail
[0.718s] -- Up-to-date: /home/skemp32/ros2_ws/install/ardupilot_msgs/include/ardupilot_msgs/ardupilot_msgs/srv/detail/arm_motors__type_support.c
[0.718s] -- Up-to-date: /home/skemp32/ros2_ws/install/ardupilot_msgs/include/ardupilot_msgs/ardupilot_msgs/srv/detail/mode_switch__rosidl_typesupport_introspection_c.h
[0.718s] -- Up-to-date: /home/skemp32/ros2_ws/install/ardupilot_msgs/include/ardupilot_msgs/ardupilot_msgs/srv/detail/arm_motors__rosidl_typesupport_introspection_c.h
[0.718s] -- Up-to-date: /home/skemp32/ros2_ws/install/ardupilot_msgs/include/ardupilot_msgs/ardupilot_msgs/srv/detail/mode_switch__type_support.c
[0.718s] -- Up-to-date: /home/skemp32/ros2_ws/install/ardupilot_msgs/lib/libardupilot_msgs__rosidl_typesupport_introspection_c.so
[0.719s] -- Up-to-date: /home/skemp32/ros2_ws/install/ardupilot_msgs/lib/libardupilot_msgs__rosidl_typesupport_c.so
[0.719s] -- Up-to-date: /home/skemp32/ros2_ws/install/ardupilot_msgs/include/ardupilot_msgs/ardupilot_msgs
[0.719s] -- Up-to-date: /home/skemp32/ros2_ws/install/ardupilot_msgs/include/ardupilot_msgs/ardupilot_msgs/msg
[0.719s] -- Up-to-date: /home/skemp32/ros2_ws/install/ardupilot_msgs/include/ardupilot_msgs/ardupilot_msgs/msg/detail
[0.719s] -- Up-to-date: /home/skemp32/ros2_ws/install/ardupilot_msgs/include/ardupilot_msgs/ardupilot_msgs/msg/detail/global_position__type_support.cpp
[0.719s] -- Up-to-date: /home/skemp32/ros2_ws/install/ardupilot_msgs/include/ardupilot_msgs/ardupilot_msgs/msg/detail/global_position__rosidl_typesupport_introspection_cpp.hpp
[0.719s] -- Up-to-date: /home/skemp32/ros2_ws/install/ardupilot_msgs/include/ardupilot_msgs/ardupilot_msgs/srv
[0.719s] -- Up-to-date: /home/skemp32/ros2_ws/install/ardupilot_msgs/include/ardupilot_msgs/ardupilot_msgs/srv/detail
[0.719s] -- Up-to-date: /home/skemp32/ros2_ws/install/ardupilot_msgs/include/ardupilot_msgs/ardupilot_msgs/srv/detail/mode_switch__rosidl_typesupport_introspection_cpp.hpp
[0.719s] -- Up-to-date: /home/skemp32/ros2_ws/install/ardupilot_msgs/include/ardupilot_msgs/ardupilot_msgs/srv/detail/arm_motors__type_support.cpp
[0.719s] -- Up-to-date: /home/skemp32/ros2_ws/install/ardupilot_msgs/include/ardupilot_msgs/ardupilot_msgs/srv/detail/mode_switch__type_support.cpp
[0.720s] -- Up-to-date: /home/skemp32/ros2_ws/install/ardupilot_msgs/include/ardupilot_msgs/ardupilot_msgs/srv/detail/arm_motors__rosidl_typesupport_introspection_cpp.hpp
[0.720s] -- Up-to-date: /home/skemp32/ros2_ws/install/ardupilot_msgs/lib/libardupilot_msgs__rosidl_typesupport_introspection_cpp.so
[0.720s] -- Up-to-date: /home/skemp32/ros2_ws/install/ardupilot_msgs/lib/libardupilot_msgs__rosidl_typesupport_cpp.so
[0.720s] -- Up-to-date: /home/skemp32/ros2_ws/install/ardupilot_msgs/share/ardupilot_msgs/environment/pythonpath.sh
[0.720s] -- Up-to-date: /home/skemp32/ros2_ws/install/ardupilot_msgs/share/ardupilot_msgs/environment/pythonpath.dsv
[0.720s] -- Up-to-date: /home/skemp32/ros2_ws/install/ardupilot_msgs/local/lib/python3.10/dist-packages/ardupilot_msgs-0.0.0-py3.10.egg-info
[0.720s] -- Installing: /home/skemp32/ros2_ws/install/ardupilot_msgs/local/lib/python3.10/dist-packages/ardupilot_msgs-0.0.0-py3.10.egg-info/dependency_links.txt
[0.720s] -- Installing: /home/skemp32/ros2_ws/install/ardupilot_msgs/local/lib/python3.10/dist-packages/ardupilot_msgs-0.0.0-py3.10.egg-info/SOURCES.txt
[0.720s] -- Installing: /home/skemp32/ros2_ws/install/ardupilot_msgs/local/lib/python3.10/dist-packages/ardupilot_msgs-0.0.0-py3.10.egg-info/PKG-INFO
[0.720s] -- Installing: /home/skemp32/ros2_ws/install/ardupilot_msgs/local/lib/python3.10/dist-packages/ardupilot_msgs-0.0.0-py3.10.egg-info/top_level.txt
[0.720s] -- Up-to-date: /home/skemp32/ros2_ws/install/ardupilot_msgs/local/lib/python3.10/dist-packages/ardupilot_msgs
[0.720s] -- Up-to-date: /home/skemp32/ros2_ws/install/ardupilot_msgs/local/lib/python3.10/dist-packages/ardupilot_msgs/_ardupilot_msgs_s.ep.rosidl_typesupport_c.c
[0.721s] -- Up-to-date: /home/skemp32/ros2_ws/install/ardupilot_msgs/local/lib/python3.10/dist-packages/ardupilot_msgs/ardupilot_msgs_s__rosidl_typesupport_fastrtps_c.cpython-310-x86_64-linux-gnu.so
[0.721s] -- Up-to-date: /home/skemp32/ros2_ws/install/ardupilot_msgs/local/lib/python3.10/dist-packages/ardupilot_msgs/_ardupilot_msgs_s.ep.rosidl_typesupport_fastrtps_c.c
[0.721s] -- Up-to-date: /home/skemp32/ros2_ws/install/ardupilot_msgs/local/lib/python3.10/dist-packages/ardupilot_msgs/__init__.py
[0.721s] -- Up-to-date: /home/skemp32/ros2_ws/install/ardupilot_msgs/local/lib/python3.10/dist-packages/ardupilot_msgs/_ardupilot_msgs_s.ep.rosidl_typesupport_introspection_c.c
[0.721s] -- Up-to-date: /home/skemp32/ros2_ws/install/ardupilot_msgs/local/lib/python3.10/dist-packages/ardupilot_msgs/libardupilot_msgs__rosidl_generator_py.so
[0.721s] -- Up-to-date: /home/skemp32/ros2_ws/install/ardupilot_msgs/local/lib/python3.10/dist-packages/ardupilot_msgs/ardupilot_msgs_s__rosidl_typesupport_introspection_c.cpython-310-x86_64-linux-gnu.so
[0.721s] -- Up-to-date: /home/skemp32/ros2_ws/install/ardupilot_msgs/local/lib/python3.10/dist-packages/ardupilot_msgs/msg
[0.721s] -- Up-to-date: /home/skemp32/ros2_ws/install/ardupilot_msgs/local/lib/python3.10/dist-packages/ardupilot_msgs/msg/_global_position.py
[0.721s] -- Up-to-date: /home/skemp32/ros2_ws/install/ardupilot_msgs/local/lib/python3.10/dist-packages/ardupilot_msgs/msg/__init__.py
[0.721s] -- Up-to-date: /home/skemp32/ros2_ws/install/ardupilot_msgs/local/lib/python3.10/dist-packages/ardupilot_msgs/msg/_global_position_s.c
[0.721s] -- Up-to-date: /home/skemp32/ros2_ws/install/ardupilot_msgs/local/lib/python3.10/dist-packages/ardupilot_msgs/ardupilot_msgs_s__rosidl_typesupport_c.cpython-310-x86_64-linux-gnu.so
[0.722s] -- Up-to-date: /home/skemp32/ros2_ws/install/ardupilot_msgs/local/lib/python3.10/dist-packages/ardupilot_msgs/srv
[0.722s] -- Up-to-date: /home/skemp32/ros2_ws/install/ardupilot_msgs/local/lib/python3.10/dist-packages/ardupilot_msgs/srv/_mode_switch_s.c
[0.722s] -- Up-to-date: /home/skemp32/ros2_ws/install/ardupilot_msgs/local/lib/python3.10/dist-packages/ardupilot_msgs/srv/_mode_switch.py
[0.722s] -- Up-to-date: /home/skemp32/ros2_ws/install/ardupilot_msgs/local/lib/python3.10/dist-packages/ardupilot_msgs/srv/_arm_motors_s.c
[0.722s] -- Up-to-date: /home/skemp32/ros2_ws/install/ardupilot_msgs/local/lib/python3.10/dist-packages/ardupilot_msgs/srv/_arm_motors.py
[0.722s] -- Up-to-date: /home/skemp32/ros2_ws/install/ardupilot_msgs/local/lib/python3.10/dist-packages/ardupilot_msgs/srv/__init__.py
[0.749s] Listing '/home/skemp32/ros2_ws/install/ardupilot_msgs/local/lib/python3.10/dist-packages/ardupilot_msgs'...
[0.749s] Listing '/home/skemp32/ros2_ws/install/ardupilot_msgs/local/lib/python3.10/dist-packages/ardupilot_msgs/msg'...
[0.749s] Listing '/home/skemp32/ros2_ws/install/ardupilot_msgs/local/lib/python3.10/dist-packages/ardupilot_msgs/srv'...
[0.753s] -- Up-to-date: /home/skemp32/ros2_ws/install/ardupilot_msgs/local/lib/python3.10/dist-packages/ardupilot_msgs/ardupilot_msgs_s__rosidl_typesupport_fastrtps_c.cpython-310-x86_64-linux-gnu.so
[0.753s] -- Up-to-date: /home/skemp32/ros2_ws/install/ardupilot_msgs/local/lib/python3.10/dist-packages/ardupilot_msgs/ardupilot_msgs_s__rosidl_typesupport_introspection_c.cpython-310-x86_64-linux-gnu.so
[0.754s] -- Up-to-date: /home/skemp32/ros2_ws/install/ardupilot_msgs/local/lib/python3.10/dist-packages/ardupilot_msgs/ardupilot_msgs_s__rosidl_typesupport_c.cpython-310-x86_64-linux-gnu.so
[0.754s] -- Up-to-date: /home/skemp32/ros2_ws/install/ardupilot_msgs/lib/libardupilot_msgs__rosidl_generator_py.so
[0.755s] -- Up-to-date: /home/skemp32/ros2_ws/install/ardupilot_msgs/share/ardupilot_msgs/msg/GlobalPosition.idl
[0.755s] -- Up-to-date: /home/skemp32/ros2_ws/install/ardupilot_msgs/share/ardupilot_msgs/srv/ArmMotors.idl
[0.755s] -- Up-to-date: /home/skemp32/ros2_ws/install/ardupilot_msgs/share/ardupilot_msgs/srv/ModeSwitch.idl
[0.755s] -- Up-to-date: /home/skemp32/ros2_ws/install/ardupilot_msgs/share/ardupilot_msgs/msg/GlobalPosition.msg
[0.756s] -- Up-to-date: /home/skemp32/ros2_ws/install/ardupilot_msgs/share/ardupilot_msgs/srv/ArmMotors.srv
[0.756s] -- Up-to-date: /home/skemp32/ros2_ws/install/ardupilot_msgs/share/ardupilot_msgs/srv/ArmMotors_Request.msg
[0.757s] -- Up-to-date: /home/skemp32/ros2_ws/install/ardupilot_msgs/share/ardupilot_msgs/srv/ArmMotors_Response.msg
[0.757s] -- Up-to-date: /home/skemp32/ros2_ws/install/ardupilot_msgs/share/ardupilot_msgs/srv/ModeSwitch.srv
[0.757s] -- Up-to-date: /home/skemp32/ros2_ws/install/ardupilot_msgs/share/ardupilot_msgs/srv/ModeSwitch_Request.msg
[0.757s] -- Up-to-date: /home/skemp32/ros2_ws/install/ardupilot_msgs/share/ardupilot_msgs/srv/ModeSwitch_Response.msg
[0.758s] -- Up-to-date: /home/skemp32/ros2_ws/install/ardupilot_msgs/share/ament_index/resource_index/package_run_dependencies/ardupilot_msgs
[0.758s] -- Up-to-date: /home/skemp32/ros2_ws/install/ardupilot_msgs/share/ament_index/resource_index/parent_prefix_path/ardupilot_msgs
[0.758s] -- Up-to-date: /home/skemp32/ros2_ws/install/ardupilot_msgs/share/ardupilot_msgs/environment/ament_prefix_path.sh
[0.758s] -- Up-to-date: /home/skemp32/ros2_ws/install/ardupilot_msgs/share/ardupilot_msgs/environment/ament_prefix_path.dsv
[0.759s] -- Up-to-date: /home/skemp32/ros2_ws/install/ardupilot_msgs/share/ardupilot_msgs/environment/path.sh
[0.759s] -- Up-to-date: /home/skemp32/ros2_ws/install/ardupilot_msgs/share/ardupilot_msgs/environment/path.dsv
[0.759s] -- Up-to-date: /home/skemp32/ros2_ws/install/ardupilot_msgs/share/ardupilot_msgs/local_setup.bash
[0.759s] -- Up-to-date: /home/skemp32/ros2_ws/install/ardupilot_msgs/share/ardupilot_msgs/local_setup.sh
[0.760s] -- Up-to-date: /home/skemp32/ros2_ws/install/ardupilot_msgs/share/ardupilot_msgs/local_setup.zsh
[0.760s] -- Up-to-date: /home/skemp32/ros2_ws/install/ardupilot_msgs/share/ardupilot_msgs/local_setup.dsv
[0.760s] -- Installing: /home/skemp32/ros2_ws/install/ardupilot_msgs/share/ardupilot_msgs/package.dsv
[0.760s] -- Up-to-date: /home/skemp32/ros2_ws/install/ardupilot_msgs/share/ament_index/resource_index/packages/ardupilot_msgs
[0.760s] -- Up-to-date: /home/skemp32/ros2_ws/install/ardupilot_msgs/share/ardupilot_msgs/cmake/export_ardupilot_msgs__rosidl_generator_cExport.cmake
[0.761s] -- Up-to-date: /home/skemp32/ros2_ws/install/ardupilot_msgs/share/ardupilot_msgs/cmake/export_ardupilot_msgs__rosidl_generator_cExport-noconfig.cmake
[0.761s] -- Up-to-date: /home/skemp32/ros2_ws/install/ardupilot_msgs/share/ardupilot_msgs/cmake/export_ardupilot_msgs__rosidl_typesupport_fastrtps_cExport.cmake
[0.761s] -- Up-to-date: /home/skemp32/ros2_ws/install/ardupilot_msgs/share/ardupilot_msgs/cmake/export_ardupilot_msgs__rosidl_typesupport_fastrtps_cExport-noconfig.cmake
[0.761s] -- Up-to-date: /home/skemp32/ros2_ws/install/ardupilot_msgs/share/ardupilot_msgs/cmake/export_ardupilot_msgs__rosidl_generator_cppExport.cmake
[0.761s] -- Up-to-date: /home/skemp32/ros2_ws/install/ardupilot_msgs/share/ardupilot_msgs/cmake/export_ardupilot_msgs__rosidl_typesupport_fastrtps_cppExport.cmake
[0.761s] -- Up-to-date: /home/skemp32/ros2_ws/install/ardupilot_msgs/share/ardupilot_msgs/cmake/export_ardupilot_msgs__rosidl_typesupport_fastrtps_cppExport-noconfig.cmake
[0.761s] -- Up-to-date: /home/skemp32/ros2_ws/install/ardupilot_msgs/share/ardupilot_msgs/cmake/ardupilot_msgs__rosidl_typesupport_introspection_cExport.cmake
[0.761s] -- Up-to-date: /home/skemp32/ros2_ws/install/ardupilot_msgs/share/ardupilot_msgs/cmake/ardupilot_msgs__rosidl_typesupport_introspection_cExport-noconfig.cmake
[0.761s] -- Up-to-date: /home/skemp32/ros2_ws/install/ardupilot_msgs/share/ardupilot_msgs/cmake/ardupilot_msgs__rosidl_typesupport_cExport.cmake
[0.761s] -- Up-to-date: /home/skemp32/ros2_ws/install/ardupilot_msgs/share/ardupilot_msgs/cmake/ardupilot_msgs__rosidl_typesupport_cExport-noconfig.cmake
[0.761s] -- Up-to-date: /home/skemp32/ros2_ws/install/ardupilot_msgs/share/ardupilot_msgs/cmake/ardupilot_msgs__rosidl_typesupport_introspection_cppExport.cmake
[0.762s] -- Up-to-date: /home/skemp32/ros2_ws/install/ardupilot_msgs/share/ardupilot_msgs/cmake/ardupilot_msgs__rosidl_typesupport_introspection_cppExport-noconfig.cmake
[0.762s] -- Up-to-date: /home/skemp32/ros2_ws/install/ardupilot_msgs/share/ardupilot_msgs/cmake/ardupilot_msgs__rosidl_typesupport_cppExport.cmake
[0.762s] -- Up-to-date: /home/skemp32/ros2_ws/install/ardupilot_msgs/share/ardupilot_msgs/cmake/ardupilot_msgs__rosidl_typesupport_cppExport-noconfig.cmake
[0.762s] -- Up-to-date: /home/skemp32/ros2_ws/install/ardupilot_msgs/share/ardupilot_msgs/cmake/export_ardupilot_msgs__rosidl_generator_pyExport.cmake
[0.762s] -- Up-to-date: /home/skemp32/ros2_ws/install/ardupilot_msgs/share/ardupilot_msgs/cmake/export_ardupilot_msgs__rosidl_generator_pyExport-noconfig.cmake
[0.763s] -- Up-to-date: /home/skemp32/ros2_ws/install/ardupilot_msgs/share/ardupilot_msgs/cmake/rosidl_cmake-extras.cmake
[0.764s] -- Up-to-date: /home/skemp32/ros2_ws/install/ardupilot_msgs/share/ardupilot_msgs/cmake/ament_cmake_export_dependencies-extras.cmake
[0.765s] -- Up-to-date: /home/skemp32/ros2_ws/install/ardupilot_msgs/share/ardupilot_msgs/cmake/ament_cmake_export_include_directories-extras.cmake
[0.765s] -- Up-to-date: /home/skemp32/ros2_ws/install/ardupilot_msgs/share/ardupilot_msgs/cmake/ament_cmake_export_libraries-extras.cmake
[0.765s] -- Up-to-date: /home/skemp32/ros2_ws/install/ardupilot_msgs/share/ardupilot_msgs/cmake/ament_cmake_export_targets-extras.cmake
[0.765s] -- Up-to-date: /home/skemp32/ros2_ws/install/ardupilot_msgs/share/ardupilot_msgs/cmake/rosidl_cmake_export_typesupport_targets-extras.cmake
[0.765s] -- Up-to-date: /home/skemp32/ros2_ws/install/ardupilot_msgs/share/ardupilot_msgs/cmake/rosidl_cmake_export_typesupport_libraries-extras.cmake
[0.765s] -- Up-to-date: /home/skemp32/ros2_ws/install/ardupilot_msgs/share/ardupilot_msgs/cmake/ardupilot_msgsConfig.cmake
[0.766s] -- Up-to-date: /home/skemp32/ros2_ws/install/ardupilot_msgs/share/ardupilot_msgs/cmake/ardupilot_msgsConfig-version.cmake
[0.766s] -- Up-to-date: /home/skemp32/ros2_ws/install/ardupilot_msgs/share/ardupilot_msgs/package.xml
[0.767s] Invoked command in '/home/skemp32/ros2_ws/build/ardupilot_msgs' returned '0': CMAKE_PREFIX_PATH=/opt/ros/humble /usr/bin/cmake --install /home/skemp32/ros2_ws/build/ardupilot_msgs
