[0.056s] Invoking command in '/home/skemp32/ros2_ws/build/ardupilot_gz_description': CMAKE_PREFIX_PATH=/opt/ros/humble /usr/bin/cmake /home/skemp32/ros2_ws/src/ardupilot_gz/ardupilot_gz_description -DCMAKE_INSTALL_PREFIX=/home/skemp32/ros2_ws/install/ardupilot_gz_description
[0.342s] -- The C compiler identification is GNU 11.4.0
[1.732s] -- The CXX compiler identification is GNU 11.4.0
[2.912s] -- Detecting C compiler ABI info
[3.263s] -- Detecting C compiler ABI info - done
[3.274s] -- Check for working C compiler: /usr/lib/ccache/cc - skipped
[3.274s] -- Detecting C compile features
[3.274s] -- Detecting C compile features - done
[3.278s] -- Detecting CXX compiler ABI info
[3.568s] -- Detecting CXX compiler ABI info - done
[3.580s] -- Check for working CXX compiler: /usr/lib/ccache/c++ - skipped
[3.580s] -- Detecting CXX compile features
[3.581s] -- Detecting CXX compile features - done
[3.583s] -- Found ament_cmake: 1.3.10 (/opt/ros/humble/share/ament_cmake/cmake)
[3.979s] -- Found Python3: /usr/bin/python3 (found version "3.10.12") found components: Interpreter 
[4.099s] -- Found ament_lint_auto: 0.12.11 (/opt/ros/humble/share/ament_lint_auto/cmake)
[4.185s] -- Added test 'copyright' to check source files copyright and LICENSE
[4.189s] -- Added test 'lint_cmake' to check CMake code style
[4.191s] -- Added test 'xmllint' to check XML markup files
[4.193s] -- Configuring done
[4.204s] -- Generating done
[4.205s] -- Build files have been written to: /home/skemp32/ros2_ws/build/ardupilot_gz_description
[4.211s] Invoked command in '/home/skemp32/ros2_ws/build/ardupilot_gz_description' returned '0': CMAKE_PREFIX_PATH=/opt/ros/humble /usr/bin/cmake /home/skemp32/ros2_ws/src/ardupilot_gz/ardupilot_gz_description -DCMAKE_INSTALL_PREFIX=/home/skemp32/ros2_ws/install/ardupilot_gz_description
[4.213s] Invoking command in '/home/skemp32/ros2_ws/build/ardupilot_gz_description': CMAKE_PREFIX_PATH=/opt/ros/humble /usr/bin/cmake --build /home/skemp32/ros2_ws/build/ardupilot_gz_description -- -j12 -l12
[4.257s] Invoked command in '/home/skemp32/ros2_ws/build/ardupilot_gz_description' returned '0': CMAKE_PREFIX_PATH=/opt/ros/humble /usr/bin/cmake --build /home/skemp32/ros2_ws/build/ardupilot_gz_description -- -j12 -l12
[4.285s] Invoking command in '/home/skemp32/ros2_ws/build/ardupilot_gz_description': CMAKE_PREFIX_PATH=/opt/ros/humble /usr/bin/cmake --install /home/skemp32/ros2_ws/build/ardupilot_gz_description
[4.291s] -- Install configuration: ""
[4.291s] -- Installing: /home/skemp32/ros2_ws/install/ardupilot_gz_description/share/ardupilot_gz_description/models
[4.293s] -- Installing: /home/skemp32/ros2_ws/install/ardupilot_gz_description/share/ardupilot_gz_description/models/iris_with_lidar
[4.294s] -- Installing: /home/skemp32/ros2_ws/install/ardupilot_gz_description/share/ardupilot_gz_description/models/iris_with_lidar/model.sdf
[4.294s] -- Installing: /home/skemp32/ros2_ws/install/ardupilot_gz_description/share/ardupilot_gz_description/models/iris_with_lidar/model.config
[4.295s] -- Installing: /home/skemp32/ros2_ws/install/ardupilot_gz_description/share/ardupilot_gz_description/environment/ardupilot_gz_description.dsv
[4.295s] -- Installing: /home/skemp32/ros2_ws/install/ardupilot_gz_description/share/ardupilot_gz_description/environment/ardupilot_gz_description.sh
[4.298s] -- Installing: /home/skemp32/ros2_ws/install/ardupilot_gz_description/share/ament_index/resource_index/package_run_dependencies/ardupilot_gz_description
[4.299s] -- Installing: /home/skemp32/ros2_ws/install/ardupilot_gz_description/share/ament_index/resource_index/parent_prefix_path/ardupilot_gz_description
[4.299s] -- Installing: /home/skemp32/ros2_ws/install/ardupilot_gz_description/share/ardupilot_gz_description/environment/ament_prefix_path.sh
[4.300s] -- Installing: /home/skemp32/ros2_ws/install/ardupilot_gz_description/share/ardupilot_gz_description/environment/ament_prefix_path.dsv
[4.300s] -- Installing: /home/skemp32/ros2_ws/install/ardupilot_gz_description/share/ardupilot_gz_description/environment/path.sh
[4.300s] -- Installing: /home/skemp32/ros2_ws/install/ardupilot_gz_description/share/ardupilot_gz_description/environment/path.dsv
[4.300s] -- Installing: /home/skemp32/ros2_ws/install/ardupilot_gz_description/share/ardupilot_gz_description/local_setup.bash
[4.301s] -- Installing: /home/skemp32/ros2_ws/install/ardupilot_gz_description/share/ardupilot_gz_description/local_setup.sh
[4.301s] -- Installing: /home/skemp32/ros2_ws/install/ardupilot_gz_description/share/ardupilot_gz_description/local_setup.zsh
[4.301s] -- Installing: /home/skemp32/ros2_ws/install/ardupilot_gz_description/share/ardupilot_gz_description/local_setup.dsv
[4.302s] -- Installing: /home/skemp32/ros2_ws/install/ardupilot_gz_description/share/ardupilot_gz_description/package.dsv
[4.302s] -- Installing: /home/skemp32/ros2_ws/install/ardupilot_gz_description/share/ament_index/resource_index/packages/ardupilot_gz_description
[4.303s] -- Installing: /home/skemp32/ros2_ws/install/ardupilot_gz_description/share/ardupilot_gz_description/cmake/ardupilot_gz_descriptionConfig.cmake
[4.303s] -- Installing: /home/skemp32/ros2_ws/install/ardupilot_gz_description/share/ardupilot_gz_description/cmake/ardupilot_gz_descriptionConfig-version.cmake
[4.303s] -- Installing: /home/skemp32/ros2_ws/install/ardupilot_gz_description/share/ardupilot_gz_description/package.xml
[4.307s] Invoked command in '/home/skemp32/ros2_ws/build/ardupilot_gz_description' returned '0': CMAKE_PREFIX_PATH=/opt/ros/humble /usr/bin/cmake --install /home/skemp32/ros2_ws/build/ardupilot_gz_description
