[0.313s] Invoking command in '/home/skemp32/ros2_ws/build/sdformat_urdf': CMAKE_PREFIX_PATH=/home/skemp32/ros2_ws/install/sdformat_test_files:/opt/ros/humble PKG_CONFIG_PATH=/home/skemp32/ros2_ws/install/sdformat_test_files/lib/x86_64-linux-gnu/pkgconfig:/home/skemp32/ros2_ws/install/sdformat_test_files/lib/pkgconfig /usr/bin/cmake --build /home/skemp32/ros2_ws/build/sdformat_urdf -- -j12 -l12
[0.376s] [ 18%] Built target sdformat_urdf
[0.377s] [ 18%] Built target gtest_main
[0.378s] [ 27%] Built target gtest
[0.392s] [ 45%] Built target sdf_link_tests
[0.392s] [ 45%] Built target sdformat_urdf_plugin
[0.394s] [ 54%] Built target sdf_material_tests
[0.395s] [ 63%] Built target sdf_graph_tests
[0.399s] [ 72%] Built target sdf_joint_tests
[0.399s] [ 81%] Built target sdf_geometry_tests
[0.404s] [ 90%] Built target sdf_pose_tests
[0.408s] [100%] Built target sdf_model_tests
[0.434s] Invoked command in '/home/skemp32/ros2_ws/build/sdformat_urdf' returned '0': CMAKE_PREFIX_PATH=/home/skemp32/ros2_ws/install/sdformat_test_files:/opt/ros/humble PKG_CONFIG_PATH=/home/skemp32/ros2_ws/install/sdformat_test_files/lib/x86_64-linux-gnu/pkgconfig:/home/skemp32/ros2_ws/install/sdformat_test_files/lib/pkgconfig /usr/bin/cmake --build /home/skemp32/ros2_ws/build/sdformat_urdf -- -j12 -l12
[0.491s] Invoking command in '/home/skemp32/ros2_ws/build/sdformat_urdf': CMAKE_PREFIX_PATH=/home/skemp32/ros2_ws/install/sdformat_test_files:/opt/ros/humble PKG_CONFIG_PATH=/home/skemp32/ros2_ws/install/sdformat_test_files/lib/x86_64-linux-gnu/pkgconfig:/home/skemp32/ros2_ws/install/sdformat_test_files/lib/pkgconfig /usr/bin/cmake --install /home/skemp32/ros2_ws/build/sdformat_urdf
[0.497s] -- Install configuration: ""
[0.499s] -- Up-to-date: /home/skemp32/ros2_ws/install/sdformat_urdf/lib/libsdformat_urdf.so
[0.499s] -- Up-to-date: /home/skemp32/ros2_ws/install/sdformat_urdf/lib/libsdformat_urdf_plugin.so
[0.500s] -- Up-to-date: /home/skemp32/ros2_ws/install/sdformat_urdf/include
[0.500s] -- Up-to-date: /home/skemp32/ros2_ws/install/sdformat_urdf/include/sdformat_urdf
[0.500s] -- Up-to-date: /home/skemp32/ros2_ws/install/sdformat_urdf/include/sdformat_urdf/sdformat_urdf.hpp
[0.500s] -- Up-to-date: /home/skemp32/ros2_ws/install/sdformat_urdf/include/sdformat_urdf/visibility_control.hpp
[0.500s] -- Up-to-date: /home/skemp32/ros2_ws/install/sdformat_urdf/share/sdformat_urdf/environment/library_path.sh
[0.500s] -- Up-to-date: /home/skemp32/ros2_ws/install/sdformat_urdf/share/sdformat_urdf/environment/library_path.dsv
[0.501s] -- Up-to-date: /home/skemp32/ros2_ws/install/sdformat_urdf/share/sdformat_urdf/sdformat_urdf_plugin.xml
[0.501s] -- Up-to-date: /home/skemp32/ros2_ws/install/sdformat_urdf/share/ament_index/resource_index/package_run_dependencies/sdformat_urdf
[0.501s] -- Up-to-date: /home/skemp32/ros2_ws/install/sdformat_urdf/share/ament_index/resource_index/parent_prefix_path/sdformat_urdf
[0.501s] -- Up-to-date: /home/skemp32/ros2_ws/install/sdformat_urdf/share/sdformat_urdf/environment/ament_prefix_path.sh
[0.502s] -- Up-to-date: /home/skemp32/ros2_ws/install/sdformat_urdf/share/sdformat_urdf/environment/ament_prefix_path.dsv
[0.502s] -- Up-to-date: /home/skemp32/ros2_ws/install/sdformat_urdf/share/sdformat_urdf/environment/path.sh
[0.502s] -- Up-to-date: /home/skemp32/ros2_ws/install/sdformat_urdf/share/sdformat_urdf/environment/path.dsv
[0.502s] -- Up-to-date: /home/skemp32/ros2_ws/install/sdformat_urdf/share/sdformat_urdf/local_setup.bash
[0.503s] -- Up-to-date: /home/skemp32/ros2_ws/install/sdformat_urdf/share/sdformat_urdf/local_setup.sh
[0.503s] -- Up-to-date: /home/skemp32/ros2_ws/install/sdformat_urdf/share/sdformat_urdf/local_setup.zsh
[0.503s] -- Up-to-date: /home/skemp32/ros2_ws/install/sdformat_urdf/share/sdformat_urdf/local_setup.dsv
[0.504s] -- Installing: /home/skemp32/ros2_ws/install/sdformat_urdf/share/sdformat_urdf/package.dsv
[0.504s] -- Up-to-date: /home/skemp32/ros2_ws/install/sdformat_urdf/share/ament_index/resource_index/packages/sdformat_urdf
[0.504s] -- Up-to-date: /home/skemp32/ros2_ws/install/sdformat_urdf/share/ament_index/resource_index/urdf_parser_plugin__pluginlib__plugin/sdformat_urdf
[0.505s] -- Up-to-date: /home/skemp32/ros2_ws/install/sdformat_urdf/share/sdformat_urdf/cmake/sdformat_urdf-exportExport.cmake
[0.506s] -- Up-to-date: /home/skemp32/ros2_ws/install/sdformat_urdf/share/sdformat_urdf/cmake/sdformat_urdf-exportExport-noconfig.cmake
[0.506s] -- Up-to-date: /home/skemp32/ros2_ws/install/sdformat_urdf/share/sdformat_urdf/cmake/ament_cmake_export_dependencies-extras.cmake
[0.507s] -- Up-to-date: /home/skemp32/ros2_ws/install/sdformat_urdf/share/sdformat_urdf/cmake/ament_cmake_export_targets-extras.cmake
[0.507s] -- Up-to-date: /home/skemp32/ros2_ws/install/sdformat_urdf/share/sdformat_urdf/cmake/sdformat_urdfConfig.cmake
[0.507s] -- Up-to-date: /home/skemp32/ros2_ws/install/sdformat_urdf/share/sdformat_urdf/cmake/sdformat_urdfConfig-version.cmake
[0.507s] -- Up-to-date: /home/skemp32/ros2_ws/install/sdformat_urdf/share/sdformat_urdf/package.xml
[0.507s] Invoked command in '/home/skemp32/ros2_ws/build/sdformat_urdf' returned '0': CMAKE_PREFIX_PATH=/home/skemp32/ros2_ws/install/sdformat_test_files:/opt/ros/humble PKG_CONFIG_PATH=/home/skemp32/ros2_ws/install/sdformat_test_files/lib/x86_64-linux-gnu/pkgconfig:/home/skemp32/ros2_ws/install/sdformat_test_files/lib/pkgconfig /usr/bin/cmake --install /home/skemp32/ros2_ws/build/sdformat_urdf
