[0.133s] Invoking command in '/home/skemp32/ros2_ws/build/ardupilot_sitl_models': CMAKE_PREFIX_PATH=/home/skemp32/ros2_ws/install/ardupilot_gazebo:/home/skemp32/ros2_ws/install/ardupilot_gz_bringup:/home/skemp32/ros2_ws/install/sdformat_urdf:/home/skemp32/ros2_ws/install/sdformat_test_files:/home/skemp32/ros2_ws/install/ros_gz_sim:/home/skemp32/ros2_ws/install/ros_gz_bridge:/home/skemp32/ros2_ws/install/ros_gz_interfaces:/home/skemp32/ros2_ws/install/ardupilot_sitl:/home/skemp32/ros2_ws/install/micro_ros_agent:/home/skemp32/ros2_ws/install/ardupilot_sitl_models:/home/skemp32/ros2_ws/install/ardupilot_msgs:/home/skemp32/ros2_ws/install/ardupilot_gz_gazebo:/home/skemp32/ros2_ws/install/ardupilot_gz_description:/home/skemp32/ros2_ws/install/ardupilot_dds_tests:/opt/ros/humble GZ_SIM_PLUGIN_PATH=/home/skemp32/ros2_ws/install/ardupilot_gazebo/lib/ardupilot_gazebo /usr/bin/cmake --build /home/skemp32/ros2_ws/build/ardupilot_sitl_models -- -j12 -l12
[0.181s] Invoked command in '/home/skemp32/ros2_ws/build/ardupilot_sitl_models' returned '0': CMAKE_PREFIX_PATH=/home/skemp32/ros2_ws/install/ardupilot_gazebo:/home/skemp32/ros2_ws/install/ardupilot_gz_bringup:/home/skemp32/ros2_ws/install/sdformat_urdf:/home/skemp32/ros2_ws/install/sdformat_test_files:/home/skemp32/ros2_ws/install/ros_gz_sim:/home/skemp32/ros2_ws/install/ros_gz_bridge:/home/skemp32/ros2_ws/install/ros_gz_interfaces:/home/skemp32/ros2_ws/install/ardupilot_sitl:/home/skemp32/ros2_ws/install/micro_ros_agent:/home/skemp32/ros2_ws/install/ardupilot_sitl_models:/home/skemp32/ros2_ws/install/ardupilot_msgs:/home/skemp32/ros2_ws/install/ardupilot_gz_gazebo:/home/skemp32/ros2_ws/install/ardupilot_gz_description:/home/skemp32/ros2_ws/install/ardupilot_dds_tests:/opt/ros/humble GZ_SIM_PLUGIN_PATH=/home/skemp32/ros2_ws/install/ardupilot_gazebo/lib/ardupilot_gazebo /usr/bin/cmake --build /home/skemp32/ros2_ws/build/ardupilot_sitl_models -- -j12 -l12
[0.213s] Invoking command in '/home/skemp32/ros2_ws/build/ardupilot_sitl_models': CMAKE_PREFIX_PATH=/home/skemp32/ros2_ws/install/ardupilot_gazebo:/home/skemp32/ros2_ws/install/ardupilot_gz_bringup:/home/skemp32/ros2_ws/install/sdformat_urdf:/home/skemp32/ros2_ws/install/sdformat_test_files:/home/skemp32/ros2_ws/install/ros_gz_sim:/home/skemp32/ros2_ws/install/ros_gz_bridge:/home/skemp32/ros2_ws/install/ros_gz_interfaces:/home/skemp32/ros2_ws/install/ardupilot_sitl:/home/skemp32/ros2_ws/install/micro_ros_agent:/home/skemp32/ros2_ws/install/ardupilot_sitl_models:/home/skemp32/ros2_ws/install/ardupilot_msgs:/home/skemp32/ros2_ws/install/ardupilot_gz_gazebo:/home/skemp32/ros2_ws/install/ardupilot_gz_description:/home/skemp32/ros2_ws/install/ardupilot_dds_tests:/opt/ros/humble GZ_SIM_PLUGIN_PATH=/home/skemp32/ros2_ws/install/ardupilot_gazebo/lib/ardupilot_gazebo /usr/bin/cmake --install /home/skemp32/ros2_ws/build/ardupilot_sitl_models
[0.220s] -- Install configuration: ""
[0.221s] -- Up-to-date: /home/skemp32/ros2_ws/install/ardupilot_sitl_models/share/ardupilot_sitl_models/config
[0.221s] -- Up-to-date: /home/skemp32/ros2_ws/install/ardupilot_sitl_models/share/ardupilot_sitl_models/config/skycat_tvbs.param
[0.221s] -- Up-to-date: /home/skemp32/ros2_ws/install/ardupilot_sitl_models/share/ardupilot_sitl_models/config/catamaran.param
[0.222s] -- Up-to-date: /home/skemp32/ros2_ws/install/ardupilot_sitl_models/share/ardupilot_sitl_models/config/bicopter.param
[0.222s] -- Up-to-date: /home/skemp32/ros2_ws/install/ardupilot_sitl_models/share/ardupilot_sitl_models/config/sawppy.param
[0.222s] -- Up-to-date: /home/skemp32/ros2_ws/install/ardupilot_sitl_models/share/ardupilot_sitl_models/config/skywalker_x8.param
[0.222s] -- Up-to-date: /home/skemp32/ros2_ws/install/ardupilot_sitl_models/share/ardupilot_sitl_models/config/wsc_aircraft.param
[0.223s] -- Up-to-date: /home/skemp32/ros2_ws/install/ardupilot_sitl_models/share/ardupilot_sitl_models/config/swan_k1_hwing.param
[0.223s] -- Up-to-date: /home/skemp32/ros2_ws/install/ardupilot_sitl_models/share/ardupilot_sitl_models/config/r1_rover.param
[0.223s] -- Up-to-date: /home/skemp32/ros2_ws/install/ardupilot_sitl_models/share/ardupilot_sitl_models/config/alti_transition_quad.param
[0.225s] -- Up-to-date: /home/skemp32/ros2_ws/install/ardupilot_sitl_models/share/ardupilot_sitl_models/config/skywalker_x8_quad.param
[0.226s] -- Up-to-date: /home/skemp32/ros2_ws/install/ardupilot_sitl_models/share/ardupilot_sitl_models/config/hexapod_copter.param
[0.226s] -- Up-to-date: /home/skemp32/ros2_ws/install/ardupilot_sitl_models/share/ardupilot_sitl_models/config/quadruped.param
[0.227s] -- Up-to-date: /home/skemp32/ros2_ws/install/ardupilot_sitl_models/share/ardupilot_sitl_models/config/daf_xf_450_tractor.param
[0.228s] -- Up-to-date: /home/skemp32/ros2_ws/install/ardupilot_sitl_models/share/ardupilot_sitl_models/models
[0.228s] -- Up-to-date: /home/skemp32/ros2_ws/install/ardupilot_sitl_models/share/ardupilot_sitl_models/models/skywalker_x8
[0.229s] -- Up-to-date: /home/skemp32/ros2_ws/install/ardupilot_sitl_models/share/ardupilot_sitl_models/models/skywalker_x8/materials
[0.229s] -- Up-to-date: /home/skemp32/ros2_ws/install/ardupilot_sitl_models/share/ardupilot_sitl_models/models/skywalker_x8/materials/textures
[0.230s] -- Up-to-date: /home/skemp32/ros2_ws/install/ardupilot_sitl_models/share/ardupilot_sitl_models/models/skywalker_x8/materials/textures/metal_graphite
[0.230s] -- Up-to-date: /home/skemp32/ros2_ws/install/ardupilot_sitl_models/share/ardupilot_sitl_models/models/skywalker_x8/materials/textures/metal_graphite/metal_graphite_basecolor.jpg
[0.232s] -- Up-to-date: /home/skemp32/ros2_ws/install/ardupilot_sitl_models/share/ardupilot_sitl_models/models/skywalker_x8/materials/textures/metal_graphite/metal_graphite_normal.jpg
[0.233s] -- Up-to-date: /home/skemp32/ros2_ws/install/ardupilot_sitl_models/share/ardupilot_sitl_models/models/skywalker_x8/materials/textures/metal_graphite/metal_graphite_roughness.jpg
[0.233s] -- Up-to-date: /home/skemp32/ros2_ws/install/ardupilot_sitl_models/share/ardupilot_sitl_models/models/skywalker_x8/materials/textures/metal_graphite/metal_graphite_metallic.jpg
[0.233s] -- Up-to-date: /home/skemp32/ros2_ws/install/ardupilot_sitl_models/share/ardupilot_sitl_models/models/skywalker_x8/materials/textures/blue_metal
[0.235s] -- Up-to-date: /home/skemp32/ros2_ws/install/ardupilot_sitl_models/share/ardupilot_sitl_models/models/skywalker_x8/materials/textures/blue_metal/blue_metal_roughness.jpg
[0.235s] -- Up-to-date: /home/skemp32/ros2_ws/install/ardupilot_sitl_models/share/ardupilot_sitl_models/models/skywalker_x8/materials/textures/blue_metal/blue_metal_basecolor.jpg
[0.236s] -- Up-to-date: /home/skemp32/ros2_ws/install/ardupilot_sitl_models/share/ardupilot_sitl_models/models/skywalker_x8/materials/textures/blue_metal/blue_metal_metallic.jpg
[0.237s] -- Up-to-date: /home/skemp32/ros2_ws/install/ardupilot_sitl_models/share/ardupilot_sitl_models/models/skywalker_x8/materials/textures/blue_metal/blue_metal_normal.jpg
[0.237s] -- Up-to-date: /home/skemp32/ros2_ws/install/ardupilot_sitl_models/share/ardupilot_sitl_models/models/skywalker_x8/materials/textures/x8.tga
[0.237s] -- Up-to-date: /home/skemp32/ros2_ws/install/ardupilot_sitl_models/share/ardupilot_sitl_models/models/skywalker_x8/meshes
[0.238s] -- Up-to-date: /home/skemp32/ros2_ws/install/ardupilot_sitl_models/share/ardupilot_sitl_models/models/skywalker_x8/meshes/x8_wing.dae
[0.240s] -- Up-to-date: /home/skemp32/ros2_ws/install/ardupilot_sitl_models/share/ardupilot_sitl_models/models/skywalker_x8/meshes/x8_elevon_left.dae
[0.240s] -- Up-to-date: /home/skemp32/ros2_ws/install/ardupilot_sitl_models/share/ardupilot_sitl_models/models/skywalker_x8/meshes/iris_prop_ccw.dae
[0.240s] -- Up-to-date: /home/skemp32/ros2_ws/install/ardupilot_sitl_models/share/ardupilot_sitl_models/models/skywalker_x8/meshes/x8_elevon_right.dae
[0.240s] -- Up-to-date: /home/skemp32/ros2_ws/install/ardupilot_sitl_models/share/ardupilot_sitl_models/models/skywalker_x8/meshes/iris_prop_cw.dae
[0.241s] -- Up-to-date: /home/skemp32/ros2_ws/install/ardupilot_sitl_models/share/ardupilot_sitl_models/models/skywalker_x8/model.sdf
[0.241s] -- Up-to-date: /home/skemp32/ros2_ws/install/ardupilot_sitl_models/share/ardupilot_sitl_models/models/skywalker_x8/model.config
[0.242s] -- Up-to-date: /home/skemp32/ros2_ws/install/ardupilot_sitl_models/share/ardupilot_sitl_models/models/bicopter_with_ardupilot
[0.243s] -- Up-to-date: /home/skemp32/ros2_ws/install/ardupilot_sitl_models/share/ardupilot_sitl_models/models/bicopter_with_ardupilot/model.sdf
[0.243s] -- Up-to-date: /home/skemp32/ros2_ws/install/ardupilot_sitl_models/share/ardupilot_sitl_models/models/bicopter_with_ardupilot/model.config
[0.244s] -- Up-to-date: /home/skemp32/ros2_ws/install/ardupilot_sitl_models/share/ardupilot_sitl_models/models/rover_playpen
[0.244s] -- Up-to-date: /home/skemp32/ros2_ws/install/ardupilot_sitl_models/share/ardupilot_sitl_models/models/rover_playpen/model.sdf
[0.244s] -- Up-to-date: /home/skemp32/ros2_ws/install/ardupilot_sitl_models/share/ardupilot_sitl_models/models/rover_playpen/model.config
[0.244s] -- Up-to-date: /home/skemp32/ros2_ws/install/ardupilot_sitl_models/share/ardupilot_sitl_models/models/steel_plate_3x3
[0.245s] -- Up-to-date: /home/skemp32/ros2_ws/install/ardupilot_sitl_models/share/ardupilot_sitl_models/models/steel_plate_3x3/model.sdf
[0.246s] -- Up-to-date: /home/skemp32/ros2_ws/install/ardupilot_sitl_models/share/ardupilot_sitl_models/models/steel_plate_3x3/model.config
[0.246s] -- Up-to-date: /home/skemp32/ros2_ws/install/ardupilot_sitl_models/share/ardupilot_sitl_models/models/rocky_asphalt_20x20
[0.247s] -- Up-to-date: /home/skemp32/ros2_ws/install/ardupilot_sitl_models/share/ardupilot_sitl_models/models/rocky_asphalt_20x20/model.sdf
[0.247s] -- Up-to-date: /home/skemp32/ros2_ws/install/ardupilot_sitl_models/share/ardupilot_sitl_models/models/rocky_asphalt_20x20/model.config
[0.248s] -- Up-to-date: /home/skemp32/ros2_ws/install/ardupilot_sitl_models/share/ardupilot_sitl_models/models/swan_k1_hwing
[0.248s] -- Up-to-date: /home/skemp32/ros2_ws/install/ardupilot_sitl_models/share/ardupilot_sitl_models/models/swan_k1_hwing/materials
[0.248s] -- Up-to-date: /home/skemp32/ros2_ws/install/ardupilot_sitl_models/share/ardupilot_sitl_models/models/swan_k1_hwing/materials/foxmap.tga
[0.249s] -- Up-to-date: /home/skemp32/ros2_ws/install/ardupilot_sitl_models/share/ardupilot_sitl_models/models/swan_k1_hwing/materials/textures
[0.250s] -- Up-to-date: /home/skemp32/ros2_ws/install/ardupilot_sitl_models/share/ardupilot_sitl_models/models/swan_k1_hwing/materials/textures/metal_graphite
[0.250s] -- Up-to-date: /home/skemp32/ros2_ws/install/ardupilot_sitl_models/share/ardupilot_sitl_models/models/swan_k1_hwing/materials/textures/metal_graphite/metal_graphite_basecolor.jpg
[0.250s] -- Up-to-date: /home/skemp32/ros2_ws/install/ardupilot_sitl_models/share/ardupilot_sitl_models/models/swan_k1_hwing/materials/textures/metal_graphite/metal_graphite_normal.jpg
[0.250s] -- Up-to-date: /home/skemp32/ros2_ws/install/ardupilot_sitl_models/share/ardupilot_sitl_models/models/swan_k1_hwing/materials/textures/metal_graphite/metal_graphite_roughness.jpg
[0.250s] -- Up-to-date: /home/skemp32/ros2_ws/install/ardupilot_sitl_models/share/ardupilot_sitl_models/models/swan_k1_hwing/materials/textures/metal_graphite/metal_graphite_metallic.jpg
[0.251s] -- Up-to-date: /home/skemp32/ros2_ws/install/ardupilot_sitl_models/share/ardupilot_sitl_models/models/swan_k1_hwing/materials/textures/blue_metal
[0.253s] -- Up-to-date: /home/skemp32/ros2_ws/install/ardupilot_sitl_models/share/ardupilot_sitl_models/models/swan_k1_hwing/materials/textures/blue_metal/blue_metal_roughness.jpg
[0.254s] -- Up-to-date: /home/skemp32/ros2_ws/install/ardupilot_sitl_models/share/ardupilot_sitl_models/models/swan_k1_hwing/materials/textures/blue_metal/blue_metal_basecolor.jpg
[0.255s] -- Up-to-date: /home/skemp32/ros2_ws/install/ardupilot_sitl_models/share/ardupilot_sitl_models/models/swan_k1_hwing/materials/textures/blue_metal/blue_metal_metallic.jpg
[0.258s] -- Up-to-date: /home/skemp32/ros2_ws/install/ardupilot_sitl_models/share/ardupilot_sitl_models/models/swan_k1_hwing/materials/textures/blue_metal/blue_metal_normal.jpg
[0.258s] -- Up-to-date: /home/skemp32/ros2_ws/install/ardupilot_sitl_models/share/ardupilot_sitl_models/models/swan_k1_hwing/materials/textures/foxmap.tga
[0.260s] -- Up-to-date: /home/skemp32/ros2_ws/install/ardupilot_sitl_models/share/ardupilot_sitl_models/models/swan_k1_hwing/meshes
[0.260s] -- Up-to-date: /home/skemp32/ros2_ws/install/ardupilot_sitl_models/share/ardupilot_sitl_models/models/swan_k1_hwing/meshes/swan_k1_hwing_motor.dae
[0.260s] -- Up-to-date: /home/skemp32/ros2_ws/install/ardupilot_sitl_models/share/ardupilot_sitl_models/models/swan_k1_hwing/meshes/swan_k1_hwing_engine.dae
[0.260s] -- Up-to-date: /home/skemp32/ros2_ws/install/ardupilot_sitl_models/share/ardupilot_sitl_models/models/swan_k1_hwing/meshes/iris_prop_ccw.dae
[0.260s] -- Up-to-date: /home/skemp32/ros2_ws/install/ardupilot_sitl_models/share/ardupilot_sitl_models/models/swan_k1_hwing/meshes/swan_k1_hwing_fuselage.dae
[0.260s] -- Up-to-date: /home/skemp32/ros2_ws/install/ardupilot_sitl_models/share/ardupilot_sitl_models/models/swan_k1_hwing/meshes/foxmap.tga
[0.261s] -- Up-to-date: /home/skemp32/ros2_ws/install/ardupilot_sitl_models/share/ardupilot_sitl_models/models/swan_k1_hwing/meshes/iris_prop_cw.dae
[0.261s] -- Up-to-date: /home/skemp32/ros2_ws/install/ardupilot_sitl_models/share/ardupilot_sitl_models/models/swan_k1_hwing/model.sdf
[0.261s] -- Up-to-date: /home/skemp32/ros2_ws/install/ardupilot_sitl_models/share/ardupilot_sitl_models/models/swan_k1_hwing/model.config
[0.261s] -- Up-to-date: /home/skemp32/ros2_ws/install/ardupilot_sitl_models/share/ardupilot_sitl_models/models/rocky_asphalt_4x4
[0.261s] -- Up-to-date: /home/skemp32/ros2_ws/install/ardupilot_sitl_models/share/ardupilot_sitl_models/models/rocky_asphalt_4x4/materials
[0.261s] -- Up-to-date: /home/skemp32/ros2_ws/install/ardupilot_sitl_models/share/ardupilot_sitl_models/models/rocky_asphalt_4x4/materials/textures
[0.261s] -- Up-to-date: /home/skemp32/ros2_ws/install/ardupilot_sitl_models/share/ardupilot_sitl_models/models/rocky_asphalt_4x4/materials/textures/rocky_asphalt1_Normal-ogl.png
[0.262s] -- Up-to-date: /home/skemp32/ros2_ws/install/ardupilot_sitl_models/share/ardupilot_sitl_models/models/rocky_asphalt_4x4/materials/textures/rocky_asphalt1_Roughness.png
[0.262s] -- Up-to-date: /home/skemp32/ros2_ws/install/ardupilot_sitl_models/share/ardupilot_sitl_models/models/rocky_asphalt_4x4/materials/textures/rocky_asphalt1_ao.png
[0.262s] -- Up-to-date: /home/skemp32/ros2_ws/install/ardupilot_sitl_models/share/ardupilot_sitl_models/models/rocky_asphalt_4x4/materials/textures/rocky_asphalt1_Height.png
[0.262s] -- Up-to-date: /home/skemp32/ros2_ws/install/ardupilot_sitl_models/share/ardupilot_sitl_models/models/rocky_asphalt_4x4/materials/textures/rocky_asphalt1_Metallic.png
[0.262s] -- Up-to-date: /home/skemp32/ros2_ws/install/ardupilot_sitl_models/share/ardupilot_sitl_models/models/rocky_asphalt_4x4/materials/textures/rocky_asphalt1_albedo.png
[0.262s] -- Up-to-date: /home/skemp32/ros2_ws/install/ardupilot_sitl_models/share/ardupilot_sitl_models/models/rocky_asphalt_4x4/model.sdf
[0.262s] -- Up-to-date: /home/skemp32/ros2_ws/install/ardupilot_sitl_models/share/ardupilot_sitl_models/models/rocky_asphalt_4x4/model.config
[0.262s] -- Up-to-date: /home/skemp32/ros2_ws/install/ardupilot_sitl_models/share/ardupilot_sitl_models/models/catamaran
[0.262s] -- Up-to-date: /home/skemp32/ros2_ws/install/ardupilot_sitl_models/share/ardupilot_sitl_models/models/catamaran/meshes
[0.262s] -- Up-to-date: /home/skemp32/ros2_ws/install/ardupilot_sitl_models/share/ardupilot_sitl_models/models/catamaran/meshes/rudder.dae
[0.262s] -- Up-to-date: /home/skemp32/ros2_ws/install/ardupilot_sitl_models/share/ardupilot_sitl_models/models/catamaran/meshes/wind_sensor.dae
[0.262s] -- Up-to-date: /home/skemp32/ros2_ws/install/ardupilot_sitl_models/share/ardupilot_sitl_models/models/catamaran/meshes/hull_left_collision.stl
[0.263s] -- Up-to-date: /home/skemp32/ros2_ws/install/ardupilot_sitl_models/share/ardupilot_sitl_models/models/catamaran/meshes/hull_platform.dae
[0.263s] -- Up-to-date: /home/skemp32/ros2_ws/install/ardupilot_sitl_models/share/ardupilot_sitl_models/models/catamaran/meshes/wind_sensor_collision.stl
[0.263s] -- Up-to-date: /home/skemp32/ros2_ws/install/ardupilot_sitl_models/share/ardupilot_sitl_models/models/catamaran/meshes/rig.dae
[0.263s] -- Up-to-date: /home/skemp32/ros2_ws/install/ardupilot_sitl_models/share/ardupilot_sitl_models/models/catamaran/meshes/rudder_collision.stl
[0.263s] -- Up-to-date: /home/skemp32/ros2_ws/install/ardupilot_sitl_models/share/ardupilot_sitl_models/models/catamaran/meshes/fin_collision.stl
[0.263s] -- Up-to-date: /home/skemp32/ros2_ws/install/ardupilot_sitl_models/share/ardupilot_sitl_models/models/catamaran/meshes/hull_right_collision.stl
[0.263s] -- Up-to-date: /home/skemp32/ros2_ws/install/ardupilot_sitl_models/share/ardupilot_sitl_models/models/catamaran/meshes/fin.dae
[0.263s] -- Up-to-date: /home/skemp32/ros2_ws/install/ardupilot_sitl_models/share/ardupilot_sitl_models/models/catamaran/model.sdf
[0.263s] -- Up-to-date: /home/skemp32/ros2_ws/install/ardupilot_sitl_models/share/ardupilot_sitl_models/models/catamaran/model.config
[0.263s] -- Up-to-date: /home/skemp32/ros2_ws/install/ardupilot_sitl_models/share/ardupilot_sitl_models/models/bicopter
[0.263s] -- Up-to-date: /home/skemp32/ros2_ws/install/ardupilot_sitl_models/share/ardupilot_sitl_models/models/bicopter/meshes
[0.263s] -- Up-to-date: /home/skemp32/ros2_ws/install/ardupilot_sitl_models/share/ardupilot_sitl_models/models/bicopter/meshes/cw_mot.stl
[0.264s] -- Up-to-date: /home/skemp32/ros2_ws/install/ardupilot_sitl_models/share/ardupilot_sitl_models/models/bicopter/meshes/base.stl
[0.264s] -- Up-to-date: /home/skemp32/ros2_ws/install/ardupilot_sitl_models/share/ardupilot_sitl_models/models/bicopter/meshes/ccw_mot.stl
[0.264s] -- Up-to-date: /home/skemp32/ros2_ws/install/ardupilot_sitl_models/share/ardupilot_sitl_models/models/bicopter/meshes/cw_servo.stl
[0.264s] -- Up-to-date: /home/skemp32/ros2_ws/install/ardupilot_sitl_models/share/ardupilot_sitl_models/models/bicopter/meshes/ccw_servo.stl
[0.264s] -- Up-to-date: /home/skemp32/ros2_ws/install/ardupilot_sitl_models/share/ardupilot_sitl_models/models/bicopter/model.sdf
[0.264s] -- Up-to-date: /home/skemp32/ros2_ws/install/ardupilot_sitl_models/share/ardupilot_sitl_models/models/bicopter/model.config
[0.264s] -- Up-to-date: /home/skemp32/ros2_ws/install/ardupilot_sitl_models/share/ardupilot_sitl_models/models/wildthumper_with_lidar
[0.264s] -- Up-to-date: /home/skemp32/ros2_ws/install/ardupilot_sitl_models/share/ardupilot_sitl_models/models/wildthumper_with_lidar/meshes
[0.264s] -- Up-to-date: /home/skemp32/ros2_ws/install/ardupilot_sitl_models/share/ardupilot_sitl_models/models/wildthumper_with_lidar/meshes/sensors
[0.264s] -- Up-to-date: /home/skemp32/ros2_ws/install/ardupilot_sitl_models/share/ardupilot_sitl_models/models/wildthumper_with_lidar/meshes/sensors/rplidar_a1.dae
[0.264s] -- Up-to-date: /home/skemp32/ros2_ws/install/ardupilot_sitl_models/share/ardupilot_sitl_models/models/wildthumper_with_lidar/model.sdf
[0.264s] -- Up-to-date: /home/skemp32/ros2_ws/install/ardupilot_sitl_models/share/ardupilot_sitl_models/models/wildthumper_with_lidar/model.config
[0.264s] -- Up-to-date: /home/skemp32/ros2_ws/install/ardupilot_sitl_models/share/ardupilot_sitl_models/models/sawppy
[0.265s] -- Up-to-date: /home/skemp32/ros2_ws/install/ardupilot_sitl_models/share/ardupilot_sitl_models/models/sawppy/meshes
[0.265s] -- Up-to-date: /home/skemp32/ros2_ws/install/ardupilot_sitl_models/share/ardupilot_sitl_models/models/sawppy/meshes/wheels
[0.265s] -- Up-to-date: /home/skemp32/ros2_ws/install/ardupilot_sitl_models/share/ardupilot_sitl_models/models/sawppy/meshes/wheels/wheel.stl
[0.265s] -- Up-to-date: /home/skemp32/ros2_ws/install/ardupilot_sitl_models/share/ardupilot_sitl_models/models/sawppy/meshes/wheels/wheel_asm.stl
[0.265s] -- Up-to-date: /home/skemp32/ros2_ws/install/ardupilot_sitl_models/share/ardupilot_sitl_models/models/sawppy/meshes/bases
[0.265s] -- Up-to-date: /home/skemp32/ros2_ws/install/ardupilot_sitl_models/share/ardupilot_sitl_models/models/sawppy/meshes/bases/front_right_steering_asm.stl
[0.265s] -- Up-to-date: /home/skemp32/ros2_ws/install/ardupilot_sitl_models/share/ardupilot_sitl_models/models/sawppy/meshes/bases/differential.stl
[0.265s] -- Up-to-date: /home/skemp32/ros2_ws/install/ardupilot_sitl_models/share/ardupilot_sitl_models/models/sawppy/meshes/bases/right_rocker_asm.stl
[0.265s] -- Up-to-date: /home/skemp32/ros2_ws/install/ardupilot_sitl_models/share/ardupilot_sitl_models/models/sawppy/meshes/bases/back_left_steering_asm.stl
[0.265s] -- Up-to-date: /home/skemp32/ros2_ws/install/ardupilot_sitl_models/share/ardupilot_sitl_models/models/sawppy/meshes/bases/left_bogie_asm.stl
[0.265s] -- Up-to-date: /home/skemp32/ros2_ws/install/ardupilot_sitl_models/share/ardupilot_sitl_models/models/sawppy/meshes/bases/left_rocker_asm.stl
[0.265s] -- Up-to-date: /home/skemp32/ros2_ws/install/ardupilot_sitl_models/share/ardupilot_sitl_models/models/sawppy/meshes/bases/front_left_steering_asm.stl
[0.266s] -- Up-to-date: /home/skemp32/ros2_ws/install/ardupilot_sitl_models/share/ardupilot_sitl_models/models/sawppy/meshes/bases/right_bogie_asm.stl
[0.266s] -- Up-to-date: /home/skemp32/ros2_ws/install/ardupilot_sitl_models/share/ardupilot_sitl_models/models/sawppy/meshes/bases/body_box.stl
[0.266s] -- Up-to-date: /home/skemp32/ros2_ws/install/ardupilot_sitl_models/share/ardupilot_sitl_models/models/sawppy/meshes/bases/back_right_steering_asm.stl
[0.266s] -- Up-to-date: /home/skemp32/ros2_ws/install/ardupilot_sitl_models/share/ardupilot_sitl_models/models/sawppy/meshes/bases/turnbuckle.stl
[0.266s] -- Up-to-date: /home/skemp32/ros2_ws/install/ardupilot_sitl_models/share/ardupilot_sitl_models/models/sawppy/meshes/sensors
[0.266s] -- Up-to-date: /home/skemp32/ros2_ws/install/ardupilot_sitl_models/share/ardupilot_sitl_models/models/sawppy/meshes/sensors/rplidar_a1_assembly_low.stl
[0.266s] -- Up-to-date: /home/skemp32/ros2_ws/install/ardupilot_sitl_models/share/ardupilot_sitl_models/models/sawppy/meshes/sensors/rplidar_a1_low.stl
[0.266s] -- Up-to-date: /home/skemp32/ros2_ws/install/ardupilot_sitl_models/share/ardupilot_sitl_models/models/sawppy/model.sdf
[0.266s] -- Up-to-date: /home/skemp32/ros2_ws/install/ardupilot_sitl_models/share/ardupilot_sitl_models/models/sawppy/model.config
[0.266s] -- Up-to-date: /home/skemp32/ros2_ws/install/ardupilot_sitl_models/share/ardupilot_sitl_models/models/wsc_aircraft
[0.266s] -- Up-to-date: /home/skemp32/ros2_ws/install/ardupilot_sitl_models/share/ardupilot_sitl_models/models/wsc_aircraft/meshes
[0.266s] -- Up-to-date: /home/skemp32/ros2_ws/install/ardupilot_sitl_models/share/ardupilot_sitl_models/models/wsc_aircraft/meshes/motor2.dae
[0.266s] -- Up-to-date: /home/skemp32/ros2_ws/install/ardupilot_sitl_models/share/ardupilot_sitl_models/models/wsc_aircraft/meshes/wing_root_right_2.dae
[0.266s] -- Up-to-date: /home/skemp32/ros2_ws/install/ardupilot_sitl_models/share/ardupilot_sitl_models/models/wsc_aircraft/meshes/wing_tip_right.dae
[0.267s] -- Up-to-date: /home/skemp32/ros2_ws/install/ardupilot_sitl_models/share/ardupilot_sitl_models/models/wsc_aircraft/meshes/wing_root_left.dae
[0.267s] -- Up-to-date: /home/skemp32/ros2_ws/install/ardupilot_sitl_models/share/ardupilot_sitl_models/models/wsc_aircraft/meshes/hang_block_pitch.dae
[0.267s] -- Up-to-date: /home/skemp32/ros2_ws/install/ardupilot_sitl_models/share/ardupilot_sitl_models/models/wsc_aircraft/meshes/wing_tip_right_2.dae
[0.267s] -- Up-to-date: /home/skemp32/ros2_ws/install/ardupilot_sitl_models/share/ardupilot_sitl_models/models/wsc_aircraft/meshes/motor1.dae
[0.267s] -- Up-to-date: /home/skemp32/ros2_ws/install/ardupilot_sitl_models/share/ardupilot_sitl_models/models/wsc_aircraft/meshes/wing_tip_left_2.dae
[0.267s] -- Up-to-date: /home/skemp32/ros2_ws/install/ardupilot_sitl_models/share/ardupilot_sitl_models/models/wsc_aircraft/meshes/fuselage.dae
[0.267s] -- Up-to-date: /home/skemp32/ros2_ws/install/ardupilot_sitl_models/share/ardupilot_sitl_models/models/wsc_aircraft/meshes/hang_block_roll.dae
[0.267s] -- Up-to-date: /home/skemp32/ros2_ws/install/ardupilot_sitl_models/share/ardupilot_sitl_models/models/wsc_aircraft/meshes/steering_link.dae
[0.267s] -- Up-to-date: /home/skemp32/ros2_ws/install/ardupilot_sitl_models/share/ardupilot_sitl_models/models/wsc_aircraft/meshes/battery.dae
[0.267s] -- Up-to-date: /home/skemp32/ros2_ws/install/ardupilot_sitl_models/share/ardupilot_sitl_models/models/wsc_aircraft/meshes/front_wheel1.dae
[0.267s] -- Up-to-date: /home/skemp32/ros2_ws/install/ardupilot_sitl_models/share/ardupilot_sitl_models/models/wsc_aircraft/meshes/propeller_S.dae
[0.267s] -- Up-to-date: /home/skemp32/ros2_ws/install/ardupilot_sitl_models/share/ardupilot_sitl_models/models/wsc_aircraft/meshes/rear_wheel.dae
[0.268s] -- Up-to-date: /home/skemp32/ros2_ws/install/ardupilot_sitl_models/share/ardupilot_sitl_models/models/wsc_aircraft/meshes/wing_tip_left.dae
[0.268s] -- Up-to-date: /home/skemp32/ros2_ws/install/ardupilot_sitl_models/share/ardupilot_sitl_models/models/wsc_aircraft/meshes/wing_root_left_2.dae
[0.268s] -- Up-to-date: /home/skemp32/ros2_ws/install/ardupilot_sitl_models/share/ardupilot_sitl_models/models/wsc_aircraft/meshes/landing_gear.dae
[0.269s] -- Up-to-date: /home/skemp32/ros2_ws/install/ardupilot_sitl_models/share/ardupilot_sitl_models/models/wsc_aircraft/meshes/wing_root_right.dae
[0.269s] -- Up-to-date: /home/skemp32/ros2_ws/install/ardupilot_sitl_models/share/ardupilot_sitl_models/models/wsc_aircraft/meshes/front_wheel2.dae
[0.269s] -- Up-to-date: /home/skemp32/ros2_ws/install/ardupilot_sitl_models/share/ardupilot_sitl_models/models/wsc_aircraft/model.sdf
[0.269s] -- Up-to-date: /home/skemp32/ros2_ws/install/ardupilot_sitl_models/share/ardupilot_sitl_models/models/wsc_aircraft/gazebo-test.parm
[0.270s] -- Up-to-date: /home/skemp32/ros2_ws/install/ardupilot_sitl_models/share/ardupilot_sitl_models/models/wsc_aircraft/model.config
[0.270s] -- Up-to-date: /home/skemp32/ros2_ws/install/ardupilot_sitl_models/share/ardupilot_sitl_models/models/blueboat
[0.270s] -- Up-to-date: /home/skemp32/ros2_ws/install/ardupilot_sitl_models/share/ardupilot_sitl_models/models/blueboat/meshes
[0.270s] -- Up-to-date: /home/skemp32/ros2_ws/install/ardupilot_sitl_models/share/ardupilot_sitl_models/models/blueboat/meshes/blueboat_frame_asm_aft.dae
[0.270s] -- Up-to-date: /home/skemp32/ros2_ws/install/ardupilot_sitl_models/share/ardupilot_sitl_models/models/blueboat/meshes/blueboat_frame_asm_fore.dae
[0.270s] -- Up-to-date: /home/skemp32/ros2_ws/install/ardupilot_sitl_models/share/ardupilot_sitl_models/models/blueboat/meshes/blueboat_aerial.dae
[0.270s] -- Up-to-date: /home/skemp32/ros2_ws/install/ardupilot_sitl_models/share/ardupilot_sitl_models/models/blueboat/meshes/blueboat_hull_collision.stl
[0.270s] -- Up-to-date: /home/skemp32/ros2_ws/install/ardupilot_sitl_models/share/ardupilot_sitl_models/models/blueboat/meshes/blueboat_prop_port.dae
[0.270s] -- Up-to-date: /home/skemp32/ros2_ws/install/ardupilot_sitl_models/share/ardupilot_sitl_models/models/blueboat/meshes/blueboat_hull.dae
[0.270s] -- Up-to-date: /home/skemp32/ros2_ws/install/ardupilot_sitl_models/share/ardupilot_sitl_models/models/blueboat/meshes/blueboat_prop_stbd.dae
[0.270s] -- Up-to-date: /home/skemp32/ros2_ws/install/ardupilot_sitl_models/share/ardupilot_sitl_models/models/blueboat/meshes/blueboat_motor_stbd.dae
[0.270s] -- Up-to-date: /home/skemp32/ros2_ws/install/ardupilot_sitl_models/share/ardupilot_sitl_models/models/blueboat/meshes/blueboat_crosstube.dae
[0.270s] -- Up-to-date: /home/skemp32/ros2_ws/install/ardupilot_sitl_models/share/ardupilot_sitl_models/models/blueboat/meshes/blueboat_hull_collision.dae
[0.270s] -- Up-to-date: /home/skemp32/ros2_ws/install/ardupilot_sitl_models/share/ardupilot_sitl_models/models/blueboat/meshes/blueboat_hatch_asm_stbd.dae
[0.270s] -- Up-to-date: /home/skemp32/ros2_ws/install/ardupilot_sitl_models/share/ardupilot_sitl_models/models/blueboat/meshes/blueboat_motor_port.dae
[0.271s] -- Up-to-date: /home/skemp32/ros2_ws/install/ardupilot_sitl_models/share/ardupilot_sitl_models/models/blueboat/meshes/blueboat_flag.dae
[0.271s] -- Up-to-date: /home/skemp32/ros2_ws/install/ardupilot_sitl_models/share/ardupilot_sitl_models/models/blueboat/meshes/blueboat_hatch_asm_port.dae
[0.271s] -- Up-to-date: /home/skemp32/ros2_ws/install/ardupilot_sitl_models/share/ardupilot_sitl_models/models/blueboat/model.sdf
[0.271s] -- Up-to-date: /home/skemp32/ros2_ws/install/ardupilot_sitl_models/share/ardupilot_sitl_models/models/blueboat/model.config
[0.271s] -- Up-to-date: /home/skemp32/ros2_ws/install/ardupilot_sitl_models/share/ardupilot_sitl_models/models/construction_barrel
[0.271s] -- Up-to-date: /home/skemp32/ros2_ws/install/ardupilot_sitl_models/share/ardupilot_sitl_models/models/construction_barrel/materials
[0.271s] -- Up-to-date: /home/skemp32/ros2_ws/install/ardupilot_sitl_models/share/ardupilot_sitl_models/models/construction_barrel/materials/textures
[0.271s] -- Up-to-date: /home/skemp32/ros2_ws/install/ardupilot_sitl_models/share/ardupilot_sitl_models/models/construction_barrel/materials/textures/Construction_Barrel_Diffuse.png
[0.271s] -- Up-to-date: /home/skemp32/ros2_ws/install/ardupilot_sitl_models/share/ardupilot_sitl_models/models/construction_barrel/materials/textures/Construction_Barrel_Spec.png
[0.271s] -- Up-to-date: /home/skemp32/ros2_ws/install/ardupilot_sitl_models/share/ardupilot_sitl_models/models/construction_barrel/thumbnails
[0.271s] -- Up-to-date: /home/skemp32/ros2_ws/install/ardupilot_sitl_models/share/ardupilot_sitl_models/models/construction_barrel/thumbnails/1.png
[0.271s] -- Up-to-date: /home/skemp32/ros2_ws/install/ardupilot_sitl_models/share/ardupilot_sitl_models/models/construction_barrel/thumbnails/3.png
[0.272s] -- Up-to-date: /home/skemp32/ros2_ws/install/ardupilot_sitl_models/share/ardupilot_sitl_models/models/construction_barrel/thumbnails/5.png
[0.272s] -- Up-to-date: /home/skemp32/ros2_ws/install/ardupilot_sitl_models/share/ardupilot_sitl_models/models/construction_barrel/thumbnails/4.png
[0.272s] -- Up-to-date: /home/skemp32/ros2_ws/install/ardupilot_sitl_models/share/ardupilot_sitl_models/models/construction_barrel/thumbnails/2.png
[0.272s] -- Up-to-date: /home/skemp32/ros2_ws/install/ardupilot_sitl_models/share/ardupilot_sitl_models/models/construction_barrel/meshes
[0.272s] -- Up-to-date: /home/skemp32/ros2_ws/install/ardupilot_sitl_models/share/ardupilot_sitl_models/models/construction_barrel/meshes/construction_barrel.dae
[0.272s] -- Up-to-date: /home/skemp32/ros2_ws/install/ardupilot_sitl_models/share/ardupilot_sitl_models/models/construction_barrel/model.sdf
[0.272s] -- Up-to-date: /home/skemp32/ros2_ws/install/ardupilot_sitl_models/share/ardupilot_sitl_models/models/construction_barrel/model.config
[0.272s] -- Up-to-date: /home/skemp32/ros2_ws/install/ardupilot_sitl_models/share/ardupilot_sitl_models/models/construction_cone
[0.273s] -- Up-to-date: /home/skemp32/ros2_ws/install/ardupilot_sitl_models/share/ardupilot_sitl_models/models/construction_cone/materials
[0.273s] -- Up-to-date: /home/skemp32/ros2_ws/install/ardupilot_sitl_models/share/ardupilot_sitl_models/models/construction_cone/materials/textures
[0.273s] -- Up-to-date: /home/skemp32/ros2_ws/install/ardupilot_sitl_models/share/ardupilot_sitl_models/models/construction_cone/materials/textures/Construction_Cone_Diffuse.png
[0.273s] -- Up-to-date: /home/skemp32/ros2_ws/install/ardupilot_sitl_models/share/ardupilot_sitl_models/models/construction_cone/thumbnails
[0.273s] -- Up-to-date: /home/skemp32/ros2_ws/install/ardupilot_sitl_models/share/ardupilot_sitl_models/models/construction_cone/thumbnails/1.png
[0.273s] -- Up-to-date: /home/skemp32/ros2_ws/install/ardupilot_sitl_models/share/ardupilot_sitl_models/models/construction_cone/thumbnails/3.png
[0.273s] -- Up-to-date: /home/skemp32/ros2_ws/install/ardupilot_sitl_models/share/ardupilot_sitl_models/models/construction_cone/thumbnails/5.png
[0.273s] -- Up-to-date: /home/skemp32/ros2_ws/install/ardupilot_sitl_models/share/ardupilot_sitl_models/models/construction_cone/thumbnails/4.png
[0.273s] -- Up-to-date: /home/skemp32/ros2_ws/install/ardupilot_sitl_models/share/ardupilot_sitl_models/models/construction_cone/thumbnails/2.png
[0.273s] -- Up-to-date: /home/skemp32/ros2_ws/install/ardupilot_sitl_models/share/ardupilot_sitl_models/models/construction_cone/meshes
[0.273s] -- Up-to-date: /home/skemp32/ros2_ws/install/ardupilot_sitl_models/share/ardupilot_sitl_models/models/construction_cone/meshes/construction_cone.dae
[0.273s] -- Up-to-date: /home/skemp32/ros2_ws/install/ardupilot_sitl_models/share/ardupilot_sitl_models/models/construction_cone/model.sdf
[0.274s] -- Up-to-date: /home/skemp32/ros2_ws/install/ardupilot_sitl_models/share/ardupilot_sitl_models/models/construction_cone/model.config
[0.274s] -- Up-to-date: /home/skemp32/ros2_ws/install/ardupilot_sitl_models/share/ardupilot_sitl_models/models/dumpster
[0.274s] -- Up-to-date: /home/skemp32/ros2_ws/install/ardupilot_sitl_models/share/ardupilot_sitl_models/models/dumpster/materials
[0.274s] -- Up-to-date: /home/skemp32/ros2_ws/install/ardupilot_sitl_models/share/ardupilot_sitl_models/models/dumpster/materials/scripts
[0.274s] -- Up-to-date: /home/skemp32/ros2_ws/install/ardupilot_sitl_models/share/ardupilot_sitl_models/models/dumpster/materials/scripts/dumpster.material
[0.274s] -- Up-to-date: /home/skemp32/ros2_ws/install/ardupilot_sitl_models/share/ardupilot_sitl_models/models/dumpster/materials/textures
[0.274s] -- Up-to-date: /home/skemp32/ros2_ws/install/ardupilot_sitl_models/share/ardupilot_sitl_models/models/dumpster/materials/textures/Dumpster_Diffuse.png
[0.274s] -- Up-to-date: /home/skemp32/ros2_ws/install/ardupilot_sitl_models/share/ardupilot_sitl_models/models/dumpster/materials/textures/Dumpster_Spec.png
[0.274s] -- Up-to-date: /home/skemp32/ros2_ws/install/ardupilot_sitl_models/share/ardupilot_sitl_models/models/dumpster/thumbnails
[0.274s] -- Up-to-date: /home/skemp32/ros2_ws/install/ardupilot_sitl_models/share/ardupilot_sitl_models/models/dumpster/thumbnails/1.png
[0.274s] -- Up-to-date: /home/skemp32/ros2_ws/install/ardupilot_sitl_models/share/ardupilot_sitl_models/models/dumpster/thumbnails/3.png
[0.275s] -- Up-to-date: /home/skemp32/ros2_ws/install/ardupilot_sitl_models/share/ardupilot_sitl_models/models/dumpster/thumbnails/5.png
[0.275s] -- Up-to-date: /home/skemp32/ros2_ws/install/ardupilot_sitl_models/share/ardupilot_sitl_models/models/dumpster/thumbnails/4.png
[0.275s] -- Up-to-date: /home/skemp32/ros2_ws/install/ardupilot_sitl_models/share/ardupilot_sitl_models/models/dumpster/thumbnails/2.png
[0.275s] -- Up-to-date: /home/skemp32/ros2_ws/install/ardupilot_sitl_models/share/ardupilot_sitl_models/models/dumpster/meshes
[0.275s] -- Up-to-date: /home/skemp32/ros2_ws/install/ardupilot_sitl_models/share/ardupilot_sitl_models/models/dumpster/meshes/dumpster.dae
[0.275s] -- Up-to-date: /home/skemp32/ros2_ws/install/ardupilot_sitl_models/share/ardupilot_sitl_models/models/dumpster/model.sdf
[0.275s] -- Up-to-date: /home/skemp32/ros2_ws/install/ardupilot_sitl_models/share/ardupilot_sitl_models/models/dumpster/model.config
[0.275s] -- Up-to-date: /home/skemp32/ros2_ws/install/ardupilot_sitl_models/share/ardupilot_sitl_models/models/skywalker_x8_quad
[0.275s] -- Up-to-date: /home/skemp32/ros2_ws/install/ardupilot_sitl_models/share/ardupilot_sitl_models/models/skywalker_x8_quad/model.sdf
[0.275s] -- Up-to-date: /home/skemp32/ros2_ws/install/ardupilot_sitl_models/share/ardupilot_sitl_models/models/skywalker_x8_quad/model.config
[0.275s] -- Up-to-date: /home/skemp32/ros2_ws/install/ardupilot_sitl_models/share/ardupilot_sitl_models/models/r1_rover
[0.275s] -- Up-to-date: /home/skemp32/ros2_ws/install/ardupilot_sitl_models/share/ardupilot_sitl_models/models/r1_rover/meshes
[0.276s] -- Up-to-date: /home/skemp32/ros2_ws/install/ardupilot_sitl_models/share/ardupilot_sitl_models/models/r1_rover/meshes/wheel_link_simple.STL
[0.276s] -- Up-to-date: /home/skemp32/ros2_ws/install/ardupilot_sitl_models/share/ardupilot_sitl_models/models/r1_rover/meshes/top_link.STL
[0.276s] -- Up-to-date: /home/skemp32/ros2_ws/install/ardupilot_sitl_models/share/ardupilot_sitl_models/models/r1_rover/meshes/battery_link.STL
[0.276s] -- Up-to-date: /home/skemp32/ros2_ws/install/ardupilot_sitl_models/share/ardupilot_sitl_models/models/r1_rover/meshes/chassis_link.STL
[0.276s] -- Up-to-date: /home/skemp32/ros2_ws/install/ardupilot_sitl_models/share/ardupilot_sitl_models/models/r1_rover/meshes/wheel_link.STL
[0.276s] -- Up-to-date: /home/skemp32/ros2_ws/install/ardupilot_sitl_models/share/ardupilot_sitl_models/models/r1_rover/meshes/antenna_link.STL
[0.276s] -- Up-to-date: /home/skemp32/ros2_ws/install/ardupilot_sitl_models/share/ardupilot_sitl_models/models/r1_rover/meshes/housing_link.STL
[0.276s] -- Up-to-date: /home/skemp32/ros2_ws/install/ardupilot_sitl_models/share/ardupilot_sitl_models/models/r1_rover/model.sdf
[0.276s] -- Up-to-date: /home/skemp32/ros2_ws/install/ardupilot_sitl_models/share/ardupilot_sitl_models/models/r1_rover/model.config
[0.277s] -- Up-to-date: /home/skemp32/ros2_ws/install/ardupilot_sitl_models/share/ardupilot_sitl_models/models/daf_xf_450_tractor
[0.277s] -- Up-to-date: /home/skemp32/ros2_ws/install/ardupilot_sitl_models/share/ardupilot_sitl_models/models/daf_xf_450_tractor/materials
[0.283s] -- Up-to-date: /home/skemp32/ros2_ws/install/ardupilot_sitl_models/share/ardupilot_sitl_models/models/daf_xf_450_tractor/materials/textures
[0.287s] -- Up-to-date: /home/skemp32/ros2_ws/install/ardupilot_sitl_models/share/ardupilot_sitl_models/models/daf_xf_450_tractor/materials/textures/rubber_01
[0.291s] -- Up-to-date: /home/skemp32/ros2_ws/install/ardupilot_sitl_models/share/ardupilot_sitl_models/models/daf_xf_450_tractor/materials/textures/rubber_01/rubber_01_roughness.jpg
[0.292s] -- Up-to-date: /home/skemp32/ros2_ws/install/ardupilot_sitl_models/share/ardupilot_sitl_models/models/daf_xf_450_tractor/materials/textures/rubber_01/rubber_01_diffuse.jpg
[0.293s] -- Up-to-date: /home/skemp32/ros2_ws/install/ardupilot_sitl_models/share/ardupilot_sitl_models/models/daf_xf_450_tractor/materials/textures/rubber_01/rubber_01_normal.jpg
[0.293s] -- Up-to-date: /home/skemp32/ros2_ws/install/ardupilot_sitl_models/share/ardupilot_sitl_models/models/daf_xf_450_tractor/materials/textures/silver_metal
[0.293s] -- Up-to-date: /home/skemp32/ros2_ws/install/ardupilot_sitl_models/share/ardupilot_sitl_models/models/daf_xf_450_tractor/materials/textures/silver_metal/silver_metal_metallic.jpg
[0.293s] -- Up-to-date: /home/skemp32/ros2_ws/install/ardupilot_sitl_models/share/ardupilot_sitl_models/models/daf_xf_450_tractor/materials/textures/silver_metal/silver_metal_normal.jpg
[0.293s] -- Up-to-date: /home/skemp32/ros2_ws/install/ardupilot_sitl_models/share/ardupilot_sitl_models/models/daf_xf_450_tractor/materials/textures/silver_metal/silver_metal_diffuse.jpg
[0.293s] -- Up-to-date: /home/skemp32/ros2_ws/install/ardupilot_sitl_models/share/ardupilot_sitl_models/models/daf_xf_450_tractor/materials/textures/silver_metal/silver_metal_roughness.jpg
[0.294s] -- Up-to-date: /home/skemp32/ros2_ws/install/ardupilot_sitl_models/share/ardupilot_sitl_models/models/daf_xf_450_tractor/materials/textures/tractor_chassis.png
[0.294s] -- Up-to-date: /home/skemp32/ros2_ws/install/ardupilot_sitl_models/share/ardupilot_sitl_models/models/daf_xf_450_tractor/meshes
[0.294s] -- Up-to-date: /home/skemp32/ros2_ws/install/ardupilot_sitl_models/share/ardupilot_sitl_models/models/daf_xf_450_tractor/meshes/tractor_wheel_tyre_front.dae
[0.294s] -- Up-to-date: /home/skemp32/ros2_ws/install/ardupilot_sitl_models/share/ardupilot_sitl_models/models/daf_xf_450_tractor/meshes/tractor_wheel_tyre_rear.dae
[0.294s] -- Up-to-date: /home/skemp32/ros2_ws/install/ardupilot_sitl_models/share/ardupilot_sitl_models/models/daf_xf_450_tractor/meshes/tractor_wheel_hub_rear.dae
[0.294s] -- Up-to-date: /home/skemp32/ros2_ws/install/ardupilot_sitl_models/share/ardupilot_sitl_models/models/daf_xf_450_tractor/meshes/trailer_wheel_tyre.dae
[0.294s] -- Up-to-date: /home/skemp32/ros2_ws/install/ardupilot_sitl_models/share/ardupilot_sitl_models/models/daf_xf_450_tractor/meshes/trailer_wheel_hub.dae
[0.294s] -- Up-to-date: /home/skemp32/ros2_ws/install/ardupilot_sitl_models/share/ardupilot_sitl_models/models/daf_xf_450_tractor/meshes/tractor_chassis.dae
[0.294s] -- Up-to-date: /home/skemp32/ros2_ws/install/ardupilot_sitl_models/share/ardupilot_sitl_models/models/daf_xf_450_tractor/meshes/trailer_chassis.dae
[0.294s] -- Up-to-date: /home/skemp32/ros2_ws/install/ardupilot_sitl_models/share/ardupilot_sitl_models/models/daf_xf_450_tractor/meshes/tractor_wheel_hub_front.dae
[0.295s] -- Up-to-date: /home/skemp32/ros2_ws/install/ardupilot_sitl_models/share/ardupilot_sitl_models/models/daf_xf_450_tractor/model.sdf
[0.295s] -- Up-to-date: /home/skemp32/ros2_ws/install/ardupilot_sitl_models/share/ardupilot_sitl_models/models/daf_xf_450_tractor/model.config
[0.295s] -- Up-to-date: /home/skemp32/ros2_ws/install/ardupilot_sitl_models/share/ardupilot_sitl_models/models/daf_xf_450_tractor/model.sdf.erb
[0.295s] -- Up-to-date: /home/skemp32/ros2_ws/install/ardupilot_sitl_models/share/ardupilot_sitl_models/models/quadruped
[0.295s] -- Up-to-date: /home/skemp32/ros2_ws/install/ardupilot_sitl_models/share/ardupilot_sitl_models/models/quadruped/materials
[0.295s] -- Up-to-date: /home/skemp32/ros2_ws/install/ardupilot_sitl_models/share/ardupilot_sitl_models/models/quadruped/materials/textures
[0.295s] -- Up-to-date: /home/skemp32/ros2_ws/install/ardupilot_sitl_models/share/ardupilot_sitl_models/models/quadruped/materials/textures/silver_blue_metal
[0.296s] -- Up-to-date: /home/skemp32/ros2_ws/install/ardupilot_sitl_models/share/ardupilot_sitl_models/models/quadruped/materials/textures/silver_blue_metal/silver_blue_metal_roughness.jpg
[0.296s] -- Up-to-date: /home/skemp32/ros2_ws/install/ardupilot_sitl_models/share/ardupilot_sitl_models/models/quadruped/materials/textures/silver_blue_metal/silver_blue_metal_metallic.jpg
[0.296s] -- Up-to-date: /home/skemp32/ros2_ws/install/ardupilot_sitl_models/share/ardupilot_sitl_models/models/quadruped/materials/textures/silver_blue_metal/silver_blue_metal_diffuse.jpg
[0.296s] -- Up-to-date: /home/skemp32/ros2_ws/install/ardupilot_sitl_models/share/ardupilot_sitl_models/models/quadruped/materials/textures/silver_blue_metal/silver_blue_metal_normal.jpg
[0.296s] -- Up-to-date: /home/skemp32/ros2_ws/install/ardupilot_sitl_models/share/ardupilot_sitl_models/models/quadruped/meshes
[0.296s] -- Up-to-date: /home/skemp32/ros2_ws/install/ardupilot_sitl_models/share/ardupilot_sitl_models/models/quadruped/meshes/hexapod_femur_r.dae
[0.296s] -- Up-to-date: /home/skemp32/ros2_ws/install/ardupilot_sitl_models/share/ardupilot_sitl_models/models/quadruped/meshes/hexapod_tibia_r.dae
[0.296s] -- Up-to-date: /home/skemp32/ros2_ws/install/ardupilot_sitl_models/share/ardupilot_sitl_models/models/quadruped/meshes/hexapod_femur_l.dae
[0.296s] -- Up-to-date: /home/skemp32/ros2_ws/install/ardupilot_sitl_models/share/ardupilot_sitl_models/models/quadruped/meshes/hexapod_body.dae
[0.296s] -- Up-to-date: /home/skemp32/ros2_ws/install/ardupilot_sitl_models/share/ardupilot_sitl_models/models/quadruped/meshes/hexapod_coxa_r.dae
[0.296s] -- Up-to-date: /home/skemp32/ros2_ws/install/ardupilot_sitl_models/share/ardupilot_sitl_models/models/quadruped/meshes/hexapod_coxa_l.dae
[0.296s] -- Up-to-date: /home/skemp32/ros2_ws/install/ardupilot_sitl_models/share/ardupilot_sitl_models/models/quadruped/meshes/hexapod_tibia_l.dae
[0.297s] -- Up-to-date: /home/skemp32/ros2_ws/install/ardupilot_sitl_models/share/ardupilot_sitl_models/models/quadruped/model.sdf
[0.297s] -- Up-to-date: /home/skemp32/ros2_ws/install/ardupilot_sitl_models/share/ardupilot_sitl_models/models/quadruped/model.config
[0.297s] -- Up-to-date: /home/skemp32/ros2_ws/install/ardupilot_sitl_models/share/ardupilot_sitl_models/models/daf_xf_450_flatbed_trailer
[0.297s] -- Up-to-date: /home/skemp32/ros2_ws/install/ardupilot_sitl_models/share/ardupilot_sitl_models/models/daf_xf_450_flatbed_trailer/materials
[0.297s] -- Up-to-date: /home/skemp32/ros2_ws/install/ardupilot_sitl_models/share/ardupilot_sitl_models/models/daf_xf_450_flatbed_trailer/materials/textures
[0.297s] -- Up-to-date: /home/skemp32/ros2_ws/install/ardupilot_sitl_models/share/ardupilot_sitl_models/models/daf_xf_450_flatbed_trailer/materials/textures/rubber_01
[0.297s] -- Up-to-date: /home/skemp32/ros2_ws/install/ardupilot_sitl_models/share/ardupilot_sitl_models/models/daf_xf_450_flatbed_trailer/materials/textures/rubber_01/rubber_01_roughness.jpg
[0.298s] -- Up-to-date: /home/skemp32/ros2_ws/install/ardupilot_sitl_models/share/ardupilot_sitl_models/models/daf_xf_450_flatbed_trailer/materials/textures/rubber_01/rubber_01_diffuse.jpg
[0.298s] -- Up-to-date: /home/skemp32/ros2_ws/install/ardupilot_sitl_models/share/ardupilot_sitl_models/models/daf_xf_450_flatbed_trailer/materials/textures/rubber_01/rubber_01_normal.jpg
[0.298s] -- Up-to-date: /home/skemp32/ros2_ws/install/ardupilot_sitl_models/share/ardupilot_sitl_models/models/daf_xf_450_flatbed_trailer/materials/textures/silver_metal
[0.298s] -- Up-to-date: /home/skemp32/ros2_ws/install/ardupilot_sitl_models/share/ardupilot_sitl_models/models/daf_xf_450_flatbed_trailer/materials/textures/silver_metal/silver_metal_metallic.jpg
[0.298s] -- Up-to-date: /home/skemp32/ros2_ws/install/ardupilot_sitl_models/share/ardupilot_sitl_models/models/daf_xf_450_flatbed_trailer/materials/textures/silver_metal/silver_metal_normal.jpg
[0.298s] -- Up-to-date: /home/skemp32/ros2_ws/install/ardupilot_sitl_models/share/ardupilot_sitl_models/models/daf_xf_450_flatbed_trailer/materials/textures/silver_metal/silver_metal_diffuse.jpg
[0.298s] -- Up-to-date: /home/skemp32/ros2_ws/install/ardupilot_sitl_models/share/ardupilot_sitl_models/models/daf_xf_450_flatbed_trailer/materials/textures/silver_metal/silver_metal_roughness.jpg
[0.298s] -- Up-to-date: /home/skemp32/ros2_ws/install/ardupilot_sitl_models/share/ardupilot_sitl_models/models/daf_xf_450_flatbed_trailer/materials/textures/tractor_chassis.png
[0.298s] -- Up-to-date: /home/skemp32/ros2_ws/install/ardupilot_sitl_models/share/ardupilot_sitl_models/models/daf_xf_450_flatbed_trailer/meshes
[0.298s] -- Up-to-date: /home/skemp32/ros2_ws/install/ardupilot_sitl_models/share/ardupilot_sitl_models/models/daf_xf_450_flatbed_trailer/meshes/trailer_wheel_tyre.dae
[0.298s] -- Up-to-date: /home/skemp32/ros2_ws/install/ardupilot_sitl_models/share/ardupilot_sitl_models/models/daf_xf_450_flatbed_trailer/meshes/trailer_wheel_hub.dae
[0.299s] -- Up-to-date: /home/skemp32/ros2_ws/install/ardupilot_sitl_models/share/ardupilot_sitl_models/models/daf_xf_450_flatbed_trailer/meshes/trailer_chassis.dae
[0.299s] -- Up-to-date: /home/skemp32/ros2_ws/install/ardupilot_sitl_models/share/ardupilot_sitl_models/models/daf_xf_450_flatbed_trailer/model.sdf
[0.299s] -- Up-to-date: /home/skemp32/ros2_ws/install/ardupilot_sitl_models/share/ardupilot_sitl_models/models/daf_xf_450_flatbed_trailer/model.config
[0.299s] -- Up-to-date: /home/skemp32/ros2_ws/install/ardupilot_sitl_models/share/ardupilot_sitl_models/models/daf_xf_450_flatbed_trailer/model.sdf.erb
[0.299s] -- Up-to-date: /home/skemp32/ros2_ws/install/ardupilot_sitl_models/share/ardupilot_sitl_models/models/hexapod_copter
[0.299s] -- Up-to-date: /home/skemp32/ros2_ws/install/ardupilot_sitl_models/share/ardupilot_sitl_models/models/hexapod_copter/meshes
[0.299s] -- Up-to-date: /home/skemp32/ros2_ws/install/ardupilot_sitl_models/share/ardupilot_sitl_models/models/hexapod_copter/meshes/iris_prop_ccw.dae
[0.300s] -- Up-to-date: /home/skemp32/ros2_ws/install/ardupilot_sitl_models/share/ardupilot_sitl_models/models/hexapod_copter/meshes/iris_prop_cw.dae
[0.300s] -- Up-to-date: /home/skemp32/ros2_ws/install/ardupilot_sitl_models/share/ardupilot_sitl_models/models/hexapod_copter/model.sdf
[0.300s] -- Up-to-date: /home/skemp32/ros2_ws/install/ardupilot_sitl_models/share/ardupilot_sitl_models/models/hexapod_copter/model.config
[0.300s] -- Up-to-date: /home/skemp32/ros2_ws/install/ardupilot_sitl_models/share/ardupilot_sitl_models/models/fire_hydrant
[0.300s] -- Up-to-date: /home/skemp32/ros2_ws/install/ardupilot_sitl_models/share/ardupilot_sitl_models/models/fire_hydrant/materials
[0.300s] -- Up-to-date: /home/skemp32/ros2_ws/install/ardupilot_sitl_models/share/ardupilot_sitl_models/models/fire_hydrant/materials/textures
[0.300s] -- Up-to-date: /home/skemp32/ros2_ws/install/ardupilot_sitl_models/share/ardupilot_sitl_models/models/fire_hydrant/materials/textures/fire_hydrant_diffuse.png
[0.300s] -- Up-to-date: /home/skemp32/ros2_ws/install/ardupilot_sitl_models/share/ardupilot_sitl_models/models/fire_hydrant/materials/textures/fire_hydrant_spec.png
[0.300s] -- Up-to-date: /home/skemp32/ros2_ws/install/ardupilot_sitl_models/share/ardupilot_sitl_models/models/fire_hydrant/thumbnails
[0.300s] -- Up-to-date: /home/skemp32/ros2_ws/install/ardupilot_sitl_models/share/ardupilot_sitl_models/models/fire_hydrant/thumbnails/1.png
[0.300s] -- Up-to-date: /home/skemp32/ros2_ws/install/ardupilot_sitl_models/share/ardupilot_sitl_models/models/fire_hydrant/thumbnails/3.png
[0.300s] -- Up-to-date: /home/skemp32/ros2_ws/install/ardupilot_sitl_models/share/ardupilot_sitl_models/models/fire_hydrant/thumbnails/5.png
[0.300s] -- Up-to-date: /home/skemp32/ros2_ws/install/ardupilot_sitl_models/share/ardupilot_sitl_models/models/fire_hydrant/thumbnails/4.png
[0.300s] -- Up-to-date: /home/skemp32/ros2_ws/install/ardupilot_sitl_models/share/ardupilot_sitl_models/models/fire_hydrant/thumbnails/2.png
[0.301s] -- Up-to-date: /home/skemp32/ros2_ws/install/ardupilot_sitl_models/share/ardupilot_sitl_models/models/fire_hydrant/meshes
[0.301s] -- Up-to-date: /home/skemp32/ros2_ws/install/ardupilot_sitl_models/share/ardupilot_sitl_models/models/fire_hydrant/meshes/fire_hydrant.dae
[0.301s] -- Up-to-date: /home/skemp32/ros2_ws/install/ardupilot_sitl_models/share/ardupilot_sitl_models/models/fire_hydrant/model.sdf
[0.301s] -- Up-to-date: /home/skemp32/ros2_ws/install/ardupilot_sitl_models/share/ardupilot_sitl_models/models/fire_hydrant/model.config
[0.301s] -- Up-to-date: /home/skemp32/ros2_ws/install/ardupilot_sitl_models/share/ardupilot_sitl_models/models/alti_transition_quad
[0.301s] -- Up-to-date: /home/skemp32/ros2_ws/install/ardupilot_sitl_models/share/ardupilot_sitl_models/models/alti_transition_quad/materials
[0.301s] -- Up-to-date: /home/skemp32/ros2_ws/install/ardupilot_sitl_models/share/ardupilot_sitl_models/models/alti_transition_quad/materials/textures
[0.301s] -- Up-to-date: /home/skemp32/ros2_ws/install/ardupilot_sitl_models/share/ardupilot_sitl_models/models/alti_transition_quad/materials/textures/AltiTransitionMap.png
[0.301s] -- Up-to-date: /home/skemp32/ros2_ws/install/ardupilot_sitl_models/share/ardupilot_sitl_models/models/alti_transition_quad/materials/textures/x8.tga
[0.301s] -- Up-to-date: /home/skemp32/ros2_ws/install/ardupilot_sitl_models/share/ardupilot_sitl_models/models/alti_transition_quad/meshes
[0.301s] -- Up-to-date: /home/skemp32/ros2_ws/install/ardupilot_sitl_models/share/ardupilot_sitl_models/models/alti_transition_quad/meshes/prop_ccw.dae
[0.302s] -- Up-to-date: /home/skemp32/ros2_ws/install/ardupilot_sitl_models/share/ardupilot_sitl_models/models/alti_transition_quad/meshes/prop_cw.dae
[0.302s] -- Up-to-date: /home/skemp32/ros2_ws/install/ardupilot_sitl_models/share/ardupilot_sitl_models/models/alti_transition_quad/meshes/alti_transition_elevator.dae
[0.302s] -- Up-to-date: /home/skemp32/ros2_ws/install/ardupilot_sitl_models/share/ardupilot_sitl_models/models/alti_transition_quad/meshes/alti_transition_engine.dae
[0.302s] -- Up-to-date: /home/skemp32/ros2_ws/install/ardupilot_sitl_models/share/ardupilot_sitl_models/models/alti_transition_quad/meshes/alti_transition_base.dae
[0.302s] -- Up-to-date: /home/skemp32/ros2_ws/install/ardupilot_sitl_models/share/ardupilot_sitl_models/models/alti_transition_quad/meshes/alti_transition_aileron_right.dae
[0.302s] -- Up-to-date: /home/skemp32/ros2_ws/install/ardupilot_sitl_models/share/ardupilot_sitl_models/models/alti_transition_quad/meshes/alti_transition_aileron_left.dae
[0.302s] -- Up-to-date: /home/skemp32/ros2_ws/install/ardupilot_sitl_models/share/ardupilot_sitl_models/models/alti_transition_quad/model.sdf
[0.302s] -- Up-to-date: /home/skemp32/ros2_ws/install/ardupilot_sitl_models/share/ardupilot_sitl_models/models/alti_transition_quad/model.config
[0.302s] -- Up-to-date: /home/skemp32/ros2_ws/install/ardupilot_sitl_models/share/ardupilot_sitl_models/models/alti_transition_quad/model.sdf.erb
[0.302s] -- Up-to-date: /home/skemp32/ros2_ws/install/ardupilot_sitl_models/share/ardupilot_sitl_models/models/skycat_tvbs
[0.303s] -- Up-to-date: /home/skemp32/ros2_ws/install/ardupilot_sitl_models/share/ardupilot_sitl_models/models/skycat_tvbs/materials
[0.303s] -- Up-to-date: /home/skemp32/ros2_ws/install/ardupilot_sitl_models/share/ardupilot_sitl_models/models/skycat_tvbs/materials/textures
[0.303s] -- Up-to-date: /home/skemp32/ros2_ws/install/ardupilot_sitl_models/share/ardupilot_sitl_models/models/skycat_tvbs/materials/textures/skycat.png
[0.303s] -- Up-to-date: /home/skemp32/ros2_ws/install/ardupilot_sitl_models/share/ardupilot_sitl_models/models/skycat_tvbs/materials/textures/metal_graphite
[0.303s] -- Up-to-date: /home/skemp32/ros2_ws/install/ardupilot_sitl_models/share/ardupilot_sitl_models/models/skycat_tvbs/materials/textures/metal_graphite/metal_graphite_basecolor.jpg
[0.304s] -- Up-to-date: /home/skemp32/ros2_ws/install/ardupilot_sitl_models/share/ardupilot_sitl_models/models/skycat_tvbs/materials/textures/metal_graphite/metal_graphite_normal.jpg
[0.304s] -- Up-to-date: /home/skemp32/ros2_ws/install/ardupilot_sitl_models/share/ardupilot_sitl_models/models/skycat_tvbs/materials/textures/metal_graphite/metal_graphite_roughness.jpg
[0.304s] -- Up-to-date: /home/skemp32/ros2_ws/install/ardupilot_sitl_models/share/ardupilot_sitl_models/models/skycat_tvbs/materials/textures/metal_graphite/metal_graphite_metallic.jpg
[0.304s] -- Up-to-date: /home/skemp32/ros2_ws/install/ardupilot_sitl_models/share/ardupilot_sitl_models/models/skycat_tvbs/meshes
[0.304s] -- Up-to-date: /home/skemp32/ros2_ws/install/ardupilot_sitl_models/share/ardupilot_sitl_models/models/skycat_tvbs/meshes/skycat_tilt_left.dae
[0.304s] -- Up-to-date: /home/skemp32/ros2_ws/install/ardupilot_sitl_models/share/ardupilot_sitl_models/models/skycat_tvbs/meshes/iris_prop_ccw.dae
[0.304s] -- Up-to-date: /home/skemp32/ros2_ws/install/ardupilot_sitl_models/share/ardupilot_sitl_models/models/skycat_tvbs/meshes/skycat_elevon_left.dae
[0.304s] -- Up-to-date: /home/skemp32/ros2_ws/install/ardupilot_sitl_models/share/ardupilot_sitl_models/models/skycat_tvbs/meshes/skycat_tilt_right.dae
[0.304s] -- Up-to-date: /home/skemp32/ros2_ws/install/ardupilot_sitl_models/share/ardupilot_sitl_models/models/skycat_tvbs/meshes/skycat_base.dae
[0.305s] -- Up-to-date: /home/skemp32/ros2_ws/install/ardupilot_sitl_models/share/ardupilot_sitl_models/models/skycat_tvbs/meshes/iris_prop_cw.dae
[0.305s] -- Up-to-date: /home/skemp32/ros2_ws/install/ardupilot_sitl_models/share/ardupilot_sitl_models/models/skycat_tvbs/meshes/skycat_elevon_right.dae
[0.306s] -- Up-to-date: /home/skemp32/ros2_ws/install/ardupilot_sitl_models/share/ardupilot_sitl_models/models/skycat_tvbs/model.sdf
[0.307s] -- Up-to-date: /home/skemp32/ros2_ws/install/ardupilot_sitl_models/share/ardupilot_sitl_models/models/skycat_tvbs/model.config
[0.307s] -- Up-to-date: /home/skemp32/ros2_ws/install/ardupilot_sitl_models/share/ardupilot_sitl_models/models/sonoma_raceway
[0.307s] -- Up-to-date: /home/skemp32/ros2_ws/install/ardupilot_sitl_models/share/ardupilot_sitl_models/models/sonoma_raceway/materials
[0.307s] -- Up-to-date: /home/skemp32/ros2_ws/install/ardupilot_sitl_models/share/ardupilot_sitl_models/models/sonoma_raceway/materials/textures
[0.307s] -- Up-to-date: /home/skemp32/ros2_ws/install/ardupilot_sitl_models/share/ardupilot_sitl_models/models/sonoma_raceway/materials/textures/Grass.png
[0.307s] -- Up-to-date: /home/skemp32/ros2_ws/install/ardupilot_sitl_models/share/ardupilot_sitl_models/models/sonoma_raceway/materials/textures/Trim.png
[0.307s] -- Up-to-date: /home/skemp32/ros2_ws/install/ardupilot_sitl_models/share/ardupilot_sitl_models/models/sonoma_raceway/materials/textures/TireStack.png
[0.307s] -- Up-to-date: /home/skemp32/ros2_ws/install/ardupilot_sitl_models/share/ardupilot_sitl_models/models/sonoma_raceway/materials/textures/Asphalt.png
[0.309s] -- Up-to-date: /home/skemp32/ros2_ws/install/ardupilot_sitl_models/share/ardupilot_sitl_models/models/sonoma_raceway/materials/textures/Railing.png
[0.309s] -- Up-to-date: /home/skemp32/ros2_ws/install/ardupilot_sitl_models/share/ardupilot_sitl_models/models/sonoma_raceway/materials/textures/Checker.png
[0.309s] -- Up-to-date: /home/skemp32/ros2_ws/install/ardupilot_sitl_models/share/ardupilot_sitl_models/models/sonoma_raceway/materials/textures/Fence.png
[0.309s] -- Up-to-date: /home/skemp32/ros2_ws/install/ardupilot_sitl_models/share/ardupilot_sitl_models/models/sonoma_raceway/materials/textures/Track.png
[0.310s] -- Up-to-date: /home/skemp32/ros2_ws/install/ardupilot_sitl_models/share/ardupilot_sitl_models/models/sonoma_raceway/materials/textures/RumbleStrip&Barrier.png
[0.310s] -- Up-to-date: /home/skemp32/ros2_ws/install/ardupilot_sitl_models/share/ardupilot_sitl_models/models/sonoma_raceway/materials/textures/Fence_Opacity.png
[0.310s] -- Up-to-date: /home/skemp32/ros2_ws/install/ardupilot_sitl_models/share/ardupilot_sitl_models/models/sonoma_raceway/materials/textures/Stands.png
[0.311s] -- Up-to-date: /home/skemp32/ros2_ws/install/ardupilot_sitl_models/share/ardupilot_sitl_models/models/sonoma_raceway/materials/textures/Concrete.png
[0.311s] -- Up-to-date: /home/skemp32/ros2_ws/install/ardupilot_sitl_models/share/ardupilot_sitl_models/models/sonoma_raceway/materials/textures/Roof.png
[0.312s] -- Up-to-date: /home/skemp32/ros2_ws/install/ardupilot_sitl_models/share/ardupilot_sitl_models/models/sonoma_raceway/materials/textures/Window.png
[0.312s] -- Up-to-date: /home/skemp32/ros2_ws/install/ardupilot_sitl_models/share/ardupilot_sitl_models/models/sonoma_raceway/materials/textures/Bridge.png
[0.312s] -- Up-to-date: /home/skemp32/ros2_ws/install/ardupilot_sitl_models/share/ardupilot_sitl_models/models/sonoma_raceway/materials/textures/Wall.png
[0.312s] -- Up-to-date: /home/skemp32/ros2_ws/install/ardupilot_sitl_models/share/ardupilot_sitl_models/models/sonoma_raceway/materials/textures/RumbleStrip.png
[0.312s] -- Up-to-date: /home/skemp32/ros2_ws/install/ardupilot_sitl_models/share/ardupilot_sitl_models/models/sonoma_raceway/meshes
[0.313s] -- Up-to-date: /home/skemp32/ros2_ws/install/ardupilot_sitl_models/share/ardupilot_sitl_models/models/sonoma_raceway/meshes/Raceway.mtl
[0.314s] -- Up-to-date: /home/skemp32/ros2_ws/install/ardupilot_sitl_models/share/ardupilot_sitl_models/models/sonoma_raceway/meshes/Raceway.obj
[0.314s] -- Up-to-date: /home/skemp32/ros2_ws/install/ardupilot_sitl_models/share/ardupilot_sitl_models/models/sonoma_raceway/model.sdf
[0.316s] -- Up-to-date: /home/skemp32/ros2_ws/install/ardupilot_sitl_models/share/ardupilot_sitl_models/models/sonoma_raceway/model.config
[0.316s] -- Up-to-date: /home/skemp32/ros2_ws/install/ardupilot_sitl_models/share/ardupilot_sitl_models/models/wildthumper
[0.317s] -- Up-to-date: /home/skemp32/ros2_ws/install/ardupilot_sitl_models/share/ardupilot_sitl_models/models/wildthumper/materials
[0.318s] -- Up-to-date: /home/skemp32/ros2_ws/install/ardupilot_sitl_models/share/ardupilot_sitl_models/models/wildthumper/materials/textures
[0.318s] -- Up-to-date: /home/skemp32/ros2_ws/install/ardupilot_sitl_models/share/ardupilot_sitl_models/models/wildthumper/materials/textures/red_metal
[0.318s] -- Up-to-date: /home/skemp32/ros2_ws/install/ardupilot_sitl_models/share/ardupilot_sitl_models/models/wildthumper/materials/textures/red_metal/red_metal_diffuse.jpg
[0.319s] -- Up-to-date: /home/skemp32/ros2_ws/install/ardupilot_sitl_models/share/ardupilot_sitl_models/models/wildthumper/materials/textures/red_metal/red_metal_metallic.jpg
[0.319s] -- Up-to-date: /home/skemp32/ros2_ws/install/ardupilot_sitl_models/share/ardupilot_sitl_models/models/wildthumper/materials/textures/red_metal/red_metal_roughness.jpg
[0.319s] -- Up-to-date: /home/skemp32/ros2_ws/install/ardupilot_sitl_models/share/ardupilot_sitl_models/models/wildthumper/materials/textures/red_metal/red_metal_normal.jpg
[0.320s] -- Up-to-date: /home/skemp32/ros2_ws/install/ardupilot_sitl_models/share/ardupilot_sitl_models/models/wildthumper/materials/textures/rubber_01
[0.320s] -- Up-to-date: /home/skemp32/ros2_ws/install/ardupilot_sitl_models/share/ardupilot_sitl_models/models/wildthumper/materials/textures/rubber_01/rubber_01_roughness.jpg
[0.322s] -- Up-to-date: /home/skemp32/ros2_ws/install/ardupilot_sitl_models/share/ardupilot_sitl_models/models/wildthumper/materials/textures/rubber_01/rubber_01_diffuse.jpg
[0.323s] -- Up-to-date: /home/skemp32/ros2_ws/install/ardupilot_sitl_models/share/ardupilot_sitl_models/models/wildthumper/materials/textures/rubber_01/rubber_01_normal.jpg
[0.323s] -- Up-to-date: /home/skemp32/ros2_ws/install/ardupilot_sitl_models/share/ardupilot_sitl_models/models/wildthumper/materials/textures/silver_metal
[0.323s] -- Up-to-date: /home/skemp32/ros2_ws/install/ardupilot_sitl_models/share/ardupilot_sitl_models/models/wildthumper/materials/textures/silver_metal/silver_metal_metallic.jpg
[0.324s] -- Up-to-date: /home/skemp32/ros2_ws/install/ardupilot_sitl_models/share/ardupilot_sitl_models/models/wildthumper/materials/textures/silver_metal/silver_metal_normal.jpg
[0.324s] -- Up-to-date: /home/skemp32/ros2_ws/install/ardupilot_sitl_models/share/ardupilot_sitl_models/models/wildthumper/materials/textures/silver_metal/silver_metal_diffuse.jpg
[0.324s] -- Up-to-date: /home/skemp32/ros2_ws/install/ardupilot_sitl_models/share/ardupilot_sitl_models/models/wildthumper/materials/textures/silver_metal/silver_metal_roughness.jpg
[0.324s] -- Up-to-date: /home/skemp32/ros2_ws/install/ardupilot_sitl_models/share/ardupilot_sitl_models/models/wildthumper/materials/textures/black_metal
[0.325s] -- Up-to-date: /home/skemp32/ros2_ws/install/ardupilot_sitl_models/share/ardupilot_sitl_models/models/wildthumper/materials/textures/black_metal/black_metal_metallic.jpg
[0.325s] -- Up-to-date: /home/skemp32/ros2_ws/install/ardupilot_sitl_models/share/ardupilot_sitl_models/models/wildthumper/materials/textures/black_metal/black_metal_normal.jpg
[0.325s] -- Up-to-date: /home/skemp32/ros2_ws/install/ardupilot_sitl_models/share/ardupilot_sitl_models/models/wildthumper/materials/textures/black_metal/black_metal_diffuse.jpg
[0.327s] -- Up-to-date: /home/skemp32/ros2_ws/install/ardupilot_sitl_models/share/ardupilot_sitl_models/models/wildthumper/materials/textures/black_metal/black_metal_roughness.jpg
[0.327s] -- Up-to-date: /home/skemp32/ros2_ws/install/ardupilot_sitl_models/share/ardupilot_sitl_models/models/wildthumper/meshes
[0.327s] -- Up-to-date: /home/skemp32/ros2_ws/install/ardupilot_sitl_models/share/ardupilot_sitl_models/models/wildthumper/meshes/wheels
[0.328s] -- Up-to-date: /home/skemp32/ros2_ws/install/ardupilot_sitl_models/share/ardupilot_sitl_models/models/wildthumper/meshes/wheels/left_wheel_adapter.dae
[0.328s] -- Up-to-date: /home/skemp32/ros2_ws/install/ardupilot_sitl_models/share/ardupilot_sitl_models/models/wildthumper/meshes/wheels/right_wheel_adapter.dae
[0.329s] -- Up-to-date: /home/skemp32/ros2_ws/install/ardupilot_sitl_models/share/ardupilot_sitl_models/models/wildthumper/meshes/wheels/left_wheel_rim.dae
[0.329s] -- Up-to-date: /home/skemp32/ros2_ws/install/ardupilot_sitl_models/share/ardupilot_sitl_models/models/wildthumper/meshes/wheels/right_wheel_rim.dae
[0.329s] -- Up-to-date: /home/skemp32/ros2_ws/install/ardupilot_sitl_models/share/ardupilot_sitl_models/models/wildthumper/meshes/wheels/left_wheel_tyre.dae
[0.330s] -- Up-to-date: /home/skemp32/ros2_ws/install/ardupilot_sitl_models/share/ardupilot_sitl_models/models/wildthumper/meshes/wheels/right_wheel_tyre.dae
[0.330s] -- Up-to-date: /home/skemp32/ros2_ws/install/ardupilot_sitl_models/share/ardupilot_sitl_models/models/wildthumper/meshes/bases
[0.330s] -- Up-to-date: /home/skemp32/ros2_ws/install/ardupilot_sitl_models/share/ardupilot_sitl_models/models/wildthumper/meshes/bases/wheel_chassis_short.dae
[0.330s] -- Up-to-date: /home/skemp32/ros2_ws/install/ardupilot_sitl_models/share/ardupilot_sitl_models/models/wildthumper/meshes/bases/left_motor_asm.dae
[0.330s] -- Up-to-date: /home/skemp32/ros2_ws/install/ardupilot_sitl_models/share/ardupilot_sitl_models/models/wildthumper/meshes/bases/top_chassis_with_standoffs.dae
[0.330s] -- Up-to-date: /home/skemp32/ros2_ws/install/ardupilot_sitl_models/share/ardupilot_sitl_models/models/wildthumper/meshes/bases/wheel_chassis_long.dae
[0.331s] -- Up-to-date: /home/skemp32/ros2_ws/install/ardupilot_sitl_models/share/ardupilot_sitl_models/models/wildthumper/meshes/bases/right_motor_asm.dae
[0.331s] -- Up-to-date: /home/skemp32/ros2_ws/install/ardupilot_sitl_models/share/ardupilot_sitl_models/models/wildthumper/meshes/bases/top_chassis.dae
[0.331s] -- Up-to-date: /home/skemp32/ros2_ws/install/ardupilot_sitl_models/share/ardupilot_sitl_models/models/wildthumper/meshes/bases/small_chassis_with_frame_connector.dae
[0.332s] -- Up-to-date: /home/skemp32/ros2_ws/install/ardupilot_sitl_models/share/ardupilot_sitl_models/models/wildthumper/model.sdf
[0.332s] -- Up-to-date: /home/skemp32/ros2_ws/install/ardupilot_sitl_models/share/ardupilot_sitl_models/models/wildthumper/model.config
[0.332s] -- Up-to-date: /home/skemp32/ros2_ws/install/ardupilot_sitl_models/share/ardupilot_sitl_models/models/steel_plate_1x1
[0.332s] -- Up-to-date: /home/skemp32/ros2_ws/install/ardupilot_sitl_models/share/ardupilot_sitl_models/models/steel_plate_1x1/materials
[0.333s] -- Up-to-date: /home/skemp32/ros2_ws/install/ardupilot_sitl_models/share/ardupilot_sitl_models/models/steel_plate_1x1/materials/textures
[0.333s] -- Up-to-date: /home/skemp32/ros2_ws/install/ardupilot_sitl_models/share/ardupilot_sitl_models/models/steel_plate_1x1/materials/textures/steelplate1_albedo.png
[0.333s] -- Up-to-date: /home/skemp32/ros2_ws/install/ardupilot_sitl_models/share/ardupilot_sitl_models/models/steel_plate_1x1/materials/textures/steelplate1_roughness.png
[0.333s] -- Up-to-date: /home/skemp32/ros2_ws/install/ardupilot_sitl_models/share/ardupilot_sitl_models/models/steel_plate_1x1/materials/textures/steelplate1_normal-ogl.png
[0.333s] -- Up-to-date: /home/skemp32/ros2_ws/install/ardupilot_sitl_models/share/ardupilot_sitl_models/models/steel_plate_1x1/materials/textures/steelplate1_height.png
[0.334s] -- Up-to-date: /home/skemp32/ros2_ws/install/ardupilot_sitl_models/share/ardupilot_sitl_models/models/steel_plate_1x1/materials/textures/steelplate1_ao.png
[0.334s] -- Up-to-date: /home/skemp32/ros2_ws/install/ardupilot_sitl_models/share/ardupilot_sitl_models/models/steel_plate_1x1/materials/textures/steelplate1_metallic.png
[0.334s] -- Up-to-date: /home/skemp32/ros2_ws/install/ardupilot_sitl_models/share/ardupilot_sitl_models/models/steel_plate_1x1/model.sdf
[0.334s] -- Up-to-date: /home/skemp32/ros2_ws/install/ardupilot_sitl_models/share/ardupilot_sitl_models/models/steel_plate_1x1/model.config
[0.335s] -- Up-to-date: /home/skemp32/ros2_ws/install/ardupilot_sitl_models/share/ardupilot_sitl_models/worlds
[0.335s] -- Up-to-date: /home/skemp32/ros2_ws/install/ardupilot_sitl_models/share/ardupilot_sitl_models/worlds/wildthumper_runway.sdf
[0.336s] -- Up-to-date: /home/skemp32/ros2_ws/install/ardupilot_sitl_models/share/ardupilot_sitl_models/worlds/skywalker_x8_runway.sdf
[0.336s] -- Up-to-date: /home/skemp32/ros2_ws/install/ardupilot_sitl_models/share/ardupilot_sitl_models/worlds/wsc_aircraft_runway.sdf
[0.337s] -- Up-to-date: /home/skemp32/ros2_ws/install/ardupilot_sitl_models/share/ardupilot_sitl_models/worlds/bicopter_runway.sdf
[0.337s] -- Up-to-date: /home/skemp32/ros2_ws/install/ardupilot_sitl_models/share/ardupilot_sitl_models/worlds/sawppy_playpen.sdf
[0.337s] -- Up-to-date: /home/skemp32/ros2_ws/install/ardupilot_sitl_models/share/ardupilot_sitl_models/worlds/swan_k1_hwing_runway.sdf
[0.337s] -- Up-to-date: /home/skemp32/ros2_ws/install/ardupilot_sitl_models/share/ardupilot_sitl_models/worlds/alti_transition_runway.sdf
[0.338s] -- Up-to-date: /home/skemp32/ros2_ws/install/ardupilot_sitl_models/share/ardupilot_sitl_models/worlds/catamaran_waves.sdf
[0.338s] -- Up-to-date: /home/skemp32/ros2_ws/install/ardupilot_sitl_models/share/ardupilot_sitl_models/worlds/quadruped_runway.sdf
[0.338s] -- Up-to-date: /home/skemp32/ros2_ws/install/ardupilot_sitl_models/share/ardupilot_sitl_models/worlds/skycat_runway.sdf
[0.338s] -- Up-to-date: /home/skemp32/ros2_ws/install/ardupilot_sitl_models/share/ardupilot_sitl_models/worlds/truck_quadplane_landing.sdf.erb
[0.339s] -- Up-to-date: /home/skemp32/ros2_ws/install/ardupilot_sitl_models/share/ardupilot_sitl_models/worlds/daf_truck_runway.sdf
[0.339s] -- Up-to-date: /home/skemp32/ros2_ws/install/ardupilot_sitl_models/share/ardupilot_sitl_models/worlds/skywalker_x8_quad_runway.sdf
[0.340s] -- Up-to-date: /home/skemp32/ros2_ws/install/ardupilot_sitl_models/share/ardupilot_sitl_models/worlds/sonoma_raceway.sdf
[0.340s] -- Up-to-date: /home/skemp32/ros2_ws/install/ardupilot_sitl_models/share/ardupilot_sitl_models/worlds/hexapod_copter_runway.sdf
[0.340s] -- Up-to-date: /home/skemp32/ros2_ws/install/ardupilot_sitl_models/share/ardupilot_sitl_models/worlds/r1_rover_runway.sdf
[0.340s] -- Up-to-date: /home/skemp32/ros2_ws/install/ardupilot_sitl_models/share/ardupilot_sitl_models/worlds/rover_playpen.sdf
[0.340s] -- Up-to-date: /home/skemp32/ros2_ws/install/ardupilot_sitl_models/share/ardupilot_sitl_models/worlds/wildthumper_playpen.sdf
[0.341s] -- Up-to-date: /home/skemp32/ros2_ws/install/ardupilot_sitl_models/share/ardupilot_sitl_models/environment/ardupilot_sitl_models.dsv
[0.341s] -- Up-to-date: /home/skemp32/ros2_ws/install/ardupilot_sitl_models/share/ardupilot_sitl_models/environment/ardupilot_sitl_models.sh
[0.341s] -- Up-to-date: /home/skemp32/ros2_ws/install/ardupilot_sitl_models/share/ament_index/resource_index/package_run_dependencies/ardupilot_sitl_models
[0.341s] -- Up-to-date: /home/skemp32/ros2_ws/install/ardupilot_sitl_models/share/ament_index/resource_index/parent_prefix_path/ardupilot_sitl_models
[0.341s] -- Up-to-date: /home/skemp32/ros2_ws/install/ardupilot_sitl_models/share/ardupilot_sitl_models/environment/ament_prefix_path.sh
[0.342s] -- Up-to-date: /home/skemp32/ros2_ws/install/ardupilot_sitl_models/share/ardupilot_sitl_models/environment/ament_prefix_path.dsv
[0.342s] -- Up-to-date: /home/skemp32/ros2_ws/install/ardupilot_sitl_models/share/ardupilot_sitl_models/environment/path.sh
[0.342s] -- Up-to-date: /home/skemp32/ros2_ws/install/ardupilot_sitl_models/share/ardupilot_sitl_models/environment/path.dsv
[0.342s] -- Up-to-date: /home/skemp32/ros2_ws/install/ardupilot_sitl_models/share/ardupilot_sitl_models/local_setup.bash
[0.342s] -- Up-to-date: /home/skemp32/ros2_ws/install/ardupilot_sitl_models/share/ardupilot_sitl_models/local_setup.sh
[0.343s] -- Up-to-date: /home/skemp32/ros2_ws/install/ardupilot_sitl_models/share/ardupilot_sitl_models/local_setup.zsh
[0.343s] -- Up-to-date: /home/skemp32/ros2_ws/install/ardupilot_sitl_models/share/ardupilot_sitl_models/local_setup.dsv
[0.343s] -- Installing: /home/skemp32/ros2_ws/install/ardupilot_sitl_models/share/ardupilot_sitl_models/package.dsv
[0.343s] -- Up-to-date: /home/skemp32/ros2_ws/install/ardupilot_sitl_models/share/ament_index/resource_index/packages/ardupilot_sitl_models
[0.344s] -- Up-to-date: /home/skemp32/ros2_ws/install/ardupilot_sitl_models/share/ardupilot_sitl_models/cmake/ardupilot_sitl_modelsConfig.cmake
[0.344s] -- Up-to-date: /home/skemp32/ros2_ws/install/ardupilot_sitl_models/share/ardupilot_sitl_models/cmake/ardupilot_sitl_modelsConfig-version.cmake
[0.344s] -- Up-to-date: /home/skemp32/ros2_ws/install/ardupilot_sitl_models/share/ardupilot_sitl_models/package.xml
[0.345s] Invoked command in '/home/skemp32/ros2_ws/build/ardupilot_sitl_models' returned '0': CMAKE_PREFIX_PATH=/home/skemp32/ros2_ws/install/ardupilot_gazebo:/home/skemp32/ros2_ws/install/ardupilot_gz_bringup:/home/skemp32/ros2_ws/install/sdformat_urdf:/home/skemp32/ros2_ws/install/sdformat_test_files:/home/skemp32/ros2_ws/install/ros_gz_sim:/home/skemp32/ros2_ws/install/ros_gz_bridge:/home/skemp32/ros2_ws/install/ros_gz_interfaces:/home/skemp32/ros2_ws/install/ardupilot_sitl:/home/skemp32/ros2_ws/install/micro_ros_agent:/home/skemp32/ros2_ws/install/ardupilot_sitl_models:/home/skemp32/ros2_ws/install/ardupilot_msgs:/home/skemp32/ros2_ws/install/ardupilot_gz_gazebo:/home/skemp32/ros2_ws/install/ardupilot_gz_description:/home/skemp32/ros2_ws/install/ardupilot_dds_tests:/opt/ros/humble GZ_SIM_PLUGIN_PATH=/home/skemp32/ros2_ws/install/ardupilot_gazebo/lib/ardupilot_gazebo /usr/bin/cmake --install /home/skemp32/ros2_ws/build/ardupilot_sitl_models
