[0.047s] Invoking command in '/home/skemp32/ros2_ws/build/ardupilot_gazebo': CMAKE_PREFIX_PATH=/opt/ros/humble /usr/bin/cmake /home/skemp32/ros2_ws/src/ardupilot_gazebo -DCMAKE_INSTALL_PREFIX=/home/skemp32/ros2_ws/install/ardupilot_gazebo
[0.378s] [0mBuilding ardupilot_gazebo as an `ament_cmake` project.[0m
[0.405s] -- Looking for gz-common5 -- found version 5.6.0
[0.407s] -- Searching for dependencies of gz-common5
[0.407s] -- Looking for gz-utils2 -- found version 2.2.0
[0.407s] -- Searching for dependencies of gz-utils2
[0.412s] -- Looking for dlfcn.h - found
[0.412s] -- Looking for libdl - found
[0.494s] -- Checking for module 'uuid'
[0.526s] --   Found uuid, version 2.37.2
[0.584s] -- Looking for gz-common5 - found
[0.584s] 
[0.613s] -- Looking for gz-rendering8 -- found version 8.2.0
[0.613s] -- Searching for dependencies of gz-rendering8
[0.639s] -- Looking for gz-math7 -- found version 7.5.0
[0.640s] -- Searching for dependencies of gz-math7
[0.640s] -- Looking for gz-utils2 -- found version 2.2.0
[0.643s] -- Searching for <gz-math7> component [eigen3]
[0.644s] -- Looking for gz-math7-eigen3 -- found version 7.5.0
[0.645s] -- Searching for dependencies of gz-math7-eigen3
[0.648s] -- Looking for gz-common5 -- found version 5.6.0
[0.649s] -- Searching for dependencies of gz-common5
[0.649s] -- Looking for gz-utils2 -- found version 2.2.0
[0.649s] -- Looking for dlfcn.h - found
[0.649s] -- Looking for libdl - found
[0.657s] -- Searching for <gz-common5> component [graphics]
[0.659s] -- Looking for gz-common5-graphics -- found version 5.6.0
[0.660s] -- Searching for dependencies of gz-common5-graphics
[0.660s] -- Looking for gz-math7 -- found version 7.5.0
[0.668s] -- Searching for <gz-common5> component [events]
[0.670s] -- Looking for gz-common5-events -- found version 5.6.0
[0.671s] -- Searching for dependencies of gz-common5-events
[0.671s] -- Looking for gz-math7 -- found version 7.5.0
[0.673s] -- Searching for <gz-common5> component [geospatial]
[0.674s] -- Looking for gz-common5-geospatial -- found version 5.6.0
[0.675s] -- Searching for dependencies of gz-common5-geospatial
[0.675s] -- Looking for gz-math7 -- found version 7.5.0
[0.676s] -- Looking for gz-common5 -- found version 5.6.0
[0.678s] -- Looking for gz-plugin2 -- found version 2.0.3
[0.680s] -- Searching for dependencies of gz-plugin2
[0.681s] -- Looking for gz-utils2 -- found version 2.2.0
[0.682s] -- Searching for dependencies of gz-utils2
[0.682s] -- Searching for <gz-utils2> component [cli]
[0.683s] -- Looking for gz-utils2-cli -- found version 2.2.0
[0.684s] -- Searching for dependencies of gz-utils2-cli
[0.686s] -- Searching for <gz-plugin2> component [all]
[0.687s] -- Looking for all libraries of gz-plugin2 -- found version 2.0.3
[0.688s] -- Looking for gz-plugin2 -- found version 2.0.3
[0.691s] -- Looking for gz-plugin2-loader -- found version 2.0.3
[0.691s] -- Searching for dependencies of gz-plugin2-loader
[0.694s] -- Looking for gz-plugin2-register -- found version 2.0.3
[0.694s] -- Searching for dependencies of gz-plugin2-register
[0.699s] -- Looking for gz-utils2 -- found version 2.2.0
[0.802s] -- Looking for gz-rendering8 - found
[0.802s] 
[0.804s] -- Looking for gz-sim8 -- found version 8.6.0
[0.804s] -- Searching for dependencies of gz-sim8
[0.805s] -- Looking for sdformat14 -- found version 14.5.0
[0.806s] -- Searching for dependencies of sdformat14
[0.812s] -- Checking for module 'tinyxml2'
[0.828s] --   Found tinyxml2, version 9.0.0
[0.865s] -- Looking for gz-math7 -- found version 7.5.0
[0.866s] -- Looking for gz-utils2 -- found version 2.2.0
[0.868s] -- Looking for gz-plugin2 -- found version 2.0.3
[0.870s] -- Looking for gz-transport13 -- found version 13.4.0
[0.870s] -- Searching for dependencies of gz-transport13
[6.262s] -- Config-file not installed for ZeroMQ -- checking for pkg-config
[6.267s] -- Checking for module 'libzmq >= 4'
[6.281s] --   Found libzmq , version 4.3.4
[6.317s] -- Looking for gz-utils2 -- found version 2.2.0
[6.318s] -- Looking for gz-msgs10 -- found version 10.3.0
[6.319s] -- Searching for dependencies of gz-msgs10
[8.522s] -- Looking for gz-utils2 -- found version 2.2.0
[8.522s] -- Looking for gz-math7 -- found version 7.5.0
[8.581s] -- Searching for <gz-transport13> component [log]
[8.581s] -- Looking for gz-transport13-log -- found version 13.4.0
[8.582s] -- Searching for dependencies of gz-transport13-log
[8.583s] -- Searching for <gz-transport13> component [parameters]
[8.584s] -- Looking for gz-transport13-parameters -- found version 13.4.0
[8.584s] -- Searching for dependencies of gz-transport13-parameters
[8.586s] -- Looking for gz-msgs10 -- found version 10.3.0
[8.586s] -- Looking for gz-common5 -- found version 5.6.0
[8.587s] -- Searching for dependencies of gz-common5
[8.587s] -- Looking for gz-utils2 -- found version 2.2.0
[8.587s] -- Looking for dlfcn.h - found
[8.587s] -- Looking for libdl - found
[8.595s] -- Searching for <gz-common5> component [av]
[8.596s] -- Looking for gz-common5-av -- found version 5.6.0
[8.596s] -- Searching for dependencies of gz-common5-av
[8.602s] -- Checking for module 'libswscale'
[8.614s] --   Found libswscale, version 5.9.100
[8.648s] -- Checking for module 'libavdevice >= 56.4.100'
[8.663s] --   Found libavdevice , version 58.13.100
[8.701s] -- Checking for module 'libavformat'
[8.712s] --   Found libavformat, version 58.76.100
[8.750s] -- Checking for module 'libavcodec'
[8.763s] --   Found libavcodec, version 58.134.100
[8.799s] -- Checking for module 'libavutil'
[8.812s] --   Found libavutil, version 56.70.100
[8.843s] -- Searching for <gz-common5> component [events]
[8.843s] -- Searching for <gz-common5> component [graphics]
[8.844s] -- Searching for <gz-common5> component [io]
[8.845s] -- Looking for gz-common5-io -- found version 5.6.0
[8.845s] -- Searching for dependencies of gz-common5-io
[8.846s] -- Searching for <gz-common5> component [profiler]
[8.847s] -- Looking for gz-common5-profiler -- found version 5.6.0
[8.848s] -- Searching for dependencies of gz-common5-profiler
[8.849s] -- Looking for gz-fuel_tools9 -- found version 9.1.0
[8.850s] -- Searching for dependencies of gz-fuel_tools9
[11.106s] -- Checking for module 'jsoncpp'
[11.119s] --   Found jsoncpp, version 1.9.5
[11.155s] -- Checking for module 'libzip'
[11.167s] --   Found libzip, version 1.7.3
[11.197s] -- Looking for gz-utils2 -- found version 2.2.0
[11.197s] -- Looking for gz-common5 -- found version 5.6.0
[11.198s] -- Searching for dependencies of gz-common5
[11.199s] -- Looking for gz-utils2 -- found version 2.2.0
[11.199s] -- Looking for dlfcn.h - found
[11.199s] -- Looking for libdl - found
[11.206s] -- Searching for <gz-common5> component [testing]
[11.207s] -- Looking for gz-common5-testing -- found version 5.6.0
[11.208s] -- Searching for dependencies of gz-common5-testing
[11.209s] -- Looking for gz-math7 -- found version 7.5.0
[11.210s] -- Looking for gz-msgs10 -- found version 10.3.0
[11.212s] -- Looking for gz-gui8 -- found version 8.3.0
[11.212s] -- Searching for dependencies of gz-gui8
[13.999s] -- Looking for gz-utils2 -- found version 2.2.0
[13.999s] -- Looking for gz-math7 -- found version 7.5.0
[13.999s] -- Looking for gz-common5 -- found version 5.6.0
[14.000s] -- Looking for gz-plugin2 -- found version 2.0.3
[14.000s] -- Looking for gz-transport13 -- found version 13.4.0
[14.001s] -- Looking for gz-rendering8 -- found version 8.2.0
[14.001s] -- Looking for gz-msgs10 -- found version 10.3.0
[14.215s] -- Looking for gz-physics7 -- found version 7.3.0
[14.216s] -- Searching for dependencies of gz-physics7
[14.216s] -- Looking for gz-common5 -- found version 5.6.0
[14.216s] -- Looking for gz-math7 -- found version 7.5.0
[14.217s] -- Looking for gz-plugin2 -- found version 2.0.3
[14.217s] -- Looking for gz-utils2 -- found version 2.2.0
[14.219s] -- Searching for <gz-physics7> component [heightmap]
[14.219s] -- Looking for gz-physics7-heightmap -- found version 7.3.0
[14.220s] -- Searching for dependencies of gz-physics7-heightmap
[14.220s] -- Looking for gz-common5 -- found version 5.6.0
[14.221s] -- Searching for <gz-physics7> component [mesh]
[14.222s] -- Looking for gz-physics7-mesh -- found version 7.3.0
[14.222s] -- Searching for dependencies of gz-physics7-mesh
[14.223s] -- Looking for gz-common5 -- found version 5.6.0
[14.223s] -- Searching for <gz-physics7> component [sdf]
[14.224s] -- Looking for gz-physics7-sdf -- found version 7.3.0
[14.224s] -- Searching for dependencies of gz-physics7-sdf
[14.225s] -- Looking for sdformat14 -- found version 14.5.0
[14.227s] -- Looking for gz-sensors8 -- found version 8.2.0
[14.227s] -- Searching for dependencies of gz-sensors8
[16.269s] -- Looking for gz-math7 -- found version 7.5.0
[16.269s] -- Looking for gz-common5 -- found version 5.6.0
[16.269s] -- Looking for gz-transport13 -- found version 13.4.0
[16.270s] -- Looking for gz-rendering8 -- found version 8.2.0
[16.270s] -- Looking for gz-msgs10 -- found version 10.3.0
[16.271s] -- Looking for sdformat14 -- found version 14.5.0
[16.274s] -- Searching for <gz-sensors8> component [air_pressure]
[16.275s] -- Looking for gz-sensors8-air_pressure -- found version 8.2.0
[16.275s] -- Searching for dependencies of gz-sensors8-air_pressure
[16.277s] -- Searching for <gz-sensors8> component [air_speed]
[16.277s] -- Looking for gz-sensors8-air_speed -- found version 8.2.0
[16.278s] -- Searching for dependencies of gz-sensors8-air_speed
[16.280s] -- Searching for <gz-sensors8> component [altimeter]
[16.281s] -- Looking for gz-sensors8-altimeter -- found version 8.2.0
[16.281s] -- Searching for dependencies of gz-sensors8-altimeter
[16.282s] -- Searching for <gz-sensors8> component [imu]
[16.283s] -- Looking for gz-sensors8-imu -- found version 8.2.0
[16.284s] -- Searching for dependencies of gz-sensors8-imu
[16.285s] -- Searching for <gz-sensors8> component [force_torque]
[16.286s] -- Looking for gz-sensors8-force_torque -- found version 8.2.0
[16.286s] -- Searching for dependencies of gz-sensors8-force_torque
[16.287s] -- Searching for <gz-sensors8> component [logical_camera]
[16.289s] -- Looking for gz-sensors8-logical_camera -- found version 8.2.0
[16.289s] -- Searching for dependencies of gz-sensors8-logical_camera
[16.290s] -- Searching for <gz-sensors8> component [magnetometer]
[16.291s] -- Looking for gz-sensors8-magnetometer -- found version 8.2.0
[16.292s] -- Searching for dependencies of gz-sensors8-magnetometer
[16.293s] -- Searching for <gz-sensors8> component [navsat]
[16.294s] -- Looking for gz-sensors8-navsat -- found version 8.2.0
[16.295s] -- Searching for dependencies of gz-sensors8-navsat
[16.296s] -- Searching for <gz-sensors8> component [dvl]
[16.297s] -- Looking for gz-sensors8-dvl -- found version 8.2.0
[16.297s] -- Searching for dependencies of gz-sensors8-dvl
[16.298s] -- Looking for gz-sensors8 -- found version 8.2.0
[16.298s] -- Searching for dependencies of gz-sensors8
[18.026s] -- Looking for gz-math7 -- found version 7.5.0
[18.027s] -- Looking for gz-common5 -- found version 5.6.0
[18.027s] -- Looking for gz-transport13 -- found version 13.4.0
[18.027s] -- Looking for gz-rendering8 -- found version 8.2.0
[18.028s] -- Looking for gz-msgs10 -- found version 10.3.0
[18.028s] -- Looking for sdformat14 -- found version 14.5.0
[18.028s] -- Searching for <gz-sensors8> component [rendering]
[18.030s] -- Looking for gz-sensors8-rendering -- found version 8.2.0
[18.030s] -- Searching for dependencies of gz-sensors8-rendering
[18.032s] -- Searching for <gz-sensors8> component [rendering]
[18.033s] -- Searching for <gz-sensors8> component [lidar]
[18.033s] -- Looking for gz-sensors8-lidar -- found version 8.2.0
[18.034s] -- Searching for dependencies of gz-sensors8-lidar
[18.034s] -- Looking for gz-sensors8 -- found version 8.2.0
[18.035s] -- Searching for <gz-sensors8> component [gpu_lidar]
[18.036s] -- Looking for gz-sensors8-gpu_lidar -- found version 8.2.0
[18.037s] -- Searching for dependencies of gz-sensors8-gpu_lidar
[18.037s] -- Looking for gz-sensors8 -- found version 8.2.0
[18.038s] -- Searching for <gz-sensors8> component [camera]
[18.039s] -- Looking for gz-sensors8-camera -- found version 8.2.0
[18.040s] -- Searching for dependencies of gz-sensors8-camera
[18.040s] -- Looking for gz-sensors8 -- found version 8.2.0
[18.041s] -- Searching for <gz-sensors8> component [boundingbox_camera]
[18.042s] -- Looking for gz-sensors8-boundingbox_camera -- found version 8.2.0
[18.042s] -- Searching for dependencies of gz-sensors8-boundingbox_camera
[18.043s] -- Searching for <gz-sensors8> component [segmentation_camera]
[18.044s] -- Looking for gz-sensors8-segmentation_camera -- found version 8.2.0
[18.045s] -- Searching for dependencies of gz-sensors8-segmentation_camera
[18.046s] -- Searching for <gz-sensors8> component [depth_camera]
[18.047s] -- Looking for gz-sensors8-depth_camera -- found version 8.2.0
[18.047s] -- Searching for dependencies of gz-sensors8-depth_camera
[18.047s] -- Looking for gz-sensors8 -- found version 8.2.0
[18.049s] -- Searching for <gz-sensors8> component [rgbd_camera]
[18.049s] -- Looking for gz-sensors8-rgbd_camera -- found version 8.2.0
[18.050s] -- Searching for dependencies of gz-sensors8-rgbd_camera
[18.050s] -- Looking for gz-sensors8 -- found version 8.2.0
[18.051s] -- Searching for <gz-sensors8> component [thermal_camera]
[18.052s] -- Looking for gz-sensors8-thermal_camera -- found version 8.2.0
[18.052s] -- Searching for dependencies of gz-sensors8-thermal_camera
[18.053s] -- Looking for gz-sensors8 -- found version 8.2.0
[18.054s] -- Searching for <gz-sensors8> component [wide_angle_camera]
[18.055s] -- Looking for gz-sensors8-wide_angle_camera -- found version 8.2.0
[18.055s] -- Searching for dependencies of gz-sensors8-wide_angle_camera
[18.057s] -- Looking for gz-rendering8 -- found version 8.2.0
[18.057s] -- Looking for gz-math7 -- found version 7.5.0
[18.057s] -- Looking for gz-utils2 -- found version 2.2.0
[20.123s] -- Looking for gz-sim8 - found
[20.123s] 
[20.123s] -- Compiling against Gazebo Harmonic
[20.123s] -- RapidJSON found. Headers: /usr/include
[20.133s] -- Checking for modules 'gstreamer-1.0;gstreamer-app-1.0'
[20.136s] --   No package 'gstreamer-1.0' found
[20.138s] --   No package 'gstreamer-app-1.0' found
[20.138s] [31mCMake Error at /usr/share/cmake-3.22/Modules/FindPkgConfig.cmake:603 (message):
[20.138s]   A required package was not found
[20.138s] Call Stack (most recent call first):
[20.138s]   /usr/share/cmake-3.22/Modules/FindPkgConfig.cmake:825 (_pkg_check_modules_internal)
[20.138s]   CMakeLists.txt:58 (pkg_check_modules)
[20.138s] 
[20.139s] [0m
[20.139s] -- Configuring incomplete, errors occurred!
[20.139s] See also "/home/skemp32/ros2_ws/build/ardupilot_gazebo/CMakeFiles/CMakeOutput.log".
[20.149s] Invoked command in '/home/skemp32/ros2_ws/build/ardupilot_gazebo' returned '1': CMAKE_PREFIX_PATH=/opt/ros/humble /usr/bin/cmake /home/skemp32/ros2_ws/src/ardupilot_gazebo -DCMAKE_INSTALL_PREFIX=/home/skemp32/ros2_ws/install/ardupilot_gazebo
