Built target ament_cmake_python_copy_ardupilot_sitl
[32m[0mSetting top to                           :[0m [0m[32m[32m/home/skemp32/ros2_ws/src/ardupilot[0m [0m
[32m[0mSetting out to                           :[0m [0m[32m[32m/home/skemp32/ros2_ws/src/ardupilot/build[0m [0m
[32m[0mAutoconfiguration                        :[0m [0m[32m[32menabled[0m [0m
[32m[0mChecking for program 'python'            :[0m [0m[32m[32m/usr/bin/python3[0m [0m
running egg_info
writing ardupilot_sitl.egg-info/PKG-INFO
writing dependency_links to ardupilot_sitl.egg-info/dependency_links.txt
writing top-level names to ardupilot_sitl.egg-info/top_level.txt
reading manifest file 'ardupilot_sitl.egg-info/SOURCES.txt'
writing manifest file 'ardupilot_sitl.egg-info/SOURCES.txt'
Built target ament_cmake_python_build_ardupilot_sitl_egg
[32m[0mChecking for python version >= 3.6.9     :[0m [0m[32m[32m3.10.12[0m [0m
[32m[0mSetting board to                         :[0m [0m[32m[32msitl[0m [0m
[32m[0mUsing toolchain                          :[0m [0m[32m[32mnative[0m [0m
[32m[0mChecking for 'g++' (C++ compiler)        :[0m [0m[32m[32m/usr/lib/ccache/g++[0m [0m
[32m[0mChecking for 'gcc' (C compiler)          :[0m [0m[32m[32m/usr/lib/ccache/gcc[0m [0m
[32m[0mChecking for c flags '-MMD'              :[0m [0m[32m[32myes[0m [0m
[32m[0mChecking for cxx flags '-MMD'            :[0m [0m[32m[32myes[0m [0m
[32m[0mCXX Compiler                             :[0m [0m[32m[32mg++ 11.4.0[0m [0m
[32m[0mChecking for need to link with librt     :[0m [0m[32m[32mnot necessary[0m [0m
[32m[0mChecking for feenableexcept              :[0m [0m[32m[32myes[0m [0m
[32m[0mEnabling -Werror                         :[0m [0m[32m[32myes[0m [0m
[32m[0mChecking for program 'microxrceddsgen'   :[0m [0m[32m[32m/home/skemp32/ros2_ws/Micro-XRCE-DDS-Gen/scripts/microxrceddsgen[0m [0m
[32m[0mEnabled OpenDroneID                      :[0m [0m[32m[33mno[0m [0m
[32m[0mEnabled firmware ID checking             :[0m [0m[32m[33mno[0m [0m
[32m[0mGPS Debug Logging                        :[0m [0m[32m[33mno[0m [0m
[32m[0mEnabled custom controller                :[0m [0m[32m[32myes[0m [0m
[32m[0mChecking for HAVE_CMATH_ISFINITE         :[0m [0m[32m[32myes[0m [0m
[32m[0mChecking for HAVE_CMATH_ISINF            :[0m [0m[32m[32myes[0m [0m
[32m[0mChecking for HAVE_CMATH_ISNAN            :[0m [0m[32m[32myes[0m [0m
[32m[0mChecking for NEED_CMATH_ISFINITE_STD_NAMESPACE :[0m [0m[32m[32myes[0m [0m
[32m[0mChecking for NEED_CMATH_ISINF_STD_NAMESPACE    :[0m [0m[32m[32myes[0m [0m
[32m[0mChecking for NEED_CMATH_ISNAN_STD_NAMESPACE    :[0m [0m[32m[32myes[0m [0m
[32m[0mChecking for header endian.h                   :[0m [0m[32m[32myes[0m [0m
[32m[0mChecking for header byteswap.h                 :[0m [0m[32m[32myes[0m [0m
[32m[0mChecking for HAVE_MEMRCHR                      :[0m [0m[32m[32myes[0m [0m
[32m[0mConfigured VSCode Intellisense:                :[0m [0m[32m[33mno[0m [0m
[32m[0mDC_DSDL compiler                               :[0m [0m[32m[32m/home/skemp32/ros2_ws/src/ardupilot/modules/DroneCAN/dronecan_dsdlc/dronecan_dsdlc.py[0m [0m
[32m[0mSource is git repository                       :[0m [0m[32m[32myes[0m [0m
[32m[0mUpdate submodules                              :[0m [0m[32m[32myes[0m [0m
[32m[0mChecking for program 'git'                     :[0m [0m[32m[32m/usr/bin/git[0m [0m
[32m[0mChecking for program 'size'                    :[0m [0m[32m[32m/usr/bin/size[0m [0m
[32m[0mBenchmarks                                     :[0m [0m[32m[33mdisabled[0m [0m
[32m[0mUnit tests                                     :[0m [0m[32m[32menabled[0m [0m
[32m[0mScripting                                      :[0m [0m[32m[32mmaybe[0m [0m
[32m[0mScripting runtime checks                       :[0m [0m[32m[32menabled[0m [0m
[32m[0mDebug build                                    :[0m [0m[32m[33mdisabled[0m [0m
[32m[0mCoverage build                                 :[0m [0m[32m[33mdisabled[0m [0m
[32m[0mForce 32-bit build                             :[0m [0m[32m[33mdisabled[0m [0m
[32m[0mChecking for program 'rsync'                   :[0m [0m[32m[32m/usr/bin/rsync[0m [0m
[32mRemoving target_list file /home/skemp32/ros2_ws/src/ardupilot/build/sitl/target_list[0m
[32m'configure' finished successfully (6.981s)[0m
Built target ardupilot_configure
[32mWaf: Entering directory `/home/skemp32/ros2_ws/src/ardupilot/build/sitl'[0m
Embedding file locations.txt:Tools/autotest/locations.txt
Embedding file models/Callisto.json:Tools/autotest/models/Callisto.json
Embedding file models/freestyle.json:Tools/autotest/models/freestyle.json
Embedding file models/plane-3d.parm:Tools/autotest/models/plane-3d.parm
Embedding file models/plane.parm:Tools/autotest/models/plane.parm
Embedding file models/xplane_heli.json:Tools/autotest/models/xplane_heli.json
Embedding file models/xplane_plane.json:Tools/autotest/models/xplane_plane.json
building /home/skemp32/ros2_ws/src/ardupilot/build/sitl/modules/Micro-XRCE-DDS-Client/include/uxr/client/config.h
building /home/skemp32/ros2_ws/src/ardupilot/build/sitl/modules/Micro-CDR/include/ucdr/config.h
[32mNo target_list file found, creating[0m
[32mGenerating compile_commands.json[0m
[32mGenerating compile_commands.json[0m
[32mGenerating compile_commands.json[0m
[32mGenerating compile_commands.json[0m
[32mGenerating compile_commands.json[0m
[32mGenerating compile_commands.json[0m
[32mGenerating compile_commands.json[0m
[32mBuild commands will be stored in build/sitl/compile_commands.json[0m
[32mGenerating compile_commands.json[0m
[32mBuild commands will be stored in build/sitl/compile_commands.json[0m
[32mBuild commands will be stored in build/sitl/compile_commands.json[0m
[32mGenerating compile_commands.json[0m
[32mBuild commands will be stored in build/sitl/compile_commands.json[0m
[32mBuild commands will be stored in build/sitl/compile_commands.json[0m
[32mGenerating compile_commands.json[0m
[32mBuild commands will be stored in build/sitl/compile_commands.json[0m
[32mBuild commands will be stored in build/sitl/compile_commands.json[0m
[32mGenerating compile_commands.json[0m
[32mBuild commands will be stored in build/sitl/compile_commands.json[0m
[32mBuild commands will be stored in build/sitl/compile_commands.json[0m
[32mBuild commands will be stored in build/sitl/compile_commands.json[0m
[32mGenerating compile_commands.json[0m
[32mBuild commands will be stored in build/sitl/compile_commands.json[0m
[32mBuild commands will be stored in build/sitl/compile_commands.json[0m
[32mGenerating compile_commands.json[0m
[32mBuild commands will be stored in build/sitl/compile_commands.json[0m
[2756/3075] Linking [33mbuild/sitl/bin/antennatracker[0m
[2829/3075] Linking [33mbuild/sitl/bin/arducopter[0m
[2902/3075] Linking [33mbuild/sitl/bin/arducopter-heli[0m
[2965/3075] Linking [33mbuild/sitl/bin/arduplane[0m
[3003/3075] Linking [33mbuild/sitl/bin/ardusub[0m
[3029/3075] Linking [33mbuild/sitl/bin/blimp[0m
[3068/3075] Linking [33mbuild/sitl/bin/ardurover[0m
[3069/3075] checking symbols [36mbuild/sitl/bin/antennatracker[0m
[3070/3075] checking symbols [36mbuild/sitl/bin/blimp[0m
[3071/3075] checking symbols [36mbuild/sitl/bin/arducopter-heli[0m
[3072/3075] checking symbols [36mbuild/sitl/bin/arducopter[0m
[3073/3075] checking symbols [36mbuild/sitl/bin/ardusub[0m
[3074/3075] checking symbols [36mbuild/sitl/bin/arduplane[0m
[3075/3075] checking symbols [36mbuild/sitl/bin/ardurover[0m
[32mWaf: Leaving directory `/home/skemp32/ros2_ws/src/ardupilot/build/sitl'[0m
[32m[0m
[32m[0m[01;1mBUILD SUMMARY[0m
[32m[0m[01;1mBuild directory: [0m/home/skemp32/ros2_ws/src/ardupilot/build/sitl[0m
[32m[0m[01;1mTarget               Text (B)  Data (B)  BSS (B)  Total Flash Used (B)  Free Flash (B)  External Flash Used (B)[0m
---------------------------------------------------------------------------------------------------------------
bin/antennatracker    3143842    130165   209984               3274007  Not Applicable  Not Applicable         
bin/arducopter        4239434    191541   228384               4430975  Not Applicable  Not Applicable         
bin/arducopter-heli   4218674    193093   229344               4411767  Not Applicable  Not Applicable         
bin/arduplane         4178338    195117   226528               4373455  Not Applicable  Not Applicable         
bin/ardusub           3778614    161269   222464               3939883  Not Applicable  Not Applicable         
bin/blimp             3201818    134189   210880               3336007  Not Applicable  Not Applicable         
bin/ardurover         3899268    173261   227072               4072529  Not Applicable  Not Applicable         
[32m[0m
[32m'build' finished successfully (15.624s)[0m
Built target ardupilot_build
-- Install configuration: ""
-- Installing: /home/skemp32/ros2_ws/install/ardupilot_sitl/bin/antennatracker
-- Installing: /home/skemp32/ros2_ws/install/ardupilot_sitl/bin/arducopter
-- Installing: /home/skemp32/ros2_ws/install/ardupilot_sitl/bin/arducopter-heli
-- Installing: /home/skemp32/ros2_ws/install/ardupilot_sitl/bin/arduplane
-- Installing: /home/skemp32/ros2_ws/install/ardupilot_sitl/bin/ardurover
-- Installing: /home/skemp32/ros2_ws/install/ardupilot_sitl/bin/ardusub
-- Installing: /home/skemp32/ros2_ws/install/ardupilot_sitl/bin/blimp
-- Up-to-date: /home/skemp32/ros2_ws/install/ardupilot_sitl/.//lib
-- Up-to-date: /home/skemp32/ros2_ws/install/ardupilot_sitl/.//lib/libAntennaTracker_libs.a
-- Up-to-date: /home/skemp32/ros2_ws/install/ardupilot_sitl/.//lib/libBlimp_libs.a
-- Up-to-date: /home/skemp32/ros2_ws/install/ardupilot_sitl/.//lib/libArduPlane_libs.a
-- Up-to-date: /home/skemp32/ros2_ws/install/ardupilot_sitl/.//lib/libRover_libs.a
-- Up-to-date: /home/skemp32/ros2_ws/install/ardupilot_sitl/.//lib/libArduCopter_libs.a
-- Up-to-date: /home/skemp32/ros2_ws/install/ardupilot_sitl/.//lib/libArduSub_libs.a
-- Up-to-date: /home/skemp32/ros2_ws/install/ardupilot_sitl/share/ardupilot_sitl//launch
-- Up-to-date: /home/skemp32/ros2_ws/install/ardupilot_sitl/share/ardupilot_sitl//launch/sitl_dds_serial.launch.py
-- Up-to-date: /home/skemp32/ros2_ws/install/ardupilot_sitl/share/ardupilot_sitl//launch/mavproxy.launch.py
-- Up-to-date: /home/skemp32/ros2_ws/install/ardupilot_sitl/share/ardupilot_sitl//launch/sitl_dds_udp.launch.py
-- Up-to-date: /home/skemp32/ros2_ws/install/ardupilot_sitl/share/ardupilot_sitl//launch/sitl.launch.py
-- Up-to-date: /home/skemp32/ros2_ws/install/ardupilot_sitl/share/ardupilot_sitl//launch/micro_ros_agent.launch.py
-- Up-to-date: /home/skemp32/ros2_ws/install/ardupilot_sitl/share/ardupilot_sitl//launch/virtual_ports.launch.py
-- Up-to-date: /home/skemp32/ros2_ws/install/ardupilot_sitl/share/ardupilot_sitl//launch/sitl_mavproxy.launch.py
-- Up-to-date: /home/skemp32/ros2_ws/install/ardupilot_sitl/share/ardupilot_sitl/config/default_params
-- Up-to-date: /home/skemp32/ros2_ws/install/ardupilot_sitl/share/ardupilot_sitl/config/default_params/dds_serial.parm
-- Up-to-date: /home/skemp32/ros2_ws/install/ardupilot_sitl/share/ardupilot_sitl/config/default_params/dds_udp.parm
-- Up-to-date: /home/skemp32/ros2_ws/install/ardupilot_sitl/share/ardupilot_sitl/config//default_params
-- Up-to-date: /home/skemp32/ros2_ws/install/ardupilot_sitl/share/ardupilot_sitl/config//default_params/copter-single.parm
-- Up-to-date: /home/skemp32/ros2_ws/install/ardupilot_sitl/share/ardupilot_sitl/config//default_params/copter-AVC2013.parm
-- Up-to-date: /home/skemp32/ros2_ws/install/ardupilot_sitl/share/ardupilot_sitl/config//default_params/copter-octaquad-cwx.parm
-- Up-to-date: /home/skemp32/ros2_ws/install/ardupilot_sitl/share/ardupilot_sitl/config//default_params/copter-winch.parm
-- Up-to-date: /home/skemp32/ros2_ws/install/ardupilot_sitl/share/ardupilot_sitl/config//default_params/gazebo-zephyr.parm
-- Up-to-date: /home/skemp32/ros2_ws/install/ardupilot_sitl/share/ardupilot_sitl/config//default_params/rover-omni3mecanum.parm
-- Up-to-date: /home/skemp32/ros2_ws/install/ardupilot_sitl/share/ardupilot_sitl/config//default_params/vee-gull_005.param
-- Up-to-date: /home/skemp32/ros2_ws/install/ardupilot_sitl/share/ardupilot_sitl/config//default_params/quadplane-ice.parm
-- Up-to-date: /home/skemp32/ros2_ws/install/ardupilot_sitl/share/ardupilot_sitl/config//default_params/quadplane-periph.parm
-- Up-to-date: /home/skemp32/ros2_ws/install/ardupilot_sitl/share/ardupilot_sitl/config//default_params/copter-dodecahexa.parm
-- Up-to-date: /home/skemp32/ros2_ws/install/ardupilot_sitl/share/ardupilot_sitl/config//default_params/glider.parm
-- Up-to-date: /home/skemp32/ros2_ws/install/ardupilot_sitl/share/ardupilot_sitl/config//default_params/copter.parm
-- Up-to-date: /home/skemp32/ros2_ws/install/ardupilot_sitl/share/ardupilot_sitl/config//default_params/balancebot.parm
-- Up-to-date: /home/skemp32/ros2_ws/install/ardupilot_sitl/share/ardupilot_sitl/config//default_params/periph.parm
-- Up-to-date: /home/skemp32/ros2_ws/install/ardupilot_sitl/share/ardupilot_sitl/config//default_params/plane-ice.parm
-- Up-to-date: /home/skemp32/ros2_ws/install/ardupilot_sitl/share/ardupilot_sitl/config//default_params/plane-vtail.parm
-- Up-to-date: /home/skemp32/ros2_ws/install/ardupilot_sitl/share/ardupilot_sitl/config//default_params/rover-skid.parm
-- Up-to-date: /home/skemp32/ros2_ws/install/ardupilot_sitl/share/ardupilot_sitl/config//default_params/quadplane-tri.parm
-- Up-to-date: /home/skemp32/ros2_ws/install/ardupilot_sitl/share/ardupilot_sitl/config//default_params/plane-soaring.parm
-- Up-to-date: /home/skemp32/ros2_ws/install/ardupilot_sitl/share/ardupilot_sitl/config//default_params/quadplane-tilthvec.parm
-- Up-to-date: /home/skemp32/ros2_ws/install/ardupilot_sitl/share/ardupilot_sitl/config//default_params/copter-djix.parm
-- Up-to-date: /home/skemp32/ros2_ws/install/ardupilot_sitl/share/ardupilot_sitl/config//default_params/quadplane-tilttrivec.parm
-- Up-to-date: /home/skemp32/ros2_ws/install/ardupilot_sitl/share/ardupilot_sitl/config//default_params/copter-heli-gas.parm
-- Up-to-date: /home/skemp32/ros2_ws/install/ardupilot_sitl/share/ardupilot_sitl/config//default_params/copter-wind-estimates.parm
-- Up-to-date: /home/skemp32/ros2_ws/install/ardupilot_sitl/share/ardupilot_sitl/config//default_params/tracker-gps-for-yaw.parm
-- Up-to-date: /home/skemp32/ros2_ws/install/ardupilot_sitl/share/ardupilot_sitl/config//default_params/plane-elevons.parm
-- Up-to-date: /home/skemp32/ros2_ws/install/ardupilot_sitl/share/ardupilot_sitl/config//default_params/copter-gps-for-yaw-nmea.parm
-- Up-to-date: /home/skemp32/ros2_ws/install/ardupilot_sitl/share/ardupilot_sitl/config//default_params/copter-deca.parm
-- Up-to-date: /home/skemp32/ros2_ws/install/ardupilot_sitl/share/ardupilot_sitl/config//default_params/quadplane-tilt.parm
-- Up-to-date: /home/skemp32/ros2_ws/install/ardupilot_sitl/share/ardupilot_sitl/config//default_params/copter-hexa.parm
-- Up-to-date: /home/skemp32/ros2_ws/install/ardupilot_sitl/share/ardupilot_sitl/config//default_params/copter-bfx.parm
-- Up-to-date: /home/skemp32/ros2_ws/install/ardupilot_sitl/share/ardupilot_sitl/config//default_params/quadplane-cl84.parm
-- Up-to-date: /home/skemp32/ros2_ws/install/ardupilot_sitl/share/ardupilot_sitl/config//default_params/rover.parm
-- Up-to-date: /home/skemp32/ros2_ws/install/ardupilot_sitl/share/ardupilot_sitl/config//default_params/plane-tailsitter.parm
-- Up-to-date: /home/skemp32/ros2_ws/install/ardupilot_sitl/share/ardupilot_sitl/config//default_params/copter-cwx.parm
-- Up-to-date: /home/skemp32/ros2_ws/install/ardupilot_sitl/share/ardupilot_sitl/config//default_params/plane-jet.parm
-- Up-to-date: /home/skemp32/ros2_ws/install/ardupilot_sitl/share/ardupilot_sitl/config//default_params/quad-can.parm
-- Up-to-date: /home/skemp32/ros2_ws/install/ardupilot_sitl/share/ardupilot_sitl/config//default_params/copter-heli.parm
-- Up-to-date: /home/skemp32/ros2_ws/install/ardupilot_sitl/share/ardupilot_sitl/config//default_params/plane-jsbsim.parm
-- Up-to-date: /home/skemp32/ros2_ws/install/ardupilot_sitl/share/ardupilot_sitl/config//default_params/copter-hexa-dji.parm
-- Up-to-date: /home/skemp32/ros2_ws/install/ardupilot_sitl/share/ardupilot_sitl/config//default_params/copter-X.parm
-- Up-to-date: /home/skemp32/ros2_ws/install/ardupilot_sitl/share/ardupilot_sitl/config//default_params/copter-hexa-cwx.parm
-- Up-to-date: /home/skemp32/ros2_ws/install/ardupilot_sitl/share/ardupilot_sitl/config//default_params/stratoblimp.parm
-- Up-to-date: /home/skemp32/ros2_ws/install/ardupilot_sitl/share/ardupilot_sitl/config//default_params/copter-optflow.parm
-- Up-to-date: /home/skemp32/ros2_ws/install/ardupilot_sitl/share/ardupilot_sitl/config//default_params/quadplane-copter_tailsitter.parm
-- Up-to-date: /home/skemp32/ros2_ws/install/ardupilot_sitl/share/ardupilot_sitl/config//default_params/copter-deca-cwx.parm
-- Up-to-date: /home/skemp32/ros2_ws/install/ardupilot_sitl/share/ardupilot_sitl/config//default_params/copter-octaquad.parm
-- Up-to-date: /home/skemp32/ros2_ws/install/ardupilot_sitl/share/ardupilot_sitl/config//default_params/copter-octa-cwx.parm
-- Up-to-date: /home/skemp32/ros2_ws/install/ardupilot_sitl/share/ardupilot_sitl/config//default_params/quad-periph.parm
-- Up-to-date: /home/skemp32/ros2_ws/install/ardupilot_sitl/share/ardupilot_sitl/config//default_params/sailboat.parm
-- Up-to-date: /home/skemp32/ros2_ws/install/ardupilot_sitl/share/ardupilot_sitl/config//default_params/motorboat.parm
-- Up-to-date: /home/skemp32/ros2_ws/install/ardupilot_sitl/share/ardupilot_sitl/config//default_params/quadplane.parm
-- Up-to-date: /home/skemp32/ros2_ws/install/ardupilot_sitl/share/ardupilot_sitl/config//default_params/copter-coax.parm
-- Up-to-date: /home/skemp32/ros2_ws/install/ardupilot_sitl/share/ardupilot_sitl/config//default_params/copter-vicon.parm
-- Up-to-date: /home/skemp32/ros2_ws/install/ardupilot_sitl/share/ardupilot_sitl/config//default_params/blimp.parm
-- Up-to-date: /home/skemp32/ros2_ws/install/ardupilot_sitl/share/ardupilot_sitl/config//default_params/msposd.parm
-- Up-to-date: /home/skemp32/ros2_ws/install/ardupilot_sitl/share/ardupilot_sitl/config//default_params/gazebo-iris.parm
-- Up-to-date: /home/skemp32/ros2_ws/install/ardupilot_sitl/share/ardupilot_sitl/config//default_params/quadplane-tilttri.parm
-- Up-to-date: /home/skemp32/ros2_ws/install/ardupilot_sitl/share/ardupilot_sitl/config//default_params/copter-beacon.parm
-- Up-to-date: /home/skemp32/ros2_ws/install/ardupilot_sitl/share/ardupilot_sitl/config//default_params/airsim-quadX.parm
-- Up-to-date: /home/skemp32/ros2_ws/install/ardupilot_sitl/share/ardupilot_sitl/config//default_params/copter-octa-dji.parm
-- Up-to-date: /home/skemp32/ros2_ws/install/ardupilot_sitl/share/ardupilot_sitl/config//default_params/copter-tri.parm
-- Up-to-date: /home/skemp32/ros2_ws/install/ardupilot_sitl/share/ardupilot_sitl/config//default_params/firefly.parm
-- Up-to-date: /home/skemp32/ros2_ws/install/ardupilot_sitl/share/ardupilot_sitl/config//default_params/airsim-rover.parm
-- Up-to-date: /home/skemp32/ros2_ws/install/ardupilot_sitl/share/ardupilot_sitl/config//default_params/rover-vectored.parm
-- Up-to-date: /home/skemp32/ros2_ws/install/ardupilot_sitl/share/ardupilot_sitl/config//default_params/sub-6dof.parm
-- Up-to-date: /home/skemp32/ros2_ws/install/ardupilot_sitl/share/ardupilot_sitl/config//default_params/sailboat-motor.parm
-- Up-to-date: /home/skemp32/ros2_ws/install/ardupilot_sitl/share/ardupilot_sitl/config//default_params/sub.parm
-- Up-to-date: /home/skemp32/ros2_ws/install/ardupilot_sitl/share/ardupilot_sitl/config//default_params/copter-y6.parm
-- Up-to-date: /home/skemp32/ros2_ws/install/ardupilot_sitl/share/ardupilot_sitl/config//default_params/copter-octa.parm
-- Up-to-date: /home/skemp32/ros2_ws/install/ardupilot_sitl/share/ardupilot_sitl/config//default_params/copter-rangefinder.parm
-- Up-to-date: /home/skemp32/ros2_ws/install/ardupilot_sitl/share/ardupilot_sitl/config//default_params/copter-heli-dual.parm
-- Up-to-date: /home/skemp32/ros2_ws/install/ardupilot_sitl/share/ardupilot_sitl/config//default_params/quadplane-can.parm
-- Up-to-date: /home/skemp32/ros2_ws/install/ardupilot_sitl/share/ardupilot_sitl/config//default_params/copter-gps-for-yaw.parm
-- Up-to-date: /home/skemp32/ros2_ws/install/ardupilot_sitl/share/ardupilot_sitl/config//default_params/plane-dspoilers.parm
-- Up-to-date: /home/skemp32/ros2_ws/install/ardupilot_sitl/share/ardupilot_sitl/config//default_params/copter-gimbal.parm
-- Up-to-date: /home/skemp32/ros2_ws/install/ardupilot_sitl/share/ardupilot_sitl/config//models
-- Up-to-date: /home/skemp32/ros2_ws/install/ardupilot_sitl/share/ardupilot_sitl/config//models/freestyle.json
-- Up-to-date: /home/skemp32/ros2_ws/install/ardupilot_sitl/share/ardupilot_sitl/config//models/plane.parm
-- Up-to-date: /home/skemp32/ros2_ws/install/ardupilot_sitl/share/ardupilot_sitl/config//models/Callisto.param
-- Up-to-date: /home/skemp32/ros2_ws/install/ardupilot_sitl/share/ardupilot_sitl/config//models/freestyle.param
-- Up-to-date: /home/skemp32/ros2_ws/install/ardupilot_sitl/share/ardupilot_sitl/config//models/plane-3d.parm
-- Up-to-date: /home/skemp32/ros2_ws/install/ardupilot_sitl/share/ardupilot_sitl/config//models/xplane_heli.json
-- Up-to-date: /home/skemp32/ros2_ws/install/ardupilot_sitl/share/ardupilot_sitl/config//models/Callisto.json
-- Up-to-date: /home/skemp32/ros2_ws/install/ardupilot_sitl/share/ardupilot_sitl/config//models/xplane_plane.json
-- Up-to-date: /home/skemp32/ros2_ws/install/ardupilot_sitl/share/ardupilot_sitl/environment/pythonpath.sh
-- Up-to-date: /home/skemp32/ros2_ws/install/ardupilot_sitl/share/ardupilot_sitl/environment/pythonpath.dsv
-- Up-to-date: /home/skemp32/ros2_ws/install/ardupilot_sitl/local/lib/python3.10/dist-packages/ardupilot_sitl-0.0.0-py3.10.egg-info
-- Installing: /home/skemp32/ros2_ws/install/ardupilot_sitl/local/lib/python3.10/dist-packages/ardupilot_sitl-0.0.0-py3.10.egg-info/dependency_links.txt
-- Installing: /home/skemp32/ros2_ws/install/ardupilot_sitl/local/lib/python3.10/dist-packages/ardupilot_sitl-0.0.0-py3.10.egg-info/SOURCES.txt
-- Installing: /home/skemp32/ros2_ws/install/ardupilot_sitl/local/lib/python3.10/dist-packages/ardupilot_sitl-0.0.0-py3.10.egg-info/PKG-INFO
-- Installing: /home/skemp32/ros2_ws/install/ardupilot_sitl/local/lib/python3.10/dist-packages/ardupilot_sitl-0.0.0-py3.10.egg-info/top_level.txt
-- Up-to-date: /home/skemp32/ros2_ws/install/ardupilot_sitl/local/lib/python3.10/dist-packages/ardupilot_sitl
-- Up-to-date: /home/skemp32/ros2_ws/install/ardupilot_sitl/local/lib/python3.10/dist-packages/ardupilot_sitl/actions.py
-- Up-to-date: /home/skemp32/ros2_ws/install/ardupilot_sitl/local/lib/python3.10/dist-packages/ardupilot_sitl/__init__.py
-- Up-to-date: /home/skemp32/ros2_ws/install/ardupilot_sitl/local/lib/python3.10/dist-packages/ardupilot_sitl/utilities.py
-- Up-to-date: /home/skemp32/ros2_ws/install/ardupilot_sitl/local/lib/python3.10/dist-packages/ardupilot_sitl/launch.py
Listing '/home/skemp32/ros2_ws/install/ardupilot_sitl/local/lib/python3.10/dist-packages/ardupilot_sitl'...
-- Up-to-date: /home/skemp32/ros2_ws/install/ardupilot_sitl/share/ament_index/resource_index/package_run_dependencies/ardupilot_sitl
-- Up-to-date: /home/skemp32/ros2_ws/install/ardupilot_sitl/share/ament_index/resource_index/parent_prefix_path/ardupilot_sitl
-- Up-to-date: /home/skemp32/ros2_ws/install/ardupilot_sitl/share/ardupilot_sitl/environment/ament_prefix_path.sh
-- Up-to-date: /home/skemp32/ros2_ws/install/ardupilot_sitl/share/ardupilot_sitl/environment/ament_prefix_path.dsv
-- Up-to-date: /home/skemp32/ros2_ws/install/ardupilot_sitl/share/ardupilot_sitl/environment/path.sh
-- Up-to-date: /home/skemp32/ros2_ws/install/ardupilot_sitl/share/ardupilot_sitl/environment/path.dsv
-- Up-to-date: /home/skemp32/ros2_ws/install/ardupilot_sitl/share/ardupilot_sitl/local_setup.bash
-- Up-to-date: /home/skemp32/ros2_ws/install/ardupilot_sitl/share/ardupilot_sitl/local_setup.sh
-- Up-to-date: /home/skemp32/ros2_ws/install/ardupilot_sitl/share/ardupilot_sitl/local_setup.zsh
-- Up-to-date: /home/skemp32/ros2_ws/install/ardupilot_sitl/share/ardupilot_sitl/local_setup.dsv
-- Installing: /home/skemp32/ros2_ws/install/ardupilot_sitl/share/ardupilot_sitl/package.dsv
-- Up-to-date: /home/skemp32/ros2_ws/install/ardupilot_sitl/share/ament_index/resource_index/packages/ardupilot_sitl
-- Up-to-date: /home/skemp32/ros2_ws/install/ardupilot_sitl/share/ardupilot_sitl/cmake/ardupilot_sitlConfig.cmake
-- Up-to-date: /home/skemp32/ros2_ws/install/ardupilot_sitl/share/ardupilot_sitl/cmake/ardupilot_sitlConfig-version.cmake
-- Up-to-date: /home/skemp32/ros2_ws/install/ardupilot_sitl/share/ardupilot_sitl/package.xml
