[0.514s] Invoking command in '/home/skemp32/ros2_ws/build/ardupilot_sitl': AMENT_PREFIX_PATH=/home/skemp32/ros2_ws/install/micro_ros_agent:/home/skemp32/ros2_ws/install/ardupilot_msgs:${AMENT_PREFIX_PATH} CMAKE_PREFIX_PATH=/home/skemp32/ros2_ws/install/micro_ros_agent:/home/skemp32/ros2_ws/install/ardupilot_msgs:/opt/ros/humble LD_LIBRARY_PATH=/home/skemp32/ros2_ws/install/micro_ros_agent/lib:/home/skemp32/ros2_ws/install/ardupilot_msgs/lib:${LD_LIBRARY_PATH} PYTHONPATH=/home/skemp32/ros2_ws/install/ardupilot_msgs/local/lib/python3.10/dist-packages:${PYTHONPATH} /usr/bin/cmake --build /home/skemp32/ros2_ws/build/ardupilot_sitl -- -j12 -l12
[0.586s] Built target ament_cmake_python_copy_ardupilot_sitl
[0.829s] [32m[0mSetting top to                           :[0m [0m[32m[32m/home/skemp32/ros2_ws/src/ardupilot[0m [0m
[0.829s] [32m[0mSetting out to                           :[0m [0m[32m[32m/home/skemp32/ros2_ws/src/ardupilot/build[0m [0m
[0.833s] [32m[0mAutoconfiguration                        :[0m [0m[32m[32menabled[0m [0m
[0.834s] [32m[0mChecking for program 'python'            :[0m [0m[32m[32m/usr/bin/python3[0m [0m
[0.875s] running egg_info
[0.891s] writing ardupilot_sitl.egg-info/PKG-INFO
[0.892s] writing dependency_links to ardupilot_sitl.egg-info/dependency_links.txt
[0.892s] writing top-level names to ardupilot_sitl.egg-info/top_level.txt
[0.959s] reading manifest file 'ardupilot_sitl.egg-info/SOURCES.txt'
[0.960s] writing manifest file 'ardupilot_sitl.egg-info/SOURCES.txt'
[0.998s] Built target ament_cmake_python_build_ardupilot_sitl_egg
[1.157s] [32m[0mChecking for python version >= 3.6.9     :[0m [0m[32m[32m3.10.12[0m [0m
[1.158s] [32m[0mSetting board to                         :[0m [0m[32m[32msitl[0m [0m
[1.158s] [32m[0mUsing toolchain                          :[0m [0m[32m[32mnative[0m [0m
[1.179s] [32m[0mChecking for 'g++' (C++ compiler)        :[0m [0m[32m[32m/usr/lib/ccache/g++[0m [0m
[1.201s] [32m[0mChecking for 'gcc' (C compiler)          :[0m [0m[32m[32m/usr/lib/ccache/gcc[0m [0m
[1.212s] [32m[0mChecking for c flags '-MMD'              :[0m [0m[32m[32myes[0m [0m
[1.219s] [32m[0mChecking for cxx flags '-MMD'            :[0m [0m[32m[32myes[0m [0m
[1.219s] [32m[0mCXX Compiler                             :[0m [0m[32m[32mg++ 11.4.0[0m [0m
[1.514s] [32m[0mChecking for need to link with librt     :[0m [0m[32m[32mnot necessary[0m [0m
[1.946s] [32m[0mChecking for feenableexcept              :[0m [0m[32m[32myes[0m [0m
[1.946s] [32m[0mEnabling -Werror                         :[0m [0m[32m[32myes[0m [0m
[2.142s] [32m[0mChecking for program 'microxrceddsgen'   :[0m [0m[32m[32m/home/skemp32/ros2_ws/Micro-XRCE-DDS-Gen/scripts/microxrceddsgen[0m [0m
[2.142s] [32m[0mEnabled OpenDroneID                      :[0m [0m[32m[33mno[0m [0m
[2.142s] [32m[0mEnabled firmware ID checking             :[0m [0m[32m[33mno[0m [0m
[2.143s] [32m[0mGPS Debug Logging                        :[0m [0m[32m[33mno[0m [0m
[2.143s] [32m[0mEnabled custom controller                :[0m [0m[32m[32myes[0m [0m
[2.681s] [32m[0mChecking for HAVE_CMATH_ISFINITE         :[0m [0m[32m[32myes[0m [0m
[3.376s] [32m[0mChecking for HAVE_CMATH_ISINF            :[0m [0m[32m[32myes[0m [0m
[3.915s] [32m[0mChecking for HAVE_CMATH_ISNAN            :[0m [0m[32m[32myes[0m [0m
[4.667s] [32m[0mChecking for NEED_CMATH_ISFINITE_STD_NAMESPACE :[0m [0m[32m[32myes[0m [0m
[5.256s] [32m[0mChecking for NEED_CMATH_ISINF_STD_NAMESPACE    :[0m [0m[32m[32myes[0m [0m
[5.856s] [32m[0mChecking for NEED_CMATH_ISNAN_STD_NAMESPACE    :[0m [0m[32m[32myes[0m [0m
[6.616s] [32m[0mChecking for header endian.h                   :[0m [0m[32m[32myes[0m [0m
[7.166s] [32m[0mChecking for header byteswap.h                 :[0m [0m[32m[32myes[0m [0m
[7.676s] [32m[0mChecking for HAVE_MEMRCHR                      :[0m [0m[32m[32myes[0m [0m
[7.676s] [32m[0mConfigured VSCode Intellisense:                :[0m [0m[32m[33mno[0m [0m
[7.676s] [32m[0mDC_DSDL compiler                               :[0m [0m[32m[32m/home/skemp32/ros2_ws/src/ardupilot/modules/DroneCAN/dronecan_dsdlc/dronecan_dsdlc.py[0m [0m
[7.676s] [32m[0mSource is git repository                       :[0m [0m[32m[32myes[0m [0m
[7.676s] [32m[0mUpdate submodules                              :[0m [0m[32m[32myes[0m [0m
[7.678s] [32m[0mChecking for program 'git'                     :[0m [0m[32m[32m/usr/bin/git[0m [0m
[7.680s] [32m[0mChecking for program 'size'                    :[0m [0m[32m[32m/usr/bin/size[0m [0m
[7.686s] [32m[0mBenchmarks                                     :[0m [0m[32m[33mdisabled[0m [0m
[7.686s] [32m[0mUnit tests                                     :[0m [0m[32m[32menabled[0m [0m
[7.686s] [32m[0mScripting                                      :[0m [0m[32m[32mmaybe[0m [0m
[7.726s] [32m[0mScripting runtime checks                       :[0m [0m[32m[32menabled[0m [0m
[7.727s] [32m[0mDebug build                                    :[0m [0m[32m[33mdisabled[0m [0m
[7.727s] [32m[0mCoverage build                                 :[0m [0m[32m[33mdisabled[0m [0m
[7.727s] [32m[0mForce 32-bit build                             :[0m [0m[32m[33mdisabled[0m [0m
[7.728s] [32m[0mChecking for program 'rsync'                   :[0m [0m[32m[32m/usr/bin/rsync[0m [0m
[7.730s] [32mRemoving target_list file /home/skemp32/ros2_ws/src/ardupilot/build/sitl/target_list[0m
[7.809s] [32m'configure' finished successfully (6.981s)[0m
[7.921s] Built target ardupilot_configure
[8.984s] [32mWaf: Entering directory `/home/skemp32/ros2_ws/src/ardupilot/build/sitl'[0m
[9.058s] Embedding file locations.txt:Tools/autotest/locations.txt
[9.058s] Embedding file models/Callisto.json:Tools/autotest/models/Callisto.json
[9.058s] Embedding file models/freestyle.json:Tools/autotest/models/freestyle.json
[9.058s] Embedding file models/plane-3d.parm:Tools/autotest/models/plane-3d.parm
[9.059s] Embedding file models/plane.parm:Tools/autotest/models/plane.parm
[9.059s] Embedding file models/xplane_heli.json:Tools/autotest/models/xplane_heli.json
[9.059s] Embedding file models/xplane_plane.json:Tools/autotest/models/xplane_plane.json
[9.082s] building /home/skemp32/ros2_ws/src/ardupilot/build/sitl/modules/Micro-XRCE-DDS-Client/include/uxr/client/config.h
[9.084s] building /home/skemp32/ros2_ws/src/ardupilot/build/sitl/modules/Micro-CDR/include/ucdr/config.h
[13.060s] [32mNo target_list file found, creating[0m
[13.061s] [32mGenerating compile_commands.json[0m
[13.267s] [32mGenerating compile_commands.json[0m
[13.384s] [32mGenerating compile_commands.json[0m
[13.594s] [32mGenerating compile_commands.json[0m
[13.807s] [32mGenerating compile_commands.json[0m
[14.084s] [32mGenerating compile_commands.json[0m
[14.312s] [32mGenerating compile_commands.json[0m
[14.502s] [32mBuild commands will be stored in build/sitl/compile_commands.json[0m
[14.768s] [32mGenerating compile_commands.json[0m
[14.789s] [32mBuild commands will be stored in build/sitl/compile_commands.json[0m
[14.931s] [32mBuild commands will be stored in build/sitl/compile_commands.json[0m
[15.115s] [32mGenerating compile_commands.json[0m
[15.135s] [32mBuild commands will be stored in build/sitl/compile_commands.json[0m
[15.415s] [32mBuild commands will be stored in build/sitl/compile_commands.json[0m
[15.868s] [32mGenerating compile_commands.json[0m
[15.923s] [32mBuild commands will be stored in build/sitl/compile_commands.json[0m
[16.142s] [32mBuild commands will be stored in build/sitl/compile_commands.json[0m
[16.588s] [32mGenerating compile_commands.json[0m
[16.617s] [32mBuild commands will be stored in build/sitl/compile_commands.json[0m
[16.886s] [32mBuild commands will be stored in build/sitl/compile_commands.json[0m
[17.160s] [32mBuild commands will be stored in build/sitl/compile_commands.json[0m
[17.462s] [32mGenerating compile_commands.json[0m
[17.534s] [32mBuild commands will be stored in build/sitl/compile_commands.json[0m
[17.978s] [32mBuild commands will be stored in build/sitl/compile_commands.json[0m
[18.359s] [32mGenerating compile_commands.json[0m
[18.388s] [32mBuild commands will be stored in build/sitl/compile_commands.json[0m
[19.798s] [2756/3075] Linking [33mbuild/sitl/bin/antennatracker[0m
[19.878s] [2829/3075] Linking [33mbuild/sitl/bin/arducopter[0m
[19.931s] [2902/3075] Linking [33mbuild/sitl/bin/arducopter-heli[0m
[20.028s] [2965/3075] Linking [33mbuild/sitl/bin/arduplane[0m
[20.131s] [3003/3075] Linking [33mbuild/sitl/bin/ardusub[0m
[20.237s] [3029/3075] Linking [33mbuild/sitl/bin/blimp[0m
[20.329s] [3068/3075] Linking [33mbuild/sitl/bin/ardurover[0m
[22.406s] [3069/3075] checking symbols [36mbuild/sitl/bin/antennatracker[0m
[23.590s] [3070/3075] checking symbols [36mbuild/sitl/bin/blimp[0m
[23.756s] [3071/3075] checking symbols [36mbuild/sitl/bin/arducopter-heli[0m
[23.788s] [3072/3075] checking symbols [36mbuild/sitl/bin/arducopter[0m
[24.023s] [3073/3075] checking symbols [36mbuild/sitl/bin/ardusub[0m
[24.149s] [3074/3075] checking symbols [36mbuild/sitl/bin/arduplane[0m
[24.223s] [3075/3075] checking symbols [36mbuild/sitl/bin/ardurover[0m
[24.343s] [32mWaf: Leaving directory `/home/skemp32/ros2_ws/src/ardupilot/build/sitl'[0m
[24.343s] [32m[0m
[24.343s] [32m[0m[01;1mBUILD SUMMARY[0m
[24.344s] [32m[0m[01;1mBuild directory: [0m/home/skemp32/ros2_ws/src/ardupilot/build/sitl[0m
[24.393s] [32m[0m[01;1mTarget               Text (B)  Data (B)  BSS (B)  Total Flash Used (B)  Free Flash (B)  External Flash Used (B)[0m
[24.393s] ---------------------------------------------------------------------------------------------------------------
[24.393s] bin/antennatracker    3143842    130165   209984               3274007  Not Applicable  Not Applicable         
[24.393s] bin/arducopter        4239434    191541   228384               4430975  Not Applicable  Not Applicable         
[24.393s] bin/arducopter-heli   4218674    193093   229344               4411767  Not Applicable  Not Applicable         
[24.394s] bin/arduplane         4178338    195117   226528               4373455  Not Applicable  Not Applicable         
[24.394s] bin/ardusub           3778614    161269   222464               3939883  Not Applicable  Not Applicable         
[24.394s] bin/blimp             3201818    134189   210880               3336007  Not Applicable  Not Applicable         
[24.394s] bin/ardurover         3899268    173261   227072               4072529  Not Applicable  Not Applicable         
[24.394s] [32m[0m
[24.394s] [32m'build' finished successfully (15.624s)[0m
[24.811s] Built target ardupilot_build
[24.876s] Invoked command in '/home/skemp32/ros2_ws/build/ardupilot_sitl' returned '0': AMENT_PREFIX_PATH=/home/skemp32/ros2_ws/install/micro_ros_agent:/home/skemp32/ros2_ws/install/ardupilot_msgs:${AMENT_PREFIX_PATH} CMAKE_PREFIX_PATH=/home/skemp32/ros2_ws/install/micro_ros_agent:/home/skemp32/ros2_ws/install/ardupilot_msgs:/opt/ros/humble LD_LIBRARY_PATH=/home/skemp32/ros2_ws/install/micro_ros_agent/lib:/home/skemp32/ros2_ws/install/ardupilot_msgs/lib:${LD_LIBRARY_PATH} PYTHONPATH=/home/skemp32/ros2_ws/install/ardupilot_msgs/local/lib/python3.10/dist-packages:${PYTHONPATH} /usr/bin/cmake --build /home/skemp32/ros2_ws/build/ardupilot_sitl -- -j12 -l12
[25.198s] Invoking command in '/home/skemp32/ros2_ws/build/ardupilot_sitl': AMENT_PREFIX_PATH=/home/skemp32/ros2_ws/install/micro_ros_agent:/home/skemp32/ros2_ws/install/ardupilot_msgs:${AMENT_PREFIX_PATH} CMAKE_PREFIX_PATH=/home/skemp32/ros2_ws/install/micro_ros_agent:/home/skemp32/ros2_ws/install/ardupilot_msgs:/opt/ros/humble LD_LIBRARY_PATH=/home/skemp32/ros2_ws/install/micro_ros_agent/lib:/home/skemp32/ros2_ws/install/ardupilot_msgs/lib:${LD_LIBRARY_PATH} PYTHONPATH=/home/skemp32/ros2_ws/install/ardupilot_msgs/local/lib/python3.10/dist-packages:${PYTHONPATH} /usr/bin/cmake --install /home/skemp32/ros2_ws/build/ardupilot_sitl
[25.217s] -- Install configuration: ""
[25.217s] -- Installing: /home/skemp32/ros2_ws/install/ardupilot_sitl/bin/antennatracker
[25.227s] -- Installing: /home/skemp32/ros2_ws/install/ardupilot_sitl/bin/arducopter
[25.244s] -- Installing: /home/skemp32/ros2_ws/install/ardupilot_sitl/bin/arducopter-heli
[25.262s] -- Installing: /home/skemp32/ros2_ws/install/ardupilot_sitl/bin/arduplane
[25.284s] -- Installing: /home/skemp32/ros2_ws/install/ardupilot_sitl/bin/ardurover
[25.303s] -- Installing: /home/skemp32/ros2_ws/install/ardupilot_sitl/bin/ardusub
[25.322s] -- Installing: /home/skemp32/ros2_ws/install/ardupilot_sitl/bin/blimp
[25.336s] -- Up-to-date: /home/skemp32/ros2_ws/install/ardupilot_sitl/.//lib
[25.337s] -- Up-to-date: /home/skemp32/ros2_ws/install/ardupilot_sitl/.//lib/libAntennaTracker_libs.a
[25.337s] -- Up-to-date: /home/skemp32/ros2_ws/install/ardupilot_sitl/.//lib/libBlimp_libs.a
[25.337s] -- Up-to-date: /home/skemp32/ros2_ws/install/ardupilot_sitl/.//lib/libArduPlane_libs.a
[25.337s] -- Up-to-date: /home/skemp32/ros2_ws/install/ardupilot_sitl/.//lib/libRover_libs.a
[25.337s] -- Up-to-date: /home/skemp32/ros2_ws/install/ardupilot_sitl/.//lib/libArduCopter_libs.a
[25.338s] -- Up-to-date: /home/skemp32/ros2_ws/install/ardupilot_sitl/.//lib/libArduSub_libs.a
[25.338s] -- Up-to-date: /home/skemp32/ros2_ws/install/ardupilot_sitl/share/ardupilot_sitl//launch
[25.338s] -- Up-to-date: /home/skemp32/ros2_ws/install/ardupilot_sitl/share/ardupilot_sitl//launch/sitl_dds_serial.launch.py
[25.338s] -- Up-to-date: /home/skemp32/ros2_ws/install/ardupilot_sitl/share/ardupilot_sitl//launch/mavproxy.launch.py
[25.339s] -- Up-to-date: /home/skemp32/ros2_ws/install/ardupilot_sitl/share/ardupilot_sitl//launch/sitl_dds_udp.launch.py
[25.339s] -- Up-to-date: /home/skemp32/ros2_ws/install/ardupilot_sitl/share/ardupilot_sitl//launch/sitl.launch.py
[25.339s] -- Up-to-date: /home/skemp32/ros2_ws/install/ardupilot_sitl/share/ardupilot_sitl//launch/micro_ros_agent.launch.py
[25.339s] -- Up-to-date: /home/skemp32/ros2_ws/install/ardupilot_sitl/share/ardupilot_sitl//launch/virtual_ports.launch.py
[25.339s] -- Up-to-date: /home/skemp32/ros2_ws/install/ardupilot_sitl/share/ardupilot_sitl//launch/sitl_mavproxy.launch.py
[25.340s] -- Up-to-date: /home/skemp32/ros2_ws/install/ardupilot_sitl/share/ardupilot_sitl/config/default_params
[25.340s] -- Up-to-date: /home/skemp32/ros2_ws/install/ardupilot_sitl/share/ardupilot_sitl/config/default_params/dds_serial.parm
[25.340s] -- Up-to-date: /home/skemp32/ros2_ws/install/ardupilot_sitl/share/ardupilot_sitl/config/default_params/dds_udp.parm
[25.340s] -- Up-to-date: /home/skemp32/ros2_ws/install/ardupilot_sitl/share/ardupilot_sitl/config//default_params
[25.341s] -- Up-to-date: /home/skemp32/ros2_ws/install/ardupilot_sitl/share/ardupilot_sitl/config//default_params/copter-single.parm
[25.341s] -- Up-to-date: /home/skemp32/ros2_ws/install/ardupilot_sitl/share/ardupilot_sitl/config//default_params/copter-AVC2013.parm
[25.341s] -- Up-to-date: /home/skemp32/ros2_ws/install/ardupilot_sitl/share/ardupilot_sitl/config//default_params/copter-octaquad-cwx.parm
[25.341s] -- Up-to-date: /home/skemp32/ros2_ws/install/ardupilot_sitl/share/ardupilot_sitl/config//default_params/copter-winch.parm
[25.342s] -- Up-to-date: /home/skemp32/ros2_ws/install/ardupilot_sitl/share/ardupilot_sitl/config//default_params/gazebo-zephyr.parm
[25.342s] -- Up-to-date: /home/skemp32/ros2_ws/install/ardupilot_sitl/share/ardupilot_sitl/config//default_params/rover-omni3mecanum.parm
[25.342s] -- Up-to-date: /home/skemp32/ros2_ws/install/ardupilot_sitl/share/ardupilot_sitl/config//default_params/vee-gull_005.param
[25.343s] -- Up-to-date: /home/skemp32/ros2_ws/install/ardupilot_sitl/share/ardupilot_sitl/config//default_params/quadplane-ice.parm
[25.343s] -- Up-to-date: /home/skemp32/ros2_ws/install/ardupilot_sitl/share/ardupilot_sitl/config//default_params/quadplane-periph.parm
[25.344s] -- Up-to-date: /home/skemp32/ros2_ws/install/ardupilot_sitl/share/ardupilot_sitl/config//default_params/copter-dodecahexa.parm
[25.344s] -- Up-to-date: /home/skemp32/ros2_ws/install/ardupilot_sitl/share/ardupilot_sitl/config//default_params/glider.parm
[25.344s] -- Up-to-date: /home/skemp32/ros2_ws/install/ardupilot_sitl/share/ardupilot_sitl/config//default_params/copter.parm
[25.344s] -- Up-to-date: /home/skemp32/ros2_ws/install/ardupilot_sitl/share/ardupilot_sitl/config//default_params/balancebot.parm
[25.345s] -- Up-to-date: /home/skemp32/ros2_ws/install/ardupilot_sitl/share/ardupilot_sitl/config//default_params/periph.parm
[25.345s] -- Up-to-date: /home/skemp32/ros2_ws/install/ardupilot_sitl/share/ardupilot_sitl/config//default_params/plane-ice.parm
[25.345s] -- Up-to-date: /home/skemp32/ros2_ws/install/ardupilot_sitl/share/ardupilot_sitl/config//default_params/plane-vtail.parm
[25.346s] -- Up-to-date: /home/skemp32/ros2_ws/install/ardupilot_sitl/share/ardupilot_sitl/config//default_params/rover-skid.parm
[25.346s] -- Up-to-date: /home/skemp32/ros2_ws/install/ardupilot_sitl/share/ardupilot_sitl/config//default_params/quadplane-tri.parm
[25.346s] -- Up-to-date: /home/skemp32/ros2_ws/install/ardupilot_sitl/share/ardupilot_sitl/config//default_params/plane-soaring.parm
[25.346s] -- Up-to-date: /home/skemp32/ros2_ws/install/ardupilot_sitl/share/ardupilot_sitl/config//default_params/quadplane-tilthvec.parm
[25.347s] -- Up-to-date: /home/skemp32/ros2_ws/install/ardupilot_sitl/share/ardupilot_sitl/config//default_params/copter-djix.parm
[25.347s] -- Up-to-date: /home/skemp32/ros2_ws/install/ardupilot_sitl/share/ardupilot_sitl/config//default_params/quadplane-tilttrivec.parm
[25.347s] -- Up-to-date: /home/skemp32/ros2_ws/install/ardupilot_sitl/share/ardupilot_sitl/config//default_params/copter-heli-gas.parm
[25.347s] -- Up-to-date: /home/skemp32/ros2_ws/install/ardupilot_sitl/share/ardupilot_sitl/config//default_params/copter-wind-estimates.parm
[25.347s] -- Up-to-date: /home/skemp32/ros2_ws/install/ardupilot_sitl/share/ardupilot_sitl/config//default_params/tracker-gps-for-yaw.parm
[25.348s] -- Up-to-date: /home/skemp32/ros2_ws/install/ardupilot_sitl/share/ardupilot_sitl/config//default_params/plane-elevons.parm
[25.348s] -- Up-to-date: /home/skemp32/ros2_ws/install/ardupilot_sitl/share/ardupilot_sitl/config//default_params/copter-gps-for-yaw-nmea.parm
[25.348s] -- Up-to-date: /home/skemp32/ros2_ws/install/ardupilot_sitl/share/ardupilot_sitl/config//default_params/copter-deca.parm
[25.349s] -- Up-to-date: /home/skemp32/ros2_ws/install/ardupilot_sitl/share/ardupilot_sitl/config//default_params/quadplane-tilt.parm
[25.349s] -- Up-to-date: /home/skemp32/ros2_ws/install/ardupilot_sitl/share/ardupilot_sitl/config//default_params/copter-hexa.parm
[25.349s] -- Up-to-date: /home/skemp32/ros2_ws/install/ardupilot_sitl/share/ardupilot_sitl/config//default_params/copter-bfx.parm
[25.349s] -- Up-to-date: /home/skemp32/ros2_ws/install/ardupilot_sitl/share/ardupilot_sitl/config//default_params/quadplane-cl84.parm
[25.349s] -- Up-to-date: /home/skemp32/ros2_ws/install/ardupilot_sitl/share/ardupilot_sitl/config//default_params/rover.parm
[25.350s] -- Up-to-date: /home/skemp32/ros2_ws/install/ardupilot_sitl/share/ardupilot_sitl/config//default_params/plane-tailsitter.parm
[25.350s] -- Up-to-date: /home/skemp32/ros2_ws/install/ardupilot_sitl/share/ardupilot_sitl/config//default_params/copter-cwx.parm
[25.350s] -- Up-to-date: /home/skemp32/ros2_ws/install/ardupilot_sitl/share/ardupilot_sitl/config//default_params/plane-jet.parm
[25.350s] -- Up-to-date: /home/skemp32/ros2_ws/install/ardupilot_sitl/share/ardupilot_sitl/config//default_params/quad-can.parm
[25.350s] -- Up-to-date: /home/skemp32/ros2_ws/install/ardupilot_sitl/share/ardupilot_sitl/config//default_params/copter-heli.parm
[25.351s] -- Up-to-date: /home/skemp32/ros2_ws/install/ardupilot_sitl/share/ardupilot_sitl/config//default_params/plane-jsbsim.parm
[25.351s] -- Up-to-date: /home/skemp32/ros2_ws/install/ardupilot_sitl/share/ardupilot_sitl/config//default_params/copter-hexa-dji.parm
[25.351s] -- Up-to-date: /home/skemp32/ros2_ws/install/ardupilot_sitl/share/ardupilot_sitl/config//default_params/copter-X.parm
[25.351s] -- Up-to-date: /home/skemp32/ros2_ws/install/ardupilot_sitl/share/ardupilot_sitl/config//default_params/copter-hexa-cwx.parm
[25.351s] -- Up-to-date: /home/skemp32/ros2_ws/install/ardupilot_sitl/share/ardupilot_sitl/config//default_params/stratoblimp.parm
[25.352s] -- Up-to-date: /home/skemp32/ros2_ws/install/ardupilot_sitl/share/ardupilot_sitl/config//default_params/copter-optflow.parm
[25.352s] -- Up-to-date: /home/skemp32/ros2_ws/install/ardupilot_sitl/share/ardupilot_sitl/config//default_params/quadplane-copter_tailsitter.parm
[25.352s] -- Up-to-date: /home/skemp32/ros2_ws/install/ardupilot_sitl/share/ardupilot_sitl/config//default_params/copter-deca-cwx.parm
[25.352s] -- Up-to-date: /home/skemp32/ros2_ws/install/ardupilot_sitl/share/ardupilot_sitl/config//default_params/copter-octaquad.parm
[25.352s] -- Up-to-date: /home/skemp32/ros2_ws/install/ardupilot_sitl/share/ardupilot_sitl/config//default_params/copter-octa-cwx.parm
[25.353s] -- Up-to-date: /home/skemp32/ros2_ws/install/ardupilot_sitl/share/ardupilot_sitl/config//default_params/quad-periph.parm
[25.353s] -- Up-to-date: /home/skemp32/ros2_ws/install/ardupilot_sitl/share/ardupilot_sitl/config//default_params/sailboat.parm
[25.353s] -- Up-to-date: /home/skemp32/ros2_ws/install/ardupilot_sitl/share/ardupilot_sitl/config//default_params/motorboat.parm
[25.353s] -- Up-to-date: /home/skemp32/ros2_ws/install/ardupilot_sitl/share/ardupilot_sitl/config//default_params/quadplane.parm
[25.353s] -- Up-to-date: /home/skemp32/ros2_ws/install/ardupilot_sitl/share/ardupilot_sitl/config//default_params/copter-coax.parm
[25.354s] -- Up-to-date: /home/skemp32/ros2_ws/install/ardupilot_sitl/share/ardupilot_sitl/config//default_params/copter-vicon.parm
[25.354s] -- Up-to-date: /home/skemp32/ros2_ws/install/ardupilot_sitl/share/ardupilot_sitl/config//default_params/blimp.parm
[25.354s] -- Up-to-date: /home/skemp32/ros2_ws/install/ardupilot_sitl/share/ardupilot_sitl/config//default_params/msposd.parm
[25.354s] -- Up-to-date: /home/skemp32/ros2_ws/install/ardupilot_sitl/share/ardupilot_sitl/config//default_params/gazebo-iris.parm
[25.355s] -- Up-to-date: /home/skemp32/ros2_ws/install/ardupilot_sitl/share/ardupilot_sitl/config//default_params/quadplane-tilttri.parm
[25.355s] -- Up-to-date: /home/skemp32/ros2_ws/install/ardupilot_sitl/share/ardupilot_sitl/config//default_params/copter-beacon.parm
[25.355s] -- Up-to-date: /home/skemp32/ros2_ws/install/ardupilot_sitl/share/ardupilot_sitl/config//default_params/airsim-quadX.parm
[25.355s] -- Up-to-date: /home/skemp32/ros2_ws/install/ardupilot_sitl/share/ardupilot_sitl/config//default_params/copter-octa-dji.parm
[25.355s] -- Up-to-date: /home/skemp32/ros2_ws/install/ardupilot_sitl/share/ardupilot_sitl/config//default_params/copter-tri.parm
[25.356s] -- Up-to-date: /home/skemp32/ros2_ws/install/ardupilot_sitl/share/ardupilot_sitl/config//default_params/firefly.parm
[25.356s] -- Up-to-date: /home/skemp32/ros2_ws/install/ardupilot_sitl/share/ardupilot_sitl/config//default_params/airsim-rover.parm
[25.356s] -- Up-to-date: /home/skemp32/ros2_ws/install/ardupilot_sitl/share/ardupilot_sitl/config//default_params/rover-vectored.parm
[25.356s] -- Up-to-date: /home/skemp32/ros2_ws/install/ardupilot_sitl/share/ardupilot_sitl/config//default_params/sub-6dof.parm
[25.357s] -- Up-to-date: /home/skemp32/ros2_ws/install/ardupilot_sitl/share/ardupilot_sitl/config//default_params/sailboat-motor.parm
[25.357s] -- Up-to-date: /home/skemp32/ros2_ws/install/ardupilot_sitl/share/ardupilot_sitl/config//default_params/sub.parm
[25.357s] -- Up-to-date: /home/skemp32/ros2_ws/install/ardupilot_sitl/share/ardupilot_sitl/config//default_params/copter-y6.parm
[25.357s] -- Up-to-date: /home/skemp32/ros2_ws/install/ardupilot_sitl/share/ardupilot_sitl/config//default_params/copter-octa.parm
[25.358s] -- Up-to-date: /home/skemp32/ros2_ws/install/ardupilot_sitl/share/ardupilot_sitl/config//default_params/copter-rangefinder.parm
[25.358s] -- Up-to-date: /home/skemp32/ros2_ws/install/ardupilot_sitl/share/ardupilot_sitl/config//default_params/copter-heli-dual.parm
[25.359s] -- Up-to-date: /home/skemp32/ros2_ws/install/ardupilot_sitl/share/ardupilot_sitl/config//default_params/quadplane-can.parm
[25.359s] -- Up-to-date: /home/skemp32/ros2_ws/install/ardupilot_sitl/share/ardupilot_sitl/config//default_params/copter-gps-for-yaw.parm
[25.359s] -- Up-to-date: /home/skemp32/ros2_ws/install/ardupilot_sitl/share/ardupilot_sitl/config//default_params/plane-dspoilers.parm
[25.359s] -- Up-to-date: /home/skemp32/ros2_ws/install/ardupilot_sitl/share/ardupilot_sitl/config//default_params/copter-gimbal.parm
[25.360s] -- Up-to-date: /home/skemp32/ros2_ws/install/ardupilot_sitl/share/ardupilot_sitl/config//models
[25.360s] -- Up-to-date: /home/skemp32/ros2_ws/install/ardupilot_sitl/share/ardupilot_sitl/config//models/freestyle.json
[25.360s] -- Up-to-date: /home/skemp32/ros2_ws/install/ardupilot_sitl/share/ardupilot_sitl/config//models/plane.parm
[25.361s] -- Up-to-date: /home/skemp32/ros2_ws/install/ardupilot_sitl/share/ardupilot_sitl/config//models/Callisto.param
[25.361s] -- Up-to-date: /home/skemp32/ros2_ws/install/ardupilot_sitl/share/ardupilot_sitl/config//models/freestyle.param
[25.361s] -- Up-to-date: /home/skemp32/ros2_ws/install/ardupilot_sitl/share/ardupilot_sitl/config//models/plane-3d.parm
[25.361s] -- Up-to-date: /home/skemp32/ros2_ws/install/ardupilot_sitl/share/ardupilot_sitl/config//models/xplane_heli.json
[25.362s] -- Up-to-date: /home/skemp32/ros2_ws/install/ardupilot_sitl/share/ardupilot_sitl/config//models/Callisto.json
[25.362s] -- Up-to-date: /home/skemp32/ros2_ws/install/ardupilot_sitl/share/ardupilot_sitl/config//models/xplane_plane.json
[25.363s] -- Up-to-date: /home/skemp32/ros2_ws/install/ardupilot_sitl/share/ardupilot_sitl/environment/pythonpath.sh
[25.363s] -- Up-to-date: /home/skemp32/ros2_ws/install/ardupilot_sitl/share/ardupilot_sitl/environment/pythonpath.dsv
[25.363s] -- Up-to-date: /home/skemp32/ros2_ws/install/ardupilot_sitl/local/lib/python3.10/dist-packages/ardupilot_sitl-0.0.0-py3.10.egg-info
[25.363s] -- Installing: /home/skemp32/ros2_ws/install/ardupilot_sitl/local/lib/python3.10/dist-packages/ardupilot_sitl-0.0.0-py3.10.egg-info/dependency_links.txt
[25.364s] -- Installing: /home/skemp32/ros2_ws/install/ardupilot_sitl/local/lib/python3.10/dist-packages/ardupilot_sitl-0.0.0-py3.10.egg-info/SOURCES.txt
[25.364s] -- Installing: /home/skemp32/ros2_ws/install/ardupilot_sitl/local/lib/python3.10/dist-packages/ardupilot_sitl-0.0.0-py3.10.egg-info/PKG-INFO
[25.365s] -- Installing: /home/skemp32/ros2_ws/install/ardupilot_sitl/local/lib/python3.10/dist-packages/ardupilot_sitl-0.0.0-py3.10.egg-info/top_level.txt
[25.365s] -- Up-to-date: /home/skemp32/ros2_ws/install/ardupilot_sitl/local/lib/python3.10/dist-packages/ardupilot_sitl
[25.366s] -- Up-to-date: /home/skemp32/ros2_ws/install/ardupilot_sitl/local/lib/python3.10/dist-packages/ardupilot_sitl/actions.py
[25.366s] -- Up-to-date: /home/skemp32/ros2_ws/install/ardupilot_sitl/local/lib/python3.10/dist-packages/ardupilot_sitl/__init__.py
[25.366s] -- Up-to-date: /home/skemp32/ros2_ws/install/ardupilot_sitl/local/lib/python3.10/dist-packages/ardupilot_sitl/utilities.py
[25.366s] -- Up-to-date: /home/skemp32/ros2_ws/install/ardupilot_sitl/local/lib/python3.10/dist-packages/ardupilot_sitl/launch.py
[25.457s] Listing '/home/skemp32/ros2_ws/install/ardupilot_sitl/local/lib/python3.10/dist-packages/ardupilot_sitl'...
[25.467s] -- Up-to-date: /home/skemp32/ros2_ws/install/ardupilot_sitl/share/ament_index/resource_index/package_run_dependencies/ardupilot_sitl
[25.467s] -- Up-to-date: /home/skemp32/ros2_ws/install/ardupilot_sitl/share/ament_index/resource_index/parent_prefix_path/ardupilot_sitl
[25.467s] -- Up-to-date: /home/skemp32/ros2_ws/install/ardupilot_sitl/share/ardupilot_sitl/environment/ament_prefix_path.sh
[25.467s] -- Up-to-date: /home/skemp32/ros2_ws/install/ardupilot_sitl/share/ardupilot_sitl/environment/ament_prefix_path.dsv
[25.467s] -- Up-to-date: /home/skemp32/ros2_ws/install/ardupilot_sitl/share/ardupilot_sitl/environment/path.sh
[25.468s] -- Up-to-date: /home/skemp32/ros2_ws/install/ardupilot_sitl/share/ardupilot_sitl/environment/path.dsv
[25.468s] -- Up-to-date: /home/skemp32/ros2_ws/install/ardupilot_sitl/share/ardupilot_sitl/local_setup.bash
[25.468s] -- Up-to-date: /home/skemp32/ros2_ws/install/ardupilot_sitl/share/ardupilot_sitl/local_setup.sh
[25.468s] -- Up-to-date: /home/skemp32/ros2_ws/install/ardupilot_sitl/share/ardupilot_sitl/local_setup.zsh
[25.468s] -- Up-to-date: /home/skemp32/ros2_ws/install/ardupilot_sitl/share/ardupilot_sitl/local_setup.dsv
[25.468s] -- Installing: /home/skemp32/ros2_ws/install/ardupilot_sitl/share/ardupilot_sitl/package.dsv
[25.468s] -- Up-to-date: /home/skemp32/ros2_ws/install/ardupilot_sitl/share/ament_index/resource_index/packages/ardupilot_sitl
[25.468s] -- Up-to-date: /home/skemp32/ros2_ws/install/ardupilot_sitl/share/ardupilot_sitl/cmake/ardupilot_sitlConfig.cmake
[25.468s] -- Up-to-date: /home/skemp32/ros2_ws/install/ardupilot_sitl/share/ardupilot_sitl/cmake/ardupilot_sitlConfig-version.cmake
[25.469s] -- Up-to-date: /home/skemp32/ros2_ws/install/ardupilot_sitl/share/ardupilot_sitl/package.xml
[25.470s] Invoked command in '/home/skemp32/ros2_ws/build/ardupilot_sitl' returned '0': AMENT_PREFIX_PATH=/home/skemp32/ros2_ws/install/micro_ros_agent:/home/skemp32/ros2_ws/install/ardupilot_msgs:${AMENT_PREFIX_PATH} CMAKE_PREFIX_PATH=/home/skemp32/ros2_ws/install/micro_ros_agent:/home/skemp32/ros2_ws/install/ardupilot_msgs:/opt/ros/humble LD_LIBRARY_PATH=/home/skemp32/ros2_ws/install/micro_ros_agent/lib:/home/skemp32/ros2_ws/install/ardupilot_msgs/lib:${LD_LIBRARY_PATH} PYTHONPATH=/home/skemp32/ros2_ws/install/ardupilot_msgs/local/lib/python3.10/dist-packages:${PYTHONPATH} /usr/bin/cmake --install /home/skemp32/ros2_ws/build/ardupilot_sitl
