[0.062s] Invoking command in '/home/skemp32/ros2_ws/build/ros_gz_sim': CMAKE_PREFIX_PATH=${CMAKE_PREFIX_PATH}:/home/skemp32/ros2_ws/install/ardupilot_dds_tests:/opt/ros/humble /usr/bin/cmake --build /home/skemp32/ros2_ws/build/ros_gz_sim -- -j12 -l12
[0.174s] [ 20%] Built target create
[0.192s] [ 40%] Built target ros_gz_sim
[0.236s] [ 60%] Built target gtest
[0.253s] [ 80%] Built target gtest_main
[0.262s] [100%] Built target test_stopwatch
[0.289s] Invoked command in '/home/skemp32/ros2_ws/build/ros_gz_sim' returned '0': CMAKE_PREFIX_PATH=${CMAKE_PREFIX_PATH}:/home/skemp32/ros2_ws/install/ardupilot_dds_tests:/opt/ros/humble /usr/bin/cmake --build /home/skemp32/ros2_ws/build/ros_gz_sim -- -j12 -l12
[0.382s] Invoking command in '/home/skemp32/ros2_ws/build/ros_gz_sim': CMAKE_PREFIX_PATH=${CMAKE_PREFIX_PATH}:/home/skemp32/ros2_ws/install/ardupilot_dds_tests:/opt/ros/humble /usr/bin/cmake --install /home/skemp32/ros2_ws/build/ros_gz_sim
[0.433s] -- Install configuration: ""
[0.433s] -- Up-to-date: /home/skemp32/ros2_ws/install/ros_gz_sim/include/ros_gz_sim
[0.434s] -- Up-to-date: /home/skemp32/ros2_ws/install/ros_gz_sim/include/ros_gz_sim/Stopwatch.hpp
[0.434s] -- Up-to-date: /home/skemp32/ros2_ws/install/ros_gz_sim/share/ros_gz_sim/launch/gz_sim.launch.py
[0.434s] -- Up-to-date: /home/skemp32/ros2_ws/install/ros_gz_sim/lib/ros_gz_sim/create
[0.434s] -- Up-to-date: /home/skemp32/ros2_ws/install/ros_gz_sim/lib/libros_gz_sim.so
[0.435s] -- Up-to-date: /home/skemp32/ros2_ws/install/ros_gz_sim/lib/ros_gz_sim/test_stopwatch
[0.435s] -- Up-to-date: /home/skemp32/ros2_ws/install/ros_gz_sim/share/ament_index/resource_index/package_run_dependencies/ros_gz_sim
[0.435s] -- Up-to-date: /home/skemp32/ros2_ws/install/ros_gz_sim/share/ament_index/resource_index/parent_prefix_path/ros_gz_sim
[0.435s] -- Up-to-date: /home/skemp32/ros2_ws/install/ros_gz_sim/share/ros_gz_sim/environment/ament_prefix_path.sh
[0.435s] -- Up-to-date: /home/skemp32/ros2_ws/install/ros_gz_sim/share/ros_gz_sim/environment/ament_prefix_path.dsv
[0.436s] -- Up-to-date: /home/skemp32/ros2_ws/install/ros_gz_sim/share/ros_gz_sim/environment/path.sh
[0.436s] -- Up-to-date: /home/skemp32/ros2_ws/install/ros_gz_sim/share/ros_gz_sim/environment/path.dsv
[0.436s] -- Up-to-date: /home/skemp32/ros2_ws/install/ros_gz_sim/share/ros_gz_sim/local_setup.bash
[0.436s] -- Up-to-date: /home/skemp32/ros2_ws/install/ros_gz_sim/share/ros_gz_sim/local_setup.sh
[0.436s] -- Up-to-date: /home/skemp32/ros2_ws/install/ros_gz_sim/share/ros_gz_sim/local_setup.zsh
[0.436s] -- Up-to-date: /home/skemp32/ros2_ws/install/ros_gz_sim/share/ros_gz_sim/local_setup.dsv
[0.437s] -- Installing: /home/skemp32/ros2_ws/install/ros_gz_sim/share/ros_gz_sim/package.dsv
[0.437s] -- Up-to-date: /home/skemp32/ros2_ws/install/ros_gz_sim/share/ament_index/resource_index/packages/ros_gz_sim
[0.437s] -- Up-to-date: /home/skemp32/ros2_ws/install/ros_gz_sim/share/ros_gz_sim/cmake/ros_gz_simExport.cmake
[0.437s] -- Up-to-date: /home/skemp32/ros2_ws/install/ros_gz_sim/share/ros_gz_sim/cmake/ros_gz_simExport-noconfig.cmake
[0.437s] -- Up-to-date: /home/skemp32/ros2_ws/install/ros_gz_sim/share/ros_gz_sim/cmake/ament_cmake_export_targets-extras.cmake
[0.438s] -- Up-to-date: /home/skemp32/ros2_ws/install/ros_gz_sim/share/ros_gz_sim/cmake/ament_cmake_export_dependencies-extras.cmake
[0.438s] -- Up-to-date: /home/skemp32/ros2_ws/install/ros_gz_sim/share/ros_gz_sim/cmake/ros_gz_simConfig.cmake
[0.438s] -- Up-to-date: /home/skemp32/ros2_ws/install/ros_gz_sim/share/ros_gz_sim/cmake/ros_gz_simConfig-version.cmake
[0.438s] -- Up-to-date: /home/skemp32/ros2_ws/install/ros_gz_sim/share/ros_gz_sim/package.xml
[0.460s] Invoked command in '/home/skemp32/ros2_ws/build/ros_gz_sim' returned '0': CMAKE_PREFIX_PATH=${CMAKE_PREFIX_PATH}:/home/skemp32/ros2_ws/install/ardupilot_dds_tests:/opt/ros/humble /usr/bin/cmake --install /home/skemp32/ros2_ws/build/ros_gz_sim
