[0.376s] Invoking command in '/home/skemp32/ros2_ws/build/sdformat_urdf': CMAKE_PREFIX_PATH=/home/skemp32/ros2_ws/install/sdformat_test_files:/home/skemp32/ros2_ws/install/ardupilot_gz_bringup:/home/skemp32/ros2_ws/install/sdformat_urdf:/home/skemp32/ros2_ws/install/ros_gz_sim:/home/skemp32/ros2_ws/install/ros_gz_bridge:/home/skemp32/ros2_ws/install/ros_gz_interfaces:/home/skemp32/ros2_ws/install/ardupilot_sitl:/home/skemp32/ros2_ws/install/micro_ros_agent:/home/skemp32/ros2_ws/install/ardupilot_sitl_models:/home/skemp32/ros2_ws/install/ardupilot_msgs:/home/skemp32/ros2_ws/install/ardupilot_gz_gazebo:/home/skemp32/ros2_ws/install/ardupilot_gz_description:/home/skemp32/ros2_ws/install/ardupilot_gazebo:/home/skemp32/ros2_ws/install/ardupilot_dds_tests:/opt/ros/humble /usr/bin/cmake --build /home/skemp32/ros2_ws/build/sdformat_urdf -- -j12 -l12
[0.500s] [ 18%] Built target gtest
[0.501s] [ 18%] Built target sdformat_urdf
[0.514s] [ 27%] Built target gtest_main
[0.561s] [ 36%] Built target sdf_material_tests
[0.563s] [ 45%] Built target sdf_geometry_tests
[0.567s] [ 63%] Built target sdf_joint_tests
[0.567s] [ 63%] Built target sdf_graph_tests
[0.567s] [ 72%] Built target sdf_model_tests
[0.567s] [ 81%] Built target sdf_pose_tests
[0.568s] [ 90%] Built target sdformat_urdf_plugin
[0.568s] [100%] Built target sdf_link_tests
[0.568s] Invoked command in '/home/skemp32/ros2_ws/build/sdformat_urdf' returned '0': CMAKE_PREFIX_PATH=/home/skemp32/ros2_ws/install/sdformat_test_files:/home/skemp32/ros2_ws/install/ardupilot_gz_bringup:/home/skemp32/ros2_ws/install/sdformat_urdf:/home/skemp32/ros2_ws/install/ros_gz_sim:/home/skemp32/ros2_ws/install/ros_gz_bridge:/home/skemp32/ros2_ws/install/ros_gz_interfaces:/home/skemp32/ros2_ws/install/ardupilot_sitl:/home/skemp32/ros2_ws/install/micro_ros_agent:/home/skemp32/ros2_ws/install/ardupilot_sitl_models:/home/skemp32/ros2_ws/install/ardupilot_msgs:/home/skemp32/ros2_ws/install/ardupilot_gz_gazebo:/home/skemp32/ros2_ws/install/ardupilot_gz_description:/home/skemp32/ros2_ws/install/ardupilot_gazebo:/home/skemp32/ros2_ws/install/ardupilot_dds_tests:/opt/ros/humble /usr/bin/cmake --build /home/skemp32/ros2_ws/build/sdformat_urdf -- -j12 -l12
[0.596s] Invoking command in '/home/skemp32/ros2_ws/build/sdformat_urdf': CMAKE_PREFIX_PATH=/home/skemp32/ros2_ws/install/sdformat_test_files:/home/skemp32/ros2_ws/install/ardupilot_gz_bringup:/home/skemp32/ros2_ws/install/sdformat_urdf:/home/skemp32/ros2_ws/install/ros_gz_sim:/home/skemp32/ros2_ws/install/ros_gz_bridge:/home/skemp32/ros2_ws/install/ros_gz_interfaces:/home/skemp32/ros2_ws/install/ardupilot_sitl:/home/skemp32/ros2_ws/install/micro_ros_agent:/home/skemp32/ros2_ws/install/ardupilot_sitl_models:/home/skemp32/ros2_ws/install/ardupilot_msgs:/home/skemp32/ros2_ws/install/ardupilot_gz_gazebo:/home/skemp32/ros2_ws/install/ardupilot_gz_description:/home/skemp32/ros2_ws/install/ardupilot_gazebo:/home/skemp32/ros2_ws/install/ardupilot_dds_tests:/opt/ros/humble /usr/bin/cmake --install /home/skemp32/ros2_ws/build/sdformat_urdf
[0.602s] -- Install configuration: ""
[0.603s] -- Up-to-date: /home/skemp32/ros2_ws/install/sdformat_urdf/lib/libsdformat_urdf.so
[0.603s] -- Up-to-date: /home/skemp32/ros2_ws/install/sdformat_urdf/lib/libsdformat_urdf_plugin.so
[0.604s] -- Up-to-date: /home/skemp32/ros2_ws/install/sdformat_urdf/include
[0.604s] -- Up-to-date: /home/skemp32/ros2_ws/install/sdformat_urdf/include/sdformat_urdf
[0.604s] -- Up-to-date: /home/skemp32/ros2_ws/install/sdformat_urdf/include/sdformat_urdf/sdformat_urdf.hpp
[0.604s] -- Up-to-date: /home/skemp32/ros2_ws/install/sdformat_urdf/include/sdformat_urdf/visibility_control.hpp
[0.605s] -- Up-to-date: /home/skemp32/ros2_ws/install/sdformat_urdf/share/sdformat_urdf/environment/library_path.sh
[0.606s] -- Up-to-date: /home/skemp32/ros2_ws/install/sdformat_urdf/share/sdformat_urdf/environment/library_path.dsv
[0.607s] -- Up-to-date: /home/skemp32/ros2_ws/install/sdformat_urdf/share/sdformat_urdf/sdformat_urdf_plugin.xml
[0.607s] -- Up-to-date: /home/skemp32/ros2_ws/install/sdformat_urdf/share/ament_index/resource_index/package_run_dependencies/sdformat_urdf
[0.608s] -- Up-to-date: /home/skemp32/ros2_ws/install/sdformat_urdf/share/ament_index/resource_index/parent_prefix_path/sdformat_urdf
[0.608s] -- Up-to-date: /home/skemp32/ros2_ws/install/sdformat_urdf/share/sdformat_urdf/environment/ament_prefix_path.sh
[0.608s] -- Up-to-date: /home/skemp32/ros2_ws/install/sdformat_urdf/share/sdformat_urdf/environment/ament_prefix_path.dsv
[0.608s] -- Up-to-date: /home/skemp32/ros2_ws/install/sdformat_urdf/share/sdformat_urdf/environment/path.sh
[0.608s] -- Up-to-date: /home/skemp32/ros2_ws/install/sdformat_urdf/share/sdformat_urdf/environment/path.dsv
[0.608s] -- Up-to-date: /home/skemp32/ros2_ws/install/sdformat_urdf/share/sdformat_urdf/local_setup.bash
[0.608s] -- Up-to-date: /home/skemp32/ros2_ws/install/sdformat_urdf/share/sdformat_urdf/local_setup.sh
[0.609s] -- Up-to-date: /home/skemp32/ros2_ws/install/sdformat_urdf/share/sdformat_urdf/local_setup.zsh
[0.609s] -- Up-to-date: /home/skemp32/ros2_ws/install/sdformat_urdf/share/sdformat_urdf/local_setup.dsv
[0.609s] -- Installing: /home/skemp32/ros2_ws/install/sdformat_urdf/share/sdformat_urdf/package.dsv
[0.609s] -- Up-to-date: /home/skemp32/ros2_ws/install/sdformat_urdf/share/ament_index/resource_index/packages/sdformat_urdf
[0.610s] -- Up-to-date: /home/skemp32/ros2_ws/install/sdformat_urdf/share/ament_index/resource_index/urdf_parser_plugin__pluginlib__plugin/sdformat_urdf
[0.611s] -- Up-to-date: /home/skemp32/ros2_ws/install/sdformat_urdf/share/sdformat_urdf/cmake/sdformat_urdf-exportExport.cmake
[0.611s] -- Up-to-date: /home/skemp32/ros2_ws/install/sdformat_urdf/share/sdformat_urdf/cmake/sdformat_urdf-exportExport-noconfig.cmake
[0.611s] -- Up-to-date: /home/skemp32/ros2_ws/install/sdformat_urdf/share/sdformat_urdf/cmake/ament_cmake_export_dependencies-extras.cmake
[0.612s] -- Up-to-date: /home/skemp32/ros2_ws/install/sdformat_urdf/share/sdformat_urdf/cmake/ament_cmake_export_targets-extras.cmake
[0.612s] -- Up-to-date: /home/skemp32/ros2_ws/install/sdformat_urdf/share/sdformat_urdf/cmake/sdformat_urdfConfig.cmake
[0.612s] -- Up-to-date: /home/skemp32/ros2_ws/install/sdformat_urdf/share/sdformat_urdf/cmake/sdformat_urdfConfig-version.cmake
[0.612s] -- Up-to-date: /home/skemp32/ros2_ws/install/sdformat_urdf/share/sdformat_urdf/package.xml
[0.615s] Invoked command in '/home/skemp32/ros2_ws/build/sdformat_urdf' returned '0': CMAKE_PREFIX_PATH=/home/skemp32/ros2_ws/install/sdformat_test_files:/home/skemp32/ros2_ws/install/ardupilot_gz_bringup:/home/skemp32/ros2_ws/install/sdformat_urdf:/home/skemp32/ros2_ws/install/ros_gz_sim:/home/skemp32/ros2_ws/install/ros_gz_bridge:/home/skemp32/ros2_ws/install/ros_gz_interfaces:/home/skemp32/ros2_ws/install/ardupilot_sitl:/home/skemp32/ros2_ws/install/micro_ros_agent:/home/skemp32/ros2_ws/install/ardupilot_sitl_models:/home/skemp32/ros2_ws/install/ardupilot_msgs:/home/skemp32/ros2_ws/install/ardupilot_gz_gazebo:/home/skemp32/ros2_ws/install/ardupilot_gz_description:/home/skemp32/ros2_ws/install/ardupilot_gazebo:/home/skemp32/ros2_ws/install/ardupilot_dds_tests:/opt/ros/humble /usr/bin/cmake --install /home/skemp32/ros2_ws/build/sdformat_urdf
